Log file open, 02/16/15 04:40:27
LogInit:Display: Running engine for game: WeGuys
LogInit: Version: 4.6.1-2386410+++depot+UE4-Releases+4.6
LogInit: API Version: 2369412
LogInit: Compiled (64-bit): Dec 11 2014 21:33:04
LogInit: Compiled with Visual C++: 18.00.21005.01
LogInit: Build Configuration: Development
LogInit: Branch Name: ++depot+UE4-Releases+4.6
LogInit: Command line:  
LogInit: Base directory: C:/Users/Owner/Documents/Unreal Projects/WeGuys/Exports/Export 1/WindowsNoEditor/Engine/Binaries/Win64/
LogInit: Rocket: 1
[2015.02.16-09.40.27:259][  0]LogTaskGraph: Started task graph with 3 named threads and 6 total threads.
[2015.02.16-09.40.27:303][  0]LogOnline:Warning: No default platform service specified for OnlineSubsystem
[2015.02.16-09.40.27:303][  0]LogInit: Presizing for 0 objects not considered by GC, pre-allocating 0 bytes.
[2015.02.16-09.40.27:308][  0]LogInit: Object subsystem initialized
[2015.02.16-09.40.27:310][  0]LogConsoleResponse:Warning: Skipping Unknown console variable: 'UIScaleRule = ShortestSide'
[2015.02.16-09.40.27:310][  0]LogConsoleResponse:Warning:   Found in ini file '../../../WeGuys/Saved/Config/WindowsNoEditor/Engine.ini', in section '[/Script/Engine.RendererSettings]'
[2015.02.16-09.40.27:310][  0]LogConsoleResponse:Warning: Skipping Unknown console variable: 'UIScaleCurve = (EditorCurveData=(Keys=),ExternalCurve=None)'
[2015.02.16-09.40.27:310][  0]LogConsoleResponse:Warning:   Found in ini file '../../../WeGuys/Saved/Config/WindowsNoEditor/Engine.ini', in section '[/Script/Engine.RendererSettings]'
[2015.02.16-09.40.27:311][  0]LogConsoleManager:Warning: Console variable 'r.MSAA.CompositingSampleCount' wasn't set (Priority ProjectSetting < Scalability)
[2015.02.16-09.40.27:312][  0]LogInit: Selected Device Profile: [WindowsNoEditor]
[2015.02.16-09.40.27:312][  0]LogInit: Applying CVar settings loaded from the selected device profile: [WindowsNoEditor]
[2015.02.16-09.40.27:319][  0]LogInit: Computer: ASUS
[2015.02.16-09.40.27:319][  0]LogInit: User: Owner
[2015.02.16-09.40.27:319][  0]LogInit: CPU Page size=4096, Cores=4
[2015.02.16-09.40.27:319][  0]LogInit: High frequency timer resolution =2.338346 MHz
[2015.02.16-09.40.27:319][  0]LogMemory: Memory total: Physical=15.9GB (16GB approx) Virtual=131072.0GB
[2015.02.16-09.40.27:320][  0]LogMemory: Platform Memory Stats for WindowsNoEditor
[2015.02.16-09.40.27:320][  0]LogMemory: Process Physical Memory: 26.78 MB used, 26.78 MB peak
[2015.02.16-09.40.27:320][  0]LogMemory: Process Virtual Memory: 17.95 MB used, 17.96 MB peak
[2015.02.16-09.40.27:320][  0]LogMemory: Physical Memory: 5029.56 MB used, 16267.18 MB total
[2015.02.16-09.40.27:320][  0]LogMemory: Virtual Memory: 186.80 MB used, 134217728.00 MB total
[2015.02.16-09.40.27:355][  0]LogD3D11RHI: Found D3D11 adapter 0: Intel(R) HD Graphics 4600 (Feature Level 11_0)
[2015.02.16-09.40.27:355][  0]LogD3D11RHI: Adapter has 32MB of dedicated video memory, 0MB of dedicated system memory, and 1760MB of shared system memory, 1 output[s]
[2015.02.16-09.40.27:366][  0]LogD3D11RHI: Found D3D11 adapter 1: NVIDIA GeForce GT 750M (Feature Level 11_0)
[2015.02.16-09.40.27:366][  0]LogD3D11RHI: Adapter has 1988MB of dedicated video memory, 0MB of dedicated system memory, and 2048MB of shared system memory, 0 output[s]
[2015.02.16-09.40.27:367][  0]LogD3D11RHI: Found D3D11 adapter 2: Microsoft Basic Render Driver (Feature Level 11_0)
[2015.02.16-09.40.27:367][  0]LogD3D11RHI: Adapter has 0MB of dedicated video memory, 0MB of dedicated system memory, and 256MB of shared system memory, 0 output[s]
[2015.02.16-09.40.27:367][  0]LogD3D11RHI: Chosen D3D11 Adapter Id = 0
[2015.02.16-09.40.27:372][  0]LogRHI: Texture pool is 1361 MB (70% of 1945 MB)
[2015.02.16-09.40.27:384][  0]LogD3D11RHI: Async texture creation enabled
[2015.02.16-09.40.27:433][  0]LogTextLocalizationManager: The requested culture ('en_US') has no localization data; parent culture's ('en') localization data will be used.
[2015.02.16-09.40.27:456][  0]LogContentStreaming: Texture pool size is 1000.000000MB
[2015.02.16-09.40.27:659][  0]LogCollisionProfile:Warning: Profile (UI) - Custom Channel Name = 'Weapon' hasn't been found
[2015.02.16-09.40.27:779][  0]LogInit: WinSock: version 1.1 (2.2), MaxSocks=32767, MaxUdp=65467
[2015.02.16-09.40.27:920][  0]LogWindowsMoviePlayer: Unable to load movie: ../../../WeGuys/Content/Movies/Default_Startup.mp4
[2015.02.16-09.40.27:957][  0]LogObj: 19715 objects as part of root set at end of initial load.
[2015.02.16-09.40.27:957][  0]LogUObjectAllocator: 4110136 out of 0 bytes used by permanent object pool.
[2015.02.16-09.40.27:968][  0]LogEngine: Initializing Engine...
[2015.02.16-09.40.29:969][  0]LogHMD:Warning: No Oculus HMD detected! Is Oculus Run-Time installed and service is running?
[2015.02.16-09.40.29:980][  0]LogHMD: Oculus shutdown.
[2015.02.16-09.40.30:013][  0]LogInit: XAudio2 using 'Speakers (2- M-Audio Micro)' : 2 channels at 44.1 kHz using 16 bits per sample (channel mask 0x3)
[2015.02.16-09.40.30:022][  0]LogInit: FAudioDevice initialized.
[2015.02.16-09.40.30:022][  0]LogInit: Texture streaming: Enabled
[2015.02.16-09.40.30:034][  0]LogConsoleManager:Warning: Console variable 'r.VSync' wasn't set (Priority Code < GameSetting)
[2015.02.16-09.40.30:034][  0]LogNet: Browse: /Game/Maps/Title?Name=Player
[2015.02.16-09.40.30:034][  0]LogLoad: LoadMap: /Game/Maps/Title?Name=Player
[2015.02.16-09.40.30:043][  0]LogMemory: Platform Memory Stats for WindowsNoEditor
[2015.02.16-09.40.30:043][  0]LogMemory: Process Physical Memory: 98.95 MB used, 101.09 MB peak
[2015.02.16-09.40.30:043][  0]LogMemory: Process Virtual Memory: 74.29 MB used, 78.82 MB peak
[2015.02.16-09.40.30:043][  0]LogMemory: Physical Memory: 4749.95 MB used, 16267.18 MB total
[2015.02.16-09.40.30:043][  0]LogMemory: Virtual Memory: 382.49 MB used, 134217728.00 MB total
[2015.02.16-09.40.30:043][  0]LogMemory: 
[2015.02.16-09.40.30:043][  0]LogMemory: Allocator Stats for binned:
[2015.02.16-09.40.30:043][  0]LogMemory: Current Memory 33.10 MB used, plus 3.16 MB waste
[2015.02.16-09.40.30:043][  0]LogMemory: Peak Memory 43.59 MB used, plus 2.74 MB waste
[2015.02.16-09.40.30:043][  0]LogMemory: Current OS Memory 36.26 MB, peak 46.33 MB
[2015.02.16-09.40.30:043][  0]LogMemory: Current Waste 0.53 MB, peak 0.93 MB
[2015.02.16-09.40.30:043][  0]LogMemory: Current Used 33.10 MB, peak 43.59 MB
[2015.02.16-09.40.30:043][  0]LogMemory: Current Slack 2.63 MB
[2015.02.16-09.40.30:043][  0]LogMemory: Allocs       103633 Current /  1044337 Total
[2015.02.16-09.40.30:043][  0]LogMemory: 
[2015.02.16-09.40.30:043][  0]LogMemory: Block Size Num Pools Max Pools Cur Allocs Total Allocs Min Req Max Req Mem Used Mem Slack Mem Waste Efficiency
[2015.02.16-09.40.30:043][  0]LogMemory: ---------- --------- --------- ---------- ------------ ------- ------- -------- --------- --------- ----------
[2015.02.16-09.40.30:043][  0]LogMemory:          8         0         0          0            0       8       0       0K        0K        0K    100.00%
[2015.02.16-09.40.30:043][  0]LogMemory:         16         5         5      18370        96847      16      16     287K       33K        0K    100.00%
[2015.02.16-09.40.30:043][  0]LogMemory:         32        12        12      21580        76707      32      32     674K       94K        0K    100.00%
[2015.02.16-09.40.30:043][  0]LogMemory:         48         7         7       8501        45699      48      48     398K       50K        0K    100.00%
[2015.02.16-09.40.30:043][  0]LogMemory:         64        12        12      12043        49673      64      64     752K       16K        0K    100.00%
[2015.02.16-09.40.30:043][  0]LogMemory:         80         4         4       2739        36788      80      80     213K       43K        0K    100.00%
[2015.02.16-09.40.30:043][  0]LogMemory:         96         5         5       2631        36995      96      96     246K       74K        0K    100.00%
[2015.02.16-09.40.30:043][  0]LogMemory:        112         3         3       1105        23430     112     112     120K       72K        0K    100.00%
[2015.02.16-09.40.30:043][  0]LogMemory:        128        29        29      14651        43832     128     128    1831K       25K        0K    100.00%
[2015.02.16-09.40.30:043][  0]LogMemory:        160         8        11       2638        97943     144     160     412K      100K       17K     96.68%
[2015.02.16-09.40.30:043][  0]LogMemory:        192        13        13       4337       174680     176     192     813K       19K       29K     96.51%
[2015.02.16-09.40.30:043][  0]LogMemory:        224         4         4        878       160640     208     224     192K       64K        7K     97.27%
[2015.02.16-09.40.30:043][  0]LogMemory:        256         5         5       1106        74973     240     256     276K       44K       10K     96.88%
[2015.02.16-09.40.30:043][  0]LogMemory:        288        19        31       4308        51529     272     288    1211K        3K       48K     96.05%
[2015.02.16-09.40.30:043][  0]LogMemory:        320         4         4        676        21626     304     320     211K       44K        6K     97.66%
[2015.02.16-09.40.30:043][  0]LogMemory:        384        10        10       1682        13686     336     384     630K        8K       60K     90.63%
[2015.02.16-09.40.30:043][  0]LogMemory:        448        11        11       1585         6109     400     448     693K       10K       44K     93.75%
[2015.02.16-09.40.30:043][  0]LogMemory:        512         9         9       1052         6483     464     512     526K       50K       30K     94.79%
[2015.02.16-09.40.30:043][  0]LogMemory:        576         3         3        254         1384     528     576     142K       49K        9K     95.31%
[2015.02.16-09.40.30:043][  0]LogMemory:        640         7         8        488          973     592     640     305K      142K        7K     98.44%
[2015.02.16-09.40.30:043][  0]LogMemory:        704        10        13        731         1749     656     704     502K      138K       12K     98.13%
[2015.02.16-09.40.30:043][  0]LogMemory:        768         6         6        326         3106     720     768     244K      139K        6K     98.44%
[2015.02.16-09.40.30:043][  0]LogMemory:        896         3         3        185          613     784     896     161K       31K        8K     95.83%
[2015.02.16-09.40.30:043][  0]LogMemory:       1024         2         3        102          453     912    1024     102K       26K        2K     98.44%
[2015.02.16-09.40.30:043][  0]LogMemory:       1168         2         2         96          406    1040    1168     109K       19K        6K     95.31%
[2015.02.16-09.40.30:043][  0]LogMemory:       1360         6         6        230         3596    1184    1360     305K       78K       19K     95.05%
[2015.02.16-09.40.30:043][  0]LogMemory:       1632         7         7        244          619    1376    1632     388K       59K       25K     94.42%
[2015.02.16-09.40.30:043][  0]LogMemory:       2048         8         8        145          786    1648    2048     290K      222K       30K     94.14%
[2015.02.16-09.40.30:043][  0]LogMemory:       2336         4         4         97         3561    2064    2336     221K       35K       24K     90.63%
[2015.02.16-09.40.30:043][  0]LogMemory:       2720         5         5         90          503    2352    2720     239K       80K       11K     96.56%
[2015.02.16-09.40.30:043][  0]LogMemory:       3264        10        10        143         2936    2736    3264     455K      183K       25K     96.09%
[2015.02.16-09.40.30:043][  0]LogMemory:       4096        11        12        136          613    3280    4096     544K      160K       42K     94.03%
[2015.02.16-09.40.30:043][  0]LogMemory:       4672         7         8         65         1735    4112    4672     296K      152K        8K     98.21%
[2015.02.16-09.40.30:043][  0]LogMemory:       5456         9        13         91          380    4688    5456     484K       92K       40K     93.06%
[2015.02.16-09.40.30:043][  0]LogMemory:       6544        12        14        101          313    5472    6544     645K      122K       56K     92.71%
[2015.02.16-09.40.30:043][  0]LogMemory:       8192         6         7         42         1636    6560    8192     336K       48K       44K     88.54%
[2015.02.16-09.40.30:043][  0]LogMemory:       9360         5         5         30           95    8208    9360     274K       46K       14K     95.63%
[2015.02.16-09.40.30:043][  0]LogMemory:      10912         4         4         20          124    9408   10848     213K       43K       21K     91.80%
[2015.02.16-09.40.30:043][  0]LogMemory:      13104         3         3         14           51   10976   13056     179K       13K       10K     94.79%
[2015.02.16-09.40.30:043][  0]LogMemory:      16384         5         7         19          108   13120   16384     304K       16K       22K     93.13%
[2015.02.16-09.40.30:043][  0]LogMemory:      21840        10        11         28           95   16400   21456     597K       43K      107K     83.28%
[2015.02.16-09.40.30:043][  0]LogMemory:      32768         4         6          7           66   21904   32640     224K       32K       47K     81.64%
[2015.02.16-09.40.30:043][  0]LogMemory: 
[2015.02.16-09.40.30:043][  0]LogMemory: 19776K allocated in pools (with 2717K slack and 846K waste). Efficiency 95.72%
[2015.02.16-09.40.30:043][  0]LogMemory: Allocations 103567 Current / 1043542 Total (in 309 pools)
[2015.02.16-09.40.30:043][  0]LogMemory: 
[2015.02.16-09.40.30:128][  0]LogMaterial:Warning: FMaterialUniformExpressionTexture had invalid TextureIndex! (0 / 0)
[2015.02.16-09.40.30:133][  0]LogWorld: Game class is '2DSideScrollerGameMode_C'
[2015.02.16-09.40.30:134][  0]LogAIModule: Creating AISystem for world Title
[2015.02.16-09.40.30:136][  0]LogWorld: Bringing World /Game/Maps/Title.Title up for play (max tick rate 0) at 2015.02.16-04.40.30
[2015.02.16-09.40.30:142][  0]LogWorld: Bringing up level for play took: 0.007375
[2015.02.16-09.40.30:142][  0]LogGameMode: Warning - PATHS NOT DEFINED or NO PLAYERSTART with positive rating
[2015.02.16-09.40.30:145][  0]LogInit:Display: Game Engine Initialized.
[2015.02.16-09.40.30:347][  0]LogLoad: Full Startup: 4.65 seconds (BP compile: 0.00 seconds)
[2015.02.16-09.40.30:421][  2]LogRenderer:Warning: Reallocating scene render targets to support 1600x904.
[2015.02.16-09.40.39:401][737]LogRenderer:Warning: Reallocating scene render targets to support 1000x728.
[2015.02.16-09.40.41:626][985]LogPackageName: SearchForPackageOnDisk took   0.024s to resolve Map1.umap
[2015.02.16-09.40.41:652][986]LogPackageName: SearchForPackageOnDisk took   0.024s to resolve Map1.umap
[2015.02.16-09.40.41:652][986]LogNet: Browse: /Game/Maps/Map1
[2015.02.16-09.40.41:652][986]LogLoad: LoadMap: /Game/Maps/Map1
[2015.02.16-09.40.41:658][986]LogParticles: Destroying 0 GPU particle simulations for FXSystem 0x0000003F52566900
[2015.02.16-09.40.41:661][986]LogMemory: Platform Memory Stats for WindowsNoEditor
[2015.02.16-09.40.41:661][986]LogMemory: Process Physical Memory: 133.98 MB used, 198.80 MB peak
[2015.02.16-09.40.41:661][986]LogMemory: Process Virtual Memory: 98.44 MB used, 192.44 MB peak
[2015.02.16-09.40.41:661][986]LogMemory: Physical Memory: 4774.88 MB used, 16267.18 MB total
[2015.02.16-09.40.41:661][986]LogMemory: Virtual Memory: 425.75 MB used, 134217728.00 MB total
[2015.02.16-09.40.41:661][986]LogMemory: 
[2015.02.16-09.40.41:662][986]LogMemory: Allocator Stats for binned:
[2015.02.16-09.40.41:662][986]LogMemory: Current Memory 38.21 MB used, plus 5.75 MB waste
[2015.02.16-09.40.41:662][986]LogMemory: Peak Memory 50.17 MB used, plus 2.81 MB waste
[2015.02.16-09.40.41:662][986]LogMemory: Current OS Memory 43.96 MB, peak 52.98 MB
[2015.02.16-09.40.41:662][986]LogMemory: Current Waste 0.71 MB, peak 0.93 MB
[2015.02.16-09.40.41:662][986]LogMemory: Current Used 38.21 MB, peak 50.17 MB
[2015.02.16-09.40.41:662][986]LogMemory: Current Slack 5.04 MB
[2015.02.16-09.40.41:662][986]LogMemory: Allocs       135028 Current /  2261008 Total
[2015.02.16-09.40.41:662][986]LogMemory: 
[2015.02.16-09.40.41:662][986]LogMemory: Block Size Num Pools Max Pools Cur Allocs Total Allocs Min Req Max Req Mem Used Mem Slack Mem Waste Efficiency
[2015.02.16-09.40.41:662][986]LogMemory: ---------- --------- --------- ---------- ------------ ------- ------- -------- --------- --------- ----------
[2015.02.16-09.40.41:662][986]LogMemory:          8         0         0          0            0       8       0       0K        0K        0K    100.00%
[2015.02.16-09.40.41:662][986]LogMemory:         16         8         8      28048       300364      16      16     438K       74K        0K    100.00%
[2015.02.16-09.40.41:662][986]LogMemory:         32        16        16      30959       272920      32      32     967K       57K        0K    100.00%
[2015.02.16-09.40.41:662][986]LogMemory:         48        15        15      19160       136271      48      48     898K       62K        0K    100.00%
[2015.02.16-09.40.41:662][986]LogMemory:         64        13        13      12468       243596      64      64     779K       53K        0K    100.00%
[2015.02.16-09.40.41:662][986]LogMemory:         80         4         5       2935        77688      80      80     229K       27K        0K    100.00%
[2015.02.16-09.40.41:662][986]LogMemory:         96         5         5       3008        64855      96      96     282K       38K        0K    100.00%
[2015.02.16-09.40.41:662][986]LogMemory:        112         3         3       1257       163988     112     112     137K       55K        0K    100.00%
[2015.02.16-09.40.41:662][986]LogMemory:        128        30        30      14713        61761     128     128    1839K       81K        0K    100.00%
[2015.02.16-09.40.41:662][986]LogMemory:        160         8        11       2828       118412     144     160     441K       71K       19K     96.29%
[2015.02.16-09.40.41:662][986]LogMemory:        192        15        15       4627       195779     176     192     867K       93K       32K     96.67%
[2015.02.16-09.40.41:662][986]LogMemory:        224         4         4        892       186349     208     224     195K       61K        7K     97.27%
[2015.02.16-09.40.41:662][986]LogMemory:        256         6         6       1283        80631     240     256     320K       64K       12K     96.88%
[2015.02.16-09.40.41:662][986]LogMemory:        288        22        31       4317       101502     272     288    1214K      191K       29K     97.94%
[2015.02.16-09.40.41:662][986]LogMemory:        320         4         4        681        62416     304     320     212K       43K        2K     99.22%
[2015.02.16-09.40.41:662][986]LogMemory:        384        12        12       1735        38346     336     384     650K      115K       56K     92.71%
[2015.02.16-09.40.41:662][986]LogMemory:        448        12        12       1589        14645     400     448     695K       72K       27K     96.48%
[2015.02.16-09.40.41:662][986]LogMemory:        512        10        10       1050        11883     464     512     525K      115K       25K     96.09%
[2015.02.16-09.40.41:662][986]LogMemory:        576         4         4        255         3245     528     576     143K      112K        9K     96.48%
[2015.02.16-09.40.41:662][986]LogMemory:        640         7         8        504         5096     592     640     315K      132K        9K     97.99%
[2015.02.16-09.40.41:662][986]LogMemory:        704        11        13        736         5904     656     704     506K      198K        7K     99.01%
[2015.02.16-09.40.41:662][986]LogMemory:        768         6         6        337        17119     720     768     252K      131K       13K     96.61%
[2015.02.16-09.40.41:662][986]LogMemory:        896         4         4        194         6344     784     896     169K       87K       15K     94.14%
[2015.02.16-09.40.41:662][986]LogMemory:       1024         3         4        104        28708     912    1024     104K       88K        0K    100.00%
[2015.02.16-09.40.41:662][986]LogMemory:       1168         4         4        115         6067    1040    1168     131K      125K        6K     97.66%
[2015.02.16-09.40.41:662][986]LogMemory:       1360         8         9        244         9977    1184    1360     324K      186K       15K     97.07%
[2015.02.16-09.40.41:662][986]LogMemory:       1632         7         9        253         3796    1376    1632     403K       44K       29K     93.53%
[2015.02.16-09.40.41:662][986]LogMemory:       2048         9         9        160         3329    1648    2048     320K      256K       27K     95.31%
[2015.02.16-09.40.41:662][986]LogMemory:       2336         4         4         98         4312    2064    2336     223K       33K       22K     91.41%
[2015.02.16-09.40.41:662][986]LogMemory:       2720         5         5         90         2676    2352    2720     239K       80K       16K     95.00%
[2015.02.16-09.40.41:662][986]LogMemory:       3264        10        10        158         4350    2736    3264     503K      135K       38K     94.06%
[2015.02.16-09.40.41:662][986]LogMemory:       4096        11        12        137         1753    3280    4096     548K      156K       48K     93.18%
[2015.02.16-09.40.41:662][986]LogMemory:       4672         7         8         77         1884    4112    4672     351K       97K       10K     97.77%
[2015.02.16-09.40.41:662][986]LogMemory:       5456        12        13        114          450    4688    5456     607K      161K       49K     93.62%
[2015.02.16-09.40.41:662][986]LogMemory:       6544        13        14        121         2611    5472    6544     773K       58K       74K     91.11%
[2015.02.16-09.40.41:662][986]LogMemory:       8192         7         9         45         2914    6560    8192     360K       88K       48K     89.29%
[2015.02.16-09.40.41:662][986]LogMemory:       9360         6         6         31          923    8208    9360     283K      101K       15K     96.09%
[2015.02.16-09.40.41:662][986]LogMemory:      10912         4         5         18         6192    9392   10848     191K       65K       19K     92.58%
[2015.02.16-09.40.41:662][986]LogMemory:      13104         4         5         16         1168   10976   13056     204K       52K       25K     90.23%
[2015.02.16-09.40.41:662][986]LogMemory:      16384         5        10         19          230   13120   16384     304K       16K       31K     90.31%
[2015.02.16-09.40.41:662][986]LogMemory:      21840        15        18         39         1240   16400   21776     831K      129K      180K     81.25%
[2015.02.16-09.40.41:662][986]LogMemory:      32768         6         8         10          181   21856   32640     320K       64K       57K     85.16%
[2015.02.16-09.40.41:662][986]LogMemory: 
[2015.02.16-09.40.41:662][986]LogMemory: 22976K allocated in pools (with 3866K slack and 971K waste). Efficiency 95.77%
[2015.02.16-09.40.41:662][986]LogMemory: Allocations 135426 Current / 2251876 Total (in 359 pools)
[2015.02.16-09.40.41:662][986]LogMemory: 
[2015.02.16-09.40.41:748][986]LogWorld: Game class is '2DSideScrollerGameMode_C'
[2015.02.16-09.40.41:749][986]LogAIModule: Creating AISystem for world Map1
[2015.02.16-09.40.41:750][986]LogWorld: Bringing World /Game/Maps/Map1.Map1 up for play (max tick rate 0) at 2015.02.16-04.40.41
[2015.02.16-09.40.41:752][986]LogWorld: Bringing up level for play took: 0.002663
[2015.02.16-09.40.49:418][984]LogRenderer:Warning: Reallocating scene render targets to support 920x728.
[2015.02.16-09.40.57:889][149]LogRenderer:Warning: Reallocating scene render targets to support 976x728.
[2015.02.16-09.42.10:038][401]LogEngine: All Windows Closed
[2015.02.16-09.42.10:038][401]LogWindows: FPlatformMisc::RequestExit(0)
[2015.02.16-09.42.10:183][402]LogExit: Preparing to exit.
[2015.02.16-09.42.10:256][402]LogExit: Game engine shut down
[2015.02.16-09.42.10:256][402]LogParticles: Destroying 0 GPU particle simulations for FXSystem 0x0000003F5628E7E0
[2015.02.16-09.42.10:261][402]LogExit: Object subsystem successfully closed.
[2015.02.16-09.42.10:270][402]LogModuleManager: Shutting down and abandoning module AutomationWorker (47)
[2015.02.16-09.42.10:270][402]LogModuleManager: Shutting down and abandoning module CharacterAI (46)
[2015.02.16-09.42.10:270][402]LogModuleManager: Shutting down and abandoning module AIModule (45)
[2015.02.16-09.42.10:270][402]LogModuleManager: Shutting down and abandoning module GameLiveStreaming (44)
[2015.02.16-09.42.10:270][402]LogModuleManager: Shutting down and abandoning module StreamingPauseRendering (43)
[2015.02.16-09.42.10:270][402]LogModuleManager: Shutting down and abandoning module HTTP (42)
[2015.02.16-09.42.10:270][402]LogModuleManager: Shutting down and abandoning module AnalyticsET (41)
[2015.02.16-09.42.10:270][402]LogModuleManager: Shutting down and abandoning module Analytics (40)
[2015.02.16-09.42.10:270][402]LogModuleManager: Shutting down and abandoning module ProfilerService (39)
[2015.02.16-09.42.10:279][402]LogModuleManager: Shutting down and abandoning module TaskGraph (38)
[2015.02.16-09.42.10:279][402]LogModuleManager: Shutting down and abandoning module SlateRemote (37)
[2015.02.16-09.42.10:279][402]LogModuleManager: Shutting down and abandoning module CustomMeshComponent (36)
[2015.02.16-09.42.10:279][402]LogModuleManager: Shutting down and abandoning module CableComponent (35)
[2015.02.16-09.42.10:279][402]LogModuleManager: Shutting down and abandoning module ScriptPlugin (34)
[2015.02.16-09.42.10:279][402]LogModuleManager: Shutting down and abandoning module UdpMessaging (33)
[2015.02.16-09.42.10:279][402]LogModuleManager: Shutting down and abandoning module Paper2D (32)
[2015.02.16-09.42.10:279][402]LogModuleManager: Shutting down and abandoning module UE4Game (31)
[2015.02.16-09.42.10:279][402]LogModuleManager: Shutting down and abandoning module WindowsMoviePlayer (30)
[2015.02.16-09.42.10:280][402]LogModuleManager: Shutting down and abandoning module Media (29)
[2015.02.16-09.42.10:280][402]LogModuleManager: Shutting down and abandoning module WmfMedia (28)
[2015.02.16-09.42.10:280][402]LogModuleManager: Shutting down and abandoning module UMG (27)
[2015.02.16-09.42.10:280][402]LogModuleManager: Shutting down and abandoning module Slate (26)
[2015.02.16-09.42.10:280][402]LogModuleManager: Shutting down and abandoning module SessionServices (25)
[2015.02.16-09.42.10:280][402]LogModuleManager: Shutting down and abandoning module Messaging (24)
[2015.02.16-09.42.10:280][402]LogModuleManager: Shutting down and abandoning module HeadMountedDisplay (23)
[2015.02.16-09.42.10:280][402]LogModuleManager: Shutting down and abandoning module XAudio2 (22)
[2015.02.16-09.42.10:280][402]LogModuleManager: Shutting down and abandoning module Networking (20)
[2015.02.16-09.42.10:280][402]LogModuleManager: Shutting down and abandoning module Core (19)
[2015.02.16-09.42.10:280][402]LogModuleManager: Shutting down and abandoning module InputCore (18)
[2015.02.16-09.42.10:280][402]LogModuleManager: Shutting down and abandoning module ImageWrapper (17)
[2015.02.16-09.42.10:280][402]LogModuleManager: Shutting down and abandoning module OculusRift (14)
[2015.02.16-09.42.10:280][402]LogModuleManager: Shutting down and abandoning module ExampleDeviceProfileSelector (13)
[2015.02.16-09.42.10:280][402]LogModuleManager: Shutting down and abandoning module ShaderCore (12)
[2015.02.16-09.42.10:280][402]LogModuleManager: Shutting down and abandoning module Landscape (11)
[2015.02.16-09.42.10:280][402]LogModuleManager: Shutting down and abandoning module SlateRHIRenderer (10)
[2015.02.16-09.42.10:281][402]LogModuleManager: Shutting down and abandoning module OpenGLDrv (9)
[2015.02.16-09.42.10:281][402]LogModuleManager: Shutting down and abandoning module D3D11RHI (8)
[2015.02.16-09.42.10:281][402]LogModuleManager: Shutting down and abandoning module Renderer (7)
[2015.02.16-09.42.10:281][402]LogModuleManager: Shutting down and abandoning module Engine (6)
[2015.02.16-09.42.10:281][402]LogModuleManager: Shutting down and abandoning module CoreUObject (5)
[2015.02.16-09.42.10:281][402]LogModuleManager: Shutting down and abandoning module NetworkFile (4)
[2015.02.16-09.42.10:281][402]LogModuleManager: Shutting down and abandoning module StreamingFile (3)
[2015.02.16-09.42.10:281][402]LogModuleManager: Shutting down and abandoning module SandboxFile (2)
[2015.02.16-09.42.10:281][402]LogModuleManager: Shutting down and abandoning module PakFile (1)
[2015.02.16-09.42.10:281][402]LogExit: Exiting.
[2015.02.16-09.42.10:282][402]Log file closed, 02/16/15 04:42:10
