Log file open, 02/16/15 04:24:53
LogInit:Display: Running engine for game: WeGuys
LogInit: Version: 4.6.1-2386410+++depot+UE4-Releases+4.6
LogInit: API Version: 2369412
LogInit: Compiled (64-bit): Dec 11 2014 21:33:04
LogInit: Compiled with Visual C++: 18.00.21005.01
LogInit: Build Configuration: Development
LogInit: Branch Name: ++depot+UE4-Releases+4.6
LogInit: Command line:  
LogInit: Base directory: C:/Users/Owner/Documents/Unreal Projects/WeGuys/Exports/Export 1/WindowsNoEditor/Engine/Binaries/Win64/
LogInit: Rocket: 1
[2015.02.16-09.24.53:082][  0]LogTaskGraph: Started task graph with 3 named threads and 6 total threads.
[2015.02.16-09.24.53:126][  0]LogOnline:Warning: No default platform service specified for OnlineSubsystem
[2015.02.16-09.24.53:126][  0]LogInit: Presizing for 0 objects not considered by GC, pre-allocating 0 bytes.
[2015.02.16-09.24.53:131][  0]LogInit: Object subsystem initialized
[2015.02.16-09.24.53:133][  0]LogConsoleResponse:Warning: Skipping Unknown console variable: 'UIScaleRule = ShortestSide'
[2015.02.16-09.24.53:133][  0]LogConsoleResponse:Warning:   Found in ini file '../../../WeGuys/Saved/Config/WindowsNoEditor/Engine.ini', in section '[/Script/Engine.RendererSettings]'
[2015.02.16-09.24.53:133][  0]LogConsoleResponse:Warning: Skipping Unknown console variable: 'UIScaleCurve = (EditorCurveData=(Keys=),ExternalCurve=None)'
[2015.02.16-09.24.53:133][  0]LogConsoleResponse:Warning:   Found in ini file '../../../WeGuys/Saved/Config/WindowsNoEditor/Engine.ini', in section '[/Script/Engine.RendererSettings]'
[2015.02.16-09.24.53:134][  0]LogConsoleManager:Warning: Console variable 'r.MSAA.CompositingSampleCount' wasn't set (Priority ProjectSetting < Scalability)
[2015.02.16-09.24.53:134][  0]LogInit: Selected Device Profile: [WindowsNoEditor]
[2015.02.16-09.24.53:134][  0]LogInit: Applying CVar settings loaded from the selected device profile: [WindowsNoEditor]
[2015.02.16-09.24.53:142][  0]LogInit: Computer: ASUS
[2015.02.16-09.24.53:142][  0]LogInit: User: Owner
[2015.02.16-09.24.53:142][  0]LogInit: CPU Page size=4096, Cores=4
[2015.02.16-09.24.53:142][  0]LogInit: High frequency timer resolution =2.338346 MHz
[2015.02.16-09.24.53:142][  0]LogMemory: Memory total: Physical=15.9GB (16GB approx) Virtual=131072.0GB
[2015.02.16-09.24.53:142][  0]LogMemory: Platform Memory Stats for WindowsNoEditor
[2015.02.16-09.24.53:142][  0]LogMemory: Process Physical Memory: 26.80 MB used, 26.80 MB peak
[2015.02.16-09.24.53:142][  0]LogMemory: Process Virtual Memory: 17.96 MB used, 17.96 MB peak
[2015.02.16-09.24.53:142][  0]LogMemory: Physical Memory: 4664.94 MB used, 16267.18 MB total
[2015.02.16-09.24.53:142][  0]LogMemory: Virtual Memory: 186.81 MB used, 134217728.00 MB total
[2015.02.16-09.24.53:322][  0]LogD3D11RHI: Found D3D11 adapter 0: Intel(R) HD Graphics 4600 (Feature Level 11_0)
[2015.02.16-09.24.53:322][  0]LogD3D11RHI: Adapter has 32MB of dedicated video memory, 0MB of dedicated system memory, and 1760MB of shared system memory, 1 output[s]
[2015.02.16-09.24.53:333][  0]LogD3D11RHI: Found D3D11 adapter 1: NVIDIA GeForce GT 750M (Feature Level 11_0)
[2015.02.16-09.24.53:333][  0]LogD3D11RHI: Adapter has 1988MB of dedicated video memory, 0MB of dedicated system memory, and 2048MB of shared system memory, 0 output[s]
[2015.02.16-09.24.53:334][  0]LogD3D11RHI: Found D3D11 adapter 2: Microsoft Basic Render Driver (Feature Level 11_0)
[2015.02.16-09.24.53:334][  0]LogD3D11RHI: Adapter has 0MB of dedicated video memory, 0MB of dedicated system memory, and 256MB of shared system memory, 0 output[s]
[2015.02.16-09.24.53:334][  0]LogD3D11RHI: Chosen D3D11 Adapter Id = 0
[2015.02.16-09.24.53:338][  0]LogRHI: Texture pool is 1361 MB (70% of 1945 MB)
[2015.02.16-09.24.53:350][  0]LogD3D11RHI: Async texture creation enabled
[2015.02.16-09.24.53:483][  0]LogTextLocalizationManager: The requested culture ('en_US') has no localization data; parent culture's ('en') localization data will be used.
[2015.02.16-09.24.53:506][  0]LogContentStreaming: Texture pool size is 1000.000000MB
[2015.02.16-09.24.53:702][  0]LogCollisionProfile:Warning: Profile (UI) - Custom Channel Name = 'Weapon' hasn't been found
[2015.02.16-09.24.53:825][  0]LogInit: WinSock: version 1.1 (2.2), MaxSocks=32767, MaxUdp=65467
[2015.02.16-09.24.53:979][  0]LogWindowsMoviePlayer: Unable to load movie: ../../../WeGuys/Content/Movies/Default_Startup.mp4
[2015.02.16-09.24.54:016][  0]LogObj: 19715 objects as part of root set at end of initial load.
[2015.02.16-09.24.54:016][  0]LogUObjectAllocator: 4110136 out of 0 bytes used by permanent object pool.
[2015.02.16-09.24.54:027][  0]LogEngine: Initializing Engine...
[2015.02.16-09.24.56:030][  0]LogHMD:Warning: No Oculus HMD detected! Is Oculus Run-Time installed and service is running?
[2015.02.16-09.24.56:041][  0]LogHMD: Oculus shutdown.
[2015.02.16-09.24.56:090][  0]LogInit: XAudio2 using 'Speakers (2- M-Audio Micro)' : 2 channels at 44.1 kHz using 16 bits per sample (channel mask 0x3)
[2015.02.16-09.24.56:098][  0]LogInit: FAudioDevice initialized.
[2015.02.16-09.24.56:098][  0]LogInit: Texture streaming: Enabled
[2015.02.16-09.24.56:110][  0]LogConsoleManager:Warning: Console variable 'r.VSync' wasn't set (Priority Code < GameSetting)
[2015.02.16-09.24.56:110][  0]LogNet: Browse: /Game/Maps/Title?Name=Player
[2015.02.16-09.24.56:111][  0]LogLoad: LoadMap: /Game/Maps/Title?Name=Player
[2015.02.16-09.24.56:130][  0]LogMemory: Platform Memory Stats for WindowsNoEditor
[2015.02.16-09.24.56:130][  0]LogMemory: Process Physical Memory: 99.31 MB used, 101.39 MB peak
[2015.02.16-09.24.56:130][  0]LogMemory: Process Virtual Memory: 74.22 MB used, 79.06 MB peak
[2015.02.16-09.24.56:130][  0]LogMemory: Physical Memory: 4753.85 MB used, 16267.18 MB total
[2015.02.16-09.24.56:130][  0]LogMemory: Virtual Memory: 382.51 MB used, 134217728.00 MB total
[2015.02.16-09.24.56:130][  0]LogMemory: 
[2015.02.16-09.24.56:131][  0]LogMemory: Allocator Stats for binned:
[2015.02.16-09.24.56:131][  0]LogMemory: Current Memory 33.00 MB used, plus 3.28 MB waste
[2015.02.16-09.24.56:131][  0]LogMemory: Peak Memory 43.59 MB used, plus 2.75 MB waste
[2015.02.16-09.24.56:131][  0]LogMemory: Current OS Memory 36.27 MB, peak 46.34 MB
[2015.02.16-09.24.56:131][  0]LogMemory: Current Waste 0.54 MB, peak 0.94 MB
[2015.02.16-09.24.56:131][  0]LogMemory: Current Used 33.00 MB, peak 43.59 MB
[2015.02.16-09.24.56:131][  0]LogMemory: Current Slack 2.74 MB
[2015.02.16-09.24.56:131][  0]LogMemory: Allocs       103622 Current /  1044263 Total
[2015.02.16-09.24.56:131][  0]LogMemory: 
[2015.02.16-09.24.56:131][  0]LogMemory: Block Size Num Pools Max Pools Cur Allocs Total Allocs Min Req Max Req Mem Used Mem Slack Mem Waste Efficiency
[2015.02.16-09.24.56:131][  0]LogMemory: ---------- --------- --------- ---------- ------------ ------- ------- -------- --------- --------- ----------
[2015.02.16-09.24.56:131][  0]LogMemory:          8         0         0          0            0       8       0       0K        0K        0K    100.00%
[2015.02.16-09.24.56:131][  0]LogMemory:         16         5         5      18372        96883      16      16     287K       33K        0K    100.00%
[2015.02.16-09.24.56:131][  0]LogMemory:         32        12        12      21573        76693      32      32     674K       94K        0K    100.00%
[2015.02.16-09.24.56:131][  0]LogMemory:         48         7         7       8499        45688      48      48     398K       50K        0K    100.00%
[2015.02.16-09.24.56:131][  0]LogMemory:         64        12        12      12042        49670      64      64     752K       16K        0K    100.00%
[2015.02.16-09.24.56:131][  0]LogMemory:         80         4         4       2737        36776      80      80     213K       43K        0K    100.00%
[2015.02.16-09.24.56:131][  0]LogMemory:         96         5         5       2630        37010      96      96     246K       74K        0K    100.00%
[2015.02.16-09.24.56:131][  0]LogMemory:        112         3         3       1105        23417     112     112     120K       72K        0K    100.00%
[2015.02.16-09.24.56:131][  0]LogMemory:        128        29        29      14651        43830     128     128    1831K       25K        0K    100.00%
[2015.02.16-09.24.56:131][  0]LogMemory:        160         8        11       2638        97923     144     160     412K      100K       17K     96.68%
[2015.02.16-09.24.56:131][  0]LogMemory:        192        13        13       4336       174685     176     192     813K       19K       29K     96.51%
[2015.02.16-09.24.56:131][  0]LogMemory:        224         4         4        878       160595     208     224     192K       64K        7K     97.27%
[2015.02.16-09.24.56:131][  0]LogMemory:        256         5         5       1105        74970     240     256     276K       44K       10K     96.88%
[2015.02.16-09.24.56:131][  0]LogMemory:        288        19        31       4308        51535     272     288    1211K        3K       48K     96.05%
[2015.02.16-09.24.56:131][  0]LogMemory:        320         4         4        675        21612     304     320     210K       45K        6K     97.66%
[2015.02.16-09.24.56:131][  0]LogMemory:        384        10        10       1682        13686     336     384     630K        8K       60K     90.63%
[2015.02.16-09.24.56:131][  0]LogMemory:        448        11        11       1585         6120     400     448     693K       10K       44K     93.75%
[2015.02.16-09.24.56:131][  0]LogMemory:        512         9         9       1052         6470     464     512     526K       50K       30K     94.79%
[2015.02.16-09.24.56:131][  0]LogMemory:        576         3         3        255         1389     528     576     143K       48K        9K     95.31%
[2015.02.16-09.24.56:131][  0]LogMemory:        640         7         8        488          973     592     640     305K      142K        7K     98.44%
[2015.02.16-09.24.56:131][  0]LogMemory:        704        10        13        730         1748     656     704     501K      139K       12K     98.13%
[2015.02.16-09.24.56:131][  0]LogMemory:        768         6         6        326         3106     720     768     244K      139K        6K     98.44%
[2015.02.16-09.24.56:131][  0]LogMemory:        896         3         3        185          614     784     896     161K       31K        8K     95.83%
[2015.02.16-09.24.56:131][  0]LogMemory:       1024         2         3        102          453     912    1024     102K       26K        2K     98.44%
[2015.02.16-09.24.56:131][  0]LogMemory:       1168         2         2         96          406    1040    1168     109K       19K        6K     95.31%
[2015.02.16-09.24.56:131][  0]LogMemory:       1360         6         6        230         3598    1184    1360     305K       78K       19K     95.05%
[2015.02.16-09.24.56:131][  0]LogMemory:       1632         7         7        244          619    1376    1632     388K       59K       25K     94.42%
[2015.02.16-09.24.56:131][  0]LogMemory:       2048         8         8        145          790    1648    2048     290K      222K       30K     94.14%
[2015.02.16-09.24.56:131][  0]LogMemory:       2336         4         4         97         3561    2064    2336     221K       35K       24K     90.63%
[2015.02.16-09.24.56:131][  0]LogMemory:       2720         5         5         90          503    2352    2720     239K       80K       11K     96.56%
[2015.02.16-09.24.56:131][  0]LogMemory:       3264        10        10        143         2938    2736    3264     455K      183K       25K     96.09%
[2015.02.16-09.24.56:131][  0]LogMemory:       4096        11        12        136          613    3280    4096     544K      160K       42K     94.03%
[2015.02.16-09.24.56:131][  0]LogMemory:       4672         7         8         65         1735    4112    4672     296K      152K        8K     98.21%
[2015.02.16-09.24.56:131][  0]LogMemory:       5456         9        13         91          380    4688    5456     484K       92K       40K     93.06%
[2015.02.16-09.24.56:131][  0]LogMemory:       6544        12        14        101          313    5472    6544     645K      122K       56K     92.71%
[2015.02.16-09.24.56:131][  0]LogMemory:       8192         6         7         42         1636    6560    8192     336K       48K       44K     88.54%
[2015.02.16-09.24.56:131][  0]LogMemory:       9360         5         5         30           95    8208    9360     274K       46K       14K     95.63%
[2015.02.16-09.24.56:131][  0]LogMemory:      10912         4         4         20          125    9408   10848     213K       43K       21K     91.80%
[2015.02.16-09.24.56:132][  0]LogMemory:      13104         3         3         14           51   10976   13056     179K       13K       10K     94.79%
[2015.02.16-09.24.56:132][  0]LogMemory:      16384         5         7         19          108   13120   16384     304K       16K       22K     93.13%
[2015.02.16-09.24.56:132][  0]LogMemory:      21840        10        11         28           95   16400   21456     597K       43K      107K     83.28%
[2015.02.16-09.24.56:132][  0]LogMemory:      32768         4         6          7           65   21904   32640     224K       32K       48K     81.25%
[2015.02.16-09.24.56:132][  0]LogMemory: 
[2015.02.16-09.24.56:132][  0]LogMemory: 19776K allocated in pools (with 2718K slack and 847K waste). Efficiency 95.72%
[2015.02.16-09.24.56:132][  0]LogMemory: Allocations 103553 Current / 1043478 Total (in 309 pools)
[2015.02.16-09.24.56:132][  0]LogMemory: 
[2015.02.16-09.24.56:216][  0]LogMaterial:Warning: FMaterialUniformExpressionTexture had invalid TextureIndex! (0 / 0)
[2015.02.16-09.24.56:220][  0]LogWorld: Game class is '2DSideScrollerGameMode_C'
[2015.02.16-09.24.56:222][  0]LogAIModule: Creating AISystem for world Title
[2015.02.16-09.24.56:224][  0]LogWorld: Bringing World /Game/Maps/Title.Title up for play (max tick rate 0) at 2015.02.16-04.24.56
[2015.02.16-09.24.56:232][  0]LogWorld: Bringing up level for play took: 0.009870
[2015.02.16-09.24.56:232][  0]LogGameMode: Warning - PATHS NOT DEFINED or NO PLAYERSTART with positive rating
[2015.02.16-09.24.56:235][  0]LogInit:Display: Game Engine Initialized.
[2015.02.16-09.24.56:436][  0]LogLoad: Full Startup: 4.93 seconds (BP compile: 0.00 seconds)
[2015.02.16-09.24.56:514][  2]LogRenderer:Warning: Reallocating scene render targets to support 1600x904.
[2015.02.16-09.25.18:117][878]LogPackageName: SearchForPackageOnDisk took   0.033s to resolve 1PMap1.umap
[2015.02.16-09.25.18:149][879]LogPackageName: SearchForPackageOnDisk took   0.029s to resolve 1PMap1.umap
[2015.02.16-09.25.18:149][879]LogNet: Browse: /Game/Maps/1PMap1
[2015.02.16-09.25.18:149][879]LogLoad: LoadMap: /Game/Maps/1PMap1
[2015.02.16-09.25.18:155][879]LogParticles: Destroying 0 GPU particle simulations for FXSystem 0x00000069D6416900
[2015.02.16-09.25.18:160][879]LogMemory: Platform Memory Stats for WindowsNoEditor
[2015.02.16-09.25.18:160][879]LogMemory: Process Physical Memory: 158.32 MB used, 182.82 MB peak
[2015.02.16-09.25.18:160][879]LogMemory: Process Virtual Memory: 135.55 MB used, 179.20 MB peak
[2015.02.16-09.25.18:160][879]LogMemory: Physical Memory: 4805.53 MB used, 16267.18 MB total
[2015.02.16-09.25.18:160][879]LogMemory: Virtual Memory: 459.34 MB used, 134217728.00 MB total
[2015.02.16-09.25.18:160][879]LogMemory: 
[2015.02.16-09.25.18:160][879]LogMemory: Allocator Stats for binned:
[2015.02.16-09.25.18:160][879]LogMemory: Current Memory 34.93 MB used, plus 8.51 MB waste
[2015.02.16-09.25.18:160][879]LogMemory: Peak Memory 48.20 MB used, plus 2.82 MB waste
[2015.02.16-09.25.18:160][879]LogMemory: Current OS Memory 43.44 MB, peak 51.02 MB
[2015.02.16-09.25.18:160][879]LogMemory: Current Waste 0.69 MB, peak 0.94 MB
[2015.02.16-09.25.18:160][879]LogMemory: Current Used 34.93 MB, peak 48.20 MB
[2015.02.16-09.25.18:160][879]LogMemory: Current Slack 7.82 MB
[2015.02.16-09.25.18:160][879]LogMemory: Allocs       133514 Current /  3175291 Total
[2015.02.16-09.25.18:160][879]LogMemory: 
[2015.02.16-09.25.18:160][879]LogMemory: Block Size Num Pools Max Pools Cur Allocs Total Allocs Min Req Max Req Mem Used Mem Slack Mem Waste Efficiency
[2015.02.16-09.25.18:160][879]LogMemory: ---------- --------- --------- ---------- ------------ ------- ------- -------- --------- --------- ----------
[2015.02.16-09.25.18:160][879]LogMemory:          8         0         0          0            0       8       0       0K        0K        0K    100.00%
[2015.02.16-09.25.18:160][879]LogMemory:         16         8         8      28086       475827      16      16     438K       74K        0K    100.00%
[2015.02.16-09.25.18:160][879]LogMemory:         32        16        16      30940       404398      32      32     966K       58K        0K    100.00%
[2015.02.16-09.25.18:160][879]LogMemory:         48        15        15      19001       202478      48      48     890K       70K        0K    100.00%
[2015.02.16-09.25.18:160][879]LogMemory:         64        13        13      12516       399929      64      64     782K       50K        0K    100.00%
[2015.02.16-09.25.18:160][879]LogMemory:         80         4         4       2928       100185      80      80     228K       28K        0K    100.00%
[2015.02.16-09.25.18:160][879]LogMemory:         96         5         5       3008        73139      96      96     282K       38K        0K    100.00%
[2015.02.16-09.25.18:160][879]LogMemory:        112         3         3       1247       283702     112     112     136K       56K        0K    100.00%
[2015.02.16-09.25.18:160][879]LogMemory:        128        30        30      14709        69774     128     128    1838K       82K        0K    100.00%
[2015.02.16-09.25.18:160][879]LogMemory:        160         8        11       2822       123741     144     160     440K       72K       20K     96.09%
[2015.02.16-09.25.18:160][879]LogMemory:        192        15        15       4624       205063     176     192     867K       93K       33K     96.56%
[2015.02.16-09.25.18:160][879]LogMemory:        224         4         4        891       197085     208     224     194K       62K        6K     97.66%
[2015.02.16-09.25.18:160][879]LogMemory:        256         6         6       1287        79450     240     256     321K       63K       11K     97.14%
[2015.02.16-09.25.18:160][879]LogMemory:        288        22        31       4317       144202     272     288    1214K      191K       22K     98.44%
[2015.02.16-09.25.18:160][879]LogMemory:        320         4         4        681        95991     304     320     212K       43K        2K     99.22%
[2015.02.16-09.25.18:160][879]LogMemory:        384        12        12       1734        62453     336     384     650K      115K       55K     92.84%
[2015.02.16-09.25.18:160][879]LogMemory:        448        12        12       1589        20937     400     448     695K       72K       20K     97.40%
[2015.02.16-09.25.18:160][879]LogMemory:        512        10        10       1052        16903     464     512     526K      114K       25K     96.09%
[2015.02.16-09.25.18:160][879]LogMemory:        576         4         4        256         4699     528     576     144K      111K       10K     96.09%
[2015.02.16-09.25.18:160][879]LogMemory:        640         7         8        506         4757     592     640     316K      131K        9K     97.99%
[2015.02.16-09.25.18:160][879]LogMemory:        704        11        13        735         9168     656     704     505K      199K        6K     99.15%
[2015.02.16-09.25.18:160][879]LogMemory:        768         6         6        340        33102     720     768     255K      128K       14K     96.35%
[2015.02.16-09.25.18:160][879]LogMemory:        896         4         4        193        11142     784     896     168K       88K       15K     94.14%
[2015.02.16-09.25.18:160][879]LogMemory:       1024         3         4        103        60287     912    1024     103K       89K        0K    100.00%
[2015.02.16-09.25.18:160][879]LogMemory:       1168         4         4        114        10468    1040    1168     130K      126K        4K     98.44%
[2015.02.16-09.25.18:160][879]LogMemory:       1360         8         9        244        15064    1184    1360     324K      186K       14K     97.27%
[2015.02.16-09.25.18:161][879]LogMemory:       1632         8        10        254         6585    1376    1632     404K      106K       31K     93.95%
[2015.02.16-09.25.18:161][879]LogMemory:       2048         9         9        161         5258    1648    2048     322K      254K       25K     95.66%
[2015.02.16-09.25.18:161][879]LogMemory:       2336         4         4         99         3623    2064    2336     225K       31K       24K     90.63%
[2015.02.16-09.25.18:161][879]LogMemory:       2720         5         5         91         4318    2352    2720     241K       78K       16K     95.00%
[2015.02.16-09.25.18:161][879]LogMemory:       3264        10        10        158         5365    2736    3264     503K      135K       43K     93.28%
[2015.02.16-09.25.18:161][879]LogMemory:       4096        11        12        137         2209    3280    4096     548K      156K       51K     92.76%
[2015.02.16-09.25.18:161][879]LogMemory:       4672         7         8         77         1894    4112    4672     351K       97K       11K     97.54%
[2015.02.16-09.25.18:161][879]LogMemory:       5456        12        13        114          451    4688    5456     607K      161K       49K     93.62%
[2015.02.16-09.25.18:161][879]LogMemory:       6544        13        14        120         4365    5472    6544     766K       65K       76K     90.87%
[2015.02.16-09.25.18:161][879]LogMemory:       8192         7         9         45         3970    6560    8192     360K       88K       48K     89.29%
[2015.02.16-09.25.18:161][879]LogMemory:       9360         5         6         30         1681    8208    9360     274K       46K       14K     95.63%
[2015.02.16-09.25.18:161][879]LogMemory:      10912         4         5         19        11508    9392   10848     202K       54K       20K     92.19%
[2015.02.16-09.25.18:161][879]LogMemory:      13104         4         4         16         2152   10976   13056     204K       52K       26K     89.84%
[2015.02.16-09.25.18:161][879]LogMemory:      16384         5        10         19          142   13120   16384     304K       16K       20K     93.75%
[2015.02.16-09.25.18:161][879]LogMemory:      21840        15        18         39         2045   16400   21776     831K      129K      192K     80.00%
[2015.02.16-09.25.18:161][879]LogMemory:      32768         6         8         10           92   21856   32640     320K       64K       66K     82.81%
[2015.02.16-09.25.18:161][879]LogMemory: 
[2015.02.16-09.25.18:161][879]LogMemory: 22976K allocated in pools (with 3871K slack and 978K waste). Efficiency 95.74%
[2015.02.16-09.25.18:161][879]LogMemory: Allocations 135313 Current / 3159603 Total (in 359 pools)
[2015.02.16-09.25.18:161][879]LogMemory: 
[2015.02.16-09.25.18:264][879]LogWorld: Game class is '2DSideScrollerGameMode_C'
[2015.02.16-09.25.18:265][879]LogAIModule: Creating AISystem for world 1PMap1
[2015.02.16-09.25.18:266][879]LogWorld: Bringing World /Game/Maps/1PMap1.1PMap1 up for play (max tick rate 0) at 2015.02.16-04.25.18
[2015.02.16-09.25.18:269][879]LogWorld: Bringing up level for play took: 0.003641
[2015.02.16-09.25.29:336][ 22]LogPackageName: SearchForPackageOnDisk took   0.026s to resolve 1PMap2.umap
[2015.02.16-09.25.29:363][ 23]LogPackageName: SearchForPackageOnDisk took   0.027s to resolve 1PMap2.umap
[2015.02.16-09.25.29:363][ 23]LogNet: Browse: /Game/Maps/1PMap2
[2015.02.16-09.25.29:363][ 23]LogLoad: LoadMap: /Game/Maps/1PMap2
[2015.02.16-09.25.29:368][ 23]LogParticles: Destroying 0 GPU particle simulations for FXSystem 0x00000069D55AEA60
[2015.02.16-09.25.29:372][ 23]LogMemory: Platform Memory Stats for WindowsNoEditor
[2015.02.16-09.25.29:372][ 23]LogMemory: Process Physical Memory: 140.32 MB used, 182.82 MB peak
[2015.02.16-09.25.29:372][ 23]LogMemory: Process Virtual Memory: 105.10 MB used, 179.20 MB peak
[2015.02.16-09.25.29:372][ 23]LogMemory: Physical Memory: 4764.84 MB used, 16267.18 MB total
[2015.02.16-09.25.29:372][ 23]LogMemory: Virtual Memory: 433.44 MB used, 134217728.00 MB total
[2015.02.16-09.25.29:372][ 23]LogMemory: 
[2015.02.16-09.25.29:372][ 23]LogMemory: Allocator Stats for binned:
[2015.02.16-09.25.29:372][ 23]LogMemory: Current Memory 34.05 MB used, plus 9.72 MB waste
[2015.02.16-09.25.29:372][ 23]LogMemory: Peak Memory 49.05 MB used, plus 6.90 MB waste
[2015.02.16-09.25.29:372][ 23]LogMemory: Current OS Memory 43.77 MB, peak 55.95 MB
[2015.02.16-09.25.29:372][ 23]LogMemory: Current Waste 0.77 MB, peak 1.02 MB
[2015.02.16-09.25.29:372][ 23]LogMemory: Current Used 34.05 MB, peak 49.05 MB
[2015.02.16-09.25.29:372][ 23]LogMemory: Current Slack 8.95 MB
[2015.02.16-09.25.29:372][ 23]LogMemory: Allocs       133039 Current /  4114059 Total
[2015.02.16-09.25.29:372][ 23]LogMemory: 
[2015.02.16-09.25.29:372][ 23]LogMemory: Block Size Num Pools Max Pools Cur Allocs Total Allocs Min Req Max Req Mem Used Mem Slack Mem Waste Efficiency
[2015.02.16-09.25.29:372][ 23]LogMemory: ---------- --------- --------- ---------- ------------ ------- ------- -------- --------- --------- ----------
[2015.02.16-09.25.29:372][ 23]LogMemory:          8         0         0          0            0       8       0       0K        0K        0K    100.00%
[2015.02.16-09.25.29:372][ 23]LogMemory:         16         8         8      28090       653565      16      16     438K       74K        0K    100.00%
[2015.02.16-09.25.29:372][ 23]LogMemory:         32        16        16      30951       553688      32      32     967K       57K        0K    100.00%
[2015.02.16-09.25.29:372][ 23]LogMemory:         48        15        15      19009       259607      48      48     891K       69K        0K    100.00%
[2015.02.16-09.25.29:372][ 23]LogMemory:         64        13        13      12523       563683      64      64     782K       50K        0K    100.00%
[2015.02.16-09.25.29:372][ 23]LogMemory:         80         4         4       2935       138617      80      80     229K       27K        0K    100.00%
[2015.02.16-09.25.29:372][ 23]LogMemory:         96         5         5       3008       100799      96      96     282K       38K        0K    100.00%
[2015.02.16-09.25.29:372][ 23]LogMemory:        112         3         3       1252       384512     112     112     136K       56K        0K    100.00%
[2015.02.16-09.25.29:372][ 23]LogMemory:        128        30        30      14711        82528     128     128    1838K       82K        0K    100.00%
[2015.02.16-09.25.29:372][ 23]LogMemory:        160         9        11       2822       145870     144     160     440K      136K       21K     96.35%
[2015.02.16-09.25.29:372][ 23]LogMemory:        192        15        15       4622       219858     176     192     866K       94K       33K     96.56%
[2015.02.16-09.25.29:372][ 23]LogMemory:        224         4         4        892       210791     208     224     195K       61K        6K     97.66%
[2015.02.16-09.25.29:372][ 23]LogMemory:        256         6         6       1287        82533     240     256     321K       63K       11K     97.14%
[2015.02.16-09.25.29:372][ 23]LogMemory:        288        22        31       4316       188123     272     288    1213K      192K       18K     98.72%
[2015.02.16-09.25.29:372][ 23]LogMemory:        320         4         4        683       127468     304     320     213K       42K        1K     99.61%
[2015.02.16-09.25.29:372][ 23]LogMemory:        384        12        12       1736        79874     336     384     651K      114K       53K     93.10%
[2015.02.16-09.25.29:372][ 23]LogMemory:        448        12        12       1588        23930     400     448     694K       73K       21K     97.27%
[2015.02.16-09.25.29:372][ 23]LogMemory:        512        10        10       1052        21716     464     512     526K      114K       21K     96.72%
[2015.02.16-09.25.29:372][ 23]LogMemory:        576         4         4        256         6867     528     576     144K      111K       10K     96.09%
[2015.02.16-09.25.29:372][ 23]LogMemory:        640         7         8        506         6672     592     640     316K      131K        9K     97.99%
[2015.02.16-09.25.29:372][ 23]LogMemory:        704        11        13        736        11363     656     704     506K      198K        7K     99.01%
[2015.02.16-09.25.29:373][ 23]LogMemory:        768         6         6        338        35801     720     768     253K      130K       14K     96.35%
[2015.02.16-09.25.29:373][ 23]LogMemory:        896         4         4        195        13024     784     896     170K       86K       15K     94.14%
[2015.02.16-09.25.29:373][ 23]LogMemory:       1024         3         4        102        74572     912    1024     102K       90K        0K    100.00%
[2015.02.16-09.25.29:373][ 23]LogMemory:       1168         4         4        115        12751    1040    1168     131K      125K        5K     98.05%
[2015.02.16-09.25.29:373][ 23]LogMemory:       1360         8         9        244        20461    1184    1360     324K      186K       15K     97.07%
[2015.02.16-09.25.29:373][ 23]LogMemory:       1632         8        10        255         8295    1376    1632     406K      104K       35K     93.16%
[2015.02.16-09.25.29:373][ 23]LogMemory:       2048         9         9        157         5975    1648    2048     314K      262K       25K     95.66%
[2015.02.16-09.25.29:373][ 23]LogMemory:       2336         4         4        100         3928    2064    2336     228K       28K       24K     90.63%
[2015.02.16-09.25.29:373][ 23]LogMemory:       2720         5         5         91         6920    2352    2720     241K       78K       16K     95.00%
[2015.02.16-09.25.29:373][ 23]LogMemory:       3264        10        10        157         6842    2736    3264     500K      138K       48K     92.50%
[2015.02.16-09.25.29:373][ 23]LogMemory:       4096        11        12        137         2430    3280    4096     548K      156K       48K     93.18%
[2015.02.16-09.25.29:373][ 23]LogMemory:       4672         8         9         77         1957    4112    4672     351K      160K       13K     97.46%
[2015.02.16-09.25.29:373][ 23]LogMemory:       5456        13        14        113         1400    4688    5456     602K      230K       22K     97.36%
[2015.02.16-09.25.29:373][ 23]LogMemory:       6544        16        16        117         5967    5472    6544     747K      276K       79K     92.29%
[2015.02.16-09.25.29:373][ 23]LogMemory:       8192         8         9         47         4015    6560    8192     376K      136K       50K     90.23%
[2015.02.16-09.25.29:373][ 23]LogMemory:       9360         6         6         31         1691    8208    9360     283K      101K       15K     96.09%
[2015.02.16-09.25.29:373][ 23]LogMemory:      10912         4         5         19        13843    9392   10848     202K       54K       19K     92.58%
[2015.02.16-09.25.29:373][ 23]LogMemory:      13104         4         4         16         2160   10976   13056     204K       52K       26K     89.84%
[2015.02.16-09.25.29:373][ 23]LogMemory:      16384         5        10         19          176   13120   16384     304K       16K       19K     94.06%
[2015.02.16-09.25.29:373][ 23]LogMemory:      21840        17        20         37         2115   16400   21776     789K      299K      179K     83.55%
[2015.02.16-09.25.29:373][ 23]LogMemory:      32768         6         9         10          114   21856   32640     320K       64K       67K     82.55%
[2015.02.16-09.25.29:373][ 23]LogMemory: 
[2015.02.16-09.25.29:373][ 23]LogMemory: 23616K allocated in pools (with 4553K slack and 945K waste). Efficiency 96.00%
[2015.02.16-09.25.29:373][ 23]LogMemory: Allocations 135353 Current / 4086502 Total (in 369 pools)
[2015.02.16-09.25.29:373][ 23]LogMemory: 
[2015.02.16-09.25.29:469][ 23]LogWorld: Game class is '2DSideScrollerGameMode_C'
[2015.02.16-09.25.29:470][ 23]LogAIModule: Creating AISystem for world 1PMap2
[2015.02.16-09.25.29:473][ 23]LogWorld: Bringing World /Game/Maps/1PMap2.1PMap2 up for play (max tick rate 0) at 2015.02.16-04.25.29
[2015.02.16-09.25.29:507][ 23]LogWorld: Bringing up level for play took: 0.037044
[2015.02.16-09.25.40:447][147]LogCharacterMovement: MyCharacter_C_1 is stuck and failed to move!
[2015.02.16-09.25.48:860][ 13]Set new viewmode: Lit
[2015.02.16-09.25.50:805][201]LogEngine: All Windows Closed
[2015.02.16-09.25.50:805][201]LogWindows: FPlatformMisc::RequestExit(0)
[2015.02.16-09.25.50:971][202]LogExit: Preparing to exit.
[2015.02.16-09.25.51:024][202]LogExit: Game engine shut down
[2015.02.16-09.25.51:024][202]LogParticles: Destroying 0 GPU particle simulations for FXSystem 0x00000069D55AF640
[2015.02.16-09.25.51:029][202]LogExit: Object subsystem successfully closed.
[2015.02.16-09.25.51:039][202]LogModuleManager: Shutting down and abandoning module AutomationWorker (47)
[2015.02.16-09.25.51:039][202]LogModuleManager: Shutting down and abandoning module CharacterAI (46)
[2015.02.16-09.25.51:039][202]LogModuleManager: Shutting down and abandoning module AIModule (45)
[2015.02.16-09.25.51:039][202]LogModuleManager: Shutting down and abandoning module GameLiveStreaming (44)
[2015.02.16-09.25.51:039][202]LogModuleManager: Shutting down and abandoning module StreamingPauseRendering (43)
[2015.02.16-09.25.51:039][202]LogModuleManager: Shutting down and abandoning module HTTP (42)
[2015.02.16-09.25.51:039][202]LogModuleManager: Shutting down and abandoning module AnalyticsET (41)
[2015.02.16-09.25.51:039][202]LogModuleManager: Shutting down and abandoning module Analytics (40)
[2015.02.16-09.25.51:039][202]LogModuleManager: Shutting down and abandoning module ProfilerService (39)
[2015.02.16-09.25.51:056][202]LogModuleManager: Shutting down and abandoning module TaskGraph (38)
[2015.02.16-09.25.51:056][202]LogModuleManager: Shutting down and abandoning module SlateRemote (37)
[2015.02.16-09.25.51:056][202]LogModuleManager: Shutting down and abandoning module CustomMeshComponent (36)
[2015.02.16-09.25.51:056][202]LogModuleManager: Shutting down and abandoning module CableComponent (35)
[2015.02.16-09.25.51:056][202]LogModuleManager: Shutting down and abandoning module ScriptPlugin (34)
[2015.02.16-09.25.51:056][202]LogModuleManager: Shutting down and abandoning module UdpMessaging (33)
[2015.02.16-09.25.51:056][202]LogModuleManager: Shutting down and abandoning module Paper2D (32)
[2015.02.16-09.25.51:056][202]LogModuleManager: Shutting down and abandoning module UE4Game (31)
[2015.02.16-09.25.51:056][202]LogModuleManager: Shutting down and abandoning module WindowsMoviePlayer (30)
[2015.02.16-09.25.51:057][202]LogModuleManager: Shutting down and abandoning module Media (29)
[2015.02.16-09.25.51:057][202]LogModuleManager: Shutting down and abandoning module WmfMedia (28)
[2015.02.16-09.25.51:057][202]LogModuleManager: Shutting down and abandoning module UMG (27)
[2015.02.16-09.25.51:057][202]LogModuleManager: Shutting down and abandoning module Slate (26)
[2015.02.16-09.25.51:057][202]LogModuleManager: Shutting down and abandoning module SessionServices (25)
[2015.02.16-09.25.51:057][202]LogModuleManager: Shutting down and abandoning module Messaging (24)
[2015.02.16-09.25.51:057][202]LogModuleManager: Shutting down and abandoning module HeadMountedDisplay (23)
[2015.02.16-09.25.51:057][202]LogModuleManager: Shutting down and abandoning module XAudio2 (22)
[2015.02.16-09.25.51:057][202]LogModuleManager: Shutting down and abandoning module Networking (20)
[2015.02.16-09.25.51:057][202]LogModuleManager: Shutting down and abandoning module Core (19)
[2015.02.16-09.25.51:057][202]LogModuleManager: Shutting down and abandoning module InputCore (18)
[2015.02.16-09.25.51:057][202]LogModuleManager: Shutting down and abandoning module ImageWrapper (17)
[2015.02.16-09.25.51:057][202]LogModuleManager: Shutting down and abandoning module OculusRift (14)
[2015.02.16-09.25.51:057][202]LogModuleManager: Shutting down and abandoning module ExampleDeviceProfileSelector (13)
[2015.02.16-09.25.51:057][202]LogModuleManager: Shutting down and abandoning module ShaderCore (12)
[2015.02.16-09.25.51:057][202]LogModuleManager: Shutting down and abandoning module Landscape (11)
[2015.02.16-09.25.51:057][202]LogModuleManager: Shutting down and abandoning module SlateRHIRenderer (10)
[2015.02.16-09.25.51:057][202]LogModuleManager: Shutting down and abandoning module OpenGLDrv (9)
[2015.02.16-09.25.51:057][202]LogModuleManager: Shutting down and abandoning module D3D11RHI (8)
[2015.02.16-09.25.51:057][202]LogModuleManager: Shutting down and abandoning module Renderer (7)
[2015.02.16-09.25.51:057][202]LogModuleManager: Shutting down and abandoning module Engine (6)
[2015.02.16-09.25.51:057][202]LogModuleManager: Shutting down and abandoning module CoreUObject (5)
[2015.02.16-09.25.51:057][202]LogModuleManager: Shutting down and abandoning module NetworkFile (4)
[2015.02.16-09.25.51:057][202]LogModuleManager: Shutting down and abandoning module StreamingFile (3)
[2015.02.16-09.25.51:057][202]LogModuleManager: Shutting down and abandoning module SandboxFile (2)
[2015.02.16-09.25.51:057][202]LogModuleManager: Shutting down and abandoning module PakFile (1)
[2015.02.16-09.25.51:059][202]LogExit: Exiting.
[2015.02.16-09.25.51:059][202]Log file closed, 02/16/15 04:25:51
