Log file open, 02/16/15 04:18:29
LogInit:Display: Running engine for game: WeGuys
LogInit: Version: 4.6.1-2386410+++depot+UE4-Releases+4.6
LogInit: API Version: 2369412
LogInit: Compiled (64-bit): Dec 11 2014 21:33:04
LogInit: Compiled with Visual C++: 18.00.21005.01
LogInit: Build Configuration: Development
LogInit: Branch Name: ++depot+UE4-Releases+4.6
LogInit: Command line:  
LogInit: Base directory: C:/Users/Owner/Documents/Unreal Projects/WeGuys/Exports/Export 1/WindowsNoEditor/Engine/Binaries/Win64/
LogInit: Rocket: 1
[2015.02.16-09.18.29:630][  0]LogTaskGraph: Started task graph with 3 named threads and 6 total threads.
[2015.02.16-09.18.29:673][  0]LogOnline:Warning: No default platform service specified for OnlineSubsystem
[2015.02.16-09.18.29:673][  0]LogInit: Presizing for 0 objects not considered by GC, pre-allocating 0 bytes.
[2015.02.16-09.18.29:678][  0]LogInit: Object subsystem initialized
[2015.02.16-09.18.29:680][  0]LogConsoleResponse:Warning: Skipping Unknown console variable: 'UIScaleRule = ShortestSide'
[2015.02.16-09.18.29:680][  0]LogConsoleResponse:Warning:   Found in ini file '../../../WeGuys/Saved/Config/WindowsNoEditor/Engine.ini', in section '[/Script/Engine.RendererSettings]'
[2015.02.16-09.18.29:680][  0]LogConsoleResponse:Warning: Skipping Unknown console variable: 'UIScaleCurve = (EditorCurveData=(Keys=),ExternalCurve=None)'
[2015.02.16-09.18.29:680][  0]LogConsoleResponse:Warning:   Found in ini file '../../../WeGuys/Saved/Config/WindowsNoEditor/Engine.ini', in section '[/Script/Engine.RendererSettings]'
[2015.02.16-09.18.29:682][  0]LogConsoleManager:Warning: Console variable 'r.MSAA.CompositingSampleCount' wasn't set (Priority ProjectSetting < Scalability)
[2015.02.16-09.18.29:682][  0]LogInit: Selected Device Profile: [WindowsNoEditor]
[2015.02.16-09.18.29:682][  0]LogInit: Applying CVar settings loaded from the selected device profile: [WindowsNoEditor]
[2015.02.16-09.18.29:689][  0]LogInit: Computer: ASUS
[2015.02.16-09.18.29:689][  0]LogInit: User: Owner
[2015.02.16-09.18.29:689][  0]LogInit: CPU Page size=4096, Cores=4
[2015.02.16-09.18.29:689][  0]LogInit: High frequency timer resolution =2.338346 MHz
[2015.02.16-09.18.29:689][  0]LogMemory: Memory total: Physical=15.9GB (16GB approx) Virtual=131072.0GB
[2015.02.16-09.18.29:689][  0]LogMemory: Platform Memory Stats for WindowsNoEditor
[2015.02.16-09.18.29:689][  0]LogMemory: Process Physical Memory: 26.39 MB used, 26.39 MB peak
[2015.02.16-09.18.29:689][  0]LogMemory: Process Virtual Memory: 17.64 MB used, 17.64 MB peak
[2015.02.16-09.18.29:689][  0]LogMemory: Physical Memory: 4908.03 MB used, 16267.18 MB total
[2015.02.16-09.18.29:689][  0]LogMemory: Virtual Memory: 186.49 MB used, 134217728.00 MB total
[2015.02.16-09.18.29:834][  0]LogD3D11RHI: Found D3D11 adapter 0: Intel(R) HD Graphics 4600 (Feature Level 11_0)
[2015.02.16-09.18.29:834][  0]LogD3D11RHI: Adapter has 32MB of dedicated video memory, 0MB of dedicated system memory, and 1760MB of shared system memory, 1 output[s]
[2015.02.16-09.18.29:844][  0]LogD3D11RHI: Found D3D11 adapter 1: NVIDIA GeForce GT 750M (Feature Level 11_0)
[2015.02.16-09.18.29:844][  0]LogD3D11RHI: Adapter has 1988MB of dedicated video memory, 0MB of dedicated system memory, and 2048MB of shared system memory, 0 output[s]
[2015.02.16-09.18.29:846][  0]LogD3D11RHI: Found D3D11 adapter 2: Microsoft Basic Render Driver (Feature Level 11_0)
[2015.02.16-09.18.29:846][  0]LogD3D11RHI: Adapter has 0MB of dedicated video memory, 0MB of dedicated system memory, and 256MB of shared system memory, 0 output[s]
[2015.02.16-09.18.29:846][  0]LogD3D11RHI: Chosen D3D11 Adapter Id = 0
[2015.02.16-09.18.29:850][  0]LogRHI: Texture pool is 1361 MB (70% of 1945 MB)
[2015.02.16-09.18.29:862][  0]LogD3D11RHI: Async texture creation enabled
[2015.02.16-09.18.29:919][  0]LogTextLocalizationManager: The requested culture ('en_US') has no localization data; parent culture's ('en') localization data will be used.
[2015.02.16-09.18.29:941][  0]LogContentStreaming: Texture pool size is 1000.000000MB
[2015.02.16-09.18.30:144][  0]LogCollisionProfile:Warning: Profile (UI) - Custom Channel Name = 'Weapon' hasn't been found
[2015.02.16-09.18.30:266][  0]LogInit: WinSock: version 1.1 (2.2), MaxSocks=32767, MaxUdp=65467
[2015.02.16-09.18.30:444][  0]LogWindowsMoviePlayer: Unable to load movie: ../../../WeGuys/Content/Movies/Default_Startup.mp4
[2015.02.16-09.18.30:481][  0]LogObj: 19715 objects as part of root set at end of initial load.
[2015.02.16-09.18.30:481][  0]LogUObjectAllocator: 4110136 out of 0 bytes used by permanent object pool.
[2015.02.16-09.18.30:492][  0]LogEngine: Initializing Engine...
[2015.02.16-09.18.32:495][  0]LogHMD:Warning: No Oculus HMD detected! Is Oculus Run-Time installed and service is running?
[2015.02.16-09.18.32:506][  0]LogHMD: Oculus shutdown.
[2015.02.16-09.18.32:541][  0]LogInit: XAudio2 using 'Speakers (2- M-Audio Micro)' : 2 channels at 44.1 kHz using 16 bits per sample (channel mask 0x3)
[2015.02.16-09.18.32:549][  0]LogInit: FAudioDevice initialized.
[2015.02.16-09.18.32:549][  0]LogInit: Texture streaming: Enabled
[2015.02.16-09.18.32:561][  0]LogConsoleManager:Warning: Console variable 'r.VSync' wasn't set (Priority Code < GameSetting)
[2015.02.16-09.18.32:561][  0]LogNet: Browse: /Game/Maps/Title?Name=Player
[2015.02.16-09.18.32:562][  0]LogLoad: LoadMap: /Game/Maps/Title?Name=Player
[2015.02.16-09.18.32:581][  0]LogMemory: Platform Memory Stats for WindowsNoEditor
[2015.02.16-09.18.32:581][  0]LogMemory: Process Physical Memory: 98.99 MB used, 100.86 MB peak
[2015.02.16-09.18.32:581][  0]LogMemory: Process Virtual Memory: 73.92 MB used, 78.98 MB peak
[2015.02.16-09.18.32:581][  0]LogMemory: Physical Memory: 4994.52 MB used, 16267.18 MB total
[2015.02.16-09.18.32:581][  0]LogMemory: Virtual Memory: 388.14 MB used, 134217728.00 MB total
[2015.02.16-09.18.32:581][  0]LogMemory: 
[2015.02.16-09.18.32:582][  0]LogMemory: Allocator Stats for binned:
[2015.02.16-09.18.32:582][  0]LogMemory: Current Memory 33.10 MB used, plus 3.16 MB waste
[2015.02.16-09.18.32:582][  0]LogMemory: Peak Memory 43.59 MB used, plus 2.74 MB waste
[2015.02.16-09.18.32:582][  0]LogMemory: Current OS Memory 36.26 MB, peak 46.33 MB
[2015.02.16-09.18.32:582][  0]LogMemory: Current Waste 0.53 MB, peak 0.93 MB
[2015.02.16-09.18.32:582][  0]LogMemory: Current Used 33.10 MB, peak 43.59 MB
[2015.02.16-09.18.32:582][  0]LogMemory: Current Slack 2.63 MB
[2015.02.16-09.18.32:582][  0]LogMemory: Allocs       103632 Current /  1024311 Total
[2015.02.16-09.18.32:582][  0]LogMemory: 
[2015.02.16-09.18.32:582][  0]LogMemory: Block Size Num Pools Max Pools Cur Allocs Total Allocs Min Req Max Req Mem Used Mem Slack Mem Waste Efficiency
[2015.02.16-09.18.32:582][  0]LogMemory: ---------- --------- --------- ---------- ------------ ------- ------- -------- --------- --------- ----------
[2015.02.16-09.18.32:582][  0]LogMemory:          8         0         0          0            0       8       0       0K        0K        0K    100.00%
[2015.02.16-09.18.32:582][  0]LogMemory:         16         5         5      18367        92114      16      16     286K       34K        0K    100.00%
[2015.02.16-09.18.32:582][  0]LogMemory:         32        12        12      21574        76652      32      32     674K       94K        0K    100.00%
[2015.02.16-09.18.32:582][  0]LogMemory:         48         7         7       8502        41399      48      48     398K       50K        0K    100.00%
[2015.02.16-09.18.32:582][  0]LogMemory:         64        12        12      12041        49307      64      64     752K       16K        0K    100.00%
[2015.02.16-09.18.32:582][  0]LogMemory:         80         4         4       2737        36472      80      80     213K       43K        0K    100.00%
[2015.02.16-09.18.32:582][  0]LogMemory:         96         5         5       2630        33417      96      96     246K       74K        0K    100.00%
[2015.02.16-09.18.32:582][  0]LogMemory:        112         3         3       1103        23086     112     112     120K       72K        0K    100.00%
[2015.02.16-09.18.32:582][  0]LogMemory:        128        29        29      14653        43344     128     128    1831K       25K        0K    100.00%
[2015.02.16-09.18.32:582][  0]LogMemory:        160         8        11       2637        97679     144     160     412K      100K       17K     96.68%
[2015.02.16-09.18.32:582][  0]LogMemory:        192        13        13       4335       172808     176     192     812K       20K       28K     96.63%
[2015.02.16-09.18.32:582][  0]LogMemory:        224         4         4        878       160409     208     224     192K       64K        7K     97.27%
[2015.02.16-09.18.32:582][  0]LogMemory:        256         5         5       1109        74745     240     256     277K       43K       10K     96.88%
[2015.02.16-09.18.32:582][  0]LogMemory:        288        19        31       4308        49965     272     288    1211K        3K       47K     96.13%
[2015.02.16-09.18.32:582][  0]LogMemory:        320         4         4        675        21322     304     320     210K       45K        6K     97.66%
[2015.02.16-09.18.32:582][  0]LogMemory:        384        10        10       1682        13389     336     384     630K        8K       60K     90.63%
[2015.02.16-09.18.32:582][  0]LogMemory:        448        11        11       1586         5544     400     448     693K       10K       42K     94.03%
[2015.02.16-09.18.32:582][  0]LogMemory:        512         9         9       1052         6385     464     512     526K       50K       30K     94.79%
[2015.02.16-09.18.32:582][  0]LogMemory:        576         3         3        254         1296     528     576     142K       49K        9K     95.31%
[2015.02.16-09.18.32:583][  0]LogMemory:        640         7         8        488          959     592     640     305K      142K        7K     98.44%
[2015.02.16-09.18.32:583][  0]LogMemory:        704        10        13        730         1619     656     704     501K      139K       13K     97.97%
[2015.02.16-09.18.32:583][  0]LogMemory:        768         6         6        326         3105     720     768     244K      139K        6K     98.44%
[2015.02.16-09.18.32:583][  0]LogMemory:        896         3         3        185          602     784     896     161K       31K        8K     95.83%
[2015.02.16-09.18.32:583][  0]LogMemory:       1024         2         3        102          446     912    1024     102K       26K        2K     98.44%
[2015.02.16-09.18.32:583][  0]LogMemory:       1168         2         2         96          398    1040    1168     109K       19K        6K     95.31%
[2015.02.16-09.18.32:583][  0]LogMemory:       1360         6         6        230         3579    1184    1360     305K       78K       19K     95.05%
[2015.02.16-09.18.32:583][  0]LogMemory:       1632         7         7        244          592    1376    1632     388K       59K       25K     94.42%
[2015.02.16-09.18.32:583][  0]LogMemory:       2048         8         8        144          782    1648    2048     288K      224K       29K     94.34%
[2015.02.16-09.18.32:583][  0]LogMemory:       2336         4         4         97         3556    2064    2336     221K       35K       24K     90.63%
[2015.02.16-09.18.32:583][  0]LogMemory:       2720         5         5         90          492    2352    2720     239K       80K       11K     96.56%
[2015.02.16-09.18.32:583][  0]LogMemory:       3264        10        10        143         2936    2736    3264     455K      183K       25K     96.09%
[2015.02.16-09.18.32:583][  0]LogMemory:       4096        11        12        136          609    3280    4096     544K      160K       42K     94.03%
[2015.02.16-09.18.32:583][  0]LogMemory:       4672         7         8         65         1725    4112    4672     296K      152K        8K     98.21%
[2015.02.16-09.18.32:583][  0]LogMemory:       5456         9        13         91          371    4688    5456     484K       92K       40K     93.06%
[2015.02.16-09.18.32:583][  0]LogMemory:       6544        12        14        101          310    5472    6544     645K      122K       56K     92.71%
[2015.02.16-09.18.32:583][  0]LogMemory:       8192         6         7         42         1634    6560    8192     336K       48K       44K     88.54%
[2015.02.16-09.18.32:583][  0]LogMemory:       9360         5         5         30           92    8208    9360     274K       46K       14K     95.63%
[2015.02.16-09.18.32:583][  0]LogMemory:      10912         4         4         20          122    9408   10848     213K       43K       22K     91.41%
[2015.02.16-09.18.32:583][  0]LogMemory:      13104         3         3         13           45   10976   13056     166K       26K       10K     94.79%
[2015.02.16-09.18.32:583][  0]LogMemory:      16384         5         8         20           99   13120   16384     320K        0K       21K     93.44%
[2015.02.16-09.18.32:583][  0]LogMemory:      21840        10        11         28           87   16400   21456     597K       43K      109K     82.97%
[2015.02.16-09.18.32:583][  0]LogMemory:      32768         4         6          7           63   21904   32640     224K       32K       48K     81.25%
[2015.02.16-09.18.32:583][  0]LogMemory: 
[2015.02.16-09.18.32:583][  0]LogMemory: 19776K allocated in pools (with 2719K slack and 845K waste). Efficiency 95.73%
[2015.02.16-09.18.32:583][  0]LogMemory: Allocations 103552 Current / 1023557 Total (in 309 pools)
[2015.02.16-09.18.32:583][  0]LogMemory: 
[2015.02.16-09.18.32:680][  0]LogWorld: Game class is '2DSideScrollerGameMode_C'
[2015.02.16-09.18.32:683][  0]LogAIModule: Creating AISystem for world Title
[2015.02.16-09.18.32:686][  0]LogWorld: Bringing World /Game/Maps/Title.Title up for play (max tick rate 0) at 2015.02.16-04.18.32
[2015.02.16-09.18.32:694][  0]LogWorld: Bringing up level for play took: 0.011750
[2015.02.16-09.18.32:695][  0]LogGameMode: Warning - PATHS NOT DEFINED or NO PLAYERSTART with positive rating
[2015.02.16-09.18.32:698][  0]LogInit:Display: Game Engine Initialized.
[2015.02.16-09.18.32:899][  0]LogLoad: Full Startup: 4.83 seconds (BP compile: 0.00 seconds)
[2015.02.16-09.18.32:978][  2]LogRenderer:Warning: Reallocating scene render targets to support 1600x904.
[2015.02.16-09.18.42:729][816]Command not recognized: '
[2015.02.16-09.18.47:853][264]LogPackageName: SearchForPackageOnDisk took   0.029s to resolve Map1.umap
[2015.02.16-09.18.47:884][265]LogPackageName: SearchForPackageOnDisk took   0.029s to resolve Map1.umap
[2015.02.16-09.18.47:884][265]LogNet: Browse: /Game/Maps/Map1
[2015.02.16-09.18.47:884][265]LogLoad: LoadMap: /Game/Maps/Map1
[2015.02.16-09.18.47:890][265]LogParticles: Destroying 0 GPU particle simulations for FXSystem 0x000000EA132E4EC0
[2015.02.16-09.18.47:894][265]LogMemory: Platform Memory Stats for WindowsNoEditor
[2015.02.16-09.18.47:894][265]LogMemory: Process Physical Memory: 135.95 MB used, 166.66 MB peak
[2015.02.16-09.18.47:894][265]LogMemory: Process Virtual Memory: 100.69 MB used, 148.52 MB peak
[2015.02.16-09.18.47:894][265]LogMemory: Physical Memory: 5032.57 MB used, 16267.18 MB total
[2015.02.16-09.18.47:894][265]LogMemory: Virtual Memory: 421.96 MB used, 134217728.00 MB total
[2015.02.16-09.18.47:894][265]LogMemory: 
[2015.02.16-09.18.47:894][265]LogMemory: Allocator Stats for binned:
[2015.02.16-09.18.47:894][265]LogMemory: Current Memory 36.83 MB used, plus 7.70 MB waste
[2015.02.16-09.18.47:894][265]LogMemory: Peak Memory 52.58 MB used, plus 2.92 MB waste
[2015.02.16-09.18.47:894][265]LogMemory: Current OS Memory 44.53 MB, peak 55.50 MB
[2015.02.16-09.18.47:894][265]LogMemory: Current Waste 0.71 MB, peak 0.93 MB
[2015.02.16-09.18.47:894][265]LogMemory: Current Used 36.83 MB, peak 52.58 MB
[2015.02.16-09.18.47:894][265]LogMemory: Current Slack 6.99 MB
[2015.02.16-09.18.47:894][265]LogMemory: Allocs       134647 Current /  2581250 Total
[2015.02.16-09.18.47:894][265]LogMemory: 
[2015.02.16-09.18.47:894][265]LogMemory: Block Size Num Pools Max Pools Cur Allocs Total Allocs Min Req Max Req Mem Used Mem Slack Mem Waste Efficiency
[2015.02.16-09.18.47:894][265]LogMemory: ---------- --------- --------- ---------- ------------ ------- ------- -------- --------- --------- ----------
[2015.02.16-09.18.47:894][265]LogMemory:          8         0         0          0            0       8       0       0K        0K        0K    100.00%
[2015.02.16-09.18.47:894][265]LogMemory:         16         8         8      28090       358188      16      16     438K       74K        0K    100.00%
[2015.02.16-09.18.47:894][265]LogMemory:         32        16        16      30955       309763      32      32     967K       57K        0K    100.00%
[2015.02.16-09.18.47:894][265]LogMemory:         48        15        15      19004       151618      48      48     890K       70K        0K    100.00%
[2015.02.16-09.18.47:894][265]LogMemory:         64        13        13      12492       304277      64      64     780K       52K        0K    100.00%
[2015.02.16-09.18.47:894][265]LogMemory:         80         5         5       2928        83739      80      80     228K       92K        0K    100.00%
[2015.02.16-09.18.47:894][265]LogMemory:         96         5         5       3007        64449      96      96     281K       39K        0K    100.00%
[2015.02.16-09.18.47:894][265]LogMemory:        112         3         3       1245       201157     112     112     136K       56K        0K    100.00%
[2015.02.16-09.18.47:894][265]LogMemory:        128        30        30      14710        64249     128     128    1838K       82K        0K    100.00%
[2015.02.16-09.18.47:895][265]LogMemory:        160         8        11       2821       121297     144     160     440K       72K       19K     96.29%
[2015.02.16-09.18.47:895][265]LogMemory:        192        15        15       4625       197992     176     192     867K       93K       32K     96.67%
[2015.02.16-09.18.47:895][265]LogMemory:        224         4         4        892       190427     208     224     195K       61K        7K     97.27%
[2015.02.16-09.18.47:895][265]LogMemory:        256         6         6       1282        80551     240     256     320K       64K       11K     97.14%
[2015.02.16-09.18.47:895][265]LogMemory:        288        22        31       4317       138814     272     288    1214K      191K       22K     98.44%
[2015.02.16-09.18.47:895][265]LogMemory:        320         4         4        681        72889     304     320     212K       43K        2K     99.22%
[2015.02.16-09.18.47:895][265]LogMemory:        384        12        12       1736        56589     336     384     651K      114K       56K     92.71%
[2015.02.16-09.18.47:895][265]LogMemory:        448        12        12       1589        16156     400     448     695K       72K       23K     97.01%
[2015.02.16-09.18.47:895][265]LogMemory:        512        10        10       1051        13507     464     512     525K      115K       25K     96.09%
[2015.02.16-09.18.47:895][265]LogMemory:        576         4         4        256         3659     528     576     144K      111K       10K     96.09%
[2015.02.16-09.18.47:895][265]LogMemory:        640         8         8        505         3990     592     640     315K      195K        9K     98.24%
[2015.02.16-09.18.47:895][265]LogMemory:        704        11        13        735         6730     656     704     505K      199K        6K     99.15%
[2015.02.16-09.18.47:895][265]LogMemory:        768         6         6        335        22439     720     768     251K      132K       13K     96.61%
[2015.02.16-09.18.47:895][265]LogMemory:        896         4         4        197         7615     784     896     172K       84K       15K     94.14%
[2015.02.16-09.18.47:895][265]LogMemory:       1024         3         4        103        39144     912    1024     103K       89K        0K    100.00%
[2015.02.16-09.18.47:895][265]LogMemory:       1168         3         4        115         7142    1040    1168     131K       61K        5K     97.40%
[2015.02.16-09.18.47:895][265]LogMemory:       1360         8        10        246        11573    1184    1360     326K      184K       15K     97.07%
[2015.02.16-09.18.47:895][265]LogMemory:       1632         8         9        254         4650    1376    1632     404K      106K       31K     93.95%
[2015.02.16-09.18.47:895][265]LogMemory:       2048         9         9        160         3869    1648    2048     320K      256K       25K     95.66%
[2015.02.16-09.18.47:895][265]LogMemory:       2336         4         4         98         3736    2064    2336     223K       33K       24K     90.63%
[2015.02.16-09.18.47:895][265]LogMemory:       2720         5         5         91         3108    2352    2720     241K       78K       15K     95.31%
[2015.02.16-09.18.47:895][265]LogMemory:       3264        10        10        157         4641    2736    3264     500K      138K       39K     93.91%
[2015.02.16-09.18.47:895][265]LogMemory:       4096        11        12        138         1648    3280    4096     552K      152K       51K     92.76%
[2015.02.16-09.18.47:895][265]LogMemory:       4672         7         8         77         1815    4112    4672     351K       97K       10K     97.77%
[2015.02.16-09.18.47:895][265]LogMemory:       5456        12        13        114          442    4688    5456     607K      161K       48K     93.75%
[2015.02.16-09.18.47:895][265]LogMemory:       6544        13        14        120         3066    5472    6544     766K       65K       76K     90.87%
[2015.02.16-09.18.47:895][265]LogMemory:       8192         7         9         45         3243    6560    8192     360K       88K       48K     89.29%
[2015.02.16-09.18.47:895][265]LogMemory:       9360         6         6         31         1156    8208    9360     283K      101K       15K     96.09%
[2015.02.16-09.18.47:895][265]LogMemory:      10912         4         5         18         7775    9376   10848     191K       65K       19K     92.58%
[2015.02.16-09.18.47:895][265]LogMemory:      13104         4         4         15         1464   10976   13056     191K       65K       24K     90.63%
[2015.02.16-09.18.47:895][265]LogMemory:      16384         5        10         20          134   13120   16384     320K        0K       20K     93.75%
[2015.02.16-09.18.47:895][265]LogMemory:      21840        15        18         39         1423   16400   21776     831K      129K      190K     80.21%
[2015.02.16-09.18.47:895][265]LogMemory:      32768         6         8         10           90   21856   32640     320K       64K       67K     82.55%
[2015.02.16-09.18.47:895][265]LogMemory: 
[2015.02.16-09.18.47:895][265]LogMemory: 23104K allocated in pools (with 4000K slack and 972K waste). Efficiency 95.79%
[2015.02.16-09.18.47:895][265]LogMemory: Allocations 135305 Current / 2570215 Total (in 361 pools)
[2015.02.16-09.18.47:895][265]LogMemory: 
[2015.02.16-09.18.47:991][265]LogWorld: Game class is '2DSideScrollerGameMode_C'
[2015.02.16-09.18.47:993][265]LogAIModule: Creating AISystem for world Map1
[2015.02.16-09.18.47:994][265]LogWorld: Bringing World /Game/Maps/Map1.Map1 up for play (max tick rate 0) at 2015.02.16-04.18.47
[2015.02.16-09.18.47:996][265]LogWorld: Bringing up level for play took: 0.003494
[2015.02.16-09.19.44:749][715]LogPackageName: SearchForPackageOnDisk took   0.029s to resolve Map2.umap
[2015.02.16-09.19.44:779][716]LogPackageName: SearchForPackageOnDisk took   0.029s to resolve Map2.umap
[2015.02.16-09.19.44:779][716]LogNet: Browse: /Game/Maps/Map2
[2015.02.16-09.19.44:779][716]LogLoad: LoadMap: /Game/Maps/Map2
[2015.02.16-09.19.44:784][716]LogParticles: Destroying 0 GPU particle simulations for FXSystem 0x000000EA1900C9E0
[2015.02.16-09.19.44:788][716]LogMemory: Platform Memory Stats for WindowsNoEditor
[2015.02.16-09.19.44:788][716]LogMemory: Process Physical Memory: 142.34 MB used, 166.66 MB peak
[2015.02.16-09.19.44:788][716]LogMemory: Process Virtual Memory: 104.04 MB used, 148.52 MB peak
[2015.02.16-09.19.44:788][716]LogMemory: Physical Memory: 4990.61 MB used, 16267.18 MB total
[2015.02.16-09.19.44:788][716]LogMemory: Virtual Memory: 420.01 MB used, 134217728.00 MB total
[2015.02.16-09.19.44:788][716]LogMemory: 
[2015.02.16-09.19.44:789][716]LogMemory: Allocator Stats for binned:
[2015.02.16-09.19.44:789][716]LogMemory: Current Memory 23.60 MB used, plus 19.13 MB waste
[2015.02.16-09.19.44:789][716]LogMemory: Peak Memory 53.81 MB used, plus 6.12 MB waste
[2015.02.16-09.19.44:789][716]LogMemory: Current OS Memory 42.73 MB, peak 59.93 MB
[2015.02.16-09.19.44:789][716]LogMemory: Current Waste 0.79 MB, peak 1.02 MB
[2015.02.16-09.19.44:789][716]LogMemory: Current Used 23.60 MB, peak 53.81 MB
[2015.02.16-09.19.44:789][716]LogMemory: Current Slack 18.34 MB
[2015.02.16-09.19.44:789][716]LogMemory: Allocs       134075 Current /  7062186 Total
[2015.02.16-09.19.44:789][716]LogMemory: 
[2015.02.16-09.19.44:789][716]LogMemory: Block Size Num Pools Max Pools Cur Allocs Total Allocs Min Req Max Req Mem Used Mem Slack Mem Waste Efficiency
[2015.02.16-09.19.44:789][716]LogMemory: ---------- --------- --------- ---------- ------------ ------- ------- -------- --------- --------- ----------
[2015.02.16-09.19.44:789][716]LogMemory:          8         0         0          0            0       8       0       0K        0K        0K    100.00%
[2015.02.16-09.19.44:789][716]LogMemory:         16         8         8      28105      1302124      16      16     439K       73K        0K    100.00%
[2015.02.16-09.19.44:789][716]LogMemory:         32        16        16      30985      1158267      32      32     968K       56K        0K    100.00%
[2015.02.16-09.19.44:789][716]LogMemory:         48        15        15      19182       395626      48      48     899K       61K        0K    100.00%
[2015.02.16-09.19.44:789][716]LogMemory:         64        13        13      12487      1045641      64      64     780K       52K        0K    100.00%
[2015.02.16-09.19.44:789][716]LogMemory:         80         5         5       2933       256616      80      80     229K       91K        0K    100.00%
[2015.02.16-09.19.44:789][716]LogMemory:         96         5         5       3005       141092      96      96     281K       39K        0K    100.00%
[2015.02.16-09.19.44:789][716]LogMemory:        112         3         3       1250       579407     112     112     136K       56K        0K    100.00%
[2015.02.16-09.19.44:789][716]LogMemory:        128        30        30      14710       103726     128     128    1838K       82K        0K    100.00%
[2015.02.16-09.19.44:789][716]LogMemory:        160         9        11       2820       175561     144     160     440K      136K       22K     96.18%
[2015.02.16-09.19.44:789][716]LogMemory:        192        15        15       4610       250264     176     192     864K       96K       35K     96.35%
[2015.02.16-09.19.44:789][716]LogMemory:        224         4         4        891       220627     208     224     194K       62K        6K     97.66%
[2015.02.16-09.19.44:789][716]LogMemory:        256         6         6       1268        84568     240     256     317K       67K       11K     97.14%
[2015.02.16-09.19.44:789][716]LogMemory:        288        21        31       4319       465521     272     288    1214K      127K        9K     99.33%
[2015.02.16-09.19.44:789][716]LogMemory:        320         4         4        680       168182     304     320     212K       43K        1K     99.61%
[2015.02.16-09.19.44:789][716]LogMemory:        384        12        12       1738       163134     336     384     651K      114K       53K     93.10%
[2015.02.16-09.19.44:789][716]LogMemory:        448        12        12       1589        49829     400     448     695K       72K       17K     97.79%
[2015.02.16-09.19.44:789][716]LogMemory:        512        10        10       1050        37008     464     512     525K      115K       19K     97.03%
[2015.02.16-09.19.44:789][716]LogMemory:        576         4         4        256        10123     528     576     144K      111K       11K     95.70%
[2015.02.16-09.19.44:789][716]LogMemory:        640         8         8        505        16493     592     640     315K      195K       10K     98.05%
[2015.02.16-09.19.44:789][716]LogMemory:        704        11        13        735        12495     656     704     505K      199K        8K     98.86%
[2015.02.16-09.19.44:789][716]LogMemory:        768         6         6        338        37373     720     768     253K      130K       12K     96.88%
[2015.02.16-09.19.44:789][716]LogMemory:        896         4         4        195        35153     784     896     170K       86K       16K     93.75%
[2015.02.16-09.19.44:789][716]LogMemory:       1024         3         4        102       100727     912    1024     102K       90K        0K    100.00%
[2015.02.16-09.19.44:789][716]LogMemory:       1168         3         4        115        14747    1040    1168     131K       61K        8K     95.83%
[2015.02.16-09.19.44:789][716]LogMemory:       1360         8        10        244        28007    1184    1360     324K      186K       16K     96.88%
[2015.02.16-09.19.44:789][716]LogMemory:       1632         8         9        260        26471    1376    1632     414K       96K       32K     93.75%
[2015.02.16-09.19.44:789][716]LogMemory:       2048         9         9        160         9655    1648    2048     320K      256K       37K     93.58%
[2015.02.16-09.19.44:789][716]LogMemory:       2336         4         4         99         3835    2064    2336     225K       31K       24K     90.63%
[2015.02.16-09.19.44:789][716]LogMemory:       2720         5         5         92        14070    2352    2720     244K       75K       16K     95.00%
[2015.02.16-09.19.44:789][716]LogMemory:       3264        10        10        157        10134    2736    3264     500K      138K       56K     91.25%
[2015.02.16-09.19.44:789][716]LogMemory:       4096        11        12        136         7216    3280    4096     544K      160K       81K     88.49%
[2015.02.16-09.19.44:789][716]LogMemory:       4672         8         9         79         7060    4112    4672     360K      151K       20K     96.09%
[2015.02.16-09.19.44:789][716]LogMemory:       5456        12        14        113          789    4688    5456     602K      166K       56K     92.71%
[2015.02.16-09.19.44:789][716]LogMemory:       6544        15        16        119        14097    5472    6544     760K      199K       77K     91.98%
[2015.02.16-09.19.44:789][716]LogMemory:       8192         8         9         47         8738    6560    8192     376K      136K       56K     89.06%
[2015.02.16-09.19.44:789][716]LogMemory:       9360         6         6         32         1199    8208    9360     292K       92K       16K     95.83%
[2015.02.16-09.19.44:789][716]LogMemory:      10912         4         5         18        40514    9376   10848     191K       65K       19K     92.58%
[2015.02.16-09.19.44:789][716]LogMemory:      13104         4         4         17         6924   10976   13056     217K       39K       29K     88.67%
[2015.02.16-09.19.44:789][716]LogMemory:      16384         5        10         20          196   13120   16384     320K        0K       23K     92.81%
[2015.02.16-09.19.44:789][716]LogMemory:      21840        17        20         37         1519   16400   21776     789K      299K      173K     84.10%
[2015.02.16-09.19.44:789][716]LogMemory:      32768         6         9         10          144   21856   32640     320K       64K       63K     83.59%
[2015.02.16-09.19.44:789][716]LogMemory: 
[2015.02.16-09.19.44:789][716]LogMemory: 23488K allocated in pools (with 4367K slack and 1032K waste). Efficiency 95.61%
[2015.02.16-09.19.44:789][716]LogMemory: Allocations 135509 Current / 7004873 Total (in 367 pools)
[2015.02.16-09.19.44:789][716]LogMemory: 
[2015.02.16-09.19.44:879][716]LogWorld: Game class is '2DSideScrollerGameMode_C'
[2015.02.16-09.19.44:880][716]LogAIModule: Creating AISystem for world Map2
[2015.02.16-09.19.44:881][716]LogWorld: Bringing World /Game/Maps/Map2.Map2 up for play (max tick rate 0) at 2015.02.16-04.19.44
[2015.02.16-09.19.44:886][716]LogWorld: Bringing up level for play took: 0.005562
[2015.02.16-09.20.42:896][213]LogPackageName: SearchForPackageOnDisk took   0.028s to resolve Map3.umap
[2015.02.16-09.20.42:926][214]LogPackageName: SearchForPackageOnDisk took   0.028s to resolve Map3.umap
[2015.02.16-09.20.42:926][214]LogNet: Browse: /Game/Maps/Map3
[2015.02.16-09.20.42:926][214]LogLoad: LoadMap: /Game/Maps/Map3
[2015.02.16-09.20.42:932][214]LogParticles: Destroying 0 GPU particle simulations for FXSystem 0x000000EA1900D7A0
[2015.02.16-09.20.42:935][214]LogMemory: Platform Memory Stats for WindowsNoEditor
[2015.02.16-09.20.42:935][214]LogMemory: Process Physical Memory: 146.66 MB used, 166.66 MB peak
[2015.02.16-09.20.42:935][214]LogMemory: Process Virtual Memory: 109.05 MB used, 148.52 MB peak
[2015.02.16-09.20.42:935][214]LogMemory: Physical Memory: 4782.41 MB used, 16267.18 MB total
[2015.02.16-09.20.42:935][214]LogMemory: Virtual Memory: 401.43 MB used, 134217728.00 MB total
[2015.02.16-09.20.42:935][214]LogMemory: 
[2015.02.16-09.20.42:936][214]LogMemory: Allocator Stats for binned:
[2015.02.16-09.20.42:936][214]LogMemory: Current Memory 14.47 MB used, plus 27.71 MB waste
[2015.02.16-09.20.42:936][214]LogMemory: Peak Memory 53.81 MB used, plus 6.12 MB waste
[2015.02.16-09.20.42:936][214]LogMemory: Current OS Memory 42.18 MB, peak 59.93 MB
[2015.02.16-09.20.42:936][214]LogMemory: Current Waste 0.93 MB, peak 1.17 MB
[2015.02.16-09.20.42:936][214]LogMemory: Current Used 14.47 MB, peak 53.81 MB
[2015.02.16-09.20.42:936][214]LogMemory: Current Slack 26.78 MB
[2015.02.16-09.20.42:936][214]LogMemory: Allocs       133818 Current /  12234620 Total
[2015.02.16-09.20.42:936][214]LogMemory: 
[2015.02.16-09.20.42:936][214]LogMemory: Block Size Num Pools Max Pools Cur Allocs Total Allocs Min Req Max Req Mem Used Mem Slack Mem Waste Efficiency
[2015.02.16-09.20.42:936][214]LogMemory: ---------- --------- --------- ---------- ------------ ------- ------- -------- --------- --------- ----------
[2015.02.16-09.20.42:936][214]LogMemory:          8         0         0          0            0       8       0       0K        0K        0K    100.00%
[2015.02.16-09.20.42:936][214]LogMemory:         16         8         8      28111      2255107      16      16     439K       73K        0K    100.00%
[2015.02.16-09.20.42:936][214]LogMemory:         32        16        16      31000      2218842      32      32     968K       56K        0K    100.00%
[2015.02.16-09.20.42:936][214]LogMemory:         48        15        15      19191       640136      48      48     899K       61K        0K    100.00%
[2015.02.16-09.20.42:936][214]LogMemory:         64        13        13      12504      1964814      64      64     781K       51K        0K    100.00%
[2015.02.16-09.20.42:936][214]LogMemory:         80         5         5       2941       431753      80      80     229K       91K        0K    100.00%
[2015.02.16-09.20.42:936][214]LogMemory:         96         5         6       3012       221982      96      96     282K       38K        0K    100.00%
[2015.02.16-09.20.42:936][214]LogMemory:        112         3         3       1256      1165347     112     112     137K       55K        0K    100.00%
[2015.02.16-09.20.42:936][214]LogMemory:        128        30        30      14717       146672     128     128    1839K       81K        0K    100.00%
[2015.02.16-09.20.42:936][214]LogMemory:        160         9        11       2824       230464     144     160     441K      135K       23K     96.01%
[2015.02.16-09.20.42:936][214]LogMemory:        192        15        15       4628       314080     176     192     867K       93K       37K     96.15%
[2015.02.16-09.20.42:936][214]LogMemory:        224         4         4        892       266884     208     224     195K       61K        5K     98.05%
[2015.02.16-09.20.42:936][214]LogMemory:        256         6         6       1282        90891     240     256     320K       64K       11K     97.14%
[2015.02.16-09.20.42:936][214]LogMemory:        288        21        31       4320       720666     272     288    1215K      126K        8K     99.40%
[2015.02.16-09.20.42:936][214]LogMemory:        320         4         4        680       361273     304     320     212K       43K        1K     99.61%
[2015.02.16-09.20.42:936][214]LogMemory:        384        12        12       1736       239120     336     384     651K      114K       51K     93.36%
[2015.02.16-09.20.42:936][214]LogMemory:        448        12        12       1589        86123     400     448     695K       72K       16K     97.92%
[2015.02.16-09.20.42:936][214]LogMemory:        512        10        10       1051        72621     464     512     525K      115K       19K     97.03%
[2015.02.16-09.20.42:936][214]LogMemory:        576         4         4        256        21155     528     576     144K      111K        9K     96.48%
[2015.02.16-09.20.42:936][214]LogMemory:        640         8         8        505        24862     592     640     315K      195K       10K     98.05%
[2015.02.16-09.20.42:936][214]LogMemory:        704        11        13        735        21767     656     704     505K      199K        8K     98.86%
[2015.02.16-09.20.42:936][214]LogMemory:        768         6         6        338        54777     720     768     253K      130K       11K     97.14%
[2015.02.16-09.20.42:936][214]LogMemory:        896         4         4        196        64964     784     896     171K       85K       16K     93.75%
[2015.02.16-09.20.42:936][214]LogMemory:       1024         3         4        102       167348     912    1024     102K       90K        0K    100.00%
[2015.02.16-09.20.42:936][214]LogMemory:       1168         3         4        115        23376    1040    1168     131K       61K        9K     95.31%
[2015.02.16-09.20.42:936][214]LogMemory:       1360         9        10        246        51569    1184    1360     326K      248K       17K     97.05%
[2015.02.16-09.20.42:936][214]LogMemory:       1632         8         9        257        47421    1376    1632     409K      101K       32K     93.75%
[2015.02.16-09.20.42:936][214]LogMemory:       2048         9         9        160        19785    1648    2048     320K      256K       38K     93.40%
[2015.02.16-09.20.42:936][214]LogMemory:       2336         4         4         99         4669    2064    2336     225K       31K       22K     91.41%
[2015.02.16-09.20.42:936][214]LogMemory:       2720         5         5         91        25991    2352    2720     241K       78K       16K     95.00%
[2015.02.16-09.20.42:936][214]LogMemory:       3264        10        10        157        16214    2736    3264     500K      138K       61K     90.47%
[2015.02.16-09.20.42:936][214]LogMemory:       4096        11        12        136        13455    3280    4096     544K      160K       81K     88.49%
[2015.02.16-09.20.42:936][214]LogMemory:       4672         8         9         76         7636    4112    4672     346K      165K       18K     96.48%
[2015.02.16-09.20.42:936][214]LogMemory:       5456        12        14        110          874    4688    5456     586K      182K       54K     92.97%
[2015.02.16-09.20.42:936][214]LogMemory:       6544        15        16        120        29194    5472    6544     766K      193K       71K     92.60%
[2015.02.16-09.20.42:936][214]LogMemory:       8192         8         9         46        16385    6560    8192     368K      144K       56K     89.06%
[2015.02.16-09.20.42:936][214]LogMemory:       9360         6         6         32         1727    8208    9360     292K       92K       12K     96.88%
[2015.02.16-09.20.42:936][214]LogMemory:      10912         4         5         18        73640    9376   10848     191K       65K       19K     92.58%
[2015.02.16-09.20.42:936][214]LogMemory:      13104         4         5         17        12430   10976   13056     217K       39K       29K     88.67%
[2015.02.16-09.20.42:936][214]LogMemory:      16384         5        11         20          232   13120   16384     320K        0K       22K     93.13%
[2015.02.16-09.20.42:936][214]LogMemory:      21840        16        20         37         1599   16400   21776     789K      235K      169K     83.50%
[2015.02.16-09.20.42:936][214]LogMemory:      32768         6         9         10          176   21856   32640     320K       64K       62K     83.85%
[2015.02.16-09.20.42:936][214]LogMemory: 
[2015.02.16-09.20.42:936][214]LogMemory: 23488K allocated in pools (with 4391K slack and 1013K waste). Efficiency 95.69%
[2015.02.16-09.20.42:936][214]LogMemory: Allocations 135614 Current / 12128022 Total (in 367 pools)
[2015.02.16-09.20.42:936][214]LogMemory: 
[2015.02.16-09.20.43:044][214]LogWorld: Game class is '2DSideScrollerGameMode_C'
[2015.02.16-09.20.43:046][214]LogAIModule: Creating AISystem for world Map3
[2015.02.16-09.20.43:048][214]LogWorld: Bringing World /Game/Maps/Map3.Map3 up for play (max tick rate 0) at 2015.02.16-04.20.43
[2015.02.16-09.20.43:079][214]LogWorld: Bringing up level for play took: 0.032933
[2015.02.16-09.21.01:638][886]LogEngine: All Windows Closed
[2015.02.16-09.21.01:638][886]LogWindows: FPlatformMisc::RequestExit(0)
[2015.02.16-09.21.01:789][887]LogExit: Preparing to exit.
[2015.02.16-09.21.01:859][887]LogExit: Game engine shut down
[2015.02.16-09.21.01:859][887]LogParticles: Destroying 0 GPU particle simulations for FXSystem 0x000000EA1900EE20
[2015.02.16-09.21.01:864][887]LogExit: Object subsystem successfully closed.
[2015.02.16-09.21.01:872][887]LogModuleManager: Shutting down and abandoning module AutomationWorker (47)
[2015.02.16-09.21.01:872][887]LogModuleManager: Shutting down and abandoning module CharacterAI (46)
[2015.02.16-09.21.01:872][887]LogModuleManager: Shutting down and abandoning module AIModule (45)
[2015.02.16-09.21.01:872][887]LogModuleManager: Shutting down and abandoning module GameLiveStreaming (44)
[2015.02.16-09.21.01:872][887]LogModuleManager: Shutting down and abandoning module StreamingPauseRendering (43)
[2015.02.16-09.21.01:872][887]LogModuleManager: Shutting down and abandoning module HTTP (42)
[2015.02.16-09.21.01:872][887]LogModuleManager: Shutting down and abandoning module AnalyticsET (41)
[2015.02.16-09.21.01:872][887]LogModuleManager: Shutting down and abandoning module Analytics (40)
[2015.02.16-09.21.01:872][887]LogModuleManager: Shutting down and abandoning module ProfilerService (39)
[2015.02.16-09.21.02:089][887]LogModuleManager: Shutting down and abandoning module TaskGraph (38)
[2015.02.16-09.21.02:089][887]LogModuleManager: Shutting down and abandoning module SlateRemote (37)
[2015.02.16-09.21.02:089][887]LogModuleManager: Shutting down and abandoning module CustomMeshComponent (36)
[2015.02.16-09.21.02:089][887]LogModuleManager: Shutting down and abandoning module CableComponent (35)
[2015.02.16-09.21.02:089][887]LogModuleManager: Shutting down and abandoning module ScriptPlugin (34)
[2015.02.16-09.21.02:089][887]LogModuleManager: Shutting down and abandoning module UdpMessaging (33)
[2015.02.16-09.21.02:089][887]LogModuleManager: Shutting down and abandoning module Paper2D (32)
[2015.02.16-09.21.02:089][887]LogModuleManager: Shutting down and abandoning module UE4Game (31)
[2015.02.16-09.21.02:089][887]LogModuleManager: Shutting down and abandoning module WindowsMoviePlayer (30)
[2015.02.16-09.21.02:089][887]LogModuleManager: Shutting down and abandoning module Media (29)
[2015.02.16-09.21.02:089][887]LogModuleManager: Shutting down and abandoning module WmfMedia (28)
[2015.02.16-09.21.02:090][887]LogModuleManager: Shutting down and abandoning module UMG (27)
[2015.02.16-09.21.02:090][887]LogModuleManager: Shutting down and abandoning module Slate (26)
[2015.02.16-09.21.02:090][887]LogModuleManager: Shutting down and abandoning module SessionServices (25)
[2015.02.16-09.21.02:090][887]LogModuleManager: Shutting down and abandoning module Messaging (24)
[2015.02.16-09.21.02:090][887]LogModuleManager: Shutting down and abandoning module HeadMountedDisplay (23)
[2015.02.16-09.21.02:090][887]LogModuleManager: Shutting down and abandoning module XAudio2 (22)
[2015.02.16-09.21.02:090][887]LogModuleManager: Shutting down and abandoning module Networking (20)
[2015.02.16-09.21.02:090][887]LogModuleManager: Shutting down and abandoning module Core (19)
[2015.02.16-09.21.02:090][887]LogModuleManager: Shutting down and abandoning module InputCore (18)
[2015.02.16-09.21.02:090][887]LogModuleManager: Shutting down and abandoning module ImageWrapper (17)
[2015.02.16-09.21.02:090][887]LogModuleManager: Shutting down and abandoning module OculusRift (14)
[2015.02.16-09.21.02:090][887]LogModuleManager: Shutting down and abandoning module ExampleDeviceProfileSelector (13)
[2015.02.16-09.21.02:090][887]LogModuleManager: Shutting down and abandoning module ShaderCore (12)
[2015.02.16-09.21.02:090][887]LogModuleManager: Shutting down and abandoning module Landscape (11)
[2015.02.16-09.21.02:090][887]LogModuleManager: Shutting down and abandoning module SlateRHIRenderer (10)
[2015.02.16-09.21.02:090][887]LogModuleManager: Shutting down and abandoning module OpenGLDrv (9)
[2015.02.16-09.21.02:090][887]LogModuleManager: Shutting down and abandoning module D3D11RHI (8)
[2015.02.16-09.21.02:090][887]LogModuleManager: Shutting down and abandoning module Renderer (7)
[2015.02.16-09.21.02:090][887]LogModuleManager: Shutting down and abandoning module Engine (6)
[2015.02.16-09.21.02:090][887]LogModuleManager: Shutting down and abandoning module CoreUObject (5)
[2015.02.16-09.21.02:090][887]LogModuleManager: Shutting down and abandoning module NetworkFile (4)
[2015.02.16-09.21.02:090][887]LogModuleManager: Shutting down and abandoning module StreamingFile (3)
[2015.02.16-09.21.02:090][887]LogModuleManager: Shutting down and abandoning module SandboxFile (2)
[2015.02.16-09.21.02:090][887]LogModuleManager: Shutting down and abandoning module PakFile (1)
[2015.02.16-09.21.02:091][887]LogExit: Exiting.
[2015.02.16-09.21.02:091][887]Log file closed, 02/16/15 04:21:02
