Log file open, 02/15/15 02:36:09
LogInit:Display: Running engine for game: WeGuys
LogInit: Version: 4.6.1-2386410+++depot+UE4-Releases+4.6
LogInit: API Version: 2369412
LogInit: Compiled (64-bit): Dec 11 2014 21:31:39
LogInit: Compiled with Visual C++: 18.00.21005.01
LogInit: Build Configuration: Development
LogInit: Branch Name: ++depot+UE4-Releases+4.6
LogInit: Command line:  
LogInit: Base directory: C:/Program Files/UE45/Epic Games/4.6/Engine/Binaries/Win64/
LogInit: Rocket: 1
[2015.02.15-07.36.09:643][  0]LogTaskGraph: Started task graph with 3 named threads and 6 total threads.
[2015.02.15-07.36.09:703][  0]LogOnline:Warning: No default platform service specified for OnlineSubsystem
[2015.02.15-07.36.09:760][  0]LogInit: Presizing for 0 objects not considered by GC, pre-allocating 0 bytes.
[2015.02.15-07.36.09:767][  0]LogInit: Object subsystem initialized
[2015.02.15-07.36.09:769][  0]LogConsoleResponse:Warning: Skipping Unknown console variable: 'UIScaleRule = ShortestSide'
[2015.02.15-07.36.09:769][  0]LogConsoleResponse:Warning:   Found in ini file 'C:/Users/Owner/Documents/Unreal Projects/WeGuys/Saved/Config/Windows/Engine.ini', in section '[/Script/Engine.RendererSettings]'
[2015.02.15-07.36.09:769][  0]LogConsoleResponse:Warning: Skipping Unknown console variable: 'UIScaleCurve = (EditorCurveData=(Keys=),ExternalCurve=None)'
[2015.02.15-07.36.09:769][  0]LogConsoleResponse:Warning:   Found in ini file 'C:/Users/Owner/Documents/Unreal Projects/WeGuys/Saved/Config/Windows/Engine.ini', in section '[/Script/Engine.RendererSettings]'
[2015.02.15-07.36.09:769][  0]LogConsoleManager:Warning: Console variable 'r.MSAA.CompositingSampleCount' wasn't set (Priority ProjectSetting < Scalability)
[2015.02.15-07.36.09:769][  0]LogInit: Selected Device Profile: [Windows]
[2015.02.15-07.36.09:769][  0]LogInit: Applying CVar settings loaded from the selected device profile: [Windows]
[2015.02.15-07.36.09:777][  0]LogInit: Computer: ASUS
[2015.02.15-07.36.09:777][  0]LogInit: User: Owner
[2015.02.15-07.36.09:777][  0]LogInit: CPU Page size=4096, Cores=4
[2015.02.15-07.36.09:777][  0]LogInit: High frequency timer resolution =2.338346 MHz
[2015.02.15-07.36.09:778][  0]LogMemory: Memory total: Physical=15.9GB (16GB approx) Virtual=131072.0GB
[2015.02.15-07.36.09:778][  0]LogMemory: Platform Memory Stats for Windows
[2015.02.15-07.36.09:778][  0]LogMemory: Process Physical Memory: 48.29 MB used, 48.29 MB peak
[2015.02.15-07.36.09:778][  0]LogMemory: Process Virtual Memory: 25.05 MB used, 25.06 MB peak
[2015.02.15-07.36.09:778][  0]LogMemory: Physical Memory: 4187.04 MB used, 16267.18 MB total
[2015.02.15-07.36.09:778][  0]LogMemory: Virtual Memory: 270.98 MB used, 134217728.00 MB total
[2015.02.15-07.36.09:922][  0]LogD3D11RHI: Found D3D11 adapter 0: Intel(R) HD Graphics 4600 (Feature Level 11_0)
[2015.02.15-07.36.09:922][  0]LogD3D11RHI: Adapter has 32MB of dedicated video memory, 0MB of dedicated system memory, and 1760MB of shared system memory, 1 output[s]
[2015.02.15-07.36.09:934][  0]LogD3D11RHI: Found D3D11 adapter 1: NVIDIA GeForce GT 750M (Feature Level 11_0)
[2015.02.15-07.36.09:934][  0]LogD3D11RHI: Adapter has 1988MB of dedicated video memory, 0MB of dedicated system memory, and 2048MB of shared system memory, 0 output[s]
[2015.02.15-07.36.09:935][  0]LogD3D11RHI: Found D3D11 adapter 2: Microsoft Basic Render Driver (Feature Level 11_0)
[2015.02.15-07.36.09:935][  0]LogD3D11RHI: Adapter has 0MB of dedicated video memory, 0MB of dedicated system memory, and 256MB of shared system memory, 0 output[s]
[2015.02.15-07.36.09:935][  0]LogD3D11RHI: Chosen D3D11 Adapter Id = 0
[2015.02.15-07.36.09:940][  0]LogRHI: Texture pool is 1361 MB (70% of 1945 MB)
[2015.02.15-07.36.09:952][  0]LogD3D11RHI: Async texture creation enabled
[2015.02.15-07.36.10:112][  0]LogTextLocalizationManager: The requested culture ('en_US') has no localization data; parent culture's ('en') localization data will be used.
[2015.02.15-07.36.10:234][  0]LogContentStreaming: Texture pool size is 0.000000MB
[2015.02.15-07.36.15:639][  0]LogTargetPlatformManager:Display: Building Assets For Windows
[2015.02.15-07.36.16:261][  0]LogTargetPlatformManager:Display: Building Assets For Windows
[2015.02.15-07.36.16:343][  0]LogDerivedDataCache:Display: Max Cache Size: 512 MB
[2015.02.15-07.36.16:379][  0]LogDerivedDataCache: Loaded boot cache 0.04s 39MB C:/Users/Owner/AppData/Local/UnrealEngine/4.6/DerivedDataCache/Boot.ddc.
[2015.02.15-07.36.16:380][  0]LogDerivedDataCache:Display: Loaded Boot cache: C:/Users/Owner/AppData/Local/UnrealEngine/4.6/DerivedDataCache/Boot.ddc
[2015.02.15-07.36.16:380][  0]LogDerivedDataCache: FDerivedDataBackendGraph:  Pak pak cache file ../../../../../../../Users/Owner/Documents/Unreal Projects/WeGuys/DerivedDataCache/DDC.ddp not found, will not use a pak cache.
[2015.02.15-07.36.16:380][  0]LogDerivedDataCache: Unable to find inner node Pak for hierarchical cache Hierarchy.
[2015.02.15-07.36.16:439][  0]LogDerivedDataCache:Display: Pak cache opened for reading ../../../Engine/DerivedDataCache/DDC.ddp.
[2015.02.15-07.36.16:452][  0]LogDerivedDataCache: Using Local data cache path C:/Users/Owner/AppData/Local/UnrealEngine/Common/DerivedDataCache: Writable
[2015.02.15-07.36.16:617][  0]LogCollisionProfile:Warning: Profile (UI) - Custom Channel Name = 'Weapon' hasn't been found
[2015.02.15-07.36.16:778][  0]LogMeshUtilities: No automatic mesh reduction module available
[2015.02.15-07.36.16:778][  0]LogMeshUtilities: No automatic mesh merging module available
[2015.02.15-07.36.17:252][  0]LogInit: WinSock: version 1.1 (2.2), MaxSocks=32767, MaxUdp=65467
[2015.02.15-07.36.17:374][  0]LogSlate:Warning: Failed to load font data from '../../../Engine/Content/Slate/Fonts/Roboto-Italic.ttf'
[2015.02.15-07.36.18:666][  0]UdpMessaging: Initializing bridge on interface 0.0.0.0:0 to multicast group 230.0.0.1:6666.
[2015.02.15-07.36.19:020][  0]LogDirectoryWatcher:Warning: Failed to begin reading directory changes for C:/Users/Owner/Documents/Unreal Projects/WeGuys/Binaries/Win64. Error: 0
[2015.02.15-07.36.19:247][  0]SourceControl: Info Source control is disabled
[2015.02.15-07.36.19:247][  0]SourceControl: Info Source control is disabled
[2015.02.15-07.36.19:261][  0]SourceControl: Info Source control is disabled
[2015.02.15-07.36.19:554][  0]LogObj: 23754 objects as part of root set at end of initial load.
[2015.02.15-07.36.19:554][  0]LogUObjectAllocator: 5168128 out of 0 bytes used by permanent object pool.
[2015.02.15-07.36.19:641][  0]LogEngine: Initializing Engine...
[2015.02.15-07.36.19:781][  0]LogInit: XAudio2 using 'Speakers (M-Audio Micro)' : 2 channels at 44.1 kHz using 16 bits per sample (channel mask 0x3)
[2015.02.15-07.36.19:788][  0]LogInit: FAudioDevice initialized.
[2015.02.15-07.36.19:826][  0]LogAIModule: Creating AISystem for world NewWorld
[2015.02.15-07.36.19:847][  0]LogDerivedDataCache: Saved boot cache 0.02s 39MB C:/Users/Owner/AppData/Local/UnrealEngine/4.6/DerivedDataCache/Boot.ddc.
[2015.02.15-07.36.19:849][  0]LogInit: Texture streaming: Enabled
[2015.02.15-07.36.19:903][  0]LogAnalytics: Creating configured Analytics provider AnalyticsET
[2015.02.15-07.36.19:903][  0]LogAnalytics: ET APIKey = Rocket.Release. APIServer = http://et2.epicgames.com/ET2/. AppVersion = 4.6.1-2386410+++depot+UE4-Releases+4.6
[2015.02.15-07.36.19:905][  0]LogAnalytics: SetUserId d53fbd01599cddc5eda2e5a33cd9f114
[2015.02.15-07.36.19:905][  0]LogAnalytics: AnalyticsET::StartSession [Rocket.Release]
[2015.02.15-07.36.19:935][  0]LogInit: Transaction tracking system initialized
[2015.02.15-07.36.20:142][  0]BlueprintLog: New page: Editor Load
[2015.02.15-07.36.20:213][  0]LogAssetRegistry: FAssetRegistry took 0.0112 seconds to start up
[2015.02.15-07.36.20:213][  0]LogDirectoryWatcher:Warning: Failed to begin reading directory changes for ../../../Engine/Plugins/Experimental/CharacterAI/Content/. Error: 0
[2015.02.15-07.36.20:950][  0]LogTargetPlatformManager:Display: Building Assets For Windows
[2015.02.15-07.36.21:341][  0]LogTargetPlatformManager:Display: Building Assets For Windows
[2015.02.15-07.36.21:730][  0]LogConsoleResponse:Display: 
[2015.02.15-07.36.21:780][  0]LogLinker:Warning: Asset '../../../Engine/Content/Functions/Engine_MaterialFunctions03/Procedurals/ComputeFilterWidth.uasset' has been saved with empty engine version. The asset will be loaded but may be incompatible.
[2015.02.15-07.36.22:123][  0]SourceControl: Info Source control is disabled
[2015.02.15-07.36.22:123][  0]Cmd: MAP LOAD FILE="../../../../../../../Users/Owner/Documents/Unreal Projects/WeGuys/Content/Maps/Template.umap" TEMPLATE=0 SHOWPROGRESS=1
[2015.02.15-07.36.22:124][  0]LightingResults: New page: Lighting Build
[2015.02.15-07.36.22:139][  0]MapCheck: New page: Map Check
[2015.02.15-07.36.22:139][  0]LightingResults: New page: Lighting Build
[2015.02.15-07.36.22:149][  0]LogParticles: Destroying 0 GPU particle simulations for FXSystem 0x000000DB0E059940
[2015.02.15-07.36.23:026][  0]LogEditorServer: Finished looking for orphan Actors (0.000 secs)
[2015.02.15-07.36.23:026][  0]LogAIModule: Creating AISystem for world Template
[2015.02.15-07.36.23:027][  0]Cmd: MAP CHECKDEP
[2015.02.15-07.36.23:027][  0]MapCheck: New page: Template - Feb 14, 2015, 9:36:23 PM
[2015.02.15-07.36.23:231][  0]MapCheck: Info Map check complete: 0 Error(s), 0 Warning(s), took 203.522ms to complete.
[2015.02.15-07.36.23:231][  0]LogFileHelpers: Loading map 'Template' took 1.108
[2015.02.15-07.36.23:328][  0]LogCollectionManager: Loaded 0 collections in 0.001551 seconds
[2015.02.15-07.36.23:478][  0]LogCrashTracker: Crashtracker disabled due to settings.
[2015.02.15-07.36.23:485][  0]LogUObjectGlobals:Warning: Failed to find object 'Class None.'
[2015.02.15-07.36.23:514][  0]LogLoad: Full Startup: 16.20 seconds (BP compile: 0.25 seconds)
[2015.02.15-07.36.23:857][  0]LogContentBrowser:Verbose: The content browser source was changed by the sources view to '/Game/Maps'
[2015.02.15-07.36.23:985][  0]LogRenderer:Warning: Reallocating scene render targets to support 1136x904.
[2015.02.15-07.36.24:527][  2]LogAssetRegistry: Asset discovery search completed in 4.3257 seconds
[2015.02.15-07.37.02:070][299]LogActorComponent: UnregisterComponent: (/Engine/Transient.CharacterMovementComponent_0) Not registered. Aborting.
[2015.02.15-07.37.02:104][299]Cmd: MAP LOAD FILE="../../../../../../../Users/Owner/Documents/Unreal Projects/WeGuys/Content/Maps/Map2.umap" TEMPLATE=0 SHOWPROGRESS=1
[2015.02.15-07.37.02:112][299]LightingResults: New page: Lighting Build
[2015.02.15-07.37.02:148][299]LoadErrors: New page: Loading map: Map2.umap
[2015.02.15-07.37.02:148][299]MapCheck: New page: Map Check
[2015.02.15-07.37.02:148][299]LightingResults: New page: Lighting Build
[2015.02.15-07.37.02:158][299]LogParticles: Destroying 0 GPU particle simulations for FXSystem 0x000000DB074DD300
[2015.02.15-07.37.02:282][299]LogEditorServer: Finished looking for orphan Actors (0.000 secs)
[2015.02.15-07.37.02:282][299]LogAIModule: Creating AISystem for world Map2
[2015.02.15-07.37.02:339][299]Cmd: MAP CHECKDEP
[2015.02.15-07.37.02:339][299]MapCheck: New page: Map2 - Feb 14, 2015, 9:37:02 PM
[2015.02.15-07.37.02:542][299]MapCheck: Info Map check complete: 0 Error(s), 0 Warning(s), took 203.031ms to complete.
[2015.02.15-07.37.02:542][299]LogFileHelpers: Loading map 'Map2' took 0.440
[2015.02.15-07.37.05:997][497]LogActorComponent: UnregisterComponent: (/Engine/Transient.CharacterMovementComponent_1) Not registered. Aborting.
[2015.02.15-07.37.06:014][497]Cmd: MAP LOAD FILE="../../../../../../../Users/Owner/Documents/Unreal Projects/WeGuys/Content/Maps/Map3.umap" TEMPLATE=0 SHOWPROGRESS=1
[2015.02.15-07.37.06:048][497]LightingResults: New page: Lighting Build
[2015.02.15-07.37.06:088][497]LoadErrors: New page: Loading map: Map3.umap
[2015.02.15-07.37.06:089][497]MapCheck: New page: Map Check
[2015.02.15-07.37.06:089][497]LightingResults: New page: Lighting Build
[2015.02.15-07.37.06:099][497]LogParticles: Destroying 0 GPU particle simulations for FXSystem 0x000000DB06F9CA40
[2015.02.15-07.37.06:194][497]LogEditorServer: Finished looking for orphan Actors (0.000 secs)
[2015.02.15-07.37.06:194][497]LogAIModule: Creating AISystem for world Map3
[2015.02.15-07.37.06:233][497]Cmd: MAP CHECKDEP
[2015.02.15-07.37.06:233][497]MapCheck: New page: Map3 - Feb 14, 2015, 9:37:06 PM
[2015.02.15-07.37.06:440][497]MapCheck: Info Map check complete: 0 Error(s), 0 Warning(s), took 207.321ms to complete.
[2015.02.15-07.37.06:440][497]LogFileHelpers: Loading map 'Map3' took 0.429
[2015.02.15-07.37.17:268][819]LogActorComponent: UnregisterComponent: (/Engine/Transient.CharacterMovementComponent_2) Not registered. Aborting.
[2015.02.15-07.37.17:287][819]Cmd: OBJ SAVEPACKAGE PACKAGE="/Game/Maps/AlexLevel2" FILE="../../../../../../../Users/Owner/Documents/Unreal Projects/WeGuys/Content/Maps/AlexLevel2.umap" SILENT=true AUTOSAVING=false KEEPDIRTY=false
[2015.02.15-07.37.17:343][819]LogSavePackage: Save=43.466194ms
[2015.02.15-07.37.17:343][819]LogSavePackage: Moving '../../../../../../../Users/Owner/Documents/Unreal Projects/WeGuys/Saved/AlexLevel20345AD8B46D80524F705C8816B4BC725.tmp' to '../../../../../../../Users/Owner/Documents/Unreal Projects/WeGuys/Content/Maps/AlexLevel2.umap'
[2015.02.15-07.37.17:391][819]LogFileHelpers: Saving map 'AlexLevel2' took 0.558
[2015.02.15-07.37.24:161][215]Cmd: MAP LOAD FILE="../../../../../../../Users/Owner/Documents/Unreal Projects/WeGuys/Content/Maps/Map3.umap" TEMPLATE=0 SHOWPROGRESS=1
[2015.02.15-07.37.24:194][215]LightingResults: New page: Lighting Build
[2015.02.15-07.37.24:230][215]LoadErrors: New page: Loading map: Map3.umap
[2015.02.15-07.37.24:231][215]MapCheck: New page: Map Check
[2015.02.15-07.37.24:231][215]LightingResults: New page: Lighting Build
[2015.02.15-07.37.24:239][215]LogParticles: Destroying 0 GPU particle simulations for FXSystem 0x000000DB06FFDE40
[2015.02.15-07.37.24:541][215]LogEditorServer: Finished looking for orphan Actors (0.000 secs)
[2015.02.15-07.37.24:541][215]LogAIModule: Creating AISystem for world Map3
[2015.02.15-07.37.24:581][215]Cmd: MAP CHECKDEP
[2015.02.15-07.37.24:581][215]MapCheck: New page: Map3 - Feb 14, 2015, 9:37:24 PM
[2015.02.15-07.37.24:791][215]MapCheck: Info Map check complete: 0 Error(s), 0 Warning(s), took 210.279ms to complete.
[2015.02.15-07.37.24:791][215]LogFileHelpers: Loading map 'Map3' took 0.633
[2015.02.15-07.37.28:251][412]LogActorComponent: UnregisterComponent: (/Engine/Transient.CharacterMovementComponent_3) Not registered. Aborting.
[2015.02.15-07.37.28:269][412]Cmd: MAP LOAD FILE="../../../../../../../Users/Owner/Documents/Unreal Projects/WeGuys/Content/Maps/AlexLevel2.umap" TEMPLATE=0 SHOWPROGRESS=1
[2015.02.15-07.37.28:304][412]LightingResults: New page: Lighting Build
[2015.02.15-07.37.28:342][412]LoadErrors: New page: Loading map: AlexLevel2.umap
[2015.02.15-07.37.28:342][412]MapCheck: New page: Map Check
[2015.02.15-07.37.28:342][412]LightingResults: New page: Lighting Build
[2015.02.15-07.37.28:351][412]LogParticles: Destroying 0 GPU particle simulations for FXSystem 0x000000DB0705B560
[2015.02.15-07.37.28:424][412]LogEditorServer: Finished looking for orphan Actors (0.000 secs)
[2015.02.15-07.37.28:424][412]LogAIModule: Creating AISystem for world AlexLevel2
[2015.02.15-07.37.28:463][412]Cmd: MAP CHECKDEP
[2015.02.15-07.37.28:464][412]MapCheck: New page: AlexLevel2 - Feb 14, 2015, 9:37:28 PM
[2015.02.15-07.37.28:668][412]MapCheck: Info Map check complete: 0 Error(s), 0 Warning(s), took 204.556ms to complete.
[2015.02.15-07.37.28:668][412]LogFileHelpers: Loading map 'AlexLevel2' took 0.401
[2015.02.15-07.37.30:141][493]Cmd: OBJ SAVEPACKAGE PACKAGE="/Game/Maps/AlexLevel2" FILE="../../../../../../../Users/Owner/Documents/Unreal Projects/WeGuys/Content/Maps/AlexLevel2.umap" SILENT=true AUTOSAVING=false KEEPDIRTY=false
[2015.02.15-07.37.30:144][493]LogActorComponent: UnregisterComponent: (/Engine/Transient.CharacterMovementComponent_4) Not registered. Aborting.
[2015.02.15-07.37.30:293][493]LogSavePackage: Save=45.843945ms
[2015.02.15-07.37.30:293][493]LogSavePackage: Moving '../../../../../../../Users/Owner/Documents/Unreal Projects/WeGuys/Saved/AlexLevel2527D76DD4760FDF01E5073A4438335F1.tmp' to '../../../../../../../Users/Owner/Documents/Unreal Projects/WeGuys/Content/Maps/AlexLevel2.umap'
[2015.02.15-07.37.33:123][650]Cmd: MAP LOAD FILE="../../../../../../../Users/Owner/Documents/Unreal Projects/WeGuys/Content/Maps/Map2.umap" TEMPLATE=0 SHOWPROGRESS=1
[2015.02.15-07.37.33:158][650]LightingResults: New page: Lighting Build
[2015.02.15-07.37.33:196][650]LoadErrors: New page: Loading map: Map2.umap
[2015.02.15-07.37.33:197][650]MapCheck: New page: Map Check
[2015.02.15-07.37.33:197][650]LightingResults: New page: Lighting Build
[2015.02.15-07.37.33:207][650]LogParticles: Destroying 0 GPU particle simulations for FXSystem 0x000000DB161FB560
[2015.02.15-07.37.33:287][650]LogEditorServer: Finished looking for orphan Actors (0.000 secs)
[2015.02.15-07.37.33:287][650]LogAIModule: Creating AISystem for world Map2
[2015.02.15-07.37.33:327][650]Cmd: MAP CHECKDEP
[2015.02.15-07.37.33:327][650]MapCheck: New page: Map2 - Feb 14, 2015, 9:37:33 PM
[2015.02.15-07.37.33:535][650]MapCheck: Info Map check complete: 0 Error(s), 0 Warning(s), took 208.012ms to complete.
[2015.02.15-07.37.33:535][650]LogFileHelpers: Loading map 'Map2' took 0.415
[2015.02.15-07.37.42:744][  8]LogActorComponent: UnregisterComponent: (/Engine/Transient.CharacterMovementComponent_5) Not registered. Aborting.
[2015.02.15-07.37.42:759][  8]Cmd: OBJ SAVEPACKAGE PACKAGE="/Game/Maps/MyLevel2" FILE="../../../../../../../Users/Owner/Documents/Unreal Projects/WeGuys/Content/Maps/MyLevel2.umap" SILENT=true AUTOSAVING=false KEEPDIRTY=false
[2015.02.15-07.37.42:810][  8]LogSavePackage: Save=38.168861ms
[2015.02.15-07.37.42:810][  8]LogSavePackage: Moving '../../../../../../../Users/Owner/Documents/Unreal Projects/WeGuys/Saved/MyLevel25B2C9E8241456705E4D86383B0D6A02C.tmp' to '../../../../../../../Users/Owner/Documents/Unreal Projects/WeGuys/Content/Maps/MyLevel2.umap'
[2015.02.15-07.37.42:862][  8]LogFileHelpers: Saving map 'MyLevel2' took 0.468
[2015.02.15-07.37.46:675][219]LogUObjectGlobals:Warning: Failed to find object 'Object /Game/Maps/Map3.Map2'
[2015.02.15-07.37.47:026][238]LogUObjectGlobals:Warning: Failed to find object 'Object /Game/Maps/Map3.Map2'
[2015.02.15-07.37.48:616][312]LogUObjectGlobals:Warning: Failed to find object 'Object /Game/Maps/Map2.Map4'
[2015.02.15-07.37.52:195][481]Cmd: QUIT_EDITOR
[2015.02.15-07.37.52:511][481]LogExit: Preparing to exit.
[2015.02.15-07.37.52:801][481]LogExit: Editor shut down
[2015.02.15-07.37.52:801][481]LogExit: Transaction tracking system shut down
[2015.02.15-07.37.52:802][481]LogParticles: Destroying 0 GPU particle simulations for FXSystem 0x000000DB169F8CC0
[2015.02.15-07.37.52:827][481]LogParticles: Destroying 0 GPU particle simulations for FXSystem 0x000000DB160363E0
[2015.02.15-07.37.52:827][481]LogParticles: Destroying 0 GPU particle simulations for FXSystem 0x000000DB07E59DA0
[2015.02.15-07.37.52:827][481]LogExit: Object subsystem successfully closed.
[2015.02.15-07.37.52:914][481]LogModuleManager: Shutting down and abandoning module AndroidDeviceDetection (172)
[2015.02.15-07.37.52:914][481]LogModuleManager: Shutting down and abandoning module CrashTracker (171)
[2015.02.15-07.37.52:914][481]LogModuleManager: Shutting down and abandoning module SuperSearch (170)
[2015.02.15-07.37.52:914][481]LogModuleManager: Shutting down and abandoning module SceneOutliner (169)
[2015.02.15-07.37.52:914][481]LogModuleManager: Shutting down and abandoning module EditorWidgets (168)
[2015.02.15-07.37.52:914][481]LogModuleManager: Shutting down and abandoning module CollectionManager (167)
[2015.02.15-07.37.52:914][481]LogModuleManager: Shutting down and abandoning module StatsViewer (166)
[2015.02.15-07.37.52:914][481]LogModuleManager: Shutting down and abandoning module FoliageEdit (165)
[2015.02.15-07.37.52:914][481]LogModuleManager: Shutting down and abandoning module LandscapeEditor (164)
[2015.02.15-07.37.52:914][481]LogModuleManager: Shutting down and abandoning module MeshPaint (163)
[2015.02.15-07.37.52:914][481]LogModuleManager: Shutting down and abandoning module ActorPickerMode (162)
[2015.02.15-07.37.52:914][481]LogModuleManager: Shutting down and abandoning module GeometryMode (161)
[2015.02.15-07.37.52:914][481]LogModuleManager: Shutting down and abandoning module TextureAlignMode (160)
[2015.02.15-07.37.52:914][481]LogModuleManager: Shutting down and abandoning module BspMode (159)
[2015.02.15-07.37.52:914][481]LogModuleManager: Shutting down and abandoning module PlacementMode (158)
[2015.02.15-07.37.52:914][481]LogModuleManager: Shutting down and abandoning module AutomationWorker (157)
[2015.02.15-07.37.52:914][481]LogModuleManager: Shutting down and abandoning module CharacterAI (156)
[2015.02.15-07.37.52:914][481]LogModuleManager: Shutting down and abandoning module GameProjectGeneration (155)
[2015.02.15-07.37.52:914][481]LogModuleManager: Shutting down and abandoning module IntroTutorials (154)
[2015.02.15-07.37.52:914][481]LogModuleManager: Shutting down and abandoning module EditorLiveStreaming (153)
[2015.02.15-07.37.52:914][481]LogModuleManager: Shutting down and abandoning module HardwareTargeting (152)
[2015.02.15-07.37.52:914][481]LogModuleManager: Shutting down and abandoning module DeviceProfileEditor (151)
[2015.02.15-07.37.52:914][481]LogModuleManager: Shutting down and abandoning module UndoHistory (150)
[2015.02.15-07.37.52:914][481]LogModuleManager: Shutting down and abandoning module GameplayTagsEditor (149)
[2015.02.15-07.37.52:914][481]LogModuleManager: Shutting down and abandoning module UserFeedback (148)
[2015.02.15-07.37.52:914][481]LogModuleManager: Shutting down and abandoning module XmlParser (147)
[2015.02.15-07.37.52:914][481]LogModuleManager: Shutting down and abandoning module Blutility (146)
[2015.02.15-07.37.52:914][481]LogModuleManager: Shutting down and abandoning module IOSPlatformEditor (145)
[2015.02.15-07.37.52:914][481]LogModuleManager: Shutting down and abandoning module IOSRuntimeSettings (144)
[2015.02.15-07.37.52:914][481]LogModuleManager: Shutting down and abandoning module AndroidPlatformEditor (143)
[2015.02.15-07.37.52:914][481]LogModuleManager: Shutting down and abandoning module AndroidRuntimeSettings (142)
[2015.02.15-07.37.52:914][481]LogModuleManager: Shutting down and abandoning module ProjectTargetPlatformEditor (141)
[2015.02.15-07.37.52:914][481]LogModuleManager: Shutting down and abandoning module ProjectSettingsViewer (140)
[2015.02.15-07.37.52:914][481]LogModuleManager: Shutting down and abandoning module InputBindingEditor (139)
[2015.02.15-07.37.52:914][481]LogModuleManager: Shutting down and abandoning module EditorSettingsViewer (138)
[2015.02.15-07.37.52:915][481]LogModuleManager: Shutting down and abandoning module SettingsEditor (137)
[2015.02.15-07.37.52:915][481]LogModuleManager: Shutting down and abandoning module ProjectLauncher (136)
[2015.02.15-07.37.52:915][481]LogModuleManager: Shutting down and abandoning module SessionFrontend (135)
[2015.02.15-07.37.52:915][481]LogModuleManager: Shutting down and abandoning module ProfilerClient (134)
[2015.02.15-07.37.52:915][481]LogModuleManager: Shutting down and abandoning module TargetDeviceServices (133)
[2015.02.15-07.37.52:915][481]LogModuleManager: Shutting down and abandoning module DeviceManager (132)
[2015.02.15-07.37.52:915][481]LogModuleManager: Shutting down and abandoning module AutomationController (131)
[2015.02.15-07.37.52:915][481]LogModuleManager: Shutting down and abandoning module AutomationWindow (130)
[2015.02.15-07.37.52:915][481]LogModuleManager: Shutting down and abandoning module Layers (129)
[2015.02.15-07.37.52:915][481]LogModuleManager: Shutting down and abandoning module ComponentVisualizers (128)
[2015.02.15-07.37.52:915][481]LogModuleManager: Shutting down and abandoning module DetailCustomizations (127)
[2015.02.15-07.37.52:915][481]LogModuleManager: Shutting down and abandoning module PackagesDialog (126)
[2015.02.15-07.37.52:915][481]LogModuleManager: Shutting down and abandoning module AssetRegistry (125)
[2015.02.15-07.37.53:008][481]LogModuleManager: Shutting down and abandoning module Persona (124)
[2015.02.15-07.37.53:008][481]LogModuleManager: Shutting down and abandoning module Kismet (123)
[2015.02.15-07.37.53:008][481]LogModuleManager: Shutting down and abandoning module GraphEditor (122)
[2015.02.15-07.37.53:008][481]LogModuleManager: Shutting down and abandoning module ClassViewer (121)
[2015.02.15-07.37.53:008][481]LogModuleManager: Shutting down and abandoning module Toolbox (120)
[2015.02.15-07.37.53:008][481]LogModuleManager: Shutting down and abandoning module ModuleUI (119)
[2015.02.15-07.37.53:008][481]LogModuleManager: Shutting down and abandoning module MovieSceneTools (118)
[2015.02.15-07.37.53:008][481]LogModuleManager: Shutting down and abandoning module OutputLog (117)
[2015.02.15-07.37.53:008][481]LogModuleManager: Shutting down and abandoning module GammaUI (116)
[2015.02.15-07.37.53:008][481]LogModuleManager: Shutting down and abandoning module Documentation (115)
[2015.02.15-07.37.53:008][481]LogModuleManager: Shutting down and abandoning module GameLiveStreaming (114)
[2015.02.15-07.37.53:008][481]LogModuleManager: Shutting down and abandoning module StreamingPauseRendering (113)
[2015.02.15-07.37.53:008][481]LogModuleManager: Shutting down and abandoning module HTTP (112)
[2015.02.15-07.37.53:008][481]LogModuleManager: Shutting down and abandoning module AnalyticsET (111)
[2015.02.15-07.37.53:008][481]LogModuleManager: Shutting down and abandoning module Analytics (110)
[2015.02.15-07.37.53:008][481]LogModuleManager: Shutting down and abandoning module AITestSuite (109)
[2015.02.15-07.37.53:008][481]LogModuleManager: Shutting down and abandoning module AIModule (108)
[2015.02.15-07.37.53:008][481]LogModuleManager: Shutting down and abandoning module ProfilerService (107)
[2015.02.15-07.37.53:179][481]LogModuleManager: Shutting down and abandoning module TaskGraph (106)
[2015.02.15-07.37.53:179][481]LogModuleManager: Shutting down and abandoning module GameplayDebugger (105)
[2015.02.15-07.37.53:179][481]LogModuleManager: Shutting down and abandoning module SlateRemote (104)
[2015.02.15-07.37.53:179][481]LogModuleManager: Shutting down and abandoning module ScriptEditorPlugin (103)
[2015.02.15-07.37.53:179][481]LogModuleManager: Shutting down and abandoning module CustomMeshComponent (102)
[2015.02.15-07.37.53:179][481]LogModuleManager: Shutting down and abandoning module CableComponent (101)
[2015.02.15-07.37.53:179][481]LogModuleManager: Shutting down and abandoning module MessagingDebugger (100)
[2015.02.15-07.37.53:179][481]LogModuleManager: Shutting down and abandoning module MediaPlayerEditor (99)
[2015.02.15-07.37.53:179][481]LogModuleManager: Shutting down and abandoning module SpeedTreeImporter (98)
[2015.02.15-07.37.53:179][481]LogModuleManager: Shutting down and abandoning module PluginsEditor (97)
[2015.02.15-07.37.53:179][481]LogModuleManager: Shutting down and abandoning module EpicSurvey (96)
[2015.02.15-07.37.53:179][481]LogModuleManager: Shutting down and abandoning module DesktopPlatform (95)
[2015.02.15-07.37.53:179][481]LogModuleManager: Shutting down and abandoning module VisualStudioSourceCodeAccess (94)
[2015.02.15-07.37.53:179][481]LogModuleManager: Shutting down and abandoning module UObjectPlugin (93)
[2015.02.15-07.37.53:179][481]LogModuleManager: Shutting down and abandoning module SubversionSourceControl (92)
[2015.02.15-07.37.53:179][481]LogModuleManager: Shutting down and abandoning module SourceControl (91)
[2015.02.15-07.37.53:179][481]LogModuleManager: Shutting down and abandoning module PerforceSourceControl (90)
[2015.02.15-07.37.53:179][481]LogModuleManager: Shutting down and abandoning module BlankPlugin (89)
[2015.02.15-07.37.53:179][481]LogModuleManager: Shutting down and abandoning module SlateReflector (88)
[2015.02.15-07.37.53:179][481]LogModuleManager: Shutting down and abandoning module DirectoryWatcher (87)
[2015.02.15-07.37.53:179][481]LogModuleManager: Shutting down and abandoning module HotReload (86)
[2015.02.15-07.37.53:179][481]LogModuleManager: Shutting down and abandoning module MainFrame (85)
[2015.02.15-07.37.53:179][481]LogModuleManager: Shutting down and abandoning module LevelEditor (84)
[2015.02.15-07.37.53:180][481]LogModuleManager: Shutting down and abandoning module ViewportSnapping (83)
[2015.02.15-07.37.53:180][481]LogModuleManager: Shutting down and abandoning module SmartSnapping (82)
[2015.02.15-07.37.53:180][481]LogModuleManager: Shutting down and abandoning module PaperTiledImporter (81)
[2015.02.15-07.37.53:180][481]LogModuleManager: Shutting down and abandoning module PaperJsonImporter (80)
[2015.02.15-07.37.53:180][481]LogModuleManager: Shutting down and abandoning module ContentBrowser (79)
[2015.02.15-07.37.53:180][481]LogModuleManager: Shutting down and abandoning module Paper2DEditor (78)
[2015.02.15-07.37.53:180][481]LogModuleManager: Shutting down and abandoning module ScriptPlugin (77)
[2015.02.15-07.37.53:180][481]LogModuleManager: Shutting down and abandoning module UdpMessaging (76)
[2015.02.15-07.37.53:281][481]LogModuleManager: Shutting down and abandoning module Paper2D (75)
[2015.02.15-07.37.53:281][481]LogModuleManager: Shutting down and abandoning module UE4Game (74)
[2015.02.15-07.37.53:281][481]LogModuleManager: Shutting down and abandoning module WindowsMoviePlayer (73)
[2015.02.15-07.37.53:283][481]LogModuleManager: Shutting down and abandoning module Media (72)
[2015.02.15-07.37.53:283][481]LogModuleManager: Shutting down and abandoning module WmfMedia (71)
[2015.02.15-07.37.53:283][481]LogModuleManager: Shutting down and abandoning module OnlineBlueprintSupport (70)
[2015.02.15-07.37.53:283][481]LogModuleManager: Shutting down and abandoning module PropertyEditor (69)
[2015.02.15-07.37.53:283][481]LogModuleManager: Shutting down and abandoning module BehaviorTreeEditor (68)
[2015.02.15-07.37.53:283][481]LogModuleManager: Shutting down and abandoning module FunctionalTesting (67)
[2015.02.15-07.37.53:283][481]LogModuleManager: Shutting down and abandoning module CollisionAnalyzer (66)
[2015.02.15-07.37.53:283][481]LogModuleManager: Shutting down and abandoning module WorkspaceMenuStructure (65)
[2015.02.15-07.37.53:283][481]LogModuleManager: Shutting down and abandoning module MessageLog (64)
[2015.02.15-07.37.53:283][481]LogModuleManager: Shutting down and abandoning module Sequencer (63)
[2015.02.15-07.37.53:283][481]LogModuleManager: Shutting down and abandoning module AssetTools (62)
[2015.02.15-07.37.53:283][481]LogModuleManager: Shutting down and abandoning module UMGEditor (61)
[2015.02.15-07.37.53:283][481]LogModuleManager: Shutting down and abandoning module UMG (60)
[2015.02.15-07.37.53:283][481]LogModuleManager: Shutting down and abandoning module Slate (59)
[2015.02.15-07.37.53:283][481]LogModuleManager: Shutting down and abandoning module EditorStyle (58)
[2015.02.15-07.37.53:290][481]LogModuleManager: Shutting down and abandoning module SessionServices (57)
[2015.02.15-07.37.53:290][481]LogModuleManager: Shutting down and abandoning module SourceCodeAccess (56)
[2015.02.15-07.37.53:290][481]LogModuleManager: Shutting down and abandoning module HeadMountedDisplay (55)
[2015.02.15-07.37.53:290][481]LogModuleManager: Shutting down and abandoning module XAudio2 (54)
[2015.02.15-07.37.53:290][481]LogModuleManager: Shutting down and abandoning module Networking (52)
[2015.02.15-07.37.53:290][481]LogModuleManager: Shutting down and abandoning module Core (51)
[2015.02.15-07.37.53:290][481]LogModuleManager: Shutting down and abandoning module KismetCompiler (50)
[2015.02.15-07.37.53:290][481]LogModuleManager: Shutting down and abandoning module PhysXFormats (49)
[2015.02.15-07.37.53:290][481]LogModuleManager: Shutting down and abandoning module MeshUtilities (48)
[2015.02.15-07.37.53:290][481]LogModuleManager: Shutting down and abandoning module DerivedDataCache (47)
[2015.02.15-07.37.53:511][481]LogDerivedDataCache: Shutdown
[2015.02.15-07.37.53:511][481]LogModuleManager: Shutting down and abandoning module ShaderFormatOpenGL (46)
[2015.02.15-07.37.53:511][481]LogModuleManager: Shutting down and abandoning module ShaderFormatD3D (45)
[2015.02.15-07.37.53:511][481]LogModuleManager: Shutting down and abandoning module MetalShaderFormat (44)
[2015.02.15-07.37.53:511][481]LogModuleManager: Shutting down and abandoning module TextureFormatUncompressed (43)
[2015.02.15-07.37.53:511][481]LogModuleManager: Shutting down and abandoning module TextureFormatPVR (42)
[2015.02.15-07.37.53:511][481]LogModuleManager: Shutting down and abandoning module TextureFormatDXT (41)
[2015.02.15-07.37.53:511][481]LogModuleManager: Shutting down and abandoning module TextureFormatAndroid (40)
[2015.02.15-07.37.53:511][481]LogModuleManager: Shutting down and abandoning module AudioFormatOpus (39)
[2015.02.15-07.37.53:511][481]LogModuleManager: Shutting down and abandoning module AudioFormatOgg (38)
[2015.02.15-07.37.53:511][481]LogModuleManager: Shutting down and abandoning module AudioFormatADPCM (37)
[2015.02.15-07.37.53:511][481]LogModuleManager: Shutting down and abandoning module LinuxTargetPlatform (36)
[2015.02.15-07.37.53:511][481]LogModuleManager: Shutting down and abandoning module LinuxServerTargetPlatform (35)
[2015.02.15-07.37.53:511][481]LogModuleManager: Shutting down and abandoning module LinuxNoEditorTargetPlatform (34)
[2015.02.15-07.37.53:511][481]LogModuleManager: Shutting down and abandoning module Messaging (33)
[2015.02.15-07.37.53:511][481]LogModuleManager: Shutting down and abandoning module IOSTargetPlatform (32)
[2015.02.15-07.37.53:511][481]LogModuleManager: Shutting down and abandoning module Android_PVRTCTargetPlatform (31)
[2015.02.15-07.37.53:511][481]LogModuleManager: Shutting down and abandoning module Android_ETC2TargetPlatform (30)
[2015.02.15-07.37.53:511][481]LogModuleManager: Shutting down and abandoning module Android_ETC1TargetPlatform (29)
[2015.02.15-07.37.53:511][481]LogModuleManager: Shutting down and abandoning module Android_DXTTargetPlatform (28)
[2015.02.15-07.37.53:511][481]LogModuleManager: Shutting down and abandoning module Android_ATCTargetPlatform (27)
[2015.02.15-07.37.53:511][481]LogModuleManager: Shutting down and abandoning module AndroidTargetPlatform (26)
[2015.02.15-07.37.53:511][481]LogModuleManager: Shutting down and abandoning module WindowsTargetPlatform (25)
[2015.02.15-07.37.53:511][481]LogModuleManager: Shutting down and abandoning module WindowsServerTargetPlatform (24)
[2015.02.15-07.37.53:511][481]LogModuleManager: Shutting down and abandoning module WindowsNoEditorTargetPlatform (23)
[2015.02.15-07.37.53:511][481]LogModuleManager: Shutting down and abandoning module WindowsClientTargetPlatform (22)
[2015.02.15-07.37.53:511][481]LogModuleManager: Shutting down and abandoning module TargetPlatform (21)
[2015.02.15-07.37.53:511][481]LogModuleManager: Shutting down and abandoning module InputCore (20)
[2015.02.15-07.37.53:511][481]LogModuleManager: Shutting down and abandoning module Settings (19)
[2015.02.15-07.37.53:512][481]LogModuleManager: Shutting down and abandoning module ImageWrapper (18)
[2015.02.15-07.37.53:512][481]LogModuleManager: Shutting down and abandoning module OculusRift (15)
[2015.02.15-07.37.53:512][481]LogModuleManager: Shutting down and abandoning module ExampleDeviceProfileSelector (14)
[2015.02.15-07.37.53:512][481]LogModuleManager: Shutting down and abandoning module TextureCompressor (13)
[2015.02.15-07.37.53:512][481]LogModuleManager: Shutting down and abandoning module ShaderCore (12)
[2015.02.15-07.37.53:512][481]LogModuleManager: Shutting down and abandoning module Landscape (11)
[2015.02.15-07.37.53:512][481]LogModuleManager: Shutting down and abandoning module SlateRHIRenderer (10)
[2015.02.15-07.37.53:512][481]LogModuleManager: Shutting down and abandoning module OpenGLDrv (9)
[2015.02.15-07.37.53:512][481]LogModuleManager: Shutting down and abandoning module D3D11RHI (8)
[2015.02.15-07.37.53:512][481]LogModuleManager: Shutting down and abandoning module Renderer (7)
[2015.02.15-07.37.53:512][481]LogModuleManager: Shutting down and abandoning module Engine (6)
[2015.02.15-07.37.53:512][481]LogModuleManager: Shutting down and abandoning module CoreUObject (5)
[2015.02.15-07.37.53:512][481]LogModuleManager: Shutting down and abandoning module NetworkFile (4)
[2015.02.15-07.37.53:512][481]LogModuleManager: Shutting down and abandoning module StreamingFile (3)
[2015.02.15-07.37.53:512][481]LogModuleManager: Shutting down and abandoning module SandboxFile (2)
[2015.02.15-07.37.53:512][481]LogModuleManager: Shutting down and abandoning module PakFile (1)
[2015.02.15-07.37.53:513][481]LogExit: Exiting.
[2015.02.15-07.37.53:517][481]Log file closed, 02/15/15 02:37:53
