Log file open, 02/14/15 12:14:33
LogInit:Display: Running engine for game: WeGuys
LogInit: Version: 4.6.1-2386410+++depot+UE4-Releases+4.6
LogInit: API Version: 2369412
LogInit: Compiled (64-bit): Dec 11 2014 21:31:39
LogInit: Compiled with Visual C++: 18.00.21005.01
LogInit: Build Configuration: Development
LogInit: Branch Name: ++depot+UE4-Releases+4.6
LogInit: Command line:  
LogInit: Base directory: C:/Program Files/UE45/Epic Games/4.6/Engine/Binaries/Win64/
LogInit: Rocket: 1
[2015.02.14-17.14.33:680][  0]LogTaskGraph: Started task graph with 3 named threads and 6 total threads.
[2015.02.14-17.14.33:739][  0]LogOnline:Warning: No default platform service specified for OnlineSubsystem
[2015.02.14-17.14.33:798][  0]LogInit: Presizing for 0 objects not considered by GC, pre-allocating 0 bytes.
[2015.02.14-17.14.33:805][  0]LogInit: Object subsystem initialized
[2015.02.14-17.14.33:807][  0]LogConsoleResponse:Warning: Skipping Unknown console variable: 'UIScaleRule = ShortestSide'
[2015.02.14-17.14.33:807][  0]LogConsoleResponse:Warning:   Found in ini file 'C:/Users/Owner/Documents/Unreal Projects/WeGuys/Saved/Config/Windows/Engine.ini', in section '[/Script/Engine.RendererSettings]'
[2015.02.14-17.14.33:807][  0]LogConsoleResponse:Warning: Skipping Unknown console variable: 'UIScaleCurve = (EditorCurveData=(Keys=),ExternalCurve=None)'
[2015.02.14-17.14.33:807][  0]LogConsoleResponse:Warning:   Found in ini file 'C:/Users/Owner/Documents/Unreal Projects/WeGuys/Saved/Config/Windows/Engine.ini', in section '[/Script/Engine.RendererSettings]'
[2015.02.14-17.14.33:807][  0]LogConsoleManager:Warning: Console variable 'r.MSAA.CompositingSampleCount' wasn't set (Priority ProjectSetting < Scalability)
[2015.02.14-17.14.33:807][  0]LogInit: Selected Device Profile: [Windows]
[2015.02.14-17.14.33:807][  0]LogInit: Applying CVar settings loaded from the selected device profile: [Windows]
[2015.02.14-17.14.33:815][  0]LogInit: Computer: ASUS
[2015.02.14-17.14.33:815][  0]LogInit: User: Owner
[2015.02.14-17.14.33:815][  0]LogInit: CPU Page size=4096, Cores=4
[2015.02.14-17.14.33:815][  0]LogInit: High frequency timer resolution =2.338346 MHz
[2015.02.14-17.14.33:815][  0]LogMemory: Memory total: Physical=15.9GB (16GB approx) Virtual=131072.0GB
[2015.02.14-17.14.33:815][  0]LogMemory: Platform Memory Stats for Windows
[2015.02.14-17.14.33:815][  0]LogMemory: Process Physical Memory: 48.27 MB used, 48.27 MB peak
[2015.02.14-17.14.33:815][  0]LogMemory: Process Virtual Memory: 25.06 MB used, 25.06 MB peak
[2015.02.14-17.14.33:815][  0]LogMemory: Physical Memory: 3101.05 MB used, 16267.18 MB total
[2015.02.14-17.14.33:815][  0]LogMemory: Virtual Memory: 270.99 MB used, 134217728.00 MB total
[2015.02.14-17.14.33:895][  0]LogD3D11RHI: Found D3D11 adapter 0: Intel(R) HD Graphics 4600 (Feature Level 11_0)
[2015.02.14-17.14.33:895][  0]LogD3D11RHI: Adapter has 32MB of dedicated video memory, 0MB of dedicated system memory, and 1760MB of shared system memory, 1 output[s]
[2015.02.14-17.14.33:908][  0]LogD3D11RHI: Found D3D11 adapter 1: NVIDIA GeForce GT 750M (Feature Level 11_0)
[2015.02.14-17.14.33:908][  0]LogD3D11RHI: Adapter has 1988MB of dedicated video memory, 0MB of dedicated system memory, and 2048MB of shared system memory, 0 output[s]
[2015.02.14-17.14.33:909][  0]LogD3D11RHI: Found D3D11 adapter 2: Microsoft Basic Render Driver (Feature Level 11_0)
[2015.02.14-17.14.33:909][  0]LogD3D11RHI: Adapter has 0MB of dedicated video memory, 0MB of dedicated system memory, and 256MB of shared system memory, 0 output[s]
[2015.02.14-17.14.33:909][  0]LogD3D11RHI: Chosen D3D11 Adapter Id = 0
[2015.02.14-17.14.33:913][  0]LogRHI: Texture pool is 1361 MB (70% of 1945 MB)
[2015.02.14-17.14.33:925][  0]LogD3D11RHI: Async texture creation enabled
[2015.02.14-17.14.34:087][  0]LogTextLocalizationManager: The requested culture ('en_US') has no localization data; parent culture's ('en') localization data will be used.
[2015.02.14-17.14.34:207][  0]LogContentStreaming: Texture pool size is 0.000000MB
[2015.02.14-17.14.39:519][  0]LogTargetPlatformManager:Display: Building Assets For Windows
[2015.02.14-17.14.40:119][  0]LogTargetPlatformManager:Display: Building Assets For Windows
[2015.02.14-17.14.40:198][  0]LogDerivedDataCache:Display: Max Cache Size: 512 MB
[2015.02.14-17.14.40:236][  0]LogDerivedDataCache: Loaded boot cache 0.04s 39MB C:/Users/Owner/AppData/Local/UnrealEngine/4.6/DerivedDataCache/Boot.ddc.
[2015.02.14-17.14.40:236][  0]LogDerivedDataCache:Display: Loaded Boot cache: C:/Users/Owner/AppData/Local/UnrealEngine/4.6/DerivedDataCache/Boot.ddc
[2015.02.14-17.14.40:236][  0]LogDerivedDataCache: FDerivedDataBackendGraph:  Pak pak cache file ../../../../../../../Users/Owner/Documents/Unreal Projects/WeGuys/DerivedDataCache/DDC.ddp not found, will not use a pak cache.
[2015.02.14-17.14.40:236][  0]LogDerivedDataCache: Unable to find inner node Pak for hierarchical cache Hierarchy.
[2015.02.14-17.14.40:295][  0]LogDerivedDataCache:Display: Pak cache opened for reading ../../../Engine/DerivedDataCache/DDC.ddp.
[2015.02.14-17.14.40:308][  0]LogDerivedDataCache: Using Local data cache path C:/Users/Owner/AppData/Local/UnrealEngine/Common/DerivedDataCache: Writable
[2015.02.14-17.14.40:476][  0]LogCollisionProfile:Warning: Profile (UI) - Custom Channel Name = 'Weapon' hasn't been found
[2015.02.14-17.14.40:633][  0]LogMeshUtilities: No automatic mesh reduction module available
[2015.02.14-17.14.40:633][  0]LogMeshUtilities: No automatic mesh merging module available
[2015.02.14-17.14.41:086][  0]LogInit: WinSock: version 1.1 (2.2), MaxSocks=32767, MaxUdp=65467
[2015.02.14-17.14.41:205][  0]LogSlate:Warning: Failed to load font data from '../../../Engine/Content/Slate/Fonts/Roboto-Italic.ttf'
[2015.02.14-17.14.42:579][  0]UdpMessaging: Initializing bridge on interface 0.0.0.0:0 to multicast group 230.0.0.1:6666.
[2015.02.14-17.14.42:909][  0]LogDirectoryWatcher:Warning: Failed to begin reading directory changes for C:/Users/Owner/Documents/Unreal Projects/WeGuys/Binaries/Win64. Error: 0
[2015.02.14-17.14.43:128][  0]SourceControl: Info Source control is disabled
[2015.02.14-17.14.43:128][  0]SourceControl: Info Source control is disabled
[2015.02.14-17.14.43:141][  0]SourceControl: Info Source control is disabled
[2015.02.14-17.14.43:421][  0]LogObj: 23754 objects as part of root set at end of initial load.
[2015.02.14-17.14.43:421][  0]LogUObjectAllocator: 5168128 out of 0 bytes used by permanent object pool.
[2015.02.14-17.14.43:504][  0]LogEngine: Initializing Engine...
[2015.02.14-17.14.43:641][  0]LogInit: XAudio2 using 'Speakers (Realtek High Definition Audio)' : 2 channels at 48 kHz using 32 bits per sample (channel mask 0x3)
[2015.02.14-17.14.43:652][  0]LogInit: FAudioDevice initialized.
[2015.02.14-17.14.43:691][  0]LogAIModule: Creating AISystem for world NewWorld
[2015.02.14-17.14.43:710][  0]LogDerivedDataCache: Saved boot cache 0.02s 39MB C:/Users/Owner/AppData/Local/UnrealEngine/4.6/DerivedDataCache/Boot.ddc.
[2015.02.14-17.14.43:713][  0]LogInit: Texture streaming: Enabled
[2015.02.14-17.14.43:769][  0]LogAnalytics: Creating configured Analytics provider AnalyticsET
[2015.02.14-17.14.43:769][  0]LogAnalytics: ET APIKey = Rocket.Release. APIServer = http://et2.epicgames.com/ET2/. AppVersion = 4.6.1-2386410+++depot+UE4-Releases+4.6
[2015.02.14-17.14.43:770][  0]LogAnalytics: SetUserId d53fbd01599cddc5eda2e5a33cd9f114
[2015.02.14-17.14.43:770][  0]LogAnalytics: AnalyticsET::StartSession [Rocket.Release]
[2015.02.14-17.14.43:799][  0]LogInit: Transaction tracking system initialized
[2015.02.14-17.14.44:009][  0]BlueprintLog: New page: Editor Load
[2015.02.14-17.14.44:075][  0]LogAssetRegistry: FAssetRegistry took 0.0111 seconds to start up
[2015.02.14-17.14.44:075][  0]LogDirectoryWatcher:Warning: Failed to begin reading directory changes for ../../../Engine/Plugins/Experimental/CharacterAI/Content/. Error: 0
[2015.02.14-17.14.44:799][  0]LogTargetPlatformManager:Display: Building Assets For Windows
[2015.02.14-17.14.45:167][  0]LogTargetPlatformManager:Display: Building Assets For Windows
[2015.02.14-17.14.45:547][  0]LogConsoleResponse:Display: 
[2015.02.14-17.14.45:599][  0]LogLinker:Warning: Asset '../../../Engine/Content/Functions/Engine_MaterialFunctions03/Procedurals/ComputeFilterWidth.uasset' has been saved with empty engine version. The asset will be loaded but may be incompatible.
[2015.02.14-17.14.45:942][  0]SourceControl: Info Source control is disabled
[2015.02.14-17.14.45:943][  0]Cmd: MAP LOAD FILE="../../../../../../../Users/Owner/Documents/Unreal Projects/WeGuys/Content/Maps/Map1.umap" TEMPLATE=0 SHOWPROGRESS=1
[2015.02.14-17.14.45:943][  0]LightingResults: New page: Lighting Build
[2015.02.14-17.14.45:959][  0]MapCheck: New page: Map Check
[2015.02.14-17.14.45:959][  0]LightingResults: New page: Lighting Build
[2015.02.14-17.14.45:965][  0]LogParticles: Destroying 0 GPU particle simulations for FXSystem 0x000000B481E5D940
[2015.02.14-17.14.46:570][  0]LogEditorServer: Finished looking for orphan Actors (0.000 secs)
[2015.02.14-17.14.46:570][  0]LogAIModule: Creating AISystem for world Map1
[2015.02.14-17.14.46:570][  0]Cmd: MAP CHECKDEP
[2015.02.14-17.14.46:570][  0]MapCheck: New page: Map1 - Feb 14, 2015, 7:14:46 AM
[2015.02.14-17.14.46:777][  0]MapCheck: Info Map check complete: 0 Error(s), 0 Warning(s), took 206.201ms to complete.
[2015.02.14-17.14.46:777][  0]LogFileHelpers: Loading map 'Map1' took 0.834
[2015.02.14-17.14.46:868][  0]LogCollectionManager: Loaded 0 collections in 0.001637 seconds
[2015.02.14-17.14.47:061][  0]LogCrashTracker: Crashtracker disabled due to settings.
[2015.02.14-17.14.47:112][  0]LogUObjectGlobals:Warning: Failed to find object 'Class None.'
[2015.02.14-17.14.47:141][  0]LogLoad: Full Startup: 15.73 seconds (BP compile: 0.15 seconds)
[2015.02.14-17.14.47:483][  0]LogContentBrowser:Verbose: The content browser source was changed by the sources view to '/Game/Blueprints'
[2015.02.14-17.14.47:641][  0]LogRenderer:Warning: Reallocating scene render targets to support 1136x904.
[2015.02.14-17.14.48:175][  2]LogAssetRegistry: Asset discovery search completed in 4.1114 seconds
[2015.02.14-17.15.19:781][572]LogPlayLevel: PIE:  No blueprints needed recompiling
[2015.02.14-17.15.19:782][572]PIE: New page: PIE session: Map1 (Feb 14, 2015, 7:15:19 AM)
[2015.02.14-17.15.19:784][572]LogPlayLevel: PIE: StaticDuplicateObject took: (0.002147s)
[2015.02.14-17.15.19:785][572]LogPlayLevel: PIE: World Init took: (0.000504s)
[2015.02.14-17.15.19:785][572]LogPlayLevel: PIE: Created PIE world by copying editor world from /Game/Maps/Map1.Map1 to /Game/Maps/UEDPIE_0_Map1.Map1 (0.002830s)
[2015.02.14-17.15.19:840][572]LogWorld: Game class is '2DSideScrollerGameMode_C'
[2015.02.14-17.15.19:842][572]LogAIModule: Creating AISystem for world Map1
[2015.02.14-17.15.19:843][572]LogWorld: Bringing World /Game/Maps/UEDPIE_0_Map1.Map1 up for play (max tick rate 60) at 2015.02.14-12.15.19
[2015.02.14-17.15.19:844][572]LogWorld: Bringing up level for play took: 0.001694
[2015.02.14-17.15.19:845][572]PIE: Info Play in editor start time for /Game/Maps/UEDPIE_0_Map1 1.011
[2015.02.14-17.16.19:764][155]LogActorComponent: UnregisterComponent: (/Engine/Transient.CharacterMovementComponent_0) Not registered. Aborting.
[2015.02.14-17.17.02:180][696]LogParticles: Destroying 0 GPU particle simulations for FXSystem 0x000000B4F847E340
[2015.02.14-17.17.05:015][863]LogEditorViewport: Clicking on Actor (LMB): Apple_C (Apple)
[2015.02.14-17.17.14:338][393]LogPlayLevel: PIE:  No blueprints needed recompiling
[2015.02.14-17.17.14:338][393]PIE: New page: PIE session: Map1 (Feb 14, 2015, 7:17:14 AM)
[2015.02.14-17.17.14:340][393]LogPlayLevel: PIE: StaticDuplicateObject took: (0.001469s)
[2015.02.14-17.17.14:340][393]LogPlayLevel: PIE: World Init took: (0.000476s)
[2015.02.14-17.17.14:340][393]LogPlayLevel: PIE: Created PIE world by copying editor world from /Game/Maps/Map1.Map1 to /Game/Maps/UEDPIE_0_Map1.Map1 (0.002076s)
[2015.02.14-17.17.14:375][393]LogWorld: Game class is '2DSideScrollerGameMode_C'
[2015.02.14-17.17.14:376][393]LogAIModule: Creating AISystem for world Map1
[2015.02.14-17.17.14:377][393]LogWorld: Bringing World /Game/Maps/UEDPIE_0_Map1.Map1 up for play (max tick rate 60) at 2015.02.14-12.17.14
[2015.02.14-17.17.14:378][393]LogWorld: Bringing up level for play took: 0.001505
[2015.02.14-17.17.14:379][393]PIE: Info Play in editor start time for /Game/Maps/UEDPIE_0_Map1 -0.455
[2015.02.14-17.17.49:115][472]LogSelection:Warning: PIE object was selected: "Apple_C /Game/Maps/UEDPIE_0_Map1.Map1:PersistentLevel.Apple_C_1"
[2015.02.14-17.17.59:803][ 73]Cmd: OBJ SAVEPACKAGE PACKAGE="/Game/Maps/Map1" FILE="../../../../../../../Users/Owner/Documents/Unreal Projects/WeGuys/Content/Maps/Map1.umap" SILENT=true AUTOSAVING=false KEEPDIRTY=false
[2015.02.14-17.17.59:868][ 73]LogSavePackage: Save=17.963552ms
[2015.02.14-17.17.59:868][ 73]LogSavePackage: Moving '../../../../../../../Users/Owner/Documents/Unreal Projects/WeGuys/Saved/Map1F80F7EEA4A5685CD90436B9A96D7F377.tmp' to '../../../../../../../Users/Owner/Documents/Unreal Projects/WeGuys/Content/Maps/Map1.umap'
[2015.02.14-17.17.59:910][ 73]LogFileHelpers: Saving map 'Map1' took 0.339
[2015.02.14-17.18.04:420][339]LogParticles: Destroying 0 GPU particle simulations for FXSystem 0x000000B4F964D260
[2015.02.14-17.18.05:197][379]LogPlayLevel: PIE:  No blueprints needed recompiling
[2015.02.14-17.18.05:197][379]PIE: New page: PIE session: Map1 (Feb 14, 2015, 7:18:05 AM)
[2015.02.14-17.18.05:199][379]LogPlayLevel: PIE: StaticDuplicateObject took: (0.001392s)
[2015.02.14-17.18.05:200][379]LogPlayLevel: PIE: World Init took: (0.000457s)
[2015.02.14-17.18.05:200][379]LogPlayLevel: PIE: Created PIE world by copying editor world from /Game/Maps/Map1.Map1 to /Game/Maps/UEDPIE_0_Map1.Map1 (0.002015s)
[2015.02.14-17.18.05:231][379]LogWorld: Game class is '2DSideScrollerGameMode_C'
[2015.02.14-17.18.05:233][379]LogAIModule: Creating AISystem for world Map1
[2015.02.14-17.18.05:234][379]LogWorld: Bringing World /Game/Maps/UEDPIE_0_Map1.Map1 up for play (max tick rate 60) at 2015.02.14-12.18.05
[2015.02.14-17.18.05:234][379]LogWorld: Bringing up level for play took: 0.001522
[2015.02.14-17.18.05:235][379]PIE: Info Play in editor start time for /Game/Maps/UEDPIE_0_Map1 0.401
[2015.02.14-17.18.08:611][577]LogParticles: Destroying 0 GPU particle simulations for FXSystem 0x000000B4F977D120
[2015.02.14-17.18.11:083][719]LogPlayLevel: PIE:  No blueprints needed recompiling
[2015.02.14-17.18.11:083][719]PIE: New page: PIE session: Map1 (Feb 14, 2015, 7:18:11 AM)
[2015.02.14-17.18.11:084][719]LogPlayLevel: PIE: StaticDuplicateObject took: (0.001420s)
[2015.02.14-17.18.11:085][719]LogPlayLevel: PIE: World Init took: (0.000543s)
[2015.02.14-17.18.11:085][719]LogPlayLevel: PIE: Created PIE world by copying editor world from /Game/Maps/Map1.Map1 to /Game/Maps/UEDPIE_0_Map1.Map1 (0.002099s)
[2015.02.14-17.18.11:116][719]LogWorld: Game class is '2DSideScrollerGameMode_C'
[2015.02.14-17.18.11:118][719]LogAIModule: Creating AISystem for world Map1
[2015.02.14-17.18.11:119][719]LogWorld: Bringing World /Game/Maps/UEDPIE_0_Map1.Map1 up for play (max tick rate 60) at 2015.02.14-12.18.11
[2015.02.14-17.18.11:120][719]LogWorld: Bringing up level for play took: 0.001587
[2015.02.14-17.18.11:120][719]PIE: Info Play in editor start time for /Game/Maps/UEDPIE_0_Map1 0.286
[2015.02.14-17.22.37:354][687]LogParticles: Destroying 0 GPU particle simulations for FXSystem 0x000000B4F9771D00
[2015.02.14-17.25.40:370][196]LogContentBrowser:Verbose: The content browser source was changed by the sources view to '/Game/Blueprints'
[2015.02.14-17.25.50:278][646]LogRenderer:Warning: Reallocating scene render targets to support 1280x904.
[2015.02.14-17.26.53:446][816]LogPropertyNode:Warning: UI Min (0.001) >= UI Max () for Ranged Numeric
[2015.02.14-17.26.53:466][816]LogPropertyNode:Warning: UI Min (0.001) >= UI Max () for Ranged Numeric
[2015.02.14-17.26.53:474][816]LogActorComponent: UnregisterComponent: (/Engine/Transient.CharacterMovementComponent_1) Not registered. Aborting.
[2015.02.14-17.26.53:501][816]LogPropertyNode:Warning: UI Min (0.001) >= UI Max () for Ranged Numeric
[2015.02.14-17.26.53:512][816]LogPropertyNode:Warning: UI Min (0.001) >= UI Max () for Ranged Numeric
[2015.02.14-17.27.14:826][589]LogPropertyNode:Warning: UI Min (0.001) >= UI Max () for Ranged Numeric
[2015.02.14-17.27.14:889][589]LogPropertyNode:Warning: UI Min (0.001) >= UI Max () for Ranged Numeric
[2015.02.14-17.27.16:125][632]BlueprintLog: New page: Compile Destructible
[2015.02.14-17.27.16:181][632]LogPropertyNode:Warning: UI Min (0.001) >= UI Max () for Ranged Numeric
[2015.02.14-17.27.16:190][632]BlueprintEditorCompileResults: Info [0764.78] Compile of Destructible successful! [in 64 ms]
[2015.02.14-17.27.16:208][632]LogPropertyNode:Warning: UI Min (0.001) >= UI Max () for Ranged Numeric
[2015.02.14-17.27.32:804][356]LogPropertyNode:Warning: UI Min (0.001) >= UI Max () for Ranged Numeric
[2015.02.14-17.32.36:047][412]LogFileHelpers: Editor autosave (incl. sublevels) for '/Game/Maps/Map1' took 0.019
[2015.02.14-17.32.36:130][412]OBJ SavePackage: Generating thumbnails for [1] asset(s) in package [/Game/Blueprints/Destructible] ([1] browsable assets)...
[2015.02.14-17.32.36:166][412]OBJ SavePackage:     Rendered thumbnail for [Blueprint /Game/Blueprints/Destructible.Destructible]
[2015.02.14-17.32.36:166][412]OBJ SavePackage: Finished generating thumbnails for package [/Game/Blueprints/Destructible]
[2015.02.14-17.32.36:316][412]LogSavePackage: Save=145.964706ms
[2015.02.14-17.32.36:316][412]LogSavePackage: Moving '../../../../../../../Users/Owner/Documents/Unreal Projects/WeGuys/Saved/Destructible_Auto1F015660E4319B6E68B0CCF9A96E49B59.tmp' to '../../../../../../../Users/Owner/Documents/Unreal Projects/WeGuys/Saved/Autosaves/Game/Blueprints/Destructible_Auto1.uasset'
[2015.02.14-17.32.36:370][412]LogFileHelpers: Auto-saving content packages took 0.324
[2015.02.14-17.35.10:996][917]BlueprintLog: New page: Compile Destructible
[2015.02.14-17.35.11:051][917]LogPropertyNode:Warning: UI Min (0.001) >= UI Max () for Ranged Numeric
[2015.02.14-17.35.11:060][917]BlueprintEditorCompileResults: Info [1239.65] Compile of Destructible successful! [in 63 ms]
[2015.02.14-17.35.11:078][917]LogPropertyNode:Warning: UI Min (0.001) >= UI Max () for Ranged Numeric
[2015.02.14-17.35.14:636][ 75]LogContentBrowser:Verbose: The content browser source was changed by the sources view to '/Game/Sprites'
[2015.02.14-17.35.15:279][110]LogContentBrowser:Verbose: The content browser source was changed by the sources view to '/Game/Sprites/MySprites'
[2015.02.14-17.35.19:187][204]LogFactory: FactoryCreateBinary: Texture with TextureFactory (0 0 ../../../../../../../Users/Owner/Documents/Unreal Projects/WeGuys/Content/Sprites/MySprites/UnImported/Destruct1.png)
[2015.02.14-17.35.19:190][204]0.000010 seconds to analyze Texture2D /Game/Sprites/MySprites/Destruct1.Destruct1

[2015.02.14-17.35.19:192][204]LogTexture:Display: Building textures: Destruct1 (AutoDXT)
[2015.02.14-17.35.19:221][204]LogContentBrowser:Verbose: The content browser source was changed by the sources view to 'None'
[2015.02.14-17.35.19:221][204]LogContentBrowser:Verbose: The content browser source was changed by the sources view to '/Game/Sprites/MySprites'
[2015.02.14-17.35.22:395][370]LogContentBrowser:Verbose: The content browser source was changed by the sources view to '/Game/Sprites/MySprites'
[2015.02.14-17.35.25:204][532]LogContentBrowser:Verbose: The content browser source was changed by the sources view to '/Game/Blueprints'
[2015.02.14-17.35.32:504][827]LogActorComponent: UnregisterComponent: (/Engine/Transient.CharacterMovementComponent_2) Not registered. Aborting.
[2015.02.14-17.35.33:524][857]Cmd: OBJ SAVEPACKAGE PACKAGE="/Game/Blueprints/Destructible" FILE="../../../../../../../Users/Owner/Documents/Unreal Projects/WeGuys/Content/Blueprints/Destructible.uasset" SILENT=true
[2015.02.14-17.35.33:662][857]LogSavePackage: Save=136.041458ms
[2015.02.14-17.35.33:662][857]LogSavePackage: Moving '../../../../../../../Users/Owner/Documents/Unreal Projects/WeGuys/Saved/Destructible158CA0C444FC33B555B4D8A84BF4265D.tmp' to '../../../../../../../Users/Owner/Documents/Unreal Projects/WeGuys/Content/Blueprints/Destructible.uasset'
[2015.02.14-17.35.33:679][857]Cmd: OBJ SAVEPACKAGE PACKAGE="/Game/Sprites/MySprites/Destruct1" FILE="../../../../../../../Users/Owner/Documents/Unreal Projects/WeGuys/Content/Sprites/MySprites/Destruct1.uasset" SILENT=true
[2015.02.14-17.35.33:727][857]LogSavePackage: Save=45.195194ms
[2015.02.14-17.35.33:727][857]LogSavePackage: Moving '../../../../../../../Users/Owner/Documents/Unreal Projects/WeGuys/Saved/Destruct1823AB4564756B7613C240FBB0D9E3A61.tmp' to '../../../../../../../Users/Owner/Documents/Unreal Projects/WeGuys/Content/Sprites/MySprites/Destruct1.uasset'
[2015.02.14-17.35.33:767][857]LogSavePackage: Save=16.966694ms
[2015.02.14-17.35.33:767][857]LogSavePackage: Moving '../../../../../../../Users/Owner/Documents/Unreal Projects/WeGuys/Saved/Destruct1_Sprite99D204734A2E3823B14479AF5E1EA4A3.tmp' to '../../../../../../../Users/Owner/Documents/Unreal Projects/WeGuys/Content/Sprites/MySprites/Destruct1_Sprite.uasset'
[2015.02.14-17.35.35:257][916]BlueprintLog: New page: Compile Destructible
[2015.02.14-17.35.35:322][916]LogPropertyNode:Warning: UI Min (0.001) >= UI Max () for Ranged Numeric
[2015.02.14-17.35.35:335][916]BlueprintEditorCompileResults: Info [1263.92] Compile of Destructible successful! [in 77 ms]
[2015.02.14-17.35.35:353][916]LogPropertyNode:Warning: UI Min (0.001) >= UI Max () for Ranged Numeric
[2015.02.14-17.35.42:127][183]LogPropertyNode:Warning: UI Min (0.001) >= UI Max () for Ranged Numeric
[2015.02.14-17.35.58:564][926]BlueprintLog: New page: Compile Destructible
[2015.02.14-17.35.58:621][926]BlueprintEditorCompileResults: Info [1287.21] Compile of Destructible successful! [in 55 ms]
[2015.02.14-17.35.59:184][945]Cmd: OBJ SAVEPACKAGE PACKAGE="/Game/Blueprints/Destructible" FILE="../../../../../../../Users/Owner/Documents/Unreal Projects/WeGuys/Content/Blueprints/Destructible.uasset" SILENT=true
[2015.02.14-17.35.59:360][945]LogSavePackage: Save=139.989120ms
[2015.02.14-17.35.59:360][945]LogSavePackage: Moving '../../../../../../../Users/Owner/Documents/Unreal Projects/WeGuys/Saved/Destructible0695216642ABBEA51AAF7DA6A6B507F5.tmp' to '../../../../../../../Users/Owner/Documents/Unreal Projects/WeGuys/Content/Blueprints/Destructible.uasset'
[2015.02.14-17.36.16:225][705]BlueprintLog: New page: Compile Destructible
[2015.02.14-17.36.16:304][705]BlueprintEditorCompileResults: Info [1304.89] Compile of Destructible successful! [in 76 ms]
[2015.02.14-17.36.16:820][720]Cmd: OBJ SAVEPACKAGE PACKAGE="/Game/Blueprints/Destructible" FILE="../../../../../../../Users/Owner/Documents/Unreal Projects/WeGuys/Content/Blueprints/Destructible.uasset" SILENT=true
[2015.02.14-17.36.16:993][720]LogSavePackage: Save=137.235031ms
[2015.02.14-17.36.16:993][720]LogSavePackage: Moving '../../../../../../../Users/Owner/Documents/Unreal Projects/WeGuys/Saved/Destructible348068D5419C1535BAA3B58F6E24E5D7.tmp' to '../../../../../../../Users/Owner/Documents/Unreal Projects/WeGuys/Content/Blueprints/Destructible.uasset'
[2015.02.14-17.37.46:637][159]BlueprintLog: New page: Compile Destructible
[2015.02.14-17.37.46:697][159]BlueprintEditorCompileResults: Info [1395.28] Compile of Destructible successful! [in 56 ms]
[2015.02.14-17.38.32:870][ 37]BlueprintLog: New page: Compile Destructible
[2015.02.14-17.38.32:943][ 37]BlueprintEditorCompileResults: Info [1441.53] Compile of Destructible successful! [in 69 ms]
[2015.02.14-17.39.16:554][168]LogPropertyNode:Warning: UI Min (0.001) >= UI Max () for Ranged Numeric
[2015.02.14-17.39.16:576][168]LogPropertyNode:Warning: UI Min (0.001) >= UI Max () for Ranged Numeric
[2015.02.14-17.39.22:586][496]LogUnrealMath: Expression Error : No value recognized
[2015.02.14-17.39.22:586][496]LogUnrealMath: Expression Error : Error in expression
[2015.02.14-17.39.22:586][496]LogUnrealMath: Expression Error : No value recognized
[2015.02.14-17.39.22:586][496]LogUnrealMath: Expression Error : Error in expression
[2015.02.14-17.39.25:876][692]LogEditorViewport: Clicking on Actor (LMB): PaperSpriteActor (Background_Sprite)
[2015.02.14-17.39.25:884][692]LogPropertyNode:Warning: UI Min (0.001) >= UI Max () for Ranged Numeric
[2015.02.14-17.39.27:471][785]LogEditorViewport: Clicking on Actor (LMB): TriggerBox (TriggerBox)
[2015.02.14-17.39.27:480][785]LogPropertyNode:Warning: UI Min (0.001) >= UI Max () for Ranged Numeric
[2015.02.14-17.39.33:696][152]LogActorComponent: UnregisterComponent: (/Engine/Transient.CharacterMovementComponent_3) Not registered. Aborting.
[2015.02.14-17.39.33:967][152]Cmd: OBJ SAVEPACKAGE PACKAGE="/Game/Maps/Map1" FILE="../../../../../../../Users/Owner/Documents/Unreal Projects/WeGuys/Content/Maps/Map1.umap" SILENT=true AUTOSAVING=false KEEPDIRTY=false
[2015.02.14-17.39.34:037][152]LogSavePackage: Save=19.036961ms
[2015.02.14-17.39.34:037][152]LogSavePackage: Moving '../../../../../../../Users/Owner/Documents/Unreal Projects/WeGuys/Saved/Map1F01A3906441B9A4547067997EC882160.tmp' to '../../../../../../../Users/Owner/Documents/Unreal Projects/WeGuys/Content/Maps/Map1.umap'
[2015.02.14-17.39.34:080][152]LogFileHelpers: Saving map 'Map1' took 0.333
[2015.02.14-17.39.34:093][152]Cmd: OBJ SAVEPACKAGE PACKAGE="/Game/Blueprints/Destructible" FILE="../../../../../../../Users/Owner/Documents/Unreal Projects/WeGuys/Content/Blueprints/Destructible.uasset" SILENT=true
[2015.02.14-17.39.34:267][152]LogSavePackage: Save=139.084213ms
[2015.02.14-17.39.34:267][152]LogSavePackage: Moving '../../../../../../../Users/Owner/Documents/Unreal Projects/WeGuys/Saved/Destructible08834E974FDCAB223C385F97CF19C61E.tmp' to '../../../../../../../Users/Owner/Documents/Unreal Projects/WeGuys/Content/Blueprints/Destructible.uasset'
[2015.02.14-17.39.48:190][838]BlueprintLog: New page: Compile Map1
[2015.02.14-17.39.48:240][838]BlueprintEditorCompileResults: Info [1516.83] Compile of Map1 successful! [in 49 ms]
[2015.02.14-17.40.49:581][516]BlueprintLog: New page: Compile Map1
[2015.02.14-17.40.49:635][516]BlueprintEditorCompileResults: Info [1578.22] Compile of Map1 successful! [in 53 ms]
[2015.02.14-17.40.51:573][615]LogEditorViewport: Clicking on Actor (LMB): MovingPlatform_C (MovingPlatform)
[2015.02.14-17.41.05:297][375]Cmd: OBJ SAVEPACKAGE PACKAGE="/Game/Maps/Map1" FILE="../../../../../../../Users/Owner/Documents/Unreal Projects/WeGuys/Content/Maps/Map1.umap" SILENT=true AUTOSAVING=false KEEPDIRTY=false
[2015.02.14-17.41.05:370][375]LogSavePackage: Save=24.283831ms
[2015.02.14-17.41.05:370][375]LogSavePackage: Moving '../../../../../../../Users/Owner/Documents/Unreal Projects/WeGuys/Saved/Map1C7B29B3848E6FE02A108ECB9D890185F.tmp' to '../../../../../../../Users/Owner/Documents/Unreal Projects/WeGuys/Content/Maps/Map1.umap'
[2015.02.14-17.41.05:411][375]LogFileHelpers: Saving map 'Map1' took 0.333
[2015.02.14-17.41.06:230][416]BlueprintLog: New page: Pre-PIE auto-recompile
[2015.02.14-17.41.06:232][416]LogPlayLevel: [PIE] Compiling Tutorial_BP_MacroLib before PIE...
[2015.02.14-17.41.06:271][416]LogPlayLevel: [PIE] Compiling Map1 before PIE...
[2015.02.14-17.41.06:324][416]LogPlayLevel: PIE:  Blueprint regeneration took 94 ms (2 blueprints)
[2015.02.14-17.41.06:324][416]PIE: New page: PIE session: Map1 (Feb 14, 2015, 7:41:06 AM)
[2015.02.14-17.41.06:326][416]LogPlayLevel: PIE: StaticDuplicateObject took: (0.001705s)
[2015.02.14-17.41.06:327][416]LogPlayLevel: PIE: World Init took: (0.000556s)
[2015.02.14-17.41.06:327][416]LogPlayLevel: PIE: Created PIE world by copying editor world from /Game/Maps/Map1.Map1 to /Game/Maps/UEDPIE_0_Map1.Map1 (0.002397s)
[2015.02.14-17.41.06:358][416]LogWorld: Game class is '2DSideScrollerGameMode_C'
[2015.02.14-17.41.06:359][416]LogAIModule: Creating AISystem for world Map1
[2015.02.14-17.41.06:360][416]LogWorld: Bringing World /Game/Maps/UEDPIE_0_Map1.Map1 up for play (max tick rate 60) at 2015.02.14-12.41.06
[2015.02.14-17.41.06:361][416]LogWorld: Bringing up level for play took: 0.001681
[2015.02.14-17.41.06:362][416]PIE: Info Play in editor start time for /Game/Maps/UEDPIE_0_Map1 -0.472
[2015.02.14-17.41.16:007][989]LogParticles: Destroying 0 GPU particle simulations for FXSystem 0x000000B494E589A0
[2015.02.14-17.41.53:975][187]Cmd: OBJ SAVEPACKAGE PACKAGE="/Game/Maps/Map1" FILE="../../../../../../../Users/Owner/Documents/Unreal Projects/WeGuys/Content/Maps/Map1.umap" SILENT=true AUTOSAVING=false KEEPDIRTY=false
[2015.02.14-17.41.54:050][187]LogSavePackage: Save=24.203861ms
[2015.02.14-17.41.54:050][187]LogSavePackage: Moving '../../../../../../../Users/Owner/Documents/Unreal Projects/WeGuys/Saved/Map137F9728D4C03F4BC7272959F8318108F.tmp' to '../../../../../../../Users/Owner/Documents/Unreal Projects/WeGuys/Content/Maps/Map1.umap'
[2015.02.14-17.41.54:093][187]LogFileHelpers: Saving map 'Map1' took 0.336
[2015.02.14-17.42.48:014][835]BlueprintLog: New page: Compile Map1
[2015.02.14-17.42.48:069][835]BlueprintEditorCompileResults: Info [1696.65] Compile of Map1 successful! [in 53 ms]
[2015.02.14-17.42.49:049][880]LogEditorTransaction: Undo Delete current selection
[2015.02.14-17.43.05:067][599]BlueprintLog: New page: Compile Map1
[2015.02.14-17.43.05:119][599]BlueprintEditorCompileResults: Info [1713.70] Compile of Map1 successful! [in 50 ms]
[2015.02.14-17.43.12:530][964]LogPropertyNode:Warning: UI Min (0.001) >= UI Max () for Ranged Numeric
[2015.02.14-17.43.12:534][964]LogPropertyNode:Warning: UI Min (0.001) >= UI Max () for Ranged Numeric
[2015.02.14-17.43.15:688][ 26]LogEditorActor: Deleted Actor: MovingPlatform_C
[2015.02.14-17.43.15:708][ 26]LogEditorActor: Deleted 1 Actors (1.982 secs)
[2015.02.14-17.43.16:402][ 51]Cmd: OBJ SAVEPACKAGE PACKAGE="/Game/Maps/Map1" FILE="../../../../../../../Users/Owner/Documents/Unreal Projects/WeGuys/Content/Maps/Map1.umap" SILENT=true AUTOSAVING=false KEEPDIRTY=false
[2015.02.14-17.43.16:476][ 51]LogSavePackage: Save=24.457031ms
[2015.02.14-17.43.16:476][ 51]LogSavePackage: Moving '../../../../../../../Users/Owner/Documents/Unreal Projects/WeGuys/Saved/Map1008E500D497253CEB366B6A6EDB85C1A.tmp' to '../../../../../../../Users/Owner/Documents/Unreal Projects/WeGuys/Content/Maps/Map1.umap'
[2015.02.14-17.43.16:516][ 51]LogFileHelpers: Saving map 'Map1' took 0.332
[2015.02.14-17.43.16:530][ 51]Cmd: OBJ SAVEPACKAGE PACKAGE="/Game/Blueprints/Destructible" FILE="../../../../../../../Users/Owner/Documents/Unreal Projects/WeGuys/Content/Blueprints/Destructible.uasset" SILENT=true
[2015.02.14-17.43.16:706][ 51]LogSavePackage: Save=140.230316ms
[2015.02.14-17.43.16:706][ 51]LogSavePackage: Moving '../../../../../../../Users/Owner/Documents/Unreal Projects/WeGuys/Saved/Destructible3314893C45154E9DC851E2A1D75862AC.tmp' to '../../../../../../../Users/Owner/Documents/Unreal Projects/WeGuys/Content/Blueprints/Destructible.uasset'
[2015.02.14-17.43.33:421][801]LogSlate:Warning: Prevented a slow task dialog from being summoned while a context menu was open
[2015.02.14-17.44.32:239][466]LogActorComponent: UnregisterComponent: (/Engine/Transient.CharacterMovementComponent_4) Not registered. Aborting.
[2015.02.14-17.44.32:528][466]Cmd: OBJ SAVEPACKAGE PACKAGE="/Game/Maps/Map1" FILE="../../../../../../../Users/Owner/Documents/Unreal Projects/WeGuys/Content/Maps/Map1.umap" SILENT=true AUTOSAVING=false KEEPDIRTY=false
[2015.02.14-17.44.32:627][466]LogSavePackage: Save=49.308784ms
[2015.02.14-17.44.32:627][466]LogSavePackage: Moving '../../../../../../../Users/Owner/Documents/Unreal Projects/WeGuys/Saved/Map178152946442C771C65D087AC27FB4BA4.tmp' to '../../../../../../../Users/Owner/Documents/Unreal Projects/WeGuys/Content/Maps/Map1.umap'
[2015.02.14-17.44.32:672][466]LogFileHelpers: Saving map 'Map1' took 0.361
[2015.02.14-17.44.35:552][614]BlueprintLog: New page: Pre-PIE auto-recompile
[2015.02.14-17.44.35:558][614]LogPlayLevel: [PIE] Compiling Destructible before PIE...
[2015.02.14-17.44.35:628][614]LogPlayLevel: [PIE] Compiling Map1 before PIE...
[2015.02.14-17.44.35:702][614]LogPlayLevel: PIE:  Blueprint regeneration took 150 ms (2 blueprints)
[2015.02.14-17.44.35:703][614]PIE: New page: PIE session: Map1 (Feb 14, 2015, 7:44:35 AM)
[2015.02.14-17.44.35:705][614]LogPlayLevel: PIE: StaticDuplicateObject took: (0.001756s)
[2015.02.14-17.44.35:705][614]LogPlayLevel: PIE: World Init took: (0.000508s)
[2015.02.14-17.44.35:705][614]LogPlayLevel: PIE: Created PIE world by copying editor world from /Game/Maps/Map1.Map1 to /Game/Maps/UEDPIE_0_Map1.Map1 (0.002417s)
[2015.02.14-17.44.35:740][614]LogWorld: Game class is '2DSideScrollerGameMode_C'
[2015.02.14-17.44.35:742][614]LogAIModule: Creating AISystem for world Map1
[2015.02.14-17.44.35:743][614]LogWorld: Bringing World /Game/Maps/UEDPIE_0_Map1.Map1 up for play (max tick rate 60) at 2015.02.14-12.44.35
[2015.02.14-17.44.35:744][614]LogWorld: Bringing up level for play took: 0.001483
[2015.02.14-17.44.35:745][614]PIE: Info Play in editor start time for /Game/Maps/UEDPIE_0_Map1 0.911
[2015.02.14-17.45.01:577][158]LogParticles: Destroying 0 GPU particle simulations for FXSystem 0x000000B49C2CFA60
[2015.02.14-17.45.02:287][200]Cmd: ACTOR SELECT ALL
[2015.02.14-17.45.03:136][241]LogEditorViewport: Clicking on Actor (LMB): PaperSpriteActor (Background_Sprite)
[2015.02.14-17.45.03:144][241]LogPropertyNode:Warning: UI Min (0.001) >= UI Max () for Ranged Numeric
[2015.02.14-17.45.03:767][271]LogEditorViewport: Clicking on Actor (LMB): TriggerBox (MyTrigger1)
[2015.02.14-17.45.03:775][271]LogPropertyNode:Warning: UI Min (0.001) >= UI Max () for Ranged Numeric
[2015.02.14-17.45.17:791][987]Cmd: OBJ SAVEPACKAGE PACKAGE="/Game/Maps/Map1" FILE="../../../../../../../Users/Owner/Documents/Unreal Projects/WeGuys/Content/Maps/Map1.umap" SILENT=true AUTOSAVING=false KEEPDIRTY=false
[2015.02.14-17.45.17:875][987]LogSavePackage: Save=28.670265ms
[2015.02.14-17.45.17:875][987]LogSavePackage: Moving '../../../../../../../Users/Owner/Documents/Unreal Projects/WeGuys/Saved/Map1148E6E4F4B5AD42CF621B7963C356A2E.tmp' to '../../../../../../../Users/Owner/Documents/Unreal Projects/WeGuys/Content/Maps/Map1.umap'
[2015.02.14-17.45.17:913][987]LogFileHelpers: Saving map 'Map1' took 0.338
[2015.02.14-17.45.43:771][120]BlueprintLog: New page: Compile Destructible
[2015.02.14-17.45.43:811][120]LogActorComponent: UnregisterComponent: (/Engine/Transient.CharacterMovementComponent_5) Not registered. Aborting.
[2015.02.14-17.45.43:836][120]BlueprintEditorCompileResults: Info [1872.42] Compile of Destructible successful! [in 60 ms]
[2015.02.14-17.45.59:431][751]LogEditorTransaction: Undo Delete current selection
[2015.02.14-17.45.59:438][751]LogPropertyNode:Warning: UI Min (0.001) >= UI Max () for Ranged Numeric
[2015.02.14-17.46.02:269][846]LogUObjectGlobals:Warning: Failed to find object 'Object None.'
[2015.02.14-17.46.11:064][196]BlueprintLog: New page: Compile Destructible
[2015.02.14-17.46.11:132][196]BlueprintEditorCompileResults: Info [1899.72] Compile of Destructible successful! [in 61 ms]
[2015.02.14-17.46.22:883][682]LogUObjectGlobals:Warning: Failed to find object 'Object None.'
[2015.02.14-17.46.22:883][682]LogUObjectGlobals:Warning: Failed to find object 'Object None.'
[2015.02.14-17.46.22:883][682]LogUObjectGlobals:Warning: Failed to find object 'Object None.'
[2015.02.14-17.46.22:883][682]LogUObjectGlobals:Warning: Failed to find object 'Object None.'
[2015.02.14-17.46.22:883][682]LogUObjectHash:Warning: Ambiguous search, could be K2Node_CallFunction /Game/Blueprints/Destructible.Destructible:DestroySelf.K2Node_CallFunction_2262 or K2Node_CallFunction /Game/Blueprints/Destructible.Destructible:EventGraph.K2Node_CallFunction_2262
[2015.02.14-17.46.22:883][682]LogUObjectHash:Warning: Ambiguous search, could be K2Node_CallFunction /Game/Blueprints/Destructible.Destructible:DestroySelf.K2Node_CallFunction_2272 or K2Node_CallFunction /Game/Blueprints/Destructible.Destructible:EventGraph.K2Node_CallFunction_2272
[2015.02.14-17.46.22:884][682]LogUObjectHash:Warning: Ambiguous search, could be K2Node_CallFunction /Game/Blueprints/Destructible.Destructible:DestroySelf.K2Node_CallFunction_2272 or K2Node_CallFunction /Game/Blueprints/Destructible.Destructible:EventGraph.K2Node_CallFunction_2272
[2015.02.14-17.48.43:692][503]BlueprintLog: New page: Compile Destructible
[2015.02.14-17.48.43:762][503]BlueprintEditorCompileResults: Info [2052.35] Compile of Destructible successful! [in 65 ms]
[2015.02.14-17.49.09:950][661]LogUObjectGlobals:Warning: Failed to find object 'Object None.'
[2015.02.14-17.49.09:950][661]LogUObjectGlobals:Warning: Failed to find object 'Object None.'
[2015.02.14-17.49.09:950][661]LogUObjectGlobals:Warning: Failed to find object 'Object None.'
[2015.02.14-17.49.09:950][661]LogUObjectGlobals:Warning: Failed to find object 'Object None.'
[2015.02.14-17.49.09:951][661]LogUObjectHash:Warning: Ambiguous search, could be K2Node_CallFunction /Game/Blueprints/Destructible.Destructible:RecreateSelf.K2Node_CallFunction_2262 or K2Node_CallFunction /Game/Blueprints/Destructible.Destructible:EdGraph_287.K2Node_CallFunction_2262
[2015.02.14-17.49.09:951][661]LogUObjectHash:Warning: Ambiguous search, could be K2Node_CallFunction /Game/Blueprints/Destructible.Destructible:RecreateSelf.K2Node_CallFunction_2262 or K2Node_CallFunction /Game/Blueprints/Destructible.Destructible:EdGraph_283.K2Node_CallFunction_2262
[2015.02.14-17.49.09:951][661]LogUObjectHash:Warning: Ambiguous search, could be K2Node_CallFunction /Game/Blueprints/Destructible.Destructible:RecreateSelf.K2Node_CallFunction_2262 or K2Node_CallFunction /Game/Blueprints/Destructible.Destructible:DestroySelf.K2Node_CallFunction_2262
[2015.02.14-17.49.09:951][661]LogUObjectHash:Warning: Ambiguous search, could be K2Node_CallFunction /Game/Blueprints/Destructible.Destructible:RecreateSelf.K2Node_CallFunction_2262 or K2Node_CallFunction /Game/Blueprints/Destructible.Destructible:EventGraph.K2Node_CallFunction_2262
[2015.02.14-17.49.09:951][661]LogUObjectHash:Warning: Ambiguous search, could be K2Node_CallFunction /Game/Blueprints/Destructible.Destructible:RecreateSelf.K2Node_CallFunction_2272 or K2Node_CallFunction /Game/Blueprints/Destructible.Destructible:EdGraph_287.K2Node_CallFunction_2272
[2015.02.14-17.49.09:951][661]LogUObjectHash:Warning: Ambiguous search, could be K2Node_CallFunction /Game/Blueprints/Destructible.Destructible:RecreateSelf.K2Node_CallFunction_2272 or K2Node_CallFunction /Game/Blueprints/Destructible.Destructible:EdGraph_283.K2Node_CallFunction_2272
[2015.02.14-17.49.09:951][661]LogUObjectHash:Warning: Ambiguous search, could be K2Node_CallFunction /Game/Blueprints/Destructible.Destructible:RecreateSelf.K2Node_CallFunction_2272 or K2Node_CallFunction /Game/Blueprints/Destructible.Destructible:DestroySelf.K2Node_CallFunction_2272
[2015.02.14-17.49.09:951][661]LogUObjectHash:Warning: Ambiguous search, could be K2Node_CallFunction /Game/Blueprints/Destructible.Destructible:RecreateSelf.K2Node_CallFunction_2272 or K2Node_CallFunction /Game/Blueprints/Destructible.Destructible:EventGraph.K2Node_CallFunction_2272
[2015.02.14-17.49.09:952][661]LogUObjectHash:Warning: Ambiguous search, could be K2Node_CallFunction /Game/Blueprints/Destructible.Destructible:RecreateSelf.K2Node_CallFunction_2272 or K2Node_CallFunction /Game/Blueprints/Destructible.Destructible:EdGraph_287.K2Node_CallFunction_2272
[2015.02.14-17.49.09:952][661]LogUObjectHash:Warning: Ambiguous search, could be K2Node_CallFunction /Game/Blueprints/Destructible.Destructible:RecreateSelf.K2Node_CallFunction_2272 or K2Node_CallFunction /Game/Blueprints/Destructible.Destructible:EdGraph_283.K2Node_CallFunction_2272
[2015.02.14-17.49.09:952][661]LogUObjectHash:Warning: Ambiguous search, could be K2Node_CallFunction /Game/Blueprints/Destructible.Destructible:RecreateSelf.K2Node_CallFunction_2272 or K2Node_CallFunction /Game/Blueprints/Destructible.Destructible:DestroySelf.K2Node_CallFunction_2272
[2015.02.14-17.49.09:952][661]LogUObjectHash:Warning: Ambiguous search, could be K2Node_CallFunction /Game/Blueprints/Destructible.Destructible:RecreateSelf.K2Node_CallFunction_2272 or K2Node_CallFunction /Game/Blueprints/Destructible.Destructible:EventGraph.K2Node_CallFunction_2272
[2015.02.14-17.49.19:908][ 89]BlueprintLog: New page: Compile Destructible
[2015.02.14-17.49.19:977][ 89]BlueprintEditorCompileResults: Info [2088.56] Compile of Destructible successful! [in 60 ms]
[2015.02.14-17.49.22:107][164]Cmd: OBJ SAVEPACKAGE PACKAGE="/Game/Maps/Map1" FILE="../../../../../../../Users/Owner/Documents/Unreal Projects/WeGuys/Content/Maps/Map1.umap" SILENT=true AUTOSAVING=false KEEPDIRTY=false
[2015.02.14-17.49.22:186][164]LogSavePackage: Save=29.107754ms
[2015.02.14-17.49.22:186][164]LogSavePackage: Moving '../../../../../../../Users/Owner/Documents/Unreal Projects/WeGuys/Saved/Map184502D2643366CDD2198D984AB678B90.tmp' to '../../../../../../../Users/Owner/Documents/Unreal Projects/WeGuys/Content/Maps/Map1.umap'
[2015.02.14-17.49.22:227][164]LogFileHelpers: Saving map 'Map1' took 0.339
[2015.02.14-17.49.22:242][164]Cmd: OBJ SAVEPACKAGE PACKAGE="/Game/Blueprints/Destructible" FILE="../../../../../../../Users/Owner/Documents/Unreal Projects/WeGuys/Content/Blueprints/Destructible.uasset" SILENT=true
[2015.02.14-17.49.22:427][164]LogSavePackage: Save=148.491287ms
[2015.02.14-17.49.22:427][164]LogSavePackage: Moving '../../../../../../../Users/Owner/Documents/Unreal Projects/WeGuys/Saved/DestructibleDC196FC7498344B3569A989763B92852.tmp' to '../../../../../../../Users/Owner/Documents/Unreal Projects/WeGuys/Content/Blueprints/Destructible.uasset'
[2015.02.14-17.49.22:809][179]BlueprintLog: New page: Compile Map1
[2015.02.14-17.49.22:872][179]BlueprintEditorCompileResults: Info [2091.46] Compile of Map1 successful! [in 60 ms]
[2015.02.14-17.50.16:411][611]BlueprintLog: New page: Compile Destructible
[2015.02.14-17.50.16:480][611]BlueprintEditorCompileResults: Info [2145.07] Compile of Destructible successful! [in 62 ms]
[2015.02.14-17.50.21:853][808]BlueprintLog: New page: Compile Destructible
[2015.02.14-17.50.21:945][808]BlueprintEditorCompileResults: Info [2150.53] Compile of Destructible successful! [in 83 ms]
[2015.02.14-17.50.34:238][249]BlueprintLog: New page: Compile Destructible
[2015.02.14-17.50.34:308][249]BlueprintEditorCompileResults: Info [2162.89] Compile of Destructible successful! [in 63 ms]
[2015.02.14-17.50.37:172][366]Cmd: OBJ SAVEPACKAGE PACKAGE="/Game/Blueprints/Destructible" FILE="../../../../../../../Users/Owner/Documents/Unreal Projects/WeGuys/Content/Blueprints/Destructible.uasset" SILENT=true
[2015.02.14-17.50.37:352][366]LogSavePackage: Save=144.473053ms
[2015.02.14-17.50.37:352][366]LogSavePackage: Moving '../../../../../../../Users/Owner/Documents/Unreal Projects/WeGuys/Saved/Destructible6FCADDD04B401174E99DD597E64DD2CB.tmp' to '../../../../../../../Users/Owner/Documents/Unreal Projects/WeGuys/Content/Blueprints/Destructible.uasset'
[2015.02.14-17.50.51:858][977]BlueprintLog: New page: Compile Destructible
[2015.02.14-17.50.51:930][977]BlueprintEditorCompileResults: Info [2180.52] Compile of Destructible successful! [in 64 ms]
[2015.02.14-17.50.52:347][989]Cmd: OBJ SAVEPACKAGE PACKAGE="/Game/Blueprints/Destructible" FILE="../../../../../../../Users/Owner/Documents/Unreal Projects/WeGuys/Content/Blueprints/Destructible.uasset" SILENT=true
[2015.02.14-17.50.52:529][989]LogSavePackage: Save=145.902695ms
[2015.02.14-17.50.52:529][989]LogSavePackage: Moving '../../../../../../../Users/Owner/Documents/Unreal Projects/WeGuys/Saved/DestructibleC9E8DAED491A0DCE0812B2B0674624E3.tmp' to '../../../../../../../Users/Owner/Documents/Unreal Projects/WeGuys/Content/Blueprints/Destructible.uasset'
[2015.02.14-17.50.58:277][269]BlueprintLog: New page: Pre-PIE auto-recompile
[2015.02.14-17.50.58:282][269]LogPlayLevel: [PIE] Compiling Map1 before PIE...
[2015.02.14-17.50.58:336][269]LogPlayLevel: PIE:  Blueprint regeneration took 58 ms (1 blueprints)
[2015.02.14-17.50.58:336][269]PIE: New page: PIE session: Map1 (Feb 14, 2015, 7:50:58 AM)
[2015.02.14-17.50.58:338][269]LogPlayLevel: PIE: StaticDuplicateObject took: (0.001686s)
[2015.02.14-17.50.58:339][269]LogPlayLevel: PIE: World Init took: (0.000520s)
[2015.02.14-17.50.58:339][269]LogPlayLevel: PIE: Created PIE world by copying editor world from /Game/Maps/Map1.Map1 to /Game/Maps/UEDPIE_0_Map1.Map1 (0.002347s)
[2015.02.14-17.50.58:372][269]LogWorld: Game class is '2DSideScrollerGameMode_C'
[2015.02.14-17.50.58:374][269]LogAIModule: Creating AISystem for world Map1
[2015.02.14-17.50.58:375][269]LogWorld: Bringing World /Game/Maps/UEDPIE_0_Map1.Map1 up for play (max tick rate 60) at 2015.02.14-12.50.58
[2015.02.14-17.50.58:376][269]LogWorld: Bringing up level for play took: 0.001459
[2015.02.14-17.50.58:377][269]PIE: Info Play in editor start time for /Game/Maps/UEDPIE_0_Map1 -0.458
[2015.02.14-17.50.59:078][307]LogPropertyNode:Warning: UI Min (0.001) >= UI Max () for Ranged Numeric
[2015.02.14-17.50.59:138][308]LogParticles: Destroying 0 GPU particle simulations for FXSystem 0x000000B49C6A49A0
[2015.02.14-17.51.04:976][606]LogActorComponent: UnregisterComponent: (/Engine/Transient.CharacterMovementComponent_6) Not registered. Aborting.
[2015.02.14-17.51.05:261][606]Cmd: OBJ SAVEPACKAGE PACKAGE="/Game/Maps/Map1" FILE="../../../../../../../Users/Owner/Documents/Unreal Projects/WeGuys/Content/Maps/Map1.umap" SILENT=true AUTOSAVING=false KEEPDIRTY=false
[2015.02.14-17.51.05:340][606]LogSavePackage: Save=26.877974ms
[2015.02.14-17.51.05:340][606]LogSavePackage: Moving '../../../../../../../Users/Owner/Documents/Unreal Projects/WeGuys/Saved/Map1DEEB6B9741F1EBAA76F7A592E4FA12C1.tmp' to '../../../../../../../Users/Owner/Documents/Unreal Projects/WeGuys/Content/Maps/Map1.umap'
[2015.02.14-17.51.05:379][606]LogFileHelpers: Saving map 'Map1' took 0.346
[2015.02.14-17.51.05:900][634]BlueprintLog: New page: Pre-PIE auto-recompile
[2015.02.14-17.51.05:902][634]LogPlayLevel: [PIE] Compiling Map1 before PIE...
[2015.02.14-17.51.05:958][634]LogPlayLevel: PIE:  Blueprint regeneration took 58 ms (1 blueprints)
[2015.02.14-17.51.05:958][634]PIE: New page: PIE session: Map1 (Feb 14, 2015, 7:51:05 AM)
[2015.02.14-17.51.05:960][634]LogPlayLevel: PIE: StaticDuplicateObject took: (0.001851s)
[2015.02.14-17.51.05:961][634]LogPlayLevel: PIE: World Init took: (0.000580s)
[2015.02.14-17.51.05:961][634]LogPlayLevel: PIE: Created PIE world by copying editor world from /Game/Maps/Map1.Map1 to /Game/Maps/UEDPIE_0_Map1.Map1 (0.002565s)
[2015.02.14-17.51.05:994][634]LogWorld: Game class is '2DSideScrollerGameMode_C'
[2015.02.14-17.51.05:995][634]LogAIModule: Creating AISystem for world Map1
[2015.02.14-17.51.05:996][634]LogWorld: Bringing World /Game/Maps/UEDPIE_0_Map1.Map1 up for play (max tick rate 60) at 2015.02.14-12.51.05
[2015.02.14-17.51.05:997][634]LogWorld: Bringing up level for play took: 0.001541
[2015.02.14-17.51.05:998][634]PIE: Info Play in editor start time for /Game/Maps/UEDPIE_0_Map1 -0.836
[2015.02.14-17.51.22:008][589]LogParticles: Destroying 0 GPU particle simulations for FXSystem 0x000000B492756D40
[2015.02.14-17.51.51:015][904]Cmd: OBJ SAVEPACKAGE PACKAGE="/Game/Blueprints/Destructible" FILE="../../../../../../../Users/Owner/Documents/Unreal Projects/WeGuys/Content/Blueprints/Destructible.uasset" SILENT=true
[2015.02.14-17.51.51:068][904]LogSavePackage: Save=14.659935ms
[2015.02.14-17.51.51:068][904]LogSavePackage: Moving '../../../../../../../Users/Owner/Documents/Unreal Projects/WeGuys/Saved/DestructibleB2BE43AB4CBBE07E7F0B56ABDE3D3D42.tmp' to '../../../../../../../Users/Owner/Documents/Unreal Projects/WeGuys/Content/Blueprints/Destructible.uasset'
[2015.02.14-17.51.52:785][985]BlueprintLog: New page: Pre-PIE auto-recompile
[2015.02.14-17.51.52:788][985]LogPlayLevel: [PIE] Compiling Map1 before PIE...
[2015.02.14-17.51.52:844][985]LogPlayLevel: PIE:  Blueprint regeneration took 59 ms (1 blueprints)
[2015.02.14-17.51.52:845][985]PIE: New page: PIE session: Map1 (Feb 14, 2015, 7:51:52 AM)
[2015.02.14-17.51.52:847][985]LogPlayLevel: PIE: StaticDuplicateObject took: (0.001869s)
[2015.02.14-17.51.52:847][985]LogPlayLevel: PIE: World Init took: (0.000438s)
[2015.02.14-17.51.52:847][985]LogPlayLevel: PIE: Created PIE world by copying editor world from /Game/Maps/Map1.Map1 to /Game/Maps/UEDPIE_0_Map1.Map1 (0.002440s)
[2015.02.14-17.51.52:878][985]LogWorld: Game class is '2DSideScrollerGameMode_C'
[2015.02.14-17.51.52:880][985]LogAIModule: Creating AISystem for world Map1
[2015.02.14-17.51.52:881][985]LogWorld: Bringing World /Game/Maps/UEDPIE_0_Map1.Map1 up for play (max tick rate 60) at 2015.02.14-12.51.52
[2015.02.14-17.51.52:882][985]LogWorld: Bringing up level for play took: 0.001458
[2015.02.14-17.51.52:883][985]PIE: Info Play in editor start time for /Game/Maps/UEDPIE_0_Map1 0.049
[2015.02.14-17.51.54:885][100]LogParticles: Destroying 0 GPU particle simulations for FXSystem 0x000000B4A207FB00
[2015.02.14-17.51.58:570][301]Cmd: OBJ SAVEPACKAGE PACKAGE="/Game/Maps/Map1" FILE="../../../../../../../Users/Owner/Documents/Unreal Projects/WeGuys/Content/Maps/Map1.umap" SILENT=true AUTOSAVING=false KEEPDIRTY=false
[2015.02.14-17.51.58:650][301]LogSavePackage: Save=26.978043ms
[2015.02.14-17.51.58:650][301]LogSavePackage: Moving '../../../../../../../Users/Owner/Documents/Unreal Projects/WeGuys/Saved/Map190ACEA25452A5BAD143D93934B385352.tmp' to '../../../../../../../Users/Owner/Documents/Unreal Projects/WeGuys/Content/Maps/Map1.umap'
[2015.02.14-17.51.58:688][301]LogFileHelpers: Saving map 'Map1' took 0.335
[2015.02.14-17.51.59:347][332]BlueprintLog: New page: Pre-PIE auto-recompile
[2015.02.14-17.51.59:350][332]LogPlayLevel: [PIE] Compiling Map1 before PIE...
[2015.02.14-17.51.59:404][332]LogPlayLevel: PIE:  Blueprint regeneration took 57 ms (1 blueprints)
[2015.02.14-17.51.59:405][332]PIE: New page: PIE session: Map1 (Feb 14, 2015, 7:51:59 AM)
[2015.02.14-17.51.59:406][332]LogPlayLevel: PIE: StaticDuplicateObject took: (0.001696s)
[2015.02.14-17.51.59:407][332]LogPlayLevel: PIE: World Init took: (0.000483s)
[2015.02.14-17.51.59:407][332]LogPlayLevel: PIE: Created PIE world by copying editor world from /Game/Maps/Map1.Map1 to /Game/Maps/UEDPIE_0_Map1.Map1 (0.002303s)
[2015.02.14-17.51.59:441][332]LogWorld: Game class is '2DSideScrollerGameMode_C'
[2015.02.14-17.51.59:443][332]LogAIModule: Creating AISystem for world Map1
[2015.02.14-17.51.59:444][332]LogWorld: Bringing World /Game/Maps/UEDPIE_0_Map1.Map1 up for play (max tick rate 60) at 2015.02.14-12.51.59
[2015.02.14-17.51.59:445][332]LogWorld: Bringing up level for play took: 0.001621
[2015.02.14-17.51.59:446][332]PIE: Info Play in editor start time for /Game/Maps/UEDPIE_0_Map1 0.611
[2015.02.14-17.52.00:742][409]LogBlueprintDebug:Warning: Hit breakpoint on node 'CallFunc_SetCollisionEnabled', from offset 54
[2015.02.14-17.52.00:742][409]LogBlueprintDebug: 
Script call stack:
	Function /Game/Blueprints/Destructible.Destructible_C:BndEvt__Destructable_K2Node_ComponentBoundEvent_25_ComponentBeginOverlapSignature__DelegateSignature
	Function /Game/Blueprints/Destructible.Destructible_C:ExecuteUbergraph_Destructible
	Function /Game/Blueprints/Destructible.Destructible_C:DestroySelf

[2015.02.14-17.52.08:857][607]LogParticles: Destroying 0 GPU particle simulations for FXSystem 0x000000B4A127B4C0
[2015.02.14-17.52.09:629][650]BlueprintLog: New page: Pre-PIE auto-recompile
[2015.02.14-17.52.09:631][650]LogPlayLevel: [PIE] Compiling Map1 before PIE...
[2015.02.14-17.52.09:686][650]LogPlayLevel: PIE:  Blueprint regeneration took 56 ms (1 blueprints)
[2015.02.14-17.52.09:686][650]PIE: New page: PIE session: Map1 (Feb 14, 2015, 7:52:09 AM)
[2015.02.14-17.52.09:688][650]LogPlayLevel: PIE: StaticDuplicateObject took: (0.001741s)
[2015.02.14-17.52.09:688][650]LogPlayLevel: PIE: World Init took: (0.000432s)
[2015.02.14-17.52.09:688][650]LogPlayLevel: PIE: Created PIE world by copying editor world from /Game/Maps/Map1.Map1 to /Game/Maps/UEDPIE_0_Map1.Map1 (0.002308s)
[2015.02.14-17.52.09:723][650]LogWorld: Game class is '2DSideScrollerGameMode_C'
[2015.02.14-17.52.09:725][650]LogAIModule: Creating AISystem for world Map1
[2015.02.14-17.52.09:726][650]LogWorld: Bringing World /Game/Maps/UEDPIE_0_Map1.Map1 up for play (max tick rate 60) at 2015.02.14-12.52.09
[2015.02.14-17.52.09:726][650]LogWorld: Bringing up level for play took: 0.001455
[2015.02.14-17.52.09:727][650]PIE: Info Play in editor start time for /Game/Maps/UEDPIE_0_Map1 0.893
[2015.02.14-17.52.12:800][829]LogParticles: Destroying 0 GPU particle simulations for FXSystem 0x000000B482D4F2E0
[2015.02.14-17.52.16:314][ 22]Cmd: OBJ SAVEPACKAGE PACKAGE="/Game/Maps/Map1" FILE="../../../../../../../Users/Owner/Documents/Unreal Projects/WeGuys/Content/Maps/Map1.umap" SILENT=true AUTOSAVING=false KEEPDIRTY=false
[2015.02.14-17.52.16:390][ 22]LogSavePackage: Save=26.310478ms
[2015.02.14-17.52.16:390][ 22]LogSavePackage: Moving '../../../../../../../Users/Owner/Documents/Unreal Projects/WeGuys/Saved/Map1183B278A428BF6D99020928BF6748F0B.tmp' to '../../../../../../../Users/Owner/Documents/Unreal Projects/WeGuys/Content/Maps/Map1.umap'
[2015.02.14-17.52.16:428][ 22]LogFileHelpers: Saving map 'Map1' took 0.332
[2015.02.14-17.52.17:172][ 63]BlueprintLog: New page: Pre-PIE auto-recompile
[2015.02.14-17.52.17:175][ 63]LogPlayLevel: [PIE] Compiling Map1 before PIE...
[2015.02.14-17.52.17:229][ 63]LogPlayLevel: PIE:  Blueprint regeneration took 57 ms (1 blueprints)
[2015.02.14-17.52.17:229][ 63]PIE: New page: PIE session: Map1 (Feb 14, 2015, 7:52:17 AM)
[2015.02.14-17.52.17:231][ 63]LogPlayLevel: PIE: StaticDuplicateObject took: (0.001791s)
[2015.02.14-17.52.17:231][ 63]LogPlayLevel: PIE: World Init took: (0.000487s)
[2015.02.14-17.52.17:231][ 63]LogPlayLevel: PIE: Created PIE world by copying editor world from /Game/Maps/Map1.Map1 to /Game/Maps/UEDPIE_0_Map1.Map1 (0.002406s)
[2015.02.14-17.52.17:262][ 63]LogWorld: Game class is '2DSideScrollerGameMode_C'
[2015.02.14-17.52.17:264][ 63]LogAIModule: Creating AISystem for world Map1
[2015.02.14-17.52.17:265][ 63]LogWorld: Bringing World /Game/Maps/UEDPIE_0_Map1.Map1 up for play (max tick rate 60) at 2015.02.14-12.52.17
[2015.02.14-17.52.17:265][ 63]LogWorld: Bringing up level for play took: 0.001468
[2015.02.14-17.52.17:266][ 63]PIE: Info Play in editor start time for /Game/Maps/UEDPIE_0_Map1 0.432
[2015.02.14-17.52.30:922][875]LogParticles: Destroying 0 GPU particle simulations for FXSystem 0x000000B487474900
[2015.02.14-17.52.47:002][739]LogPropertyNode:Warning: UI Min (0.001) >= UI Max () for Ranged Numeric
[2015.02.14-17.52.47:005][739]LogPropertyNode:Warning: UI Min (0.001) >= UI Max () for Ranged Numeric
[2015.02.14-17.52.47:052][739]LogPropertyNode:Warning: UI Min (0.001) >= UI Max () for Ranged Numeric
[2015.02.14-17.52.47:053][739]LogPropertyNode:Warning: UI Min (0.001) >= UI Max () for Ranged Numeric
[2015.02.14-17.52.47:089][739]LogPropertyNode:Warning: UI Min (0.001) >= UI Max () for Ranged Numeric
[2015.02.14-17.52.47:090][739]LogPropertyNode:Warning: UI Min (0.001) >= UI Max () for Ranged Numeric
[2015.02.14-17.52.55:805][ 34]LogSlate:Warning: Prevented a slow task dialog from being summoned while a context menu was open
[2015.02.14-17.53.02:773][308]LogPropertyNode:Warning: UI Min (0.001) >= UI Max () for Ranged Numeric
[2015.02.14-17.53.02:774][308]LogPropertyNode:Warning: UI Min (0.001) >= UI Max () for Ranged Numeric
[2015.02.14-17.53.02:795][308]LogActorComponent: UnregisterComponent: (/Engine/Transient.CharacterMovementComponent_7) Not registered. Aborting.
[2015.02.14-17.53.02:815][308]LogPropertyNode:Warning: UI Min (0.001) >= UI Max () for Ranged Numeric
[2015.02.14-17.53.02:816][308]LogPropertyNode:Warning: UI Min (0.001) >= UI Max () for Ranged Numeric
[2015.02.14-17.53.22:715][ 45]LogActorComponent: UnregisterComponent: (/Engine/Transient.CharacterMovementComponent_8) Not registered. Aborting.
[2015.02.14-17.53.22:994][ 45]Cmd: OBJ SAVEPACKAGE PACKAGE="/Game/Maps/Map1" FILE="../../../../../../../Users/Owner/Documents/Unreal Projects/WeGuys/Content/Maps/Map1.umap" SILENT=true AUTOSAVING=false KEEPDIRTY=false
[2015.02.14-17.53.23:073][ 45]LogSavePackage: Save=27.173908ms
[2015.02.14-17.53.23:073][ 45]LogSavePackage: Moving '../../../../../../../Users/Owner/Documents/Unreal Projects/WeGuys/Saved/Map1D44AEB784BA722FA4A3966848793DCC1.tmp' to '../../../../../../../Users/Owner/Documents/Unreal Projects/WeGuys/Content/Maps/Map1.umap'
[2015.02.14-17.53.23:111][ 45]LogFileHelpers: Saving map 'Map1' took 0.339
[2015.02.14-17.53.23:126][ 45]Cmd: OBJ SAVEPACKAGE PACKAGE="/Game/Blueprints/MyCharacter" FILE="../../../../../../../Users/Owner/Documents/Unreal Projects/WeGuys/Content/Blueprints/MyCharacter.uasset" SILENT=true
[2015.02.14-17.53.23:404][ 45]LogSavePackage: Save=239.978607ms
[2015.02.14-17.53.23:404][ 45]LogSavePackage: Moving '../../../../../../../Users/Owner/Documents/Unreal Projects/WeGuys/Saved/MyCharacter76DEC541405A02E95435CAB76B31EC17.tmp' to '../../../../../../../Users/Owner/Documents/Unreal Projects/WeGuys/Content/Blueprints/MyCharacter.uasset'
[2015.02.14-17.53.25:321][120]BlueprintLog: New page: Compile MyCharacter
[2015.02.14-17.53.25:394][120]LogPropertyNode:Warning: UI Min (0.001) >= UI Max () for Ranged Numeric
[2015.02.14-17.53.25:395][120]LogPropertyNode:Warning: UI Min (0.001) >= UI Max () for Ranged Numeric
[2015.02.14-17.53.25:485][120]LogActorComponent: UnregisterComponent: (/Engine/Transient.CharacterMovementComponent_9) Not registered. Aborting.
[2015.02.14-17.53.25:523][120]LogPropertyNode:Warning: UI Min (0.001) >= UI Max () for Ranged Numeric
[2015.02.14-17.53.25:524][120]LogPropertyNode:Warning: UI Min (0.001) >= UI Max () for Ranged Numeric
[2015.02.14-17.53.25:569][120]BlueprintEditorCompileResults: Info [2334.15] Compile of MyCharacter successful! [in 213 ms]
[2015.02.14-17.53.27:473][209]BlueprintLog: New page: Pre-PIE auto-recompile
[2015.02.14-17.53.27:477][209]LogPlayLevel: [PIE] Compiling Apple before PIE...
[2015.02.14-17.53.27:558][209]LogPropertyNode:Warning: UI Min (0.001) >= UI Max () for Ranged Numeric
[2015.02.14-17.53.27:559][209]LogPropertyNode:Warning: UI Min (0.001) >= UI Max () for Ranged Numeric
[2015.02.14-17.53.27:578][209]LogActorComponent: UnregisterComponent: (/Engine/Transient.CharacterMovementComponent_10) Not registered. Aborting.
[2015.02.14-17.53.27:590][209]LogPlayLevel: [PIE] Compiling Bullet before PIE...
[2015.02.14-17.53.27:661][209]LogPropertyNode:Warning: UI Min (0.001) >= UI Max () for Ranged Numeric
[2015.02.14-17.53.27:661][209]LogPropertyNode:Warning: UI Min (0.001) >= UI Max () for Ranged Numeric
[2015.02.14-17.53.27:699][209]LogPlayLevel: [PIE] Compiling MyPuppeteer before PIE...
[2015.02.14-17.53.27:782][209]LogPlayLevel: [PIE] Compiling KillZ before PIE...
[2015.02.14-17.53.27:826][209]LogPlayLevel: [PIE] Compiling Spike before PIE...
[2015.02.14-17.53.27:871][209]LogPlayLevel: [PIE] Compiling Map1 before PIE...
[2015.02.14-17.53.27:919][209]LogPropertyNode:Warning: UI Min (0.001) >= UI Max () for Ranged Numeric
[2015.02.14-17.53.27:920][209]LogPropertyNode:Warning: UI Min (0.001) >= UI Max () for Ranged Numeric
[2015.02.14-17.53.27:945][209]LogPlayLevel: [PIE] Compiling MyCharacter before PIE...
[2015.02.14-17.53.28:015][209]LogPropertyNode:Warning: UI Min (0.001) >= UI Max () for Ranged Numeric
[2015.02.14-17.53.28:016][209]LogPropertyNode:Warning: UI Min (0.001) >= UI Max () for Ranged Numeric
[2015.02.14-17.53.28:100][209]LogPropertyNode:Warning: UI Min (0.001) >= UI Max () for Ranged Numeric
[2015.02.14-17.53.28:101][209]LogPropertyNode:Warning: UI Min (0.001) >= UI Max () for Ranged Numeric
[2015.02.14-17.53.28:155][209]LogPlayLevel: [PIE] Compiling Destructible before PIE...
[2015.02.14-17.53.28:230][209]LogPropertyNode:Warning: UI Min (0.001) >= UI Max () for Ranged Numeric
[2015.02.14-17.53.28:231][209]LogPropertyNode:Warning: UI Min (0.001) >= UI Max () for Ranged Numeric
[2015.02.14-17.53.28:286][209]LogPlayLevel: PIE:  Blueprint regeneration took 812 ms (8 blueprints)
[2015.02.14-17.53.28:286][209]PIE: New page: PIE session: Map1 (Feb 14, 2015, 7:53:28 AM)
[2015.02.14-17.53.28:288][209]LogPlayLevel: PIE: StaticDuplicateObject took: (0.001756s)
[2015.02.14-17.53.28:288][209]LogPlayLevel: PIE: World Init took: (0.000444s)
[2015.02.14-17.53.28:288][209]LogPlayLevel: PIE: Created PIE world by copying editor world from /Game/Maps/Map1.Map1 to /Game/Maps/UEDPIE_0_Map1.Map1 (0.002332s)
[2015.02.14-17.53.28:322][209]LogWorld: Game class is '2DSideScrollerGameMode_C'
[2015.02.14-17.53.28:324][209]LogAIModule: Creating AISystem for world Map1
[2015.02.14-17.53.28:325][209]LogWorld: Bringing World /Game/Maps/UEDPIE_0_Map1.Map1 up for play (max tick rate 60) at 2015.02.14-12.53.28
[2015.02.14-17.53.28:326][209]LogWorld: Bringing up level for play took: 0.001525
[2015.02.14-17.53.28:326][209]PIE: Info Play in editor start time for /Game/Maps/UEDPIE_0_Map1 1.492
[2015.02.14-17.53.39:236][860]LogPropertyNode:Warning: UI Min (0.001) >= UI Max () for Ranged Numeric
[2015.02.14-17.53.39:237][860]LogPropertyNode:Warning: UI Min (0.001) >= UI Max () for Ranged Numeric
[2015.02.14-17.53.39:299][860]LogActorComponent: UnregisterComponent: (/Engine/Transient.CharacterMovementComponent_11) Not registered. Aborting.
[2015.02.14-17.53.39:345][861]LogParticles: Destroying 0 GPU particle simulations for FXSystem 0x000000B4AEBC7B00
[2015.02.14-17.53.40:056][887]Cmd: OBJ SAVEPACKAGE PACKAGE="/Game/Maps/Map1" FILE="../../../../../../../Users/Owner/Documents/Unreal Projects/WeGuys/Content/Maps/Map1.umap" SILENT=true AUTOSAVING=false KEEPDIRTY=false
[2015.02.14-17.53.40:136][887]LogSavePackage: Save=26.500355ms
[2015.02.14-17.53.40:136][887]LogSavePackage: Moving '../../../../../../../Users/Owner/Documents/Unreal Projects/WeGuys/Saved/Map141EF6B5546012FFDC29EFDA66728E247.tmp' to '../../../../../../../Users/Owner/Documents/Unreal Projects/WeGuys/Content/Maps/Map1.umap'
[2015.02.14-17.53.40:175][887]LogFileHelpers: Saving map 'Map1' took 0.335
[2015.02.14-17.53.42:414][ 11]BlueprintLog: New page: Pre-PIE auto-recompile
[2015.02.14-17.53.42:428][ 11]LogPropertyNode:Warning: UI Min (0.001) >= UI Max () for Ranged Numeric
[2015.02.14-17.53.42:429][ 11]LogPropertyNode:Warning: UI Min (0.001) >= UI Max () for Ranged Numeric
[2015.02.14-17.53.42:455][ 11]LogPlayLevel: [PIE] Compiling MyCharacter before PIE...
[2015.02.14-17.53.42:523][ 11]LogPropertyNode:Warning: UI Min (0.001) >= UI Max () for Ranged Numeric
[2015.02.14-17.53.42:524][ 11]LogPropertyNode:Warning: UI Min (0.001) >= UI Max () for Ranged Numeric
[2015.02.14-17.53.42:609][ 11]LogPropertyNode:Warning: UI Min (0.001) >= UI Max () for Ranged Numeric
[2015.02.14-17.53.42:610][ 11]LogPropertyNode:Warning: UI Min (0.001) >= UI Max () for Ranged Numeric
[2015.02.14-17.53.42:660][ 11]LogPlayLevel: [PIE] Compiling Apple before PIE...
[2015.02.14-17.53.42:734][ 11]LogPropertyNode:Warning: UI Min (0.001) >= UI Max () for Ranged Numeric
[2015.02.14-17.53.42:734][ 11]LogPropertyNode:Warning: UI Min (0.001) >= UI Max () for Ranged Numeric
[2015.02.14-17.53.42:767][ 11]LogPlayLevel: [PIE] Compiling Bullet before PIE...
[2015.02.14-17.53.42:840][ 11]LogPropertyNode:Warning: UI Min (0.001) >= UI Max () for Ranged Numeric
[2015.02.14-17.53.42:840][ 11]LogPropertyNode:Warning: UI Min (0.001) >= UI Max () for Ranged Numeric
[2015.02.14-17.53.42:879][ 11]LogPlayLevel: [PIE] Compiling MyPuppeteer before PIE...
[2015.02.14-17.53.42:963][ 11]LogPlayLevel: [PIE] Compiling KillZ before PIE...
[2015.02.14-17.53.43:009][ 11]LogPlayLevel: [PIE] Compiling Spike before PIE...
[2015.02.14-17.53.43:055][ 11]LogPlayLevel: [PIE] Compiling Map1 before PIE...
[2015.02.14-17.53.43:099][ 11]LogPlayLevel: [PIE] Compiling Destructible before PIE...
[2015.02.14-17.53.43:176][ 11]LogPropertyNode:Warning: UI Min (0.001) >= UI Max () for Ranged Numeric
[2015.02.14-17.53.43:177][ 11]LogPropertyNode:Warning: UI Min (0.001) >= UI Max () for Ranged Numeric
[2015.02.14-17.53.43:232][ 11]LogPlayLevel: PIE:  Blueprint regeneration took 818 ms (8 blueprints)
[2015.02.14-17.53.43:232][ 11]PIE: New page: PIE session: Map1 (Feb 14, 2015, 7:53:43 AM)
[2015.02.14-17.53.43:234][ 11]LogPlayLevel: PIE: StaticDuplicateObject took: (0.001746s)
[2015.02.14-17.53.43:235][ 11]LogPlayLevel: PIE: World Init took: (0.000454s)
[2015.02.14-17.53.43:235][ 11]LogPlayLevel: PIE: Created PIE world by copying editor world from /Game/Maps/Map1.Map1 to /Game/Maps/UEDPIE_0_Map1.Map1 (0.002327s)
[2015.02.14-17.53.43:264][ 11]LogWorld: Game class is '2DSideScrollerGameMode_C'
[2015.02.14-17.53.43:266][ 11]LogAIModule: Creating AISystem for world Map1
[2015.02.14-17.53.43:267][ 11]LogWorld: Bringing World /Game/Maps/UEDPIE_0_Map1.Map1 up for play (max tick rate 60) at 2015.02.14-12.53.43
[2015.02.14-17.53.43:268][ 11]LogWorld: Bringing up level for play took: 0.001572
[2015.02.14-17.53.43:269][ 11]PIE: Info Play in editor start time for /Game/Maps/UEDPIE_0_Map1 0.435
[2015.02.14-17.53.52:692][573]LogPropertyNode:Warning: UI Min (0.001) >= UI Max () for Ranged Numeric
[2015.02.14-17.53.52:693][573]LogPropertyNode:Warning: UI Min (0.001) >= UI Max () for Ranged Numeric
[2015.02.14-17.53.52:742][573]LogActorComponent: UnregisterComponent: (/Engine/Transient.CharacterMovementComponent_12) Not registered. Aborting.
[2015.02.14-17.53.52:785][574]LogParticles: Destroying 0 GPU particle simulations for FXSystem 0x000000B4A661AB60
[2015.02.14-17.53.53:460][598]Cmd: OBJ SAVEPACKAGE PACKAGE="/Game/Maps/Map1" FILE="../../../../../../../Users/Owner/Documents/Unreal Projects/WeGuys/Content/Maps/Map1.umap" SILENT=true AUTOSAVING=false KEEPDIRTY=false
[2015.02.14-17.53.53:540][598]LogSavePackage: Save=26.736420ms
[2015.02.14-17.53.53:540][598]LogSavePackage: Moving '../../../../../../../Users/Owner/Documents/Unreal Projects/WeGuys/Saved/Map184F94DD54BE5E96ED15D18BF140049DE.tmp' to '../../../../../../../Users/Owner/Documents/Unreal Projects/WeGuys/Content/Maps/Map1.umap'
[2015.02.14-17.53.53:589][598]LogFileHelpers: Saving map 'Map1' took 0.347
[2015.02.14-17.53.55:054][675]LogContentBrowser:Verbose: The content browser source was changed by the sources view to '/Game/StarterContent'
[2015.02.14-17.54.03:578][130]LogContentBrowser:Verbose: The content browser source was changed by the sources view to '/Game/StarterContent/Particles'
[2015.02.14-17.54.04:835][195]LogPhysics:Warning: PHYSX: ..\..\PhysXExtensions\src\ExtRigidBodyExt.cpp (234) 4 : computeMassAndInertia: Dynamic actor with illegal collision shapes
[2015.02.14-17.54.04:835][195]LogPhysics:Warning: PHYSX: ..\..\PhysXExtensions\src\ExtRigidBodyExt.cpp (283) 4 : PxRigidBodyExt::updateMassAndInertia: Mass and inertia computation failed, setting mass to 1 and inertia to (1,1,1)
[2015.02.14-17.54.04:851][195]LogLinker:Warning: Asset '../../../Engine/Content/EditorMaterials/Cascade/CASC_Lights.uasset' has been saved with empty engine version. The asset will be loaded but may be incompatible.
[2015.02.14-17.54.07:648][310]LogCascade: Quitting Cascade. FXSystem=0x000000B4F7F53E20
[2015.02.14-17.54.21:903][ 89]LogPhysics:Warning: PHYSX: ..\..\PhysXExtensions\src\ExtRigidBodyExt.cpp (234) 4 : computeMassAndInertia: Dynamic actor with illegal collision shapes
[2015.02.14-17.54.21:903][ 89]LogPhysics:Warning: PHYSX: ..\..\PhysXExtensions\src\ExtRigidBodyExt.cpp (283) 4 : PxRigidBodyExt::updateMassAndInertia: Mass and inertia computation failed, setting mass to 1 and inertia to (1,1,1)
[2015.02.14-17.55.25:703][ 43]LogActorComponent: UnregisterComponent: (/Engine/Transient.CharacterMovementComponent_13) Not registered. Aborting.
[2015.02.14-17.55.25:726][ 43]LogParticles: Destroying 0 GPU particle simulations for FXSystem 0x000000B4F7F53E20
[2015.02.14-17.55.25:964][ 43]LogSavePackage: Save=154.262878ms
[2015.02.14-17.55.25:964][ 43]LogSavePackage: Moving '../../../../../../../Users/Owner/Documents/Unreal Projects/WeGuys/Saved/P_BulletHit0CF8B8C74F1C8FCF9C80A28004632EE3.tmp' to '../../../../../../../Users/Owner/Documents/Unreal Projects/WeGuys/Content/StarterContent/Particles/P_BulletHit.uasset'
[2015.02.14-17.55.42:125][789]LogSavePackage: Save=156.179626ms
[2015.02.14-17.55.42:125][789]LogSavePackage: Moving '../../../../../../../Users/Owner/Documents/Unreal Projects/WeGuys/Saved/P_BulletHit755E8ED34E26D9E303795AB993BFA275.tmp' to '../../../../../../../Users/Owner/Documents/Unreal Projects/WeGuys/Content/StarterContent/Particles/P_BulletHit.uasset'
[2015.02.14-17.55.55:916][421]LogSavePackage: Save=153.928467ms
[2015.02.14-17.55.55:916][421]LogSavePackage: Moving '../../../../../../../Users/Owner/Documents/Unreal Projects/WeGuys/Saved/P_BulletHit7833B37B40497CE3C96E9B9D327CC5AF.tmp' to '../../../../../../../Users/Owner/Documents/Unreal Projects/WeGuys/Content/StarterContent/Particles/P_BulletHit.uasset'
[2015.02.14-17.56.16:618][380]LogSavePackage: Save=155.486832ms
[2015.02.14-17.56.16:618][380]LogSavePackage: Moving '../../../../../../../Users/Owner/Documents/Unreal Projects/WeGuys/Saved/P_BulletHit44DF62444C6A705DE4D8B99397432723.tmp' to '../../../../../../../Users/Owner/Documents/Unreal Projects/WeGuys/Content/StarterContent/Particles/P_BulletHit.uasset'
[2015.02.14-17.56.28:616][943]LogSavePackage: Save=18.503677ms
[2015.02.14-17.56.28:616][943]LogSavePackage: Moving '../../../../../../../Users/Owner/Documents/Unreal Projects/WeGuys/Saved/P_BulletHit55F7AAC249C3CE673C86A4BFB3476A73.tmp' to '../../../../../../../Users/Owner/Documents/Unreal Projects/WeGuys/Content/StarterContent/Particles/P_BulletHit.uasset'
[2015.02.14-17.56.31:112][ 76]LogContentBrowser:Verbose: The content browser source was changed by the sources view to '/Game/Blueprints'
[2015.02.14-17.56.33:141][172]LogPropertyNode:Warning: UI Min (0.001) >= UI Max () for Ranged Numeric
[2015.02.14-17.56.34:541][237]LogPropertyNode:Warning: UI Min (0.001) >= UI Max () for Ranged Numeric
[2015.02.14-17.56.40:036][462]LogActorComponent: UnregisterComponent: (/Engine/Transient.CharacterMovementComponent_14) Not registered. Aborting.
[2015.02.14-17.56.40:124][462]Cmd: OBJ SAVEPACKAGE PACKAGE="/Game/Blueprints/Destructible" FILE="../../../../../../../Users/Owner/Documents/Unreal Projects/WeGuys/Content/Blueprints/Destructible.uasset" SILENT=true
[2015.02.14-17.56.40:309][462]LogSavePackage: Save=146.822159ms
[2015.02.14-17.56.40:309][462]LogSavePackage: Moving '../../../../../../../Users/Owner/Documents/Unreal Projects/WeGuys/Saved/DestructibleA30BAAF04A1673591C0A9A9A8C6D9645.tmp' to '../../../../../../../Users/Owner/Documents/Unreal Projects/WeGuys/Content/Blueprints/Destructible.uasset'
[2015.02.14-17.56.40:639][473]BlueprintLog: New page: Compile Destructible
[2015.02.14-17.56.40:749][473]LogPropertyNode:Warning: UI Min (0.001) >= UI Max () for Ranged Numeric
[2015.02.14-17.56.40:749][473]LogPropertyNode:Warning: UI Min (0.001) >= UI Max () for Ranged Numeric
[2015.02.14-17.56.40:779][473]BlueprintEditorCompileResults: Info [2529.36] Compile of Destructible successful! [in 129 ms]
[2015.02.14-17.56.42:570][558]BlueprintLog: New page: Pre-PIE auto-recompile
[2015.02.14-17.56.42:584][558]LogPropertyNode:Warning: UI Min (0.001) >= UI Max () for Ranged Numeric
[2015.02.14-17.56.42:585][558]LogPropertyNode:Warning: UI Min (0.001) >= UI Max () for Ranged Numeric
[2015.02.14-17.56.42:611][558]LogActorComponent: UnregisterComponent: (/Engine/Transient.CharacterMovementComponent_15) Not registered. Aborting.
[2015.02.14-17.56.42:616][558]LogPlayLevel: [PIE] Compiling MyCharacter before PIE...
[2015.02.14-17.56.42:686][558]LogPropertyNode:Warning: UI Min (0.001) >= UI Max () for Ranged Numeric
[2015.02.14-17.56.42:686][558]LogPropertyNode:Warning: UI Min (0.001) >= UI Max () for Ranged Numeric
[2015.02.14-17.56.42:772][558]LogPropertyNode:Warning: UI Min (0.001) >= UI Max () for Ranged Numeric
[2015.02.14-17.56.42:773][558]LogPropertyNode:Warning: UI Min (0.001) >= UI Max () for Ranged Numeric
[2015.02.14-17.56.42:824][558]LogPlayLevel: [PIE] Compiling Apple before PIE...
[2015.02.14-17.56.42:898][558]LogPropertyNode:Warning: UI Min (0.001) >= UI Max () for Ranged Numeric
[2015.02.14-17.56.42:899][558]LogPropertyNode:Warning: UI Min (0.001) >= UI Max () for Ranged Numeric
[2015.02.14-17.56.42:931][558]LogPlayLevel: [PIE] Compiling Bullet before PIE...
[2015.02.14-17.56.43:006][558]LogPropertyNode:Warning: UI Min (0.001) >= UI Max () for Ranged Numeric
[2015.02.14-17.56.43:007][558]LogPropertyNode:Warning: UI Min (0.001) >= UI Max () for Ranged Numeric
[2015.02.14-17.56.43:044][558]LogPlayLevel: [PIE] Compiling Map1 before PIE...
[2015.02.14-17.56.43:084][558]LogPlayLevel: [PIE] Compiling MyPuppeteer before PIE...
[2015.02.14-17.56.43:166][558]LogPlayLevel: [PIE] Compiling KillZ before PIE...
[2015.02.14-17.56.43:212][558]LogPlayLevel: [PIE] Compiling Spike before PIE...
[2015.02.14-17.56.43:260][558]LogPlayLevel: [PIE] Compiling Destructible before PIE...
[2015.02.14-17.56.43:338][558]LogPropertyNode:Warning: UI Min (0.001) >= UI Max () for Ranged Numeric
[2015.02.14-17.56.43:339][558]LogPropertyNode:Warning: UI Min (0.001) >= UI Max () for Ranged Numeric
[2015.02.14-17.56.43:393][558]LogPlayLevel: PIE:  Blueprint regeneration took 824 ms (8 blueprints)
[2015.02.14-17.56.43:394][558]PIE: New page: PIE session: Map1 (Feb 14, 2015, 7:56:43 AM)
[2015.02.14-17.56.43:396][558]LogPlayLevel: PIE: StaticDuplicateObject took: (0.002098s)
[2015.02.14-17.56.43:397][558]LogPlayLevel: PIE: World Init took: (0.000662s)
[2015.02.14-17.56.43:397][558]LogPlayLevel: PIE: Created PIE world by copying editor world from /Game/Maps/Map1.Map1 to /Game/Maps/UEDPIE_0_Map1.Map1 (0.002921s)
[2015.02.14-17.56.43:427][558]LogWorld: Game class is '2DSideScrollerGameMode_C'
[2015.02.14-17.56.43:429][558]LogAIModule: Creating AISystem for world Map1
[2015.02.14-17.56.43:430][558]LogWorld: Bringing World /Game/Maps/UEDPIE_0_Map1.Map1 up for play (max tick rate 60) at 2015.02.14-12.56.43
[2015.02.14-17.56.43:431][558]LogWorld: Bringing up level for play took: 0.001562
[2015.02.14-17.56.43:432][558]PIE: Info Play in editor start time for /Game/Maps/UEDPIE_0_Map1 0.598
[2015.02.14-17.56.50:383][971]LogPropertyNode:Warning: UI Min (0.001) >= UI Max () for Ranged Numeric
[2015.02.14-17.56.50:384][971]LogPropertyNode:Warning: UI Min (0.001) >= UI Max () for Ranged Numeric
[2015.02.14-17.56.50:447][971]LogActorComponent: UnregisterComponent: (/Engine/Transient.CharacterMovementComponent_16) Not registered. Aborting.
[2015.02.14-17.56.50:498][972]LogParticles: Destroying 0 GPU particle simulations for FXSystem 0x000000B4AF797380
[2015.02.14-17.56.56:762][250]LogWindows:Error: Windows GetLastError: The operation completed successfully. (0)
[2015.02.14-17.56.56:762][250]LogCrashTracker: 


[2015.02.14-17.56.58:018][250]LogCrashTracker: 


[2015.02.14-17.56.58:018][250]LogWindows: === Critical error: ===
Assertion failed: (Index >= 0) & (Index < ArrayNum) [File:D:\BuildFarm\buildmachine_++depot+UE4-Releases+4.6\Engine\Source\Runtime\Core\Public\Containers\Array.h] [Line: 679] 
Array index out of bounds: 47 from an array of size 3


KERNELBASE.dll!UnknownFunction (0x00007ffbe675606c) + 0 bytes [UnknownFile:0]
UE4Editor-Core.dll!UnknownFunction (0x00007ffbc9762f7d) + 0 bytes [UnknownFile:0]
UE4Editor-Core.dll!UnknownFunction (0x00007ffbc95f60f8) + 0 bytes [UnknownFile:0]
UE4Editor-Core.dll!UnknownFunction (0x00007ffbc95d9192) + 0 bytes [UnknownFile:0]
UE4Editor-CoreUObject.dll!UnknownFunction (0x00007ffbc8c37bdc) + 0 bytes [UnknownFile:0]
UE4Editor-UnrealEd.dll!UnknownFunction (0x00007ffbc3842c69) + 0 bytes [UnknownFile:0]
UE4Editor-UnrealEd.dll!UnknownFunction (0x00007ffbc391117b) + 0 bytes [UnknownFile:0]
UE4Editor-UnrealEd.dll!UnknownFunction (0x00007ffbc390df78) + 0 bytes [UnknownFile:0]
UE4Editor-UnrealEd.dll!UnknownFunction (0x00007ffbc3c96180) + 0 bytes [UnknownFile:0]
UE4Editor-UnrealEd.dll!UnknownFunction (0x00007ffbc39923c8) + 0 bytes [UnknownFile:0]
UE4Editor-UnrealEd.dll!UnknownFunction (0x00007ffbc399ec4f) + 0 bytes [UnknownFile:0]
UE4Editor-UnrealEd.dll!UnknownFunction (0x00007ffbc411d215) + 0 bytes [UnknownFile:0]
UE4Editor-UnrealEd.dll!UnknownFunction (0x00007ffbc40fab21) + 0 bytes [UnknownFile:0]
UE4Editor-UnrealEd.dll!UnknownFunction (0x00007ffbc40fb276) + 0 bytes [UnknownFile:0]
UE4Editor-Slate.dll!UnknownFunction (0x00007ffbc4dbfbe6) + 0 bytes [UnknownFile:0]
UE4Editor-Slate.dll!UnknownFunction (0x00007ffbc4ea6c9d) + 0 bytes [UnknownFile:0]
UE4Editor-Slate.dll!UnknownFunction (0x00007ffbc4e2ba47) + 0 bytes [UnknownFile:0]
UE4Editor-Slate.dll!UnknownFunction (0x00007ffbc4e2d2f9) + 0 bytes [UnknownFile:0]
UE4Editor-Slate.dll!UnknownFunction (0x00007ffbc4e8e7b9) + 0 bytes [UnknownFile:0]
UE4Editor-Slate.dll!UnknownFunction (0x00007ffbc4f34b9a) + 0 bytes [UnknownFile:0]
UE4Editor-Slate.dll!UnknownFunction (0x00007ffbc4f60a73) + 0 bytes [UnknownFile:0]
UE4Editor-Slate.dll!UnknownFunction (0x00007ffbc4d997bc) + 0 bytes [UnknownFile:0]
UE4Editor-Slate.dll!UnknownFunction (0x00007ffbc4d57347) + 0 bytes [UnknownFile:0]
UE4Editor-Slate.dll!UnknownFunction (0x00007ffbc4dfb2e0) + 0 bytes [UnknownFile:0]
UE4Editor-Slate.dll!UnknownFunction (0x00007ffbc4dec226) + 0 bytes [UnknownFile:0]
UE4Editor-Core.dll!UnknownFunction (0x00007ffbc96ce9e9) + 0 bytes [UnknownFile:0]
UE4Editor-Core.dll!UnknownFunction (0x00007ffbc96ba1fb) + 0 bytes [UnknownFile:0]
UE4Editor-Core.dll!UnknownFunction (0x00007ffbc96cfbbb) + 0 bytes [UnknownFile:0]
UE4Editor-Core.dll!UnknownFunction (0x00007ffbc96b6cf2) + 0 bytes [UnknownFile:0]
USER32.dll!UnknownFunction (0x00007ffbe8272434) + 0 bytes [UnknownFile:0]
USER32.dll!UnknownFunction (0x00007ffbe8272297) + 0 bytes [UnknownFile:0]
UE4Editor-Core.dll!UnknownFunction (0x00007ffbc96d0076) + 0 bytes [UnknownFile:0]
UE4Editor.exe!FEngineLoop::Tick() (0x00007ff6223acbda) + 8 bytes [d:\buildfarm\buildmachine_++depot+ue4-releases+4.6\engine\source\runtime\launch\private\launchengineloop.cpp:2193]
UE4Editor.exe!GuardedMain() (0x00007ff6223a089f) + 0 bytes [d:\buildfarm\buildmachine_++depot+ue4-releases+4.6\engine\source\runtime\launch\private\launch.cpp:131]
UE4Editor.exe!GuardedMainWrapper() (0x00007ff6223a090a) + 5 bytes [d:\buildfarm\buildmachine_++depot+ue4-releases+4.6\engine\source\runtime\launch\private\windows\launchwindows.cpp:126]
UE4Editor.exe!WinMain() (0x00007ff6223ae3d9) + 17 bytes [d:\buildfarm\buildmachine_++depot+ue4-releases+4.6\engine\source\runtime\launch\private\windows\launchwindows.cpp:202]
UE4Editor.exe!__tmainCRTStartup() (0x00007ff6223af319) + 21 bytes [f:\dd\vctools\crt\crtw32\dllstuff\crtexe.c:618]
KERNEL32.DLL!UnknownFunction (0x00007ffbe8e416ad) + 0 bytes [UnknownFile:0]
ntdll.dll!UnknownFunction (0x00007ffbe904eb64) + 0 bytes [UnknownFile:0]
ntdll.dll!UnknownFunction (0x00007ffbe904eb64) + 0 bytes [UnknownFile:0]


[2015.02.14-17.56.58:162][250]LogExit: Executing StaticShutdownAfterError
[2015.02.14-17.56.58:165][250]LogWindows: FPlatformMisc::RequestExit(1)
[2015.02.14-17.56.58:166][250]Log file closed, 02/14/15 12:56:58
