Log file open, 02/14/15 22:22:29
LogInit:Display: Running engine for game: WeGuys
LogInit: Version: 4.6.1-2386410+++depot+UE4-Releases+4.6
LogInit: API Version: 2369412
LogInit: Compiled (64-bit): Dec 11 2014 21:31:39
LogInit: Compiled with Visual C++: 18.00.21005.01
LogInit: Build Configuration: Development
LogInit: Branch Name: ++depot+UE4-Releases+4.6
LogInit: Command line:  
LogInit: Base directory: C:/Program Files/UE45/Epic Games/4.6/Engine/Binaries/Win64/
LogInit: Rocket: 1
[2015.02.15-03.22.29:154][  0]LogTaskGraph: Started task graph with 3 named threads and 6 total threads.
[2015.02.15-03.22.29:215][  0]LogOnline:Warning: No default platform service specified for OnlineSubsystem
[2015.02.15-03.22.29:252][  0]LogInit: Presizing for 0 objects not considered by GC, pre-allocating 0 bytes.
[2015.02.15-03.22.29:261][  0]LogInit: Object subsystem initialized
[2015.02.15-03.22.29:262][  0]LogConsoleResponse:Warning: Skipping Unknown console variable: 'UIScaleRule = ShortestSide'
[2015.02.15-03.22.29:262][  0]LogConsoleResponse:Warning:   Found in ini file 'C:/Users/Owner/Documents/Unreal Projects/WeGuys/Saved/Config/Windows/Engine.ini', in section '[/Script/Engine.RendererSettings]'
[2015.02.15-03.22.29:262][  0]LogConsoleResponse:Warning: Skipping Unknown console variable: 'UIScaleCurve = (EditorCurveData=(Keys=),ExternalCurve=None)'
[2015.02.15-03.22.29:262][  0]LogConsoleResponse:Warning:   Found in ini file 'C:/Users/Owner/Documents/Unreal Projects/WeGuys/Saved/Config/Windows/Engine.ini', in section '[/Script/Engine.RendererSettings]'
[2015.02.15-03.22.29:263][  0]LogConsoleManager:Warning: Console variable 'r.MSAA.CompositingSampleCount' wasn't set (Priority ProjectSetting < Scalability)
[2015.02.15-03.22.29:263][  0]LogInit: Selected Device Profile: [Windows]
[2015.02.15-03.22.29:263][  0]LogInit: Applying CVar settings loaded from the selected device profile: [Windows]
[2015.02.15-03.22.29:271][  0]LogInit: Computer: ASUS
[2015.02.15-03.22.29:271][  0]LogInit: User: Owner
[2015.02.15-03.22.29:271][  0]LogInit: CPU Page size=4096, Cores=4
[2015.02.15-03.22.29:271][  0]LogInit: High frequency timer resolution =2.338346 MHz
[2015.02.15-03.22.29:271][  0]LogMemory: Memory total: Physical=15.9GB (16GB approx) Virtual=131072.0GB
[2015.02.15-03.22.29:271][  0]LogMemory: Platform Memory Stats for Windows
[2015.02.15-03.22.29:271][  0]LogMemory: Process Physical Memory: 48.30 MB used, 48.30 MB peak
[2015.02.15-03.22.29:271][  0]LogMemory: Process Virtual Memory: 25.03 MB used, 25.03 MB peak
[2015.02.15-03.22.29:271][  0]LogMemory: Physical Memory: 2943.12 MB used, 16267.18 MB total
[2015.02.15-03.22.29:271][  0]LogMemory: Virtual Memory: 270.98 MB used, 134217728.00 MB total
[2015.02.15-03.22.29:356][  0]LogD3D11RHI: Found D3D11 adapter 0: Intel(R) HD Graphics 4600 (Feature Level 11_0)
[2015.02.15-03.22.29:356][  0]LogD3D11RHI: Adapter has 32MB of dedicated video memory, 0MB of dedicated system memory, and 1760MB of shared system memory, 1 output[s]
[2015.02.15-03.22.29:367][  0]LogD3D11RHI: Found D3D11 adapter 1: NVIDIA GeForce GT 750M (Feature Level 11_0)
[2015.02.15-03.22.29:367][  0]LogD3D11RHI: Adapter has 1988MB of dedicated video memory, 0MB of dedicated system memory, and 2048MB of shared system memory, 0 output[s]
[2015.02.15-03.22.29:368][  0]LogD3D11RHI: Found D3D11 adapter 2: Microsoft Basic Render Driver (Feature Level 11_0)
[2015.02.15-03.22.29:368][  0]LogD3D11RHI: Adapter has 0MB of dedicated video memory, 0MB of dedicated system memory, and 256MB of shared system memory, 0 output[s]
[2015.02.15-03.22.29:368][  0]LogD3D11RHI: Chosen D3D11 Adapter Id = 0
[2015.02.15-03.22.29:373][  0]LogRHI: Texture pool is 1361 MB (70% of 1945 MB)
[2015.02.15-03.22.29:385][  0]LogD3D11RHI: Async texture creation enabled
[2015.02.15-03.22.29:462][  0]LogTextLocalizationManager: The requested culture ('en_US') has no localization data; parent culture's ('en') localization data will be used.
[2015.02.15-03.22.29:582][  0]LogContentStreaming: Texture pool size is 0.000000MB
[2015.02.15-03.22.34:652][  0]LogTargetPlatformManager:Display: Building Assets For Windows
[2015.02.15-03.22.35:166][  0]LogTargetPlatformManager:Display: Building Assets For Windows
[2015.02.15-03.22.35:236][  0]LogDerivedDataCache:Display: Max Cache Size: 512 MB
[2015.02.15-03.22.35:272][  0]LogDerivedDataCache: Loaded boot cache 0.04s 39MB C:/Users/Owner/AppData/Local/UnrealEngine/4.6/DerivedDataCache/Boot.ddc.
[2015.02.15-03.22.35:272][  0]LogDerivedDataCache:Display: Loaded Boot cache: C:/Users/Owner/AppData/Local/UnrealEngine/4.6/DerivedDataCache/Boot.ddc
[2015.02.15-03.22.35:273][  0]LogDerivedDataCache: FDerivedDataBackendGraph:  Pak pak cache file ../../../../../../../Users/Owner/Documents/Unreal Projects/WeGuys/DerivedDataCache/DDC.ddp not found, will not use a pak cache.
[2015.02.15-03.22.35:273][  0]LogDerivedDataCache: Unable to find inner node Pak for hierarchical cache Hierarchy.
[2015.02.15-03.22.35:330][  0]LogDerivedDataCache:Display: Pak cache opened for reading ../../../Engine/DerivedDataCache/DDC.ddp.
[2015.02.15-03.22.35:343][  0]LogDerivedDataCache: Using Local data cache path C:/Users/Owner/AppData/Local/UnrealEngine/Common/DerivedDataCache: Writable
[2015.02.15-03.22.35:491][  0]LogCollisionProfile:Warning: Profile (UI) - Custom Channel Name = 'Weapon' hasn't been found
[2015.02.15-03.22.35:635][  0]LogMeshUtilities: No automatic mesh reduction module available
[2015.02.15-03.22.35:635][  0]LogMeshUtilities: No automatic mesh merging module available
[2015.02.15-03.22.36:094][  0]LogInit: WinSock: version 1.1 (2.2), MaxSocks=32767, MaxUdp=65467
[2015.02.15-03.22.36:198][  0]LogSlate:Warning: Failed to load font data from '../../../Engine/Content/Slate/Fonts/Roboto-Italic.ttf'
[2015.02.15-03.22.37:301][  0]UdpMessaging: Initializing bridge on interface 0.0.0.0:0 to multicast group 230.0.0.1:6666.
[2015.02.15-03.22.37:525][  0]LogDirectoryWatcher:Warning: Failed to begin reading directory changes for C:/Users/Owner/Documents/Unreal Projects/WeGuys/Binaries/Win64. Error: 0
[2015.02.15-03.22.37:709][  0]SourceControl: Info Source control is disabled
[2015.02.15-03.22.37:709][  0]SourceControl: Info Source control is disabled
[2015.02.15-03.22.37:722][  0]SourceControl: Info Source control is disabled
[2015.02.15-03.22.37:917][  0]LogObj: 23754 objects as part of root set at end of initial load.
[2015.02.15-03.22.37:917][  0]LogUObjectAllocator: 5168136 out of 0 bytes used by permanent object pool.
[2015.02.15-03.22.37:980][  0]LogEngine: Initializing Engine...
[2015.02.15-03.22.38:113][  0]LogInit: XAudio2 using 'Speakers (Realtek High Definition Audio)' : 2 channels at 48 kHz using 32 bits per sample (channel mask 0x3)
[2015.02.15-03.22.38:258][  0]LogInit: FAudioDevice initialized.
[2015.02.15-03.22.38:293][  0]LogAIModule: Creating AISystem for world NewWorld
[2015.02.15-03.22.38:314][  0]LogDerivedDataCache: Saved boot cache 0.02s 39MB C:/Users/Owner/AppData/Local/UnrealEngine/4.6/DerivedDataCache/Boot.ddc.
[2015.02.15-03.22.38:316][  0]LogInit: Texture streaming: Enabled
[2015.02.15-03.22.38:362][  0]LogAnalytics: Creating configured Analytics provider AnalyticsET
[2015.02.15-03.22.38:362][  0]LogAnalytics: ET APIKey = Rocket.Release. APIServer = http://et2.epicgames.com/ET2/. AppVersion = 4.6.1-2386410+++depot+UE4-Releases+4.6
[2015.02.15-03.22.38:363][  0]LogAnalytics: SetUserId d53fbd01599cddc5eda2e5a33cd9f114
[2015.02.15-03.22.38:363][  0]LogAnalytics: AnalyticsET::StartSession [Rocket.Release]
[2015.02.15-03.22.38:387][  0]LogInit: Transaction tracking system initialized
[2015.02.15-03.22.38:554][  0]BlueprintLog: New page: Editor Load
[2015.02.15-03.22.38:595][  0]LogAssetRegistry: FAssetRegistry took 0.0104 seconds to start up
[2015.02.15-03.22.38:595][  0]LogDirectoryWatcher:Warning: Failed to begin reading directory changes for ../../../Engine/Plugins/Experimental/CharacterAI/Content/. Error: 0
[2015.02.15-03.22.39:179][  0]LogTargetPlatformManager:Display: Building Assets For Windows
[2015.02.15-03.22.39:590][  0]LogTargetPlatformManager:Display: Building Assets For Windows
[2015.02.15-03.22.39:864][  0]LogConsoleResponse:Display: 
[2015.02.15-03.22.39:911][  0]LogLinker:Warning: Asset '../../../Engine/Content/Functions/Engine_MaterialFunctions03/Procedurals/ComputeFilterWidth.uasset' has been saved with empty engine version. The asset will be loaded but may be incompatible.
[2015.02.15-03.22.40:186][  0]SourceControl: Info Source control is disabled
[2015.02.15-03.22.40:186][  0]Cmd: MAP LOAD FILE="../../../../../../../Users/Owner/Documents/Unreal Projects/WeGuys/Content/Maps/Template.umap" TEMPLATE=0 SHOWPROGRESS=1
[2015.02.15-03.22.40:187][  0]LightingResults: New page: Lighting Build
[2015.02.15-03.22.40:202][  0]MapCheck: New page: Map Check
[2015.02.15-03.22.40:202][  0]LightingResults: New page: Lighting Build
[2015.02.15-03.22.40:210][  0]LogParticles: Destroying 0 GPU particle simulations for FXSystem 0x000000C5B09D1940
[2015.02.15-03.22.41:094][  0]LogEditorServer: Finished looking for orphan Actors (0.000 secs)
[2015.02.15-03.22.41:094][  0]LogAIModule: Creating AISystem for world Template
[2015.02.15-03.22.41:095][  0]Cmd: MAP CHECKDEP
[2015.02.15-03.22.41:095][  0]MapCheck: New page: Template - Feb 14, 2015, 5:22:41 PM
[2015.02.15-03.22.41:311][  0]MapCheck: Info Map check complete: 0 Error(s), 0 Warning(s), took 216.013ms to complete.
[2015.02.15-03.22.41:311][  0]LogFileHelpers: Loading map 'Template' took 1.125
[2015.02.15-03.22.41:404][  0]LogCollectionManager: Loaded 0 collections in 0.001301 seconds
[2015.02.15-03.22.41:570][  0]LogCrashTracker: Crashtracker disabled due to settings.
[2015.02.15-03.22.41:623][  0]LogUObjectGlobals:Warning: Failed to find object 'Class None.'
[2015.02.15-03.22.41:651][  0]LogLoad: Full Startup: 14.62 seconds (BP compile: 0.26 seconds)
[2015.02.15-03.22.41:993][  0]LogContentBrowser:Verbose: The content browser source was changed by the sources view to '/Game/Blueprints'
[2015.02.15-03.22.42:149][  0]LogRenderer:Warning: Reallocating scene render targets to support 1136x904.
[2015.02.15-03.22.42:672][  2]LogAssetRegistry: Asset discovery search completed in 4.0869 seconds
[2015.02.15-03.22.57:062][154]BlueprintLog: New page: Pre-PIE auto-recompile
[2015.02.15-03.22.57:062][154]LogPlayLevel: [PIE] Compiling Template before PIE...
[2015.02.15-03.22.57:104][154]LogActorComponent: UnregisterComponent: (/Engine/Transient.CharacterMovementComponent_0) Not registered. Aborting.
[2015.02.15-03.22.57:134][154]LogPlayLevel: PIE:  Blueprint regeneration took 71 ms (1 blueprints)
[2015.02.15-03.22.57:134][154]PIE: New page: PIE session: Template (Feb 14, 2015, 5:22:57 PM)
[2015.02.15-03.22.57:136][154]LogPlayLevel: PIE: StaticDuplicateObject took: (0.002039s)
[2015.02.15-03.22.57:137][154]LogPlayLevel: PIE: World Init took: (0.000428s)
[2015.02.15-03.22.57:137][154]LogPlayLevel: PIE: Created PIE world by copying editor world from /Game/Maps/Template.Template to /Game/Maps/UEDPIE_0_Template.Template (0.002602s)
[2015.02.15-03.22.57:189][154]LogWorld: Game class is '2DSideScrollerGameMode_C'
[2015.02.15-03.22.57:191][154]LogAIModule: Creating AISystem for world Template
[2015.02.15-03.22.57:192][154]LogWorld: Bringing World /Game/Maps/UEDPIE_0_Template.Template up for play (max tick rate 60) at 2015.02.14-22.22.57
[2015.02.15-03.22.57:194][154]LogWorld: Bringing up level for play took: 0.003104
[2015.02.15-03.22.57:196][154]PIE: Info Play in editor start time for /Game/Maps/UEDPIE_0_Template 0.492
[2015.02.15-03.23.42:547][869]LogParticles: Destroying 0 GPU particle simulations for FXSystem 0x000000C5B86B8680
[2015.02.15-03.23.44:350][977]LogEditorViewport: Clicking on Actor (LMB): Portal_C (Portal)
[2015.02.15-03.24.09:671][489]BlueprintLog: New page: Pre-PIE auto-recompile
[2015.02.15-03.24.09:671][489]LogPlayLevel: [PIE] Compiling Template before PIE...
[2015.02.15-03.24.09:704][489]LogActorComponent: UnregisterComponent: (/Engine/Transient.CharacterMovementComponent_1) Not registered. Aborting.
[2015.02.15-03.24.09:713][489]LogPlayLevel: PIE:  Blueprint regeneration took 42 ms (1 blueprints)
[2015.02.15-03.24.09:713][489]PIE: New page: PIE session: Template (Feb 14, 2015, 5:24:09 PM)
[2015.02.15-03.24.09:716][489]LogPlayLevel: PIE: StaticDuplicateObject took: (0.002071s)
[2015.02.15-03.24.09:716][489]LogPlayLevel: PIE: World Init took: (0.000477s)
[2015.02.15-03.24.09:716][489]LogPlayLevel: PIE: Created PIE world by copying editor world from /Game/Maps/Template.Template to /Game/Maps/UEDPIE_0_Template.Template (0.002675s)
[2015.02.15-03.24.09:744][489]LogWorld: Game class is '2DSideScrollerGameMode_C'
[2015.02.15-03.24.09:745][489]LogAIModule: Creating AISystem for world Template
[2015.02.15-03.24.09:747][489]LogWorld: Bringing World /Game/Maps/UEDPIE_0_Template.Template up for play (max tick rate 60) at 2015.02.14-22.24.09
[2015.02.15-03.24.09:749][489]LogWorld: Bringing up level for play took: 0.003001
[2015.02.15-03.24.09:751][489]PIE: Info Play in editor start time for /Game/Maps/UEDPIE_0_Template 1.046
[2015.02.15-03.24.10:717][542]LogParticles: Destroying 0 GPU particle simulations for FXSystem 0x000000C5A677FC40
[2015.02.15-03.24.14:844][786]BlueprintLog: New page: Pre-PIE auto-recompile
[2015.02.15-03.24.14:844][786]LogPlayLevel: [PIE] Compiling Template before PIE...
[2015.02.15-03.24.14:888][786]LogPlayLevel: PIE:  Blueprint regeneration took 44 ms (1 blueprints)
[2015.02.15-03.24.14:889][786]PIE: New page: PIE session: Template (Feb 14, 2015, 5:24:14 PM)
[2015.02.15-03.24.14:891][786]LogPlayLevel: PIE: StaticDuplicateObject took: (0.001999s)
[2015.02.15-03.24.14:891][786]LogPlayLevel: PIE: World Init took: (0.000404s)
[2015.02.15-03.24.14:891][786]LogPlayLevel: PIE: Created PIE world by copying editor world from /Game/Maps/Template.Template to /Game/Maps/UEDPIE_0_Template.Template (0.002529s)
[2015.02.15-03.24.14:919][786]LogWorld: Game class is '2DSideScrollerGameMode_C'
[2015.02.15-03.24.14:921][786]LogAIModule: Creating AISystem for world Template
[2015.02.15-03.24.14:922][786]LogWorld: Bringing World /Game/Maps/UEDPIE_0_Template.Template up for play (max tick rate 60) at 2015.02.14-22.24.14
[2015.02.15-03.24.14:924][786]LogWorld: Bringing up level for play took: 0.003002
[2015.02.15-03.24.14:926][786]PIE: Info Play in editor start time for /Game/Maps/UEDPIE_0_Template 0.222
[2015.02.15-03.24.22:352][227]LogParticles: Destroying 0 GPU particle simulations for FXSystem 0x000000C5A7C61BC0
[2015.02.15-03.24.32:434][828]LogContentBrowser:Verbose: The content browser source was changed by the sources view to '/Game/Sprites'
[2015.02.15-03.24.35:357][999]LogContentBrowser:Verbose: The content browser source was changed by the sources view to '/Game/Sprites/MySprites'
[2015.02.15-03.25.25:496][547]LogActorComponent: UnregisterComponent: (/Engine/Transient.CharacterMovementComponent_2) Not registered. Aborting.
[2015.02.15-03.25.25:763][547]Cmd: OBJ SAVEPACKAGE PACKAGE="/Game/Maps/Template" FILE="../../../../../../../Users/Owner/Documents/Unreal Projects/WeGuys/Content/Maps/Template.umap" SILENT=true AUTOSAVING=false KEEPDIRTY=false
[2015.02.15-03.25.25:871][547]LogSavePackage: Save=29.847166ms
[2015.02.15-03.25.25:871][547]LogSavePackage: Moving '../../../../../../../Users/Owner/Documents/Unreal Projects/WeGuys/Saved/TemplateB1A45CC449D04531449A27BAF4333DC3.tmp' to '../../../../../../../Users/Owner/Documents/Unreal Projects/WeGuys/Content/Maps/Template.umap'
[2015.02.15-03.25.25:915][547]LogFileHelpers: Saving map 'Template' took 0.360
[2015.02.15-03.25.26:020][547]LogSavePackage: Save=24.241922ms
[2015.02.15-03.25.26:020][547]LogSavePackage: Moving '../../../../../../../Users/Owner/Documents/Unreal Projects/WeGuys/Saved/blueportal_Sprite42DE084C428B0EFD913148B16BE28B66.tmp' to '../../../../../../../Users/Owner/Documents/Unreal Projects/WeGuys/Content/Sprites/MySprites/blueportal_Sprite.uasset'
[2015.02.15-03.26.09:165][729]LogParticles: Destroying 0 GPU particle simulations for FXSystem 0x000000C5A7F8D620
[2015.02.15-03.26.09:419][729]Cmd: OBJ SAVEPACKAGE PACKAGE="/Game/Maps/Template" FILE="../../../../../../../Users/Owner/Documents/Unreal Projects/WeGuys/Content/Maps/Template.umap" SILENT=true AUTOSAVING=false KEEPDIRTY=false
[2015.02.15-03.26.09:527][729]LogSavePackage: Save=29.351088ms
[2015.02.15-03.26.09:527][729]LogSavePackage: Moving '../../../../../../../Users/Owner/Documents/Unreal Projects/WeGuys/Saved/Template37B487DF4D5F9696750B3C849EC640A7.tmp' to '../../../../../../../Users/Owner/Documents/Unreal Projects/WeGuys/Content/Maps/Template.umap'
[2015.02.15-03.26.09:573][729]LogFileHelpers: Saving map 'Template' took 0.362
[2015.02.15-03.26.09:677][729]LogSavePackage: Save=23.504648ms
[2015.02.15-03.26.09:677][729]LogSavePackage: Moving '../../../../../../../Users/Owner/Documents/Unreal Projects/WeGuys/Saved/orangeportal_Sprite92760EF840D59D97CA8930B2EC2A41FD.tmp' to '../../../../../../../Users/Owner/Documents/Unreal Projects/WeGuys/Content/Sprites/MySprites/orangeportal_Sprite.uasset'
[2015.02.15-03.26.12:750][891]BlueprintLog: New page: Pre-PIE auto-recompile
[2015.02.15-03.26.12:750][891]LogPlayLevel: [PIE] Compiling Template before PIE...
[2015.02.15-03.26.12:792][891]LogParticles: Destroying 0 GPU particle simulations for FXSystem 0x000000C5AA7E4400
[2015.02.15-03.26.12:793][891]LogPlayLevel: PIE:  Blueprint regeneration took 43 ms (1 blueprints)
[2015.02.15-03.26.12:794][891]PIE: New page: PIE session: Template (Feb 14, 2015, 5:26:12 PM)
[2015.02.15-03.26.12:796][891]LogPlayLevel: PIE: StaticDuplicateObject took: (0.001981s)
[2015.02.15-03.26.12:796][891]LogPlayLevel: PIE: World Init took: (0.000407s)
[2015.02.15-03.26.12:796][891]LogPlayLevel: PIE: Created PIE world by copying editor world from /Game/Maps/Template.Template to /Game/Maps/UEDPIE_0_Template.Template (0.002508s)
[2015.02.15-03.26.12:826][891]LogWorld: Game class is '2DSideScrollerGameMode_C'
[2015.02.15-03.26.12:827][891]LogAIModule: Creating AISystem for world Template
[2015.02.15-03.26.12:828][891]LogWorld: Bringing World /Game/Maps/UEDPIE_0_Template.Template up for play (max tick rate 60) at 2015.02.14-22.26.12
[2015.02.15-03.26.12:829][891]LogWorld: Bringing up level for play took: 0.001385
[2015.02.15-03.26.12:830][891]PIE: Info Play in editor start time for /Game/Maps/UEDPIE_0_Template 0.125
[2015.02.15-03.26.27:658][776]LogParticles: Destroying 0 GPU particle simulations for FXSystem 0x000000C5AA8B0540
[2015.02.15-03.26.30:926][955]Cmd: OBJ SAVEPACKAGE PACKAGE="/Game/Maps/Template" FILE="../../../../../../../Users/Owner/Documents/Unreal Projects/WeGuys/Content/Maps/Template.umap" SILENT=true AUTOSAVING=false KEEPDIRTY=false
[2015.02.15-03.26.31:032][955]LogSavePackage: Save=29.546526ms
[2015.02.15-03.26.31:033][955]LogSavePackage: Moving '../../../../../../../Users/Owner/Documents/Unreal Projects/WeGuys/Saved/Template4692F7BA4446A1E5A9BBF488038D5EAB.tmp' to '../../../../../../../Users/Owner/Documents/Unreal Projects/WeGuys/Content/Maps/Template.umap'
[2015.02.15-03.26.31:076][955]LogFileHelpers: Saving map 'Template' took 0.357
[2015.02.15-03.26.31:670][989]BlueprintLog: New page: Pre-PIE auto-recompile
[2015.02.15-03.26.31:670][989]LogPlayLevel: [PIE] Compiling Template before PIE...
[2015.02.15-03.26.31:711][989]LogPlayLevel: PIE:  Blueprint regeneration took 40 ms (1 blueprints)
[2015.02.15-03.26.31:711][989]PIE: New page: PIE session: Template (Feb 14, 2015, 5:26:31 PM)
[2015.02.15-03.26.31:713][989]LogPlayLevel: PIE: StaticDuplicateObject took: (0.002060s)
[2015.02.15-03.26.31:713][989]LogPlayLevel: PIE: World Init took: (0.000464s)
[2015.02.15-03.26.31:714][989]LogPlayLevel: PIE: Created PIE world by copying editor world from /Game/Maps/Template.Template to /Game/Maps/UEDPIE_0_Template.Template (0.002654s)
[2015.02.15-03.26.31:744][989]LogWorld: Game class is '2DSideScrollerGameMode_C'
[2015.02.15-03.26.31:745][989]LogAIModule: Creating AISystem for world Template
[2015.02.15-03.26.31:746][989]LogWorld: Bringing World /Game/Maps/UEDPIE_0_Template.Template up for play (max tick rate 60) at 2015.02.14-22.26.31
[2015.02.15-03.26.31:747][989]LogWorld: Bringing up level for play took: 0.001362
[2015.02.15-03.26.31:748][989]PIE: Info Play in editor start time for /Game/Maps/UEDPIE_0_Template 1.044
[2015.02.15-03.27.08:726][192]LogParticles: Destroying 0 GPU particle simulations for FXSystem 0x000000C5A9963BA0
[2015.02.15-03.27.11:133][335]LogContentBrowser:Verbose: The content browser source was changed by the sources view to '/Game/Blueprints'
[2015.02.15-03.27.21:471][902]LogPropertyNode:Warning: UI Min (0.001) >= UI Max () for Ranged Numeric
[2015.02.15-03.27.21:474][902]LogPropertyNode:Warning: UI Min (0.001) >= UI Max () for Ranged Numeric
[2015.02.15-03.27.21:522][902]LogPropertyNode:Warning: UI Min (0.001) >= UI Max () for Ranged Numeric
[2015.02.15-03.27.21:523][902]LogPropertyNode:Warning: UI Min (0.001) >= UI Max () for Ranged Numeric
[2015.02.15-03.27.21:558][902]LogPropertyNode:Warning: UI Min (0.001) >= UI Max () for Ranged Numeric
[2015.02.15-03.27.21:559][902]LogPropertyNode:Warning: UI Min (0.001) >= UI Max () for Ranged Numeric
[2015.02.15-03.27.24:217][ 25]LogPropertyNode:Warning: UI Min (0) >= UI Max () for Ranged Numeric
[2015.02.15-03.27.24:217][ 25]LogPropertyNode:Warning: UI Min (0) >= UI Max () for Ranged Numeric
[2015.02.15-03.27.25:780][ 94]LogPropertyNode:Warning: UI Min (0) >= UI Max () for Ranged Numeric
[2015.02.15-03.27.25:781][ 94]LogPropertyNode:Warning: UI Min (0) >= UI Max () for Ranged Numeric
[2015.02.15-03.27.25:781][ 94]LogPropertyNode:Warning: UI Min (0) >= UI Max () for Ranged Numeric
[2015.02.15-03.27.25:782][ 94]LogPropertyNode:Warning: UI Min (0) >= UI Max () for Ranged Numeric
[2015.02.15-03.27.25:783][ 94]LogPropertyNode:Warning: UI Min (0) >= UI Max () for Ranged Numeric
[2015.02.15-03.27.25:783][ 94]LogPropertyNode:Warning: UI Min (0) >= UI Max () for Ranged Numeric
[2015.02.15-03.27.25:794][ 94]LogPropertyNode:Warning: UI Min (0) >= UI Max () for Ranged Numeric
[2015.02.15-03.27.25:795][ 94]LogPropertyNode:Warning: UI Min (0) >= UI Max () for Ranged Numeric
[2015.02.15-03.27.25:799][ 94]LogPropertyNode:Warning: UI Min (0) >= UI Max () for Ranged Numeric
[2015.02.15-03.27.25:846][ 95]LogRenderer:Warning: Reallocating scene render targets to support 1280x904.
[2015.02.15-03.27.26:187][108]LogPropertyNode:Warning: UI Min (0) >= UI Max () for Ranged Numeric
[2015.02.15-03.27.26:208][109]LogPropertyNode:Warning: UI Min (0) >= UI Max () for Ranged Numeric
[2015.02.15-03.27.26:209][109]LogPropertyNode:Warning: UI Min (0) >= UI Max () for Ranged Numeric
[2015.02.15-03.27.26:289][110]LogPropertyNode:Warning: UI Min (0) >= UI Max () for Ranged Numeric
[2015.02.15-03.27.26:289][110]LogPropertyNode:Warning: UI Min (0) >= UI Max () for Ranged Numeric
[2015.02.15-03.27.43:920][973]LogActorComponent: UnregisterComponent: (/Engine/Transient.CharacterMovementComponent_3) Not registered. Aborting.
[2015.02.15-03.27.44:116][983]LogActorComponent: UnregisterComponent: (/Engine/Transient.CharacterMovementComponent_4) Not registered. Aborting.
[2015.02.15-03.27.44:408][983]Cmd: OBJ SAVEPACKAGE PACKAGE="/Game/Maps/Template" FILE="../../../../../../../Users/Owner/Documents/Unreal Projects/WeGuys/Content/Maps/Template.umap" SILENT=true AUTOSAVING=false KEEPDIRTY=false
[2015.02.15-03.27.44:526][983]LogSavePackage: Save=34.982418ms
[2015.02.15-03.27.44:526][983]LogSavePackage: Moving '../../../../../../../Users/Owner/Documents/Unreal Projects/WeGuys/Saved/Template8F69E52B4FB9F537AAB21D93F129ECA0.tmp' to '../../../../../../../Users/Owner/Documents/Unreal Projects/WeGuys/Content/Maps/Template.umap'
[2015.02.15-03.27.44:571][983]LogFileHelpers: Saving map 'Template' took 0.381
[2015.02.15-03.27.44:585][983]Cmd: OBJ SAVEPACKAGE PACKAGE="/Game/Blueprints/MyCharacter" FILE="../../../../../../../Users/Owner/Documents/Unreal Projects/WeGuys/Content/Blueprints/MyCharacter.uasset" SILENT=true
[2015.02.15-03.27.44:856][983]LogSavePackage: Save=199.881027ms
[2015.02.15-03.27.44:856][983]LogSavePackage: Moving '../../../../../../../Users/Owner/Documents/Unreal Projects/WeGuys/Saved/MyCharacter920036884CD1C09BCFAA86A0F9C5A558.tmp' to '../../../../../../../Users/Owner/Documents/Unreal Projects/WeGuys/Content/Blueprints/MyCharacter.uasset'
[2015.02.15-03.27.45:016][990]BlueprintLog: New page: Compile MyCharacter
[2015.02.15-03.27.45:110][990]LogPropertyNode:Warning: UI Min (0.001) >= UI Max () for Ranged Numeric
[2015.02.15-03.27.45:111][990]LogPropertyNode:Warning: UI Min (0.001) >= UI Max () for Ranged Numeric
[2015.02.15-03.27.45:208][990]LogActorComponent: UnregisterComponent: (/Engine/Transient.CharacterMovementComponent_5) Not registered. Aborting.
[2015.02.15-03.27.45:245][990]LogPropertyNode:Warning: UI Min (0.001) >= UI Max () for Ranged Numeric
[2015.02.15-03.27.45:246][990]LogPropertyNode:Warning: UI Min (0.001) >= UI Max () for Ranged Numeric
[2015.02.15-03.27.45:293][990]BlueprintEditorCompileResults: Info [0318.27] Compile of MyCharacter successful! [in 237 ms]
[2015.02.15-03.27.47:215][ 98]BlueprintLog: New page: Pre-PIE auto-recompile
[2015.02.15-03.27.47:219][ 98]LogPlayLevel: [PIE] Compiling MyPuppeteer before PIE...
[2015.02.15-03.27.47:307][ 98]LogPropertyNode:Warning: UI Min (0.001) >= UI Max () for Ranged Numeric
[2015.02.15-03.27.47:307][ 98]LogPropertyNode:Warning: UI Min (0.001) >= UI Max () for Ranged Numeric
[2015.02.15-03.27.47:327][ 98]LogActorComponent: UnregisterComponent: (/Engine/Transient.CharacterMovementComponent_6) Not registered. Aborting.
[2015.02.15-03.27.47:346][ 98]LogPlayLevel: [PIE] Compiling Bullet before PIE...
[2015.02.15-03.27.47:425][ 98]LogPropertyNode:Warning: UI Min (0.001) >= UI Max () for Ranged Numeric
[2015.02.15-03.27.47:425][ 98]LogPropertyNode:Warning: UI Min (0.001) >= UI Max () for Ranged Numeric
[2015.02.15-03.27.47:457][ 98]LogPlayLevel: [PIE] Compiling Apple before PIE...
[2015.02.15-03.27.47:553][ 98]LogPropertyNode:Warning: UI Min (0.001) >= UI Max () for Ranged Numeric
[2015.02.15-03.27.47:554][ 98]LogPropertyNode:Warning: UI Min (0.001) >= UI Max () for Ranged Numeric
[2015.02.15-03.27.47:586][ 98]LogPlayLevel: [PIE] Compiling Goal before PIE...
[2015.02.15-03.27.47:642][ 98]LogPlayLevel: [PIE] Compiling KillZ before PIE...
[2015.02.15-03.27.47:685][ 98]LogPlayLevel: [PIE] Compiling Portal before PIE...
[2015.02.15-03.27.47:762][ 98]LogPlayLevel: [PIE] Compiling Tutorial_BP_MacroLib before PIE...
[2015.02.15-03.27.47:801][ 98]LogPlayLevel: [PIE] Compiling Template before PIE...
[2015.02.15-03.27.47:857][ 98]LogPropertyNode:Warning: UI Min (0.001) >= UI Max () for Ranged Numeric
[2015.02.15-03.27.47:858][ 98]LogPropertyNode:Warning: UI Min (0.001) >= UI Max () for Ranged Numeric
[2015.02.15-03.27.47:878][ 98]LogPlayLevel: [PIE] Compiling MyCharacter before PIE...
[2015.02.15-03.27.47:957][ 98]LogPropertyNode:Warning: UI Min (0.001) >= UI Max () for Ranged Numeric
[2015.02.15-03.27.47:958][ 98]LogPropertyNode:Warning: UI Min (0.001) >= UI Max () for Ranged Numeric
[2015.02.15-03.27.48:055][ 98]LogPropertyNode:Warning: UI Min (0.001) >= UI Max () for Ranged Numeric
[2015.02.15-03.27.48:055][ 98]LogPropertyNode:Warning: UI Min (0.001) >= UI Max () for Ranged Numeric
[2015.02.15-03.27.48:101][ 98]LogPlayLevel: [PIE] Compiling Destructible before PIE...
[2015.02.15-03.27.48:169][ 98]LogPropertyNode:Warning: UI Min (0.001) >= UI Max () for Ranged Numeric
[2015.02.15-03.27.48:170][ 98]LogPropertyNode:Warning: UI Min (0.001) >= UI Max () for Ranged Numeric
[2015.02.15-03.27.48:223][ 98]LogPlayLevel: PIE:  Blueprint regeneration took 1007 ms (10 blueprints)
[2015.02.15-03.27.48:223][ 98]PIE: New page: PIE session: Template (Feb 14, 2015, 5:27:48 PM)
[2015.02.15-03.27.48:226][ 98]LogPlayLevel: PIE: StaticDuplicateObject took: (0.002167s)
[2015.02.15-03.27.48:226][ 98]LogPlayLevel: PIE: World Init took: (0.000471s)
[2015.02.15-03.27.48:226][ 98]LogPlayLevel: PIE: Created PIE world by copying editor world from /Game/Maps/Template.Template to /Game/Maps/UEDPIE_0_Template.Template (0.002778s)
[2015.02.15-03.27.48:258][ 98]LogWorld: Game class is '2DSideScrollerGameMode_C'
[2015.02.15-03.27.48:259][ 98]LogAIModule: Creating AISystem for world Template
[2015.02.15-03.27.48:260][ 98]LogWorld: Bringing World /Game/Maps/UEDPIE_0_Template.Template up for play (max tick rate 60) at 2015.02.14-22.27.48
[2015.02.15-03.27.48:261][ 98]LogWorld: Bringing up level for play took: 0.001357
[2015.02.15-03.27.48:262][ 98]PIE: Info Play in editor start time for /Game/Maps/UEDPIE_0_Template 1.558
[2015.02.15-03.27.56:369][581]LogPropertyNode:Warning: UI Min (0.001) >= UI Max () for Ranged Numeric
[2015.02.15-03.27.56:370][581]LogPropertyNode:Warning: UI Min (0.001) >= UI Max () for Ranged Numeric
[2015.02.15-03.27.56:441][581]LogActorComponent: UnregisterComponent: (/Engine/Transient.CharacterMovementComponent_7) Not registered. Aborting.
[2015.02.15-03.27.56:466][581]LogParticles: Destroying 0 GPU particle simulations for FXSystem 0x000000C5C083B1A0
[2015.02.15-03.27.57:097][602]Cmd: OBJ SAVEPACKAGE PACKAGE="/Game/Maps/Template" FILE="../../../../../../../Users/Owner/Documents/Unreal Projects/WeGuys/Content/Maps/Template.umap" SILENT=true AUTOSAVING=false KEEPDIRTY=false
[2015.02.15-03.27.57:218][602]LogSavePackage: Save=33.984280ms
[2015.02.15-03.27.57:218][602]LogSavePackage: Moving '../../../../../../../Users/Owner/Documents/Unreal Projects/WeGuys/Saved/TemplateD5842F1E4D1C31C8E26555B596EE737E.tmp' to '../../../../../../../Users/Owner/Documents/Unreal Projects/WeGuys/Content/Maps/Template.umap'
[2015.02.15-03.27.57:260][602]LogFileHelpers: Saving map 'Template' took 0.382
[2015.02.15-03.28.01:991][829]LogPropertyNode:Warning: UI Min (0) >= UI Max () for Ranged Numeric
[2015.02.15-03.28.01:991][829]LogPropertyNode:Warning: UI Min (0) >= UI Max () for Ranged Numeric
[2015.02.15-03.28.01:993][829]LogPropertyNode:Warning: UI Min (0) >= UI Max () for Ranged Numeric
[2015.02.15-03.28.01:994][829]LogPropertyNode:Warning: UI Min (0) >= UI Max () for Ranged Numeric
[2015.02.15-03.28.01:995][829]LogPropertyNode:Warning: UI Min (0) >= UI Max () for Ranged Numeric
[2015.02.15-03.28.01:995][829]LogPropertyNode:Warning: UI Min (0) >= UI Max () for Ranged Numeric
[2015.02.15-03.28.01:996][829]LogPropertyNode:Warning: UI Min (0) >= UI Max () for Ranged Numeric
[2015.02.15-03.28.01:996][829]LogPropertyNode:Warning: UI Min (0) >= UI Max () for Ranged Numeric
[2015.02.15-03.28.01:997][829]LogPropertyNode:Warning: UI Min (0) >= UI Max () for Ranged Numeric
[2015.02.15-03.28.01:997][829]LogPropertyNode:Warning: UI Min (0) >= UI Max () for Ranged Numeric
[2015.02.15-03.28.01:998][829]LogPropertyNode:Warning: UI Min (0) >= UI Max () for Ranged Numeric
[2015.02.15-03.28.01:998][829]LogPropertyNode:Warning: UI Min (0) >= UI Max () for Ranged Numeric
[2015.02.15-03.28.01:999][829]LogPropertyNode:Warning: UI Min (0) >= UI Max () for Ranged Numeric
[2015.02.15-03.28.01:999][829]LogPropertyNode:Warning: UI Min (0) >= UI Max () for Ranged Numeric
[2015.02.15-03.28.02:000][829]LogPropertyNode:Warning: UI Min (0) >= UI Max () for Ranged Numeric
[2015.02.15-03.28.02:001][829]LogPropertyNode:Warning: UI Min (0) >= UI Max () for Ranged Numeric
[2015.02.15-03.28.11:665][287]BlueprintLog: New page: Compile MyCharacter
[2015.02.15-03.28.11:759][287]LogPropertyNode:Warning: UI Min (0.001) >= UI Max () for Ranged Numeric
[2015.02.15-03.28.11:760][287]LogPropertyNode:Warning: UI Min (0.001) >= UI Max () for Ranged Numeric
[2015.02.15-03.28.11:884][287]LogPropertyNode:Warning: UI Min (0.001) >= UI Max () for Ranged Numeric
[2015.02.15-03.28.11:884][287]LogPropertyNode:Warning: UI Min (0.001) >= UI Max () for Ranged Numeric
[2015.02.15-03.28.11:930][287]BlueprintEditorCompileResults: Info [0344.90] Compile of MyCharacter successful! [in 226 ms]
[2015.02.15-03.28.13:477][364]LogPropertyNode:Warning: UI Min (0) >= UI Max () for Ranged Numeric
[2015.02.15-03.28.13:478][364]LogPropertyNode:Warning: UI Min (0) >= UI Max () for Ranged Numeric
[2015.02.15-03.28.13:480][364]LogPropertyNode:Warning: UI Min (0) >= UI Max () for Ranged Numeric
[2015.02.15-03.28.13:481][364]LogPropertyNode:Warning: UI Min (0) >= UI Max () for Ranged Numeric
[2015.02.15-03.28.13:481][364]LogPropertyNode:Warning: UI Min (0) >= UI Max () for Ranged Numeric
[2015.02.15-03.28.13:482][364]LogPropertyNode:Warning: UI Min (0) >= UI Max () for Ranged Numeric
[2015.02.15-03.28.13:482][364]LogPropertyNode:Warning: UI Min (0) >= UI Max () for Ranged Numeric
[2015.02.15-03.28.13:483][364]LogPropertyNode:Warning: UI Min (0) >= UI Max () for Ranged Numeric
[2015.02.15-03.28.13:483][364]LogPropertyNode:Warning: UI Min (0) >= UI Max () for Ranged Numeric
[2015.02.15-03.28.13:484][364]LogPropertyNode:Warning: UI Min (0) >= UI Max () for Ranged Numeric
[2015.02.15-03.28.13:484][364]LogPropertyNode:Warning: UI Min (0) >= UI Max () for Ranged Numeric
[2015.02.15-03.28.13:485][364]LogPropertyNode:Warning: UI Min (0) >= UI Max () for Ranged Numeric
[2015.02.15-03.28.13:485][364]LogPropertyNode:Warning: UI Min (0) >= UI Max () for Ranged Numeric
[2015.02.15-03.28.13:486][364]LogPropertyNode:Warning: UI Min (0) >= UI Max () for Ranged Numeric
[2015.02.15-03.28.13:487][364]LogPropertyNode:Warning: UI Min (0) >= UI Max () for Ranged Numeric
[2015.02.15-03.28.13:487][364]LogPropertyNode:Warning: UI Min (0) >= UI Max () for Ranged Numeric
[2015.02.15-03.28.15:633][473]LogPropertyNode:Warning: UI Min (0) >= UI Max () for Ranged Numeric
[2015.02.15-03.28.15:634][473]LogPropertyNode:Warning: UI Min (0) >= UI Max () for Ranged Numeric
[2015.02.15-03.28.17:994][598]LogPropertyNode:Warning: UI Min (0) >= UI Max () for Ranged Numeric
[2015.02.15-03.28.18:014][599]LogPropertyNode:Warning: UI Min (0) >= UI Max () for Ranged Numeric
[2015.02.15-03.28.18:327][615]LogPropertyNode:Warning: UI Min (0) >= UI Max () for Ranged Numeric
[2015.02.15-03.28.24:506][943]LogPropertyNode:Warning: UI Min (0) >= UI Max () for Ranged Numeric
[2015.02.15-03.28.24:507][943]LogPropertyNode:Warning: UI Min (0) >= UI Max () for Ranged Numeric
[2015.02.15-03.28.25:244][977]LogPropertyNode:Warning: UI Min (0) >= UI Max () for Ranged Numeric
[2015.02.15-03.28.25:244][977]LogPropertyNode:Warning: UI Min (0) >= UI Max () for Ranged Numeric
[2015.02.15-03.28.25:245][977]LogPropertyNode:Warning: UI Min (0) >= UI Max () for Ranged Numeric
[2015.02.15-03.28.25:266][978]LogPropertyNode:Warning: UI Min (0) >= UI Max () for Ranged Numeric
[2015.02.15-03.28.25:286][979]LogPropertyNode:Warning: UI Min (0) >= UI Max () for Ranged Numeric
[2015.02.15-03.28.25:309][980]LogPropertyNode:Warning: UI Min (0) >= UI Max () for Ranged Numeric
[2015.02.15-03.28.25:310][980]LogPropertyNode:Warning: UI Min (0) >= UI Max () for Ranged Numeric
[2015.02.15-03.28.25:332][981]LogPropertyNode:Warning: UI Min (0) >= UI Max () for Ranged Numeric
[2015.02.15-03.28.25:586][994]LogPropertyNode:Warning: UI Min (0) >= UI Max () for Ranged Numeric
[2015.02.15-03.28.25:608][995]LogPropertyNode:Warning: UI Min (0) >= UI Max () for Ranged Numeric
[2015.02.15-03.30.52:539][871]LogActorComponent: UnregisterComponent: (/Engine/Transient.CharacterMovementComponent_8) Not registered. Aborting.
[2015.02.15-03.30.52:818][871]Cmd: OBJ SAVEPACKAGE PACKAGE="/Game/Maps/Template" FILE="../../../../../../../Users/Owner/Documents/Unreal Projects/WeGuys/Content/Maps/Template.umap" SILENT=true AUTOSAVING=false KEEPDIRTY=false
[2015.02.15-03.30.52:943][871]LogSavePackage: Save=35.003376ms
[2015.02.15-03.30.52:943][871]LogSavePackage: Moving '../../../../../../../Users/Owner/Documents/Unreal Projects/WeGuys/Saved/TemplateF709D3354FB5451A2EF9A9A8A9373257.tmp' to '../../../../../../../Users/Owner/Documents/Unreal Projects/WeGuys/Content/Maps/Template.umap'
[2015.02.15-03.30.52:985][871]LogFileHelpers: Saving map 'Template' took 0.386
[2015.02.15-03.30.52:999][871]Cmd: OBJ SAVEPACKAGE PACKAGE="/Game/Blueprints/MyCharacter" FILE="../../../../../../../Users/Owner/Documents/Unreal Projects/WeGuys/Content/Blueprints/MyCharacter.uasset" SILENT=true
[2015.02.15-03.30.53:265][871]LogSavePackage: Save=197.388245ms
[2015.02.15-03.30.53:266][871]LogSavePackage: Moving '../../../../../../../Users/Owner/Documents/Unreal Projects/WeGuys/Saved/MyCharacterCA18FC5E44BEFA77D6EF4A8657E0779E.tmp' to '../../../../../../../Users/Owner/Documents/Unreal Projects/WeGuys/Content/Blueprints/MyCharacter.uasset'
[2015.02.15-03.30.53:634][887]BlueprintLog: New page: Compile MyCharacter
[2015.02.15-03.30.53:719][887]LogPropertyNode:Warning: UI Min (0.001) >= UI Max () for Ranged Numeric
[2015.02.15-03.30.53:720][887]LogPropertyNode:Warning: UI Min (0.001) >= UI Max () for Ranged Numeric
[2015.02.15-03.30.53:803][887]LogActorComponent: UnregisterComponent: (/Engine/Transient.CharacterMovementComponent_9) Not registered. Aborting.
[2015.02.15-03.30.53:849][887]LogPropertyNode:Warning: UI Min (0.001) >= UI Max () for Ranged Numeric
[2015.02.15-03.30.53:850][887]LogPropertyNode:Warning: UI Min (0.001) >= UI Max () for Ranged Numeric
[2015.02.15-03.30.53:894][887]BlueprintEditorCompileResults: Info [0506.87] Compile of MyCharacter successful! [in 219 ms]
[2015.02.15-03.31.06:583][490]BlueprintLog: New page: Compile Portal
[2015.02.15-03.31.06:651][490]LogActorComponent: UnregisterComponent: (/Engine/Transient.CharacterMovementComponent_10) Not registered. Aborting.
[2015.02.15-03.31.06:693][490]BlueprintEditorCompileResults: Info [0519.67] Compile of Portal successful! [in 93 ms]
[2015.02.15-03.31.49:702][370]Cmd: OBJ SAVEPACKAGE PACKAGE="/Game/Maps/Template" FILE="../../../../../../../Users/Owner/Documents/Unreal Projects/WeGuys/Content/Maps/Template.umap" SILENT=true AUTOSAVING=false KEEPDIRTY=false
[2015.02.15-03.31.49:820][370]LogSavePackage: Save=32.565327ms
[2015.02.15-03.31.49:820][370]LogSavePackage: Moving '../../../../../../../Users/Owner/Documents/Unreal Projects/WeGuys/Saved/TemplateA19E84BF47498AB48D855A8602BFC7FC.tmp' to '../../../../../../../Users/Owner/Documents/Unreal Projects/WeGuys/Content/Maps/Template.umap'
[2015.02.15-03.31.49:864][370]LogFileHelpers: Saving map 'Template' took 0.381
[2015.02.15-03.31.49:878][370]Cmd: OBJ SAVEPACKAGE PACKAGE="/Game/Blueprints/Portal" FILE="../../../../../../../Users/Owner/Documents/Unreal Projects/WeGuys/Content/Blueprints/Portal.uasset" SILENT=true
[2015.02.15-03.31.50:138][370]LogSavePackage: Save=182.313049ms
[2015.02.15-03.31.50:138][370]LogSavePackage: Moving '../../../../../../../Users/Owner/Documents/Unreal Projects/WeGuys/Saved/Portal3C76F0AD4225E63B1050188F703A0A72.tmp' to '../../../../../../../Users/Owner/Documents/Unreal Projects/WeGuys/Content/Blueprints/Portal.uasset'
[2015.02.15-03.32.07:201][ 33]BlueprintLog: New page: Compile Portal
[2015.02.15-03.32.07:310][ 33]BlueprintEditorCompileResults: Info [0580.28] Compile of Portal successful! [in 90 ms]
[2015.02.15-03.32.07:994][ 47]Cmd: OBJ SAVEPACKAGE PACKAGE="/Game/Maps/Template" FILE="../../../../../../../Users/Owner/Documents/Unreal Projects/WeGuys/Content/Maps/Template.umap" SILENT=true AUTOSAVING=false KEEPDIRTY=false
[2015.02.15-03.32.08:114][ 47]LogSavePackage: Save=33.415928ms
[2015.02.15-03.32.08:114][ 47]LogSavePackage: Moving '../../../../../../../Users/Owner/Documents/Unreal Projects/WeGuys/Saved/TemplateC6F911AA4BB1CE38A3E4B2AAC2C304A0.tmp' to '../../../../../../../Users/Owner/Documents/Unreal Projects/WeGuys/Content/Maps/Template.umap'
[2015.02.15-03.32.08:157][ 47]LogFileHelpers: Saving map 'Template' took 0.383
[2015.02.15-03.32.08:171][ 47]Cmd: OBJ SAVEPACKAGE PACKAGE="/Game/Blueprints/Portal" FILE="../../../../../../../Users/Owner/Documents/Unreal Projects/WeGuys/Content/Blueprints/Portal.uasset" SILENT=true
[2015.02.15-03.32.08:424][ 47]LogSavePackage: Save=182.576920ms
[2015.02.15-03.32.08:424][ 47]LogSavePackage: Moving '../../../../../../../Users/Owner/Documents/Unreal Projects/WeGuys/Saved/Portal4EA68F434A292A852FB9D6A7B6AFA8CD.tmp' to '../../../../../../../Users/Owner/Documents/Unreal Projects/WeGuys/Content/Blueprints/Portal.uasset'
[2015.02.15-03.32.10:062][128]BlueprintLog: New page: Pre-PIE auto-recompile
[2015.02.15-03.32.10:066][128]LogPlayLevel: [PIE] Compiling MyPuppeteer before PIE...
[2015.02.15-03.32.10:159][128]LogPropertyNode:Warning: UI Min (0.001) >= UI Max () for Ranged Numeric
[2015.02.15-03.32.10:160][128]LogPropertyNode:Warning: UI Min (0.001) >= UI Max () for Ranged Numeric
[2015.02.15-03.32.10:199][128]LogPlayLevel: [PIE] Compiling Bullet before PIE...
[2015.02.15-03.32.10:272][128]LogPropertyNode:Warning: UI Min (0.001) >= UI Max () for Ranged Numeric
[2015.02.15-03.32.10:273][128]LogPropertyNode:Warning: UI Min (0.001) >= UI Max () for Ranged Numeric
[2015.02.15-03.32.10:305][128]LogPlayLevel: [PIE] Compiling Apple before PIE...
[2015.02.15-03.32.10:404][128]LogPropertyNode:Warning: UI Min (0.001) >= UI Max () for Ranged Numeric
[2015.02.15-03.32.10:405][128]LogPropertyNode:Warning: UI Min (0.001) >= UI Max () for Ranged Numeric
[2015.02.15-03.32.10:437][128]LogPlayLevel: [PIE] Compiling Goal before PIE...
[2015.02.15-03.32.10:493][128]LogPlayLevel: [PIE] Compiling KillZ before PIE...
[2015.02.15-03.32.10:536][128]LogPlayLevel: [PIE] Compiling Template before PIE...
[2015.02.15-03.32.10:592][128]LogPropertyNode:Warning: UI Min (0.001) >= UI Max () for Ranged Numeric
[2015.02.15-03.32.10:592][128]LogPropertyNode:Warning: UI Min (0.001) >= UI Max () for Ranged Numeric
[2015.02.15-03.32.10:614][128]LogPlayLevel: [PIE] Compiling MyCharacter before PIE...
[2015.02.15-03.32.10:696][128]LogPropertyNode:Warning: UI Min (0.001) >= UI Max () for Ranged Numeric
[2015.02.15-03.32.10:697][128]LogPropertyNode:Warning: UI Min (0.001) >= UI Max () for Ranged Numeric
[2015.02.15-03.32.10:802][128]LogPropertyNode:Warning: UI Min (0.001) >= UI Max () for Ranged Numeric
[2015.02.15-03.32.10:803][128]LogPropertyNode:Warning: UI Min (0.001) >= UI Max () for Ranged Numeric
[2015.02.15-03.32.10:854][128]LogPlayLevel: [PIE] Compiling Destructible before PIE...
[2015.02.15-03.32.10:923][128]LogPropertyNode:Warning: UI Min (0.001) >= UI Max () for Ranged Numeric
[2015.02.15-03.32.10:924][128]LogPropertyNode:Warning: UI Min (0.001) >= UI Max () for Ranged Numeric
[2015.02.15-03.32.10:957][128]LogPlayLevel: [PIE] Compiling Portal before PIE...
[2015.02.15-03.32.11:070][128]LogPlayLevel: PIE:  Blueprint regeneration took 1008 ms (9 blueprints)
[2015.02.15-03.32.11:070][128]PIE: New page: PIE session: Template (Feb 14, 2015, 5:32:11 PM)
[2015.02.15-03.32.11:073][128]LogPlayLevel: PIE: StaticDuplicateObject took: (0.002214s)
[2015.02.15-03.32.11:073][128]LogPlayLevel: PIE: World Init took: (0.000480s)
[2015.02.15-03.32.11:073][128]LogPlayLevel: PIE: Created PIE world by copying editor world from /Game/Maps/Template.Template to /Game/Maps/UEDPIE_0_Template.Template (0.002842s)
[2015.02.15-03.32.11:108][128]LogWorld: Game class is '2DSideScrollerGameMode_C'
[2015.02.15-03.32.11:110][128]LogAIModule: Creating AISystem for world Template
[2015.02.15-03.32.11:111][128]LogWorld: Bringing World /Game/Maps/UEDPIE_0_Template.Template up for play (max tick rate 60) at 2015.02.14-22.32.11
[2015.02.15-03.32.11:111][128]LogWorld: Bringing up level for play took: 0.001455
[2015.02.15-03.32.11:112][128]PIE: Info Play in editor start time for /Game/Maps/UEDPIE_0_Template 0.408
[2015.02.15-03.33.01:572][151]LogPropertyNode:Warning: UI Min (0.001) >= UI Max () for Ranged Numeric
[2015.02.15-03.33.01:573][151]LogPropertyNode:Warning: UI Min (0.001) >= UI Max () for Ranged Numeric
[2015.02.15-03.33.01:634][151]LogActorComponent: UnregisterComponent: (/Engine/Transient.CharacterMovementComponent_11) Not registered. Aborting.
[2015.02.15-03.33.01:660][151]LogParticles: Destroying 0 GPU particle simulations for FXSystem 0x000000C5CDA731A0
[2015.02.15-03.33.02:361][176]Cmd: OBJ SAVEPACKAGE PACKAGE="/Game/Maps/Template" FILE="../../../../../../../Users/Owner/Documents/Unreal Projects/WeGuys/Content/Maps/Template.umap" SILENT=true AUTOSAVING=false KEEPDIRTY=false
[2015.02.15-03.33.02:483][176]LogSavePackage: Save=34.227184ms
[2015.02.15-03.33.02:483][176]LogSavePackage: Moving '../../../../../../../Users/Owner/Documents/Unreal Projects/WeGuys/Saved/Template1AB764FB4E37E1F2712C0DB834D281EA.tmp' to '../../../../../../../Users/Owner/Documents/Unreal Projects/WeGuys/Content/Maps/Template.umap'
[2015.02.15-03.33.02:528][176]LogFileHelpers: Saving map 'Template' took 0.386
[2015.02.15-03.33.14:484][761]BlueprintLog: New page: Compile Portal
[2015.02.15-03.33.14:592][761]BlueprintEditorCompileResults: Info [0647.57] Compile of Portal successful! [in 91 ms]
[2015.02.15-03.33.20:670][ 11]BlueprintLog: New page: Compile Portal
[2015.02.15-03.33.20:777][ 11]BlueprintEditorCompileResults: Info [0653.75] Compile of Portal successful! [in 90 ms]
[2015.02.15-03.33.21:704][ 36]Cmd: OBJ SAVEPACKAGE PACKAGE="/Game/Maps/Template" FILE="../../../../../../../Users/Owner/Documents/Unreal Projects/WeGuys/Content/Maps/Template.umap" SILENT=true AUTOSAVING=false KEEPDIRTY=false
[2015.02.15-03.33.21:826][ 36]LogSavePackage: Save=32.583714ms
[2015.02.15-03.33.21:826][ 36]LogSavePackage: Moving '../../../../../../../Users/Owner/Documents/Unreal Projects/WeGuys/Saved/TemplateB892322A446302B16A6790A2F6DB8E2E.tmp' to '../../../../../../../Users/Owner/Documents/Unreal Projects/WeGuys/Content/Maps/Template.umap'
[2015.02.15-03.33.21:868][ 36]LogFileHelpers: Saving map 'Template' took 0.380
[2015.02.15-03.33.21:882][ 36]Cmd: OBJ SAVEPACKAGE PACKAGE="/Game/Blueprints/Portal" FILE="../../../../../../../Users/Owner/Documents/Unreal Projects/WeGuys/Content/Blueprints/Portal.uasset" SILENT=true
[2015.02.15-03.33.22:135][ 36]LogSavePackage: Save=185.147964ms
[2015.02.15-03.33.22:135][ 36]LogSavePackage: Moving '../../../../../../../Users/Owner/Documents/Unreal Projects/WeGuys/Saved/Portal8E202AA84FEE7036785B8080BF87E26A.tmp' to '../../../../../../../Users/Owner/Documents/Unreal Projects/WeGuys/Content/Blueprints/Portal.uasset'
[2015.02.15-03.34.29:110][942]BlueprintLog: New page: Compile Portal
[2015.02.15-03.34.29:223][942]BlueprintEditorCompileResults: Info [0722.20] Compile of Portal successful! [in 94 ms]
[2015.02.15-03.36.35:956][ 92]BlueprintLog: New page: Compile Portal
[2015.02.15-03.36.36:074][ 92]BlueprintEditorCompileResults: Info [0849.05] Compile of Portal successful! [in 99 ms]
[2015.02.15-03.36.38:169][191]BlueprintLog: New page: Pre-PIE auto-recompile
[2015.02.15-03.36.38:174][191]LogPlayLevel: [PIE] Compiling MyPuppeteer before PIE...
[2015.02.15-03.36.38:262][191]LogPropertyNode:Warning: UI Min (0.001) >= UI Max () for Ranged Numeric
[2015.02.15-03.36.38:263][191]LogPropertyNode:Warning: UI Min (0.001) >= UI Max () for Ranged Numeric
[2015.02.15-03.36.38:318][191]LogPropertyNode:Warning: UI Min (0.001) >= UI Max () for Ranged Numeric
[2015.02.15-03.36.38:319][191]LogPropertyNode:Warning: UI Min (0.001) >= UI Max () for Ranged Numeric
[2015.02.15-03.36.38:339][191]LogPlayLevel: [PIE] Compiling MyCharacter before PIE...
[2015.02.15-03.36.38:418][191]LogPropertyNode:Warning: UI Min (0.001) >= UI Max () for Ranged Numeric
[2015.02.15-03.36.38:419][191]LogPropertyNode:Warning: UI Min (0.001) >= UI Max () for Ranged Numeric
[2015.02.15-03.36.38:522][191]LogPropertyNode:Warning: UI Min (0.001) >= UI Max () for Ranged Numeric
[2015.02.15-03.36.38:523][191]LogPropertyNode:Warning: UI Min (0.001) >= UI Max () for Ranged Numeric
[2015.02.15-03.36.38:576][191]LogPlayLevel: [PIE] Compiling Bullet before PIE...
[2015.02.15-03.36.38:653][191]LogPropertyNode:Warning: UI Min (0.001) >= UI Max () for Ranged Numeric
[2015.02.15-03.36.38:654][191]LogPropertyNode:Warning: UI Min (0.001) >= UI Max () for Ranged Numeric
[2015.02.15-03.36.38:688][191]LogPlayLevel: [PIE] Compiling Apple before PIE...
[2015.02.15-03.36.38:781][191]LogPropertyNode:Warning: UI Min (0.001) >= UI Max () for Ranged Numeric
[2015.02.15-03.36.38:783][191]LogPropertyNode:Warning: UI Min (0.001) >= UI Max () for Ranged Numeric
[2015.02.15-03.36.38:813][191]LogPlayLevel: [PIE] Compiling Goal before PIE...
[2015.02.15-03.36.38:870][191]LogPlayLevel: [PIE] Compiling KillZ before PIE...
[2015.02.15-03.36.38:915][191]LogPlayLevel: [PIE] Compiling Template before PIE...
[2015.02.15-03.36.38:963][191]LogPlayLevel: [PIE] Compiling Portal before PIE...
[2015.02.15-03.36.39:047][191]LogPlayLevel: [PIE] Compiling Destructible before PIE...
[2015.02.15-03.36.39:116][191]LogPropertyNode:Warning: UI Min (0.001) >= UI Max () for Ranged Numeric
[2015.02.15-03.36.39:116][191]LogPropertyNode:Warning: UI Min (0.001) >= UI Max () for Ranged Numeric
[2015.02.15-03.36.39:171][191]LogPlayLevel: PIE:  Blueprint regeneration took 1001 ms (9 blueprints)
[2015.02.15-03.36.39:171][191]PIE: New page: PIE session: Template (Feb 14, 2015, 5:36:39 PM)
[2015.02.15-03.36.39:173][191]LogPlayLevel: PIE: StaticDuplicateObject took: (0.002258s)
[2015.02.15-03.36.39:174][191]LogPlayLevel: PIE: World Init took: (0.000584s)
[2015.02.15-03.36.39:174][191]LogPlayLevel: PIE: Created PIE world by copying editor world from /Game/Maps/Template.Template to /Game/Maps/UEDPIE_0_Template.Template (0.002993s)
[2015.02.15-03.36.39:209][191]LogWorld: Game class is '2DSideScrollerGameMode_C'
[2015.02.15-03.36.39:211][191]LogAIModule: Creating AISystem for world Template
[2015.02.15-03.36.39:212][191]LogWorld: Bringing World /Game/Maps/UEDPIE_0_Template.Template up for play (max tick rate 60) at 2015.02.14-22.36.39
[2015.02.15-03.36.39:212][191]LogWorld: Bringing up level for play took: 0.001391
[2015.02.15-03.36.39:213][191]PIE: Info Play in editor start time for /Game/Maps/UEDPIE_0_Template 0.509
[2015.02.15-03.37.05:547][767]LogPropertyNode:Warning: UI Min (0.001) >= UI Max () for Ranged Numeric
[2015.02.15-03.37.05:548][767]LogPropertyNode:Warning: UI Min (0.001) >= UI Max () for Ranged Numeric
[2015.02.15-03.37.05:604][767]LogActorComponent: UnregisterComponent: (/Engine/Transient.CharacterMovementComponent_12) Not registered. Aborting.
[2015.02.15-03.37.05:628][767]LogParticles: Destroying 0 GPU particle simulations for FXSystem 0x000000C5CFD73E20
[2015.02.15-03.37.25:809][570]BlueprintLog: New page: Compile Portal
[2015.02.15-03.37.25:923][570]BlueprintEditorCompileResults: Info [0898.90] Compile of Portal successful! [in 94 ms]
[2015.02.15-03.37.26:830][593]Cmd: OBJ SAVEPACKAGE PACKAGE="/Game/Maps/Template" FILE="../../../../../../../Users/Owner/Documents/Unreal Projects/WeGuys/Content/Maps/Template.umap" SILENT=true AUTOSAVING=false KEEPDIRTY=false
[2015.02.15-03.37.26:951][593]LogSavePackage: Save=32.656845ms
[2015.02.15-03.37.26:951][593]LogSavePackage: Moving '../../../../../../../Users/Owner/Documents/Unreal Projects/WeGuys/Saved/Template1EED36F24CD0BC28C993DCAD0C1E41CF.tmp' to '../../../../../../../Users/Owner/Documents/Unreal Projects/WeGuys/Content/Maps/Template.umap'
[2015.02.15-03.37.26:994][593]LogFileHelpers: Saving map 'Template' took 0.383
[2015.02.15-03.37.27:008][593]Cmd: OBJ SAVEPACKAGE PACKAGE="/Game/Blueprints/Portal" FILE="../../../../../../../Users/Owner/Documents/Unreal Projects/WeGuys/Content/Blueprints/Portal.uasset" SILENT=true
[2015.02.15-03.37.27:263][593]LogSavePackage: Save=184.574905ms
[2015.02.15-03.37.27:263][593]LogSavePackage: Moving '../../../../../../../Users/Owner/Documents/Unreal Projects/WeGuys/Saved/Portal4E9CD36B4C36975366B06EB018439AFE.tmp' to '../../../../../../../Users/Owner/Documents/Unreal Projects/WeGuys/Content/Blueprints/Portal.uasset'
[2015.02.15-03.37.29:044][686]BlueprintLog: New page: Pre-PIE auto-recompile
[2015.02.15-03.37.29:048][686]LogPlayLevel: [PIE] Compiling MyPuppeteer before PIE...
[2015.02.15-03.37.29:138][686]LogPropertyNode:Warning: UI Min (0.001) >= UI Max () for Ranged Numeric
[2015.02.15-03.37.29:139][686]LogPropertyNode:Warning: UI Min (0.001) >= UI Max () for Ranged Numeric
[2015.02.15-03.37.29:193][686]LogPropertyNode:Warning: UI Min (0.001) >= UI Max () for Ranged Numeric
[2015.02.15-03.37.29:193][686]LogPropertyNode:Warning: UI Min (0.001) >= UI Max () for Ranged Numeric
[2015.02.15-03.37.29:214][686]LogPlayLevel: [PIE] Compiling MyCharacter before PIE...
[2015.02.15-03.37.29:295][686]LogPropertyNode:Warning: UI Min (0.001) >= UI Max () for Ranged Numeric
[2015.02.15-03.37.29:295][686]LogPropertyNode:Warning: UI Min (0.001) >= UI Max () for Ranged Numeric
[2015.02.15-03.37.29:401][686]LogPropertyNode:Warning: UI Min (0.001) >= UI Max () for Ranged Numeric
[2015.02.15-03.37.29:402][686]LogPropertyNode:Warning: UI Min (0.001) >= UI Max () for Ranged Numeric
[2015.02.15-03.37.29:455][686]LogPlayLevel: [PIE] Compiling Bullet before PIE...
[2015.02.15-03.37.29:531][686]LogPropertyNode:Warning: UI Min (0.001) >= UI Max () for Ranged Numeric
[2015.02.15-03.37.29:531][686]LogPropertyNode:Warning: UI Min (0.001) >= UI Max () for Ranged Numeric
[2015.02.15-03.37.29:561][686]LogPlayLevel: [PIE] Compiling Template before PIE...
[2015.02.15-03.37.29:605][686]LogPlayLevel: [PIE] Compiling Apple before PIE...
[2015.02.15-03.37.29:700][686]LogPropertyNode:Warning: UI Min (0.001) >= UI Max () for Ranged Numeric
[2015.02.15-03.37.29:701][686]LogPropertyNode:Warning: UI Min (0.001) >= UI Max () for Ranged Numeric
[2015.02.15-03.37.29:732][686]LogPlayLevel: [PIE] Compiling KillZ before PIE...
[2015.02.15-03.37.29:778][686]LogPlayLevel: [PIE] Compiling Goal before PIE...
[2015.02.15-03.37.29:843][686]LogPlayLevel: [PIE] Compiling Portal before PIE...
[2015.02.15-03.37.29:930][686]LogPlayLevel: [PIE] Compiling Destructible before PIE...
[2015.02.15-03.37.29:999][686]LogPropertyNode:Warning: UI Min (0.001) >= UI Max () for Ranged Numeric
[2015.02.15-03.37.30:000][686]LogPropertyNode:Warning: UI Min (0.001) >= UI Max () for Ranged Numeric
[2015.02.15-03.37.30:055][686]LogPlayLevel: PIE:  Blueprint regeneration took 1011 ms (9 blueprints)
[2015.02.15-03.37.30:055][686]PIE: New page: PIE session: Template (Feb 14, 2015, 5:37:30 PM)
[2015.02.15-03.37.30:058][686]LogPlayLevel: PIE: StaticDuplicateObject took: (0.002240s)
[2015.02.15-03.37.30:059][686]LogPlayLevel: PIE: World Init took: (0.000751s)
[2015.02.15-03.37.30:059][686]LogPlayLevel: PIE: Created PIE world by copying editor world from /Game/Maps/Template.Template to /Game/Maps/UEDPIE_0_Template.Template (0.003154s)
[2015.02.15-03.37.30:093][686]LogWorld: Game class is '2DSideScrollerGameMode_C'
[2015.02.15-03.37.30:095][686]LogAIModule: Creating AISystem for world Template
[2015.02.15-03.37.30:096][686]LogWorld: Bringing World /Game/Maps/UEDPIE_0_Template.Template up for play (max tick rate 60) at 2015.02.14-22.37.30
[2015.02.15-03.37.30:097][686]LogWorld: Bringing up level for play took: 0.001339
[2015.02.15-03.37.30:098][686]PIE: Info Play in editor start time for /Game/Maps/UEDPIE_0_Template 1.393
[2015.02.15-03.38.26:131][ 44]LogPropertyNode:Warning: UI Min (0.001) >= UI Max () for Ranged Numeric
[2015.02.15-03.38.26:131][ 44]LogPropertyNode:Warning: UI Min (0.001) >= UI Max () for Ranged Numeric
[2015.02.15-03.38.26:197][ 44]LogActorComponent: UnregisterComponent: (/Engine/Transient.CharacterMovementComponent_13) Not registered. Aborting.
[2015.02.15-03.38.26:221][ 44]LogParticles: Destroying 0 GPU particle simulations for FXSystem 0x000000C5D477FCE0
[2015.02.15-03.38.32:699][432]Cmd: DELETE
[2015.02.15-03.38.32:699][432]Cmd: ACTOR DELETE
[2015.02.15-03.38.32:700][432]LogEditorActor: Deleted Actor: Portal_C
[2015.02.15-03.38.32:721][432]LogEditorActor: Deleted 1 Actors (0.022 secs)
[2015.02.15-03.38.33:668][488]LogEditorViewport: Clicking on Actor (LMB): PaperSpriteActor (PrototypingSprite6)
[2015.02.15-03.38.33:674][488]LogPropertyNode:Warning: UI Min (0.001) >= UI Max () for Ranged Numeric
[2015.02.15-03.38.34:001][506]Cmd: DELETE
[2015.02.15-03.38.34:001][506]Cmd: ACTOR DELETE
[2015.02.15-03.38.34:001][506]LogEditorActor: Deleted Actor: PaperSpriteActor
[2015.02.15-03.38.34:026][506]LogEditorActor: Deleted 1 Actors (0.026 secs)
[2015.02.15-03.38.34:417][529]LogEditorViewport: Clicking on Actor (LMB): PaperSpriteActor (PrototypingSprite7)
[2015.02.15-03.38.34:423][529]LogPropertyNode:Warning: UI Min (0.001) >= UI Max () for Ranged Numeric
[2015.02.15-03.38.34:613][539]Cmd: DELETE
[2015.02.15-03.38.34:613][539]Cmd: ACTOR DELETE
[2015.02.15-03.38.34:614][539]LogEditorActor: Deleted Actor: PaperSpriteActor
[2015.02.15-03.38.34:635][539]LogEditorActor: Deleted 1 Actors (0.022 secs)
[2015.02.15-03.38.35:075][565]LogEditorViewport: Clicking on Actor (LMB): PaperSpriteActor (PrototypingSprite8)
[2015.02.15-03.38.35:082][565]LogPropertyNode:Warning: UI Min (0.001) >= UI Max () for Ranged Numeric
[2015.02.15-03.38.35:198][571]Cmd: DELETE
[2015.02.15-03.38.35:198][571]Cmd: ACTOR DELETE
[2015.02.15-03.38.35:199][571]LogEditorActor: Deleted Actor: PaperSpriteActor
[2015.02.15-03.38.35:219][571]LogEditorActor: Deleted 1 Actors (0.021 secs)
[2015.02.15-03.38.35:725][601]LogEditorViewport: Clicking on Actor (LMB): PaperSpriteActor (PrototypingSprite9)
[2015.02.15-03.38.35:732][601]LogPropertyNode:Warning: UI Min (0.001) >= UI Max () for Ranged Numeric
[2015.02.15-03.38.35:825][605]Cmd: DELETE
[2015.02.15-03.38.35:825][605]Cmd: ACTOR DELETE
[2015.02.15-03.38.35:826][605]LogEditorActor: Deleted Actor: PaperSpriteActor
[2015.02.15-03.38.35:848][605]LogEditorActor: Deleted 1 Actors (0.022 secs)
[2015.02.15-03.38.36:543][646]LogEditorViewport: Clicking on Actor (LMB): PaperSpriteActor (PrototypingSprite10)
[2015.02.15-03.38.36:549][646]LogPropertyNode:Warning: UI Min (0.001) >= UI Max () for Ranged Numeric
[2015.02.15-03.38.36:663][652]Cmd: DELETE
[2015.02.15-03.38.36:664][652]Cmd: ACTOR DELETE
[2015.02.15-03.38.36:664][652]LogEditorActor: Deleted Actor: PaperSpriteActor
[2015.02.15-03.38.36:685][652]LogEditorActor: Deleted 1 Actors (0.022 secs)
[2015.02.15-03.38.38:009][715]Cmd: OBJ SAVEPACKAGE PACKAGE="/Game/Maps/Template" FILE="../../../../../../../Users/Owner/Documents/Unreal Projects/WeGuys/Content/Maps/Template.umap" SILENT=true AUTOSAVING=false KEEPDIRTY=false
[2015.02.15-03.38.38:129][715]LogSavePackage: Save=32.320282ms
[2015.02.15-03.38.38:129][715]LogSavePackage: Moving '../../../../../../../Users/Owner/Documents/Unreal Projects/WeGuys/Saved/Template63FE00A84711CD587FB645A112403C47.tmp' to '../../../../../../../Users/Owner/Documents/Unreal Projects/WeGuys/Content/Maps/Template.umap'
[2015.02.15-03.38.38:172][715]LogFileHelpers: Saving map 'Template' took 0.381
[2015.02.15-03.38.56:506][782]LogPropertyNode:Warning: UI Min (0.001) >= UI Max () for Ranged Numeric
[2015.02.15-03.39.00:137][997]LogPropertyNode:Warning: UI Min (0.001) >= UI Max () for Ranged Numeric
[2015.02.15-03.39.01:691][ 78]LogPropertyNode:Warning: UI Min (0.001) >= UI Max () for Ranged Numeric
[2015.02.15-03.39.02:563][120]LogActorComponent: UnregisterComponent: (/Engine/Transient.CharacterMovementComponent_14) Not registered. Aborting.
[2015.02.15-03.39.03:703][173]Cmd: OBJ SAVEPACKAGE PACKAGE="/Game/Blueprints/Spike" FILE="../../../../../../../Users/Owner/Documents/Unreal Projects/WeGuys/Content/Blueprints/Spike.uasset" SILENT=true
[2015.02.15-03.39.03:955][173]LogSavePackage: Save=179.885269ms
[2015.02.15-03.39.03:955][173]LogSavePackage: Moving '../../../../../../../Users/Owner/Documents/Unreal Projects/WeGuys/Saved/SpikeB74FDC57439095982292BA86043FC2B1.tmp' to '../../../../../../../Users/Owner/Documents/Unreal Projects/WeGuys/Content/Blueprints/Spike.uasset'
[2015.02.15-03.39.04:444][199]BlueprintLog: New page: Compile Spike
[2015.02.15-03.39.04:511][199]BlueprintEditorCompileResults: Info [0997.48] Compile of Spike successful! [in 65 ms]
[2015.02.15-03.39.18:478][ 31]BlueprintLog: New page: Pre-PIE auto-recompile
[2015.02.15-03.39.18:481][ 31]LogPlayLevel: [PIE] Compiling MyPuppeteer before PIE...
[2015.02.15-03.39.18:577][ 31]LogPropertyNode:Warning: UI Min (0.001) >= UI Max () for Ranged Numeric
[2015.02.15-03.39.18:578][ 31]LogPropertyNode:Warning: UI Min (0.001) >= UI Max () for Ranged Numeric
[2015.02.15-03.39.18:637][ 31]LogPropertyNode:Warning: UI Min (0.001) >= UI Max () for Ranged Numeric
[2015.02.15-03.39.18:637][ 31]LogPropertyNode:Warning: UI Min (0.001) >= UI Max () for Ranged Numeric
[2015.02.15-03.39.18:658][ 31]LogPlayLevel: [PIE] Compiling MyCharacter before PIE...
[2015.02.15-03.39.18:740][ 31]LogPropertyNode:Warning: UI Min (0.001) >= UI Max () for Ranged Numeric
[2015.02.15-03.39.18:740][ 31]LogPropertyNode:Warning: UI Min (0.001) >= UI Max () for Ranged Numeric
[2015.02.15-03.39.18:869][ 31]LogPropertyNode:Warning: UI Min (0.001) >= UI Max () for Ranged Numeric
[2015.02.15-03.39.18:870][ 31]LogPropertyNode:Warning: UI Min (0.001) >= UI Max () for Ranged Numeric
[2015.02.15-03.39.18:927][ 31]LogPlayLevel: [PIE] Compiling Bullet before PIE...
[2015.02.15-03.39.19:002][ 31]LogPropertyNode:Warning: UI Min (0.001) >= UI Max () for Ranged Numeric
[2015.02.15-03.39.19:003][ 31]LogPropertyNode:Warning: UI Min (0.001) >= UI Max () for Ranged Numeric
[2015.02.15-03.39.19:033][ 31]LogPlayLevel: [PIE] Compiling Template before PIE...
[2015.02.15-03.39.19:077][ 31]LogPlayLevel: [PIE] Compiling Apple before PIE...
[2015.02.15-03.39.19:171][ 31]LogPropertyNode:Warning: UI Min (0.001) >= UI Max () for Ranged Numeric
[2015.02.15-03.39.19:172][ 31]LogPropertyNode:Warning: UI Min (0.001) >= UI Max () for Ranged Numeric
[2015.02.15-03.39.19:203][ 31]LogPlayLevel: [PIE] Compiling KillZ before PIE...
[2015.02.15-03.39.19:253][ 31]LogPlayLevel: [PIE] Compiling Spike before PIE...
[2015.02.15-03.39.19:303][ 31]LogPlayLevel: [PIE] Compiling Goal before PIE...
[2015.02.15-03.39.19:366][ 31]LogPlayLevel: [PIE] Compiling Portal before PIE...
[2015.02.15-03.39.19:444][ 31]LogPlayLevel: [PIE] Compiling Destructible before PIE...
[2015.02.15-03.39.19:528][ 31]LogPropertyNode:Warning: UI Min (0.001) >= UI Max () for Ranged Numeric
[2015.02.15-03.39.19:529][ 31]LogPropertyNode:Warning: UI Min (0.001) >= UI Max () for Ranged Numeric
[2015.02.15-03.39.19:588][ 31]LogPlayLevel: PIE:  Blueprint regeneration took 1111 ms (10 blueprints)
[2015.02.15-03.39.19:589][ 31]PIE: New page: PIE session: Template (Feb 14, 2015, 5:39:19 PM)
[2015.02.15-03.39.19:591][ 31]LogPlayLevel: PIE: StaticDuplicateObject took: (0.002001s)
[2015.02.15-03.39.19:591][ 31]LogPlayLevel: PIE: World Init took: (0.000474s)
[2015.02.15-03.39.19:591][ 31]LogPlayLevel: PIE: Created PIE world by copying editor world from /Game/Maps/Template.Template to /Game/Maps/UEDPIE_0_Template.Template (0.002626s)
[2015.02.15-03.39.19:625][ 31]LogWorld: Game class is '2DSideScrollerGameMode_C'
[2015.02.15-03.39.19:627][ 31]LogAIModule: Creating AISystem for world Template
[2015.02.15-03.39.19:627][ 31]LogWorld: Bringing World /Game/Maps/UEDPIE_0_Template.Template up for play (max tick rate 60) at 2015.02.14-22.39.19
[2015.02.15-03.39.19:628][ 31]LogWorld: Bringing up level for play took: 0.001246
[2015.02.15-03.39.19:629][ 31]PIE: Info Play in editor start time for /Game/Maps/UEDPIE_0_Template 0.925
[2015.02.15-03.39.35:147][947]LogPackageName: SearchForPackageOnDisk took   0.130s to resolve Template.umap
[2015.02.15-03.39.35:281][948]LogPackageName: SearchForPackageOnDisk took   0.126s to resolve Template.umap
[2015.02.15-03.39.35:281][948]LogNet: Browse: /Game/Maps/Template
[2015.02.15-03.39.35:281][948]LogLoad: LoadMap: /Game/Maps/Template
[2015.02.15-03.39.35:282][948]LogActorComponent: UnregisterComponent: (/Engine/Transient.CharacterMovementComponent_15) Not registered. Aborting.
[2015.02.15-03.39.35:303][948]LogParticles: Destroying 0 GPU particle simulations for FXSystem 0x000000C5D8D6FD80
[2015.02.15-03.39.35:303][948]Cmd: MEM
[2015.02.15-03.39.35:322][948]LogMemory: Platform Memory Stats for Windows
[2015.02.15-03.39.35:322][948]LogMemory: Process Physical Memory: 871.54 MB used, 874.34 MB peak
[2015.02.15-03.39.35:322][948]LogMemory: Process Virtual Memory: 779.75 MB used, 782.19 MB peak
[2015.02.15-03.39.35:322][948]LogMemory: Physical Memory: 3678.16 MB used, 16267.18 MB total
[2015.02.15-03.39.35:322][948]LogMemory: Virtual Memory: 1323.91 MB used, 134217728.00 MB total
[2015.02.15-03.39.35:322][948]LogMemory: 
[2015.02.15-03.39.35:322][948]Allocator Stats for TBB: (not implemented)
[2015.02.15-03.39.35:325][948]LogPlayLevel: PIE: StaticDuplicateObject took: (0.002216s)
[2015.02.15-03.39.35:325][948]LogPlayLevel: PIE: World Init took: (0.000434s)
[2015.02.15-03.39.35:325][948]LogPlayLevel: PIE: Created PIE world by copying editor world from /Game/Maps/Template.Template to /Game/Maps/UEDPIE_0_Template.Template (0.002793s)
[2015.02.15-03.39.35:326][948]LogWorld: Game class is '2DSideScrollerGameMode_C'
[2015.02.15-03.39.35:328][948]LogAIModule: Creating AISystem for world Template
[2015.02.15-03.39.35:329][948]LogWorld: Bringing World /Game/Maps/UEDPIE_0_Template.Template up for play (max tick rate 60) at 2015.02.14-22.39.35
[2015.02.15-03.39.35:329][948]LogWorld: Bringing up level for play took: 0.001174
[2015.02.15-03.39.43:045][399]LogPackageName: SearchForPackageOnDisk took   0.128s to resolve Template.umap
[2015.02.15-03.39.43:181][400]LogPackageName: SearchForPackageOnDisk took   0.128s to resolve Template.umap
[2015.02.15-03.39.43:181][400]LogNet: Browse: /Game/Maps/Template
[2015.02.15-03.39.43:181][400]LogLoad: LoadMap: /Game/Maps/Template
[2015.02.15-03.39.43:197][400]LogParticles: Destroying 0 GPU particle simulations for FXSystem 0x000000C5D8D6F920
[2015.02.15-03.39.43:201][400]Cmd: MEM
[2015.02.15-03.39.43:220][400]LogMemory: Platform Memory Stats for Windows
[2015.02.15-03.39.43:220][400]LogMemory: Process Physical Memory: 864.08 MB used, 874.34 MB peak
[2015.02.15-03.39.43:220][400]LogMemory: Process Virtual Memory: 772.00 MB used, 782.19 MB peak
[2015.02.15-03.39.43:220][400]LogMemory: Physical Memory: 3666.96 MB used, 16267.18 MB total
[2015.02.15-03.39.43:220][400]LogMemory: Virtual Memory: 1315.91 MB used, 134217728.00 MB total
[2015.02.15-03.39.43:220][400]LogMemory: 
[2015.02.15-03.39.43:220][400]Allocator Stats for TBB: (not implemented)
[2015.02.15-03.39.43:222][400]LogPlayLevel: PIE: StaticDuplicateObject took: (0.002339s)
[2015.02.15-03.39.43:223][400]LogPlayLevel: PIE: World Init took: (0.000456s)
[2015.02.15-03.39.43:223][400]LogPlayLevel: PIE: Created PIE world by copying editor world from /Game/Maps/Template.Template to /Game/Maps/UEDPIE_0_Template.Template (0.002927s)
[2015.02.15-03.39.43:224][400]LogWorld: Game class is '2DSideScrollerGameMode_C'
[2015.02.15-03.39.43:225][400]LogAIModule: Creating AISystem for world Template
[2015.02.15-03.39.43:226][400]LogWorld: Bringing World /Game/Maps/UEDPIE_0_Template.Template up for play (max tick rate 60) at 2015.02.14-22.39.43
[2015.02.15-03.39.43:227][400]LogWorld: Bringing up level for play took: 0.001121
[2015.02.15-03.39.47:961][673]LogPackageName: SearchForPackageOnDisk took   0.127s to resolve Template.umap
[2015.02.15-03.39.48:098][674]LogPackageName: SearchForPackageOnDisk took   0.127s to resolve Template.umap
[2015.02.15-03.39.48:098][674]LogNet: Browse: /Game/Maps/Template
[2015.02.15-03.39.48:098][674]LogLoad: LoadMap: /Game/Maps/Template
[2015.02.15-03.39.48:114][674]LogParticles: Destroying 0 GPU particle simulations for FXSystem 0x000000C5D477E340
[2015.02.15-03.39.48:118][674]Cmd: MEM
[2015.02.15-03.39.48:136][674]LogMemory: Platform Memory Stats for Windows
[2015.02.15-03.39.48:136][674]LogMemory: Process Physical Memory: 872.39 MB used, 874.34 MB peak
[2015.02.15-03.39.48:136][674]LogMemory: Process Virtual Memory: 780.27 MB used, 782.19 MB peak
[2015.02.15-03.39.48:137][674]LogMemory: Physical Memory: 3675.46 MB used, 16267.18 MB total
[2015.02.15-03.39.48:137][674]LogMemory: Virtual Memory: 1323.91 MB used, 134217728.00 MB total
[2015.02.15-03.39.48:137][674]LogMemory: 
[2015.02.15-03.39.48:137][674]Allocator Stats for TBB: (not implemented)
[2015.02.15-03.39.48:139][674]LogPlayLevel: PIE: StaticDuplicateObject took: (0.002045s)
[2015.02.15-03.39.48:139][674]LogPlayLevel: PIE: World Init took: (0.000483s)
[2015.02.15-03.39.48:139][674]LogPlayLevel: PIE: Created PIE world by copying editor world from /Game/Maps/Template.Template to /Game/Maps/UEDPIE_0_Template.Template (0.002670s)
[2015.02.15-03.39.48:140][674]LogWorld: Game class is '2DSideScrollerGameMode_C'
[2015.02.15-03.39.48:142][674]LogAIModule: Creating AISystem for world Template
[2015.02.15-03.39.48:143][674]LogWorld: Bringing World /Game/Maps/UEDPIE_0_Template.Template up for play (max tick rate 60) at 2015.02.14-22.39.48
[2015.02.15-03.39.48:143][674]LogWorld: Bringing up level for play took: 0.001161
[2015.02.15-03.39.53:383][978]LogPackageName: SearchForPackageOnDisk took   0.130s to resolve Template.umap
[2015.02.15-03.39.53:518][979]LogPackageName: SearchForPackageOnDisk took   0.127s to resolve Template.umap
[2015.02.15-03.39.53:518][979]LogNet: Browse: /Game/Maps/Template
[2015.02.15-03.39.53:518][979]LogLoad: LoadMap: /Game/Maps/Template
[2015.02.15-03.39.53:534][979]LogParticles: Destroying 0 GPU particle simulations for FXSystem 0x000000C5D2FD6340
[2015.02.15-03.39.53:538][979]Cmd: MEM
[2015.02.15-03.39.53:560][979]LogMemory: Platform Memory Stats for Windows
[2015.02.15-03.39.53:560][979]LogMemory: Process Physical Memory: 872.88 MB used, 874.34 MB peak
[2015.02.15-03.39.53:560][979]LogMemory: Process Virtual Memory: 780.76 MB used, 782.19 MB peak
[2015.02.15-03.39.53:560][979]LogMemory: Physical Memory: 3675.89 MB used, 16267.18 MB total
[2015.02.15-03.39.53:560][979]LogMemory: Virtual Memory: 1319.09 MB used, 134217728.00 MB total
[2015.02.15-03.39.53:560][979]LogMemory: 
[2015.02.15-03.39.53:560][979]Allocator Stats for TBB: (not implemented)
[2015.02.15-03.39.53:562][979]LogPlayLevel: PIE: StaticDuplicateObject took: (0.002289s)
[2015.02.15-03.39.53:563][979]LogPlayLevel: PIE: World Init took: (0.000532s)
[2015.02.15-03.39.53:563][979]LogPlayLevel: PIE: Created PIE world by copying editor world from /Game/Maps/Template.Template to /Game/Maps/UEDPIE_0_Template.Template (0.002974s)
[2015.02.15-03.39.53:564][979]LogWorld: Game class is '2DSideScrollerGameMode_C'
[2015.02.15-03.39.53:566][979]LogAIModule: Creating AISystem for world Template
[2015.02.15-03.39.53:567][979]LogWorld: Bringing World /Game/Maps/UEDPIE_0_Template.Template up for play (max tick rate 60) at 2015.02.14-22.39.53
[2015.02.15-03.39.53:567][979]LogWorld: Bringing up level for play took: 0.001234
[2015.02.15-03.39.58:994][295]LogPackageName: SearchForPackageOnDisk took   0.127s to resolve Template.umap
[2015.02.15-03.39.59:129][296]LogPackageName: SearchForPackageOnDisk took   0.126s to resolve Template.umap
[2015.02.15-03.39.59:129][296]LogNet: Browse: /Game/Maps/Template
[2015.02.15-03.39.59:129][296]LogLoad: LoadMap: /Game/Maps/Template
[2015.02.15-03.39.59:145][296]LogParticles: Destroying 0 GPU particle simulations for FXSystem 0x000000C5D3D7A0C0
[2015.02.15-03.39.59:149][296]Cmd: MEM
[2015.02.15-03.39.59:167][296]LogMemory: Platform Memory Stats for Windows
[2015.02.15-03.39.59:167][296]LogMemory: Process Physical Memory: 872.89 MB used, 874.34 MB peak
[2015.02.15-03.39.59:167][296]LogMemory: Process Virtual Memory: 780.76 MB used, 782.19 MB peak
[2015.02.15-03.39.59:167][296]LogMemory: Physical Memory: 3675.47 MB used, 16267.18 MB total
[2015.02.15-03.39.59:167][296]LogMemory: Virtual Memory: 1319.09 MB used, 134217728.00 MB total
[2015.02.15-03.39.59:167][296]LogMemory: 
[2015.02.15-03.39.59:167][296]Allocator Stats for TBB: (not implemented)
[2015.02.15-03.39.59:170][296]LogPlayLevel: PIE: StaticDuplicateObject took: (0.002065s)
[2015.02.15-03.39.59:170][296]LogPlayLevel: PIE: World Init took: (0.000444s)
[2015.02.15-03.39.59:170][296]LogPlayLevel: PIE: Created PIE world by copying editor world from /Game/Maps/Template.Template to /Game/Maps/UEDPIE_0_Template.Template (0.002659s)
[2015.02.15-03.39.59:171][296]LogWorld: Game class is '2DSideScrollerGameMode_C'
[2015.02.15-03.39.59:173][296]LogAIModule: Creating AISystem for world Template
[2015.02.15-03.39.59:174][296]LogWorld: Bringing World /Game/Maps/UEDPIE_0_Template.Template up for play (max tick rate 60) at 2015.02.14-22.39.59
[2015.02.15-03.39.59:174][296]LogWorld: Bringing up level for play took: 0.001252
[2015.02.15-03.40.08:197][821]LogPackageName: SearchForPackageOnDisk took   0.127s to resolve Template.umap
[2015.02.15-03.40.08:332][822]LogPackageName: SearchForPackageOnDisk took   0.128s to resolve Template.umap
[2015.02.15-03.40.08:332][822]LogNet: Browse: /Game/Maps/Template
[2015.02.15-03.40.08:333][822]LogLoad: LoadMap: /Game/Maps/Template
[2015.02.15-03.40.08:351][822]LogParticles: Destroying 0 GPU particle simulations for FXSystem 0x000000C5D0EFE0C0
[2015.02.15-03.40.08:355][822]Cmd: MEM
[2015.02.15-03.40.08:375][822]LogMemory: Platform Memory Stats for Windows
[2015.02.15-03.40.08:375][822]LogMemory: Process Physical Memory: 874.61 MB used, 927.20 MB peak
[2015.02.15-03.40.08:375][822]LogMemory: Process Virtual Memory: 782.22 MB used, 860.13 MB peak
[2015.02.15-03.40.08:375][822]LogMemory: Physical Memory: 3676.64 MB used, 16267.18 MB total
[2015.02.15-03.40.08:375][822]LogMemory: Virtual Memory: 1334.90 MB used, 134217728.00 MB total
[2015.02.15-03.40.08:375][822]LogMemory: 
[2015.02.15-03.40.08:375][822]Allocator Stats for TBB: (not implemented)
[2015.02.15-03.40.08:377][822]LogPlayLevel: PIE: StaticDuplicateObject took: (0.002176s)
[2015.02.15-03.40.08:377][822]LogPlayLevel: PIE: World Init took: (0.000479s)
[2015.02.15-03.40.08:377][822]LogPlayLevel: PIE: Created PIE world by copying editor world from /Game/Maps/Template.Template to /Game/Maps/UEDPIE_0_Template.Template (0.002806s)
[2015.02.15-03.40.08:378][822]LogWorld: Game class is '2DSideScrollerGameMode_C'
[2015.02.15-03.40.08:380][822]LogAIModule: Creating AISystem for world Template
[2015.02.15-03.40.08:381][822]LogWorld: Bringing World /Game/Maps/UEDPIE_0_Template.Template up for play (max tick rate 60) at 2015.02.14-22.40.08
[2015.02.15-03.40.08:381][822]LogWorld: Bringing up level for play took: 0.001230
[2015.02.15-03.41.21:193][ 82]LogParticles: Destroying 0 GPU particle simulations for FXSystem 0x000000C5D030CF40
[2015.02.15-03.41.27:442][437]LogActorComponent: UnregisterComponent: (/Engine/Transient.CharacterMovementComponent_16) Not registered. Aborting.
[2015.02.15-03.41.27:723][437]Cmd: OBJ SAVEPACKAGE PACKAGE="/Game/Maps/Template" FILE="../../../../../../../Users/Owner/Documents/Unreal Projects/WeGuys/Content/Maps/Template.umap" SILENT=true AUTOSAVING=false KEEPDIRTY=false
[2015.02.15-03.41.27:847][437]LogSavePackage: Save=32.523415ms
[2015.02.15-03.41.27:847][437]LogSavePackage: Moving '../../../../../../../Users/Owner/Documents/Unreal Projects/WeGuys/Saved/TemplateAACA069B4E791A37B68141B2D144EE92.tmp' to '../../../../../../../Users/Owner/Documents/Unreal Projects/WeGuys/Content/Maps/Template.umap'
[2015.02.15-03.41.27:890][437]LogFileHelpers: Saving map 'Template' took 0.387
[2015.02.15-03.41.31:511][643]LogPropertyNode:Warning: UI Min (0.001) >= UI Max () for Ranged Numeric
[2015.02.15-03.41.31:511][643]LogPropertyNode:Warning: UI Min (0.001) >= UI Max () for Ranged Numeric
[2015.02.15-03.41.31:532][643]BlueprintLog: New page: Pre-PIE auto-recompile
[2015.02.15-03.41.31:535][643]LogPlayLevel: [PIE] Compiling MyPuppeteer before PIE...
[2015.02.15-03.41.31:628][643]LogPropertyNode:Warning: UI Min (0.001) >= UI Max () for Ranged Numeric
[2015.02.15-03.41.31:629][643]LogPropertyNode:Warning: UI Min (0.001) >= UI Max () for Ranged Numeric
[2015.02.15-03.41.31:690][643]LogPropertyNode:Warning: UI Min (0.001) >= UI Max () for Ranged Numeric
[2015.02.15-03.41.31:690][643]LogPropertyNode:Warning: UI Min (0.001) >= UI Max () for Ranged Numeric
[2015.02.15-03.41.31:712][643]LogPlayLevel: [PIE] Compiling MyCharacter before PIE...
[2015.02.15-03.41.31:794][643]LogPropertyNode:Warning: UI Min (0.001) >= UI Max () for Ranged Numeric
[2015.02.15-03.41.31:795][643]LogPropertyNode:Warning: UI Min (0.001) >= UI Max () for Ranged Numeric
[2015.02.15-03.41.31:897][643]LogPropertyNode:Warning: UI Min (0.001) >= UI Max () for Ranged Numeric
[2015.02.15-03.41.31:898][643]LogPropertyNode:Warning: UI Min (0.001) >= UI Max () for Ranged Numeric
[2015.02.15-03.41.31:959][643]LogPlayLevel: [PIE] Compiling Bullet before PIE...
[2015.02.15-03.41.32:034][643]LogPropertyNode:Warning: UI Min (0.001) >= UI Max () for Ranged Numeric
[2015.02.15-03.41.32:035][643]LogPropertyNode:Warning: UI Min (0.001) >= UI Max () for Ranged Numeric
[2015.02.15-03.41.32:067][643]LogPlayLevel: [PIE] Compiling Template before PIE...
[2015.02.15-03.41.32:111][643]LogPlayLevel: [PIE] Compiling Apple before PIE...
[2015.02.15-03.41.32:206][643]LogPropertyNode:Warning: UI Min (0.001) >= UI Max () for Ranged Numeric
[2015.02.15-03.41.32:207][643]LogPropertyNode:Warning: UI Min (0.001) >= UI Max () for Ranged Numeric
[2015.02.15-03.41.32:237][643]LogPlayLevel: [PIE] Compiling KillZ before PIE...
[2015.02.15-03.41.32:287][643]LogPlayLevel: [PIE] Compiling Spike before PIE...
[2015.02.15-03.41.32:346][643]LogPlayLevel: [PIE] Compiling Goal before PIE...
[2015.02.15-03.41.32:409][643]LogPlayLevel: [P