Log file open, 02/15/15 18:43:36
LogInit:Display: Running engine for game: WeGuys
LogInit: Version: 4.6.1-2386410+++depot+UE4-Releases+4.6
LogInit: API Version: 2369412
LogInit: Compiled (64-bit): Dec 11 2014 21:31:39
LogInit: Compiled with Visual C++: 18.00.21005.01
LogInit: Build Configuration: Development
LogInit: Branch Name: ++depot+UE4-Releases+4.6
LogInit: Command line:  
LogInit: Base directory: C:/Program Files/UE45/Epic Games/4.6/Engine/Binaries/Win64/
LogInit: Rocket: 1
[2015.02.15-23.43.36:984][  0]LogTaskGraph: Started task graph with 3 named threads and 6 total threads.
[2015.02.15-23.43.37:044][  0]LogOnline:Warning: No default platform service specified for OnlineSubsystem
[2015.02.15-23.43.37:107][  0]LogInit: Presizing for 0 objects not considered by GC, pre-allocating 0 bytes.
[2015.02.15-23.43.37:115][  0]LogInit: Object subsystem initialized
[2015.02.15-23.43.37:117][  0]LogConsoleResponse:Warning: Skipping Unknown console variable: 'UIScaleRule = ShortestSide'
[2015.02.15-23.43.37:117][  0]LogConsoleResponse:Warning:   Found in ini file 'C:/Users/Owner/Documents/Unreal Projects/WeGuys/Saved/Config/Windows/Engine.ini', in section '[/Script/Engine.RendererSettings]'
[2015.02.15-23.43.37:117][  0]LogConsoleResponse:Warning: Skipping Unknown console variable: 'UIScaleCurve = (EditorCurveData=(Keys=),ExternalCurve=None)'
[2015.02.15-23.43.37:117][  0]LogConsoleResponse:Warning:   Found in ini file 'C:/Users/Owner/Documents/Unreal Projects/WeGuys/Saved/Config/Windows/Engine.ini', in section '[/Script/Engine.RendererSettings]'
[2015.02.15-23.43.37:117][  0]LogConsoleManager:Warning: Console variable 'r.MSAA.CompositingSampleCount' wasn't set (Priority ProjectSetting < Scalability)
[2015.02.15-23.43.37:117][  0]LogInit: Selected Device Profile: [Windows]
[2015.02.15-23.43.37:117][  0]LogInit: Applying CVar settings loaded from the selected device profile: [Windows]
[2015.02.15-23.43.37:127][  0]LogInit: Computer: ASUS
[2015.02.15-23.43.37:127][  0]LogInit: User: Owner
[2015.02.15-23.43.37:127][  0]LogInit: CPU Page size=4096, Cores=4
[2015.02.15-23.43.37:127][  0]LogInit: High frequency timer resolution =2.338346 MHz
[2015.02.15-23.43.37:127][  0]LogMemory: Memory total: Physical=15.9GB (16GB approx) Virtual=131072.0GB
[2015.02.15-23.43.37:127][  0]LogMemory: Platform Memory Stats for Windows
[2015.02.15-23.43.37:127][  0]LogMemory: Process Physical Memory: 48.25 MB used, 48.25 MB peak
[2015.02.15-23.43.37:127][  0]LogMemory: Process Virtual Memory: 25.03 MB used, 25.04 MB peak
[2015.02.15-23.43.37:127][  0]LogMemory: Physical Memory: 4384.36 MB used, 16267.18 MB total
[2015.02.15-23.43.37:127][  0]LogMemory: Virtual Memory: 270.98 MB used, 134217728.00 MB total
[2015.02.15-23.43.37:307][  0]LogD3D11RHI: Found D3D11 adapter 0: Intel(R) HD Graphics 4600 (Feature Level 11_0)
[2015.02.15-23.43.37:307][  0]LogD3D11RHI: Adapter has 32MB of dedicated video memory, 0MB of dedicated system memory, and 1760MB of shared system memory, 1 output[s]
[2015.02.15-23.43.37:321][  0]LogD3D11RHI: Found D3D11 adapter 1: NVIDIA GeForce GT 750M (Feature Level 11_0)
[2015.02.15-23.43.37:321][  0]LogD3D11RHI: Adapter has 1988MB of dedicated video memory, 0MB of dedicated system memory, and 2048MB of shared system memory, 0 output[s]
[2015.02.15-23.43.37:322][  0]LogD3D11RHI: Found D3D11 adapter 2: Microsoft Basic Render Driver (Feature Level 11_0)
[2015.02.15-23.43.37:322][  0]LogD3D11RHI: Adapter has 0MB of dedicated video memory, 0MB of dedicated system memory, and 256MB of shared system memory, 0 output[s]
[2015.02.15-23.43.37:322][  0]LogD3D11RHI: Chosen D3D11 Adapter Id = 0
[2015.02.15-23.43.37:327][  0]LogRHI: Texture pool is 1361 MB (70% of 1945 MB)
[2015.02.15-23.43.37:339][  0]LogD3D11RHI: Async texture creation enabled
[2015.02.15-23.43.37:533][  0]LogTextLocalizationManager: The requested culture ('en_US') has no localization data; parent culture's ('en') localization data will be used.
[2015.02.15-23.43.37:669][  0]LogContentStreaming: Texture pool size is 0.000000MB
[2015.02.15-23.43.43:086][  0]LogTargetPlatformManager:Display: Building Assets For Windows
[2015.02.15-23.43.43:746][  0]LogTargetPlatformManager:Display: Building Assets For Windows
[2015.02.15-23.43.43:832][  0]LogDerivedDataCache:Display: Max Cache Size: 512 MB
[2015.02.15-23.43.43:878][  0]LogDerivedDataCache: Loaded boot cache 0.05s 39MB C:/Users/Owner/AppData/Local/UnrealEngine/4.6/DerivedDataCache/Boot.ddc.
[2015.02.15-23.43.43:878][  0]LogDerivedDataCache:Display: Loaded Boot cache: C:/Users/Owner/AppData/Local/UnrealEngine/4.6/DerivedDataCache/Boot.ddc
[2015.02.15-23.43.43:879][  0]LogDerivedDataCache: FDerivedDataBackendGraph:  Pak pak cache file ../../../../../../../Users/Owner/Documents/Unreal Projects/WeGuys/DerivedDataCache/DDC.ddp not found, will not use a pak cache.
[2015.02.15-23.43.43:879][  0]LogDerivedDataCache: Unable to find inner node Pak for hierarchical cache Hierarchy.
[2015.02.15-23.43.43:944][  0]LogDerivedDataCache:Display: Pak cache opened for reading ../../../Engine/DerivedDataCache/DDC.ddp.
[2015.02.15-23.43.43:957][  0]LogDerivedDataCache: Using Local data cache path C:/Users/Owner/AppData/Local/UnrealEngine/Common/DerivedDataCache: Writable
[2015.02.15-23.43.44:121][  0]LogCollisionProfile:Warning: Profile (UI) - Custom Channel Name = 'Weapon' hasn't been found
[2015.02.15-23.43.44:380][  0]LogMeshUtilities: No automatic mesh reduction module available
[2015.02.15-23.43.44:380][  0]LogMeshUtilities: No automatic mesh merging module available
[2015.02.15-23.43.45:029][  0]LogInit: WinSock: version 1.1 (2.2), MaxSocks=32767, MaxUdp=65467
[2015.02.15-23.43.45:157][  0]LogSlate:Warning: Failed to load font data from '../../../Engine/Content/Slate/Fonts/Roboto-Italic.ttf'
[2015.02.15-23.43.46:592][  0]UdpMessaging: Initializing bridge on interface 0.0.0.0:0 to multicast group 230.0.0.1:6666.
[2015.02.15-23.43.46:948][  0]LogDirectoryWatcher:Warning: Failed to begin reading directory changes for C:/Users/Owner/Documents/Unreal Projects/WeGuys/Binaries/Win64. Error: 0
[2015.02.15-23.43.47:189][  0]SourceControl: Info Source control is disabled
[2015.02.15-23.43.47:189][  0]SourceControl: Info Source control is disabled
[2015.02.15-23.43.47:203][  0]SourceControl: Info Source control is disabled
[2015.02.15-23.43.47:516][  0]LogObj: 23754 objects as part of root set at end of initial load.
[2015.02.15-23.43.47:516][  0]LogUObjectAllocator: 5168128 out of 0 bytes used by permanent object pool.
[2015.02.15-23.43.47:608][  0]LogEngine: Initializing Engine...
[2015.02.15-23.43.47:758][  0]LogInit: XAudio2 using 'Speakers (M-Audio Micro)' : 2 channels at 44.1 kHz using 16 bits per sample (channel mask 0x3)
[2015.02.15-23.43.47:765][  0]LogInit: FAudioDevice initialized.
[2015.02.15-23.43.47:809][  0]LogAIModule: Creating AISystem for world NewWorld
[2015.02.15-23.43.47:838][  0]LogDerivedDataCache: Saved boot cache 0.03s 39MB C:/Users/Owner/AppData/Local/UnrealEngine/4.6/DerivedDataCache/Boot.ddc.
[2015.02.15-23.43.47:840][  0]LogInit: Texture streaming: Enabled
[2015.02.15-23.43.47:904][  0]LogAnalytics: Creating configured Analytics provider AnalyticsET
[2015.02.15-23.43.47:904][  0]LogAnalytics: ET APIKey = Rocket.Release. APIServer = http://et2.epicgames.com/ET2/. AppVersion = 4.6.1-2386410+++depot+UE4-Releases+4.6
[2015.02.15-23.43.47:906][  0]LogAnalytics: SetUserId d53fbd01599cddc5eda2e5a33cd9f114
[2015.02.15-23.43.47:906][  0]LogAnalytics: AnalyticsET::StartSession [Rocket.Release]
[2015.02.15-23.43.47:938][  0]LogInit: Transaction tracking system initialized
[2015.02.15-23.43.48:171][  0]BlueprintLog: New page: Editor Load
[2015.02.15-23.43.48:245][  0]LogAssetRegistry: FAssetRegistry took 0.0112 seconds to start up
[2015.02.15-23.43.48:245][  0]LogDirectoryWatcher:Warning: Failed to begin reading directory changes for ../../../Engine/Plugins/Experimental/CharacterAI/Content/. Error: 0
[2015.02.15-23.43.49:055][  0]LogTargetPlatformManager:Display: Building Assets For Windows
[2015.02.15-23.43.49:475][  0]LogTargetPlatformManager:Display: Building Assets For Windows
[2015.02.15-23.43.49:876][  0]LogConsoleResponse:Display: 
[2015.02.15-23.43.49:924][  0]LogLinker:Warning: Asset '../../../Engine/Content/Functions/Engine_MaterialFunctions03/Procedurals/ComputeFilterWidth.uasset' has been saved with empty engine version. The asset will be loaded but may be incompatible.
[2015.02.15-23.43.50:298][  0]SourceControl: Info Source control is disabled
[2015.02.15-23.43.50:298][  0]Cmd: MAP LOAD FILE="../../../../../../../Users/Owner/Documents/Unreal Projects/WeGuys/Content/Maps/Template.umap" TEMPLATE=0 SHOWPROGRESS=1
[2015.02.15-23.43.50:299][  0]LightingResults: New page: Lighting Build
[2015.02.15-23.43.50:316][  0]MapCheck: New page: Map Check
[2015.02.15-23.43.50:316][  0]LightingResults: New page: Lighting Build
[2015.02.15-23.43.50:323][  0]LogParticles: Destroying 0 GPU particle simulations for FXSystem 0x0000009903F89940
[2015.02.15-23.43.51:345][  0]LogEditorServer: Finished looking for orphan Actors (0.000 secs)
[2015.02.15-23.43.51:345][  0]LogAIModule: Creating AISystem for world Template
[2015.02.15-23.43.51:346][  0]Cmd: MAP CHECKDEP
[2015.02.15-23.43.51:346][  0]MapCheck: New page: Template - Feb 15, 2015, 1:43:51 PM
[2015.02.15-23.43.51:565][  0]MapCheck: Info Map check complete: 0 Error(s), 0 Warning(s), took 218.339ms to complete.
[2015.02.15-23.43.51:565][  0]LogFileHelpers: Loading map 'Template' took 1.267
[2015.02.15-23.43.51:672][  0]LogCollectionManager: Loaded 0 collections in 0.001509 seconds
[2015.02.15-23.43.51:875][  0]LogCrashTracker: Crashtracker disabled due to settings.
[2015.02.15-23.43.51:930][  0]LogUObjectGlobals:Warning: Failed to find object 'Class None.'
[2015.02.15-23.43.51:958][  0]LogLoad: Full Startup: 17.36 seconds (BP compile: 0.30 seconds)
[2015.02.15-23.43.52:301][  0]LogContentBrowser:Verbose: The content browser source was changed by the sources view to '/Game/Maps'
[2015.02.15-23.43.52:444][  0]LogRenderer:Warning: Reallocating scene render targets to support 1136x904.
[2015.02.15-23.43.53:299][  3]LogAssetRegistry: Asset discovery search completed in 5.0658 seconds
[2015.02.15-23.45.57:124][722]LogContentBrowser:Verbose: The content browser source was changed by the sources view to '/Game/Sprites'
[2015.02.15-23.45.57:956][771]LogContentBrowser:Verbose: The content browser source was changed by the sources view to '/Game/Sprites/MySprites'
[2015.02.15-23.46.01:225][824]LogFactory: FactoryCreateBinary: Texture with TextureFactory (0 0 ../../../../../../../Users/Owner/Documents/Unreal Projects/WeGuys/Content/Sprites/MySprites/UnImported/Gate.png)
[2015.02.15-23.46.01:227][824]0.000012 seconds to analyze Texture2D /Game/Sprites/MySprites/Gate.Gate

[2015.02.15-23.46.01:228][824]LogTexture:Display: Building textures: Gate (AutoDXT)
[2015.02.15-23.46.01:338][824]LogContentBrowser:Verbose: The content browser source was changed by the sources view to 'None'
[2015.02.15-23.46.01:338][824]LogContentBrowser:Verbose: The content browser source was changed by the sources view to '/Game/Sprites/MySprites'
[2015.02.15-23.46.04:260][974]LogContentBrowser:Verbose: The content browser source was changed by the sources view to '/Game/Sprites/MySprites'
[2015.02.15-23.46.07:128][143]LogContentBrowser:Verbose: The content browser source was changed by the sources view to '/Game/Blueprints'
[2015.02.15-23.46.09:836][226]LogContentBrowser:Verbose: The content browser source was changed by the sources view to '/Game/Blueprints'
[2015.02.15-23.46.20:870][802]LogPropertyNode:Warning: UI Min (0.001) >= UI Max () for Ranged Numeric
[2015.02.15-23.46.20:924][802]LogPropertyNode:Warning: UI Min (0.001) >= UI Max () for Ranged Numeric
[2015.02.15-23.46.20:958][802]LogActorComponent: UnregisterComponent: (/Engine/Transient.CharacterMovementComponent_0) Not registered. Aborting.
[2015.02.15-23.46.20:975][802]LogPropertyNode:Warning: UI Min (0.001) >= UI Max () for Ranged Numeric
[2015.02.15-23.46.20:986][802]LogPropertyNode:Warning: UI Min (0.001) >= UI Max () for Ranged Numeric
[2015.02.15-23.46.22:571][887]LogPropertyNode:Warning: UI Min (0.001) >= UI Max () for Ranged Numeric
[2015.02.15-23.46.22:624][887]LogPropertyNode:Warning: UI Min (0.001) >= UI Max () for Ranged Numeric
[2015.02.15-23.46.23:833][946]BlueprintLog: New page: Compile PlayerGate
[2015.02.15-23.46.23:920][946]LogPropertyNode:Warning: UI Min (0.001) >= UI Max () for Ranged Numeric
[2015.02.15-23.46.23:929][946]BlueprintEditorCompileResults: Info [0169.33] Compile of PlayerGate successful! [in 95 ms]
[2015.02.15-23.46.23:943][946]LogPropertyNode:Warning: UI Min (0.001) >= UI Max () for Ranged Numeric
[2015.02.15-23.46.31:531][315]LogRenderer:Warning: Reallocating scene render targets to support 1280x904.
[2015.02.15-23.46.32:901][380]LogPropertyNode:Warning: UI Min (0.001) >= UI Max () for Ranged Numeric
[2015.02.15-23.47.14:688][585]BlueprintLog: New page: Compile PlayerGate
[2015.02.15-23.47.14:744][585]BlueprintEditorCompileResults: Info [0220.14] Compile of PlayerGate successful! [in 55 ms]
[2015.02.15-23.47.15:437][618]LogPropertyNode:Warning: UI Min (0.001) >= UI Max () for Ranged Numeric
[2015.02.15-23.47.20:396][878]BlueprintLog: New page: Compile PlayerGate
[2015.02.15-23.47.20:453][878]LogPropertyNode:Warning: UI Min (0.001) >= UI Max () for Ranged Numeric
[2015.02.15-23.47.20:462][878]BlueprintEditorCompileResults: Info [0225.86] Compile of PlayerGate successful! [in 65 ms]
[2015.02.15-23.47.20:477][878]LogPropertyNode:Warning: UI Min (0.001) >= UI Max () for Ranged Numeric
[2015.02.15-23.47.21:531][924]Cmd: OBJ SAVEPACKAGE PACKAGE="/Game/Sprites/MySprites/Gate" FILE="../../../../../../../Users/Owner/Documents/Unreal Projects/WeGuys/Content/Sprites/MySprites/Gate.uasset" SILENT=true
[2015.02.15-23.47.21:695][924]LogSavePackage: Save=161.500046ms
[2015.02.15-23.47.21:695][924]LogSavePackage: Moving '../../../../../../../Users/Owner/Documents/Unreal Projects/WeGuys/Saved/GateFADA2495459B53492FC8FD93C26940A6.tmp' to '../../../../../../../Users/Owner/Documents/Unreal Projects/WeGuys/Content/Sprites/MySprites/Gate.uasset'
[2015.02.15-23.47.21:735][924]Cmd: OBJ SAVEPACKAGE PACKAGE="/Game/Sprites/MySprites/Gate_Sprite" FILE="../../../../../../../Users/Owner/Documents/Unreal Projects/WeGuys/Content/Sprites/MySprites/Gate_Sprite.uasset" SILENT=true
[2015.02.15-23.47.21:818][924]LogSavePackage: Save=80.418381ms
[2015.02.15-23.47.21:818][924]LogSavePackage: Moving '../../../../../../../Users/Owner/Documents/Unreal Projects/WeGuys/Saved/Gate_Sprite249B74CC441D94DB6FE32095675C8349.tmp' to '../../../../../../../Users/Owner/Documents/Unreal Projects/WeGuys/Content/Sprites/MySprites/Gate_Sprite.uasset'
[2015.02.15-23.47.21:839][924]Cmd: OBJ SAVEPACKAGE PACKAGE="/Game/Blueprints/PlayerGate" FILE="../../../../../../../Users/Owner/Documents/Unreal Projects/WeGuys/Content/Blueprints/PlayerGate.uasset" SILENT=true
[2015.02.15-23.47.22:009][924]LogSavePackage: Save=167.576996ms
[2015.02.15-23.47.22:009][924]LogSavePackage: Moving '../../../../../../../Users/Owner/Documents/Unreal Projects/WeGuys/Saved/PlayerGate505196B741E582E2AD2919880954EA09.tmp' to '../../../../../../../Users/Owner/Documents/Unreal Projects/WeGuys/Content/Blueprints/PlayerGate.uasset'
[2015.02.15-23.47.35:919][692]BlueprintLog: New page: Compile PlayerGate
[2015.02.15-23.47.35:993][692]BlueprintEditorCompileResults: Info [0241.39] Compile of PlayerGate successful! [in 72 ms]
[2015.02.15-23.47.36:477][714]Cmd: OBJ SAVEPACKAGE PACKAGE="/Game/Blueprints/PlayerGate" FILE="../../../../../../../Users/Owner/Documents/Unreal Projects/WeGuys/Content/Blueprints/PlayerGate.uasset" SILENT=true
[2015.02.15-23.47.36:736][714]LogSavePackage: Save=168.014053ms
[2015.02.15-23.47.36:736][714]LogSavePackage: Moving '../../../../../../../Users/Owner/Documents/Unreal Projects/WeGuys/Saved/PlayerGateEA0243014ADB302F53F7C1A84E9974C3.tmp' to '../../../../../../../Users/Owner/Documents/Unreal Projects/WeGuys/Content/Blueprints/PlayerGate.uasset'
[2015.02.15-23.47.59:921][891]BlueprintLog: New page: Compile PlayerGate
[2015.02.15-23.47.59:981][891]BlueprintEditorCompileResults: Info [0265.38] Compile of PlayerGate successful! [in 57 ms]
[2015.02.15-23.48.00:570][918]Cmd: OBJ SAVEPACKAGE PACKAGE="/Game/Blueprints/PlayerGate" FILE="../../../../../../../Users/Owner/Documents/Unreal Projects/WeGuys/Content/Blueprints/PlayerGate.uasset" SILENT=true
[2015.02.15-23.48.00:830][918]LogSavePackage: Save=170.340912ms
[2015.02.15-23.48.00:830][918]LogSavePackage: Moving '../../../../../../../Users/Owner/Documents/Unreal Projects/WeGuys/Saved/PlayerGate4EBECD10469CC6E9D10554B1AC1AADB1.tmp' to '../../../../../../../Users/Owner/Documents/Unreal Projects/WeGuys/Content/Blueprints/PlayerGate.uasset'
[2015.02.15-23.48.21:715][952]BlueprintLog: New page: Compile PlayerGate
[2015.02.15-23.48.21:777][952]BlueprintEditorCompileResults: Info [0287.18] Compile of PlayerGate successful! [in 59 ms]
[2015.02.15-23.48.23:965][ 74]LogUObjectGlobals:Warning: Failed to find object 'Object None.'
[2015.02.15-23.48.49:625][466]BlueprintLog: New page: Compile PlayerGate
[2015.02.15-23.48.49:690][466]BlueprintEditorCompileResults: Info [0315.09] Compile of PlayerGate successful! [in 61 ms]
[2015.02.15-23.49.00:414][982]BlueprintLog: New page: Compile PlayerGate
[2015.02.15-23.49.00:503][982]BlueprintEditorCompileResults: Info [0325.90] Compile of PlayerGate successful! [in 84 ms]
[2015.02.15-23.49.01:088][  8]Cmd: OBJ SAVEPACKAGE PACKAGE="/Game/Blueprints/PlayerGate" FILE="../../../../../../../Users/Owner/Documents/Unreal Projects/WeGuys/Content/Blueprints/PlayerGate.uasset" SILENT=true
[2015.02.15-23.49.01:350][  8]LogSavePackage: Save=172.105835ms
[2015.02.15-23.49.01:350][  8]LogSavePackage: Moving '../../../../../../../Users/Owner/Documents/Unreal Projects/WeGuys/Saved/PlayerGateE32EFEE140649363EDA151AC9B50ACD7.tmp' to '../../../../../../../Users/Owner/Documents/Unreal Projects/WeGuys/Content/Blueprints/PlayerGate.uasset'
[2015.02.15-23.49.16:257][736]BlueprintLog: New page: Compile PlayerGate
[2015.02.15-23.49.16:322][736]BlueprintEditorCompileResults: Info [0341.72] Compile of PlayerGate successful! [in 60 ms]
[2015.02.15-23.49.16:702][752]Cmd: OBJ SAVEPACKAGE PACKAGE="/Game/Blueprints/PlayerGate" FILE="../../../../../../../Users/Owner/Documents/Unreal Projects/WeGuys/Content/Blueprints/PlayerGate.uasset" SILENT=true
[2015.02.15-23.49.16:965][752]LogSavePackage: Save=173.935760ms
[2015.02.15-23.49.16:965][752]LogSavePackage: Moving '../../../../../../../Users/Owner/Documents/Unreal Projects/WeGuys/Saved/PlayerGateBC506D8D46840D9C5ED31A8B14651B0D.tmp' to '../../../../../../../Users/Owner/Documents/Unreal Projects/WeGuys/Content/Blueprints/PlayerGate.uasset'
[2015.02.15-23.49.25:456][227]LogEditorViewport: Clicking on Actor (LMB): PaperSpriteActor (Background_Sprite)
[2015.02.15-23.49.25:464][227]LogPropertyNode:Warning: UI Min (0.001) >= UI Max () for Ranged Numeric
[2015.02.15-23.49.27:067][321]LogEditorViewport: Clicking on Actor (LMB): PlayerGate_C (PlayerGate)
[2015.02.15-23.49.28:403][396]LogEditorViewport: Clicking on Actor (LMB): PaperSpriteActor (Background_Sprite)
[2015.02.15-23.49.28:413][396]LogPropertyNode:Warning: UI Min (0.001) >= UI Max () for Ranged Numeric
[2015.02.15-23.49.29:358][449]BlueprintLog: New page: Pre-PIE auto-recompile
[2015.02.15-23.49.29:361][449]LogPlayLevel: [PIE] Compiling Tutorial_BP_MacroLib before PIE...
[2015.02.15-23.49.29:400][449]LogPlayLevel: [PIE] Compiling Template before PIE...
[2015.02.15-23.49.29:438][449]LogActorComponent: UnregisterComponent: (/Engine/Transient.CharacterMovementComponent_1) Not registered. Aborting.
[2015.02.15-23.49.29:454][449]LogPlayLevel: PIE:  Blueprint regeneration took 96 ms (2 blueprints)
[2015.02.15-23.49.29:454][449]PIE: New page: PIE session: Template (Feb 15, 2015, 1:49:29 PM)
[2015.02.15-23.49.29:456][449]LogPlayLevel: PIE: StaticDuplicateObject took: (0.002020s)
[2015.02.15-23.49.29:457][449]LogPlayLevel: PIE: World Init took: (0.000484s)
[2015.02.15-23.49.29:457][449]LogPlayLevel: PIE: Created PIE world by copying editor world from /Game/Maps/Template.Template to /Game/Maps/UEDPIE_0_Template.Template (0.002656s)
[2015.02.15-23.49.29:522][449]LogWorld: Game class is '2DSideScrollerGameMode_C'
[2015.02.15-23.49.29:524][449]LogAIModule: Creating AISystem for world Template
[2015.02.15-23.49.29:525][449]LogWorld: Bringing World /Game/Maps/UEDPIE_0_Template.Template up for play (max tick rate 60) at 2015.02.15-18.49.29
[2015.02.15-23.49.29:526][449]LogWorld: Bringing up level for play took: 0.001642
[2015.02.15-23.49.29:527][449]PIE: Info Play in editor start time for /Game/Maps/UEDPIE_0_Template 0.876
[2015.02.15-23.49.44:626][339]LogPropertyNode:Warning: UI Min (0.001) >= UI Max () for Ranged Numeric
[2015.02.15-23.49.44:658][339]LogParticles: Destroying 0 GPU particle simulations for FXSystem 0x00000099176B1800
[2015.02.15-23.49.45:609][378]Cmd: OBJ SAVEPACKAGE PACKAGE="/Game/Maps/Template" FILE="../../../../../../../Users/Owner/Documents/Unreal Projects/WeGuys/Content/Maps/Template.umap" SILENT=true AUTOSAVING=false KEEPDIRTY=false
[2015.02.15-23.49.45:753][378]LogSavePackage: Save=35.469090ms
[2015.02.15-23.49.45:753][378]LogSavePackage: Moving '../../../../../../../Users/Owner/Documents/Unreal Projects/WeGuys/Saved/TemplateD51455284E5572A9F3846FBD150009C0.tmp' to '../../../../../../../Users/Owner/Documents/Unreal Projects/WeGuys/Content/Maps/Template.umap'
[2015.02.15-23.49.45:797][378]LogFileHelpers: Saving map 'Template' took 0.413
[2015.02.15-23.49.55:733][857]Cmd: OBJ SAVEPACKAGE PACKAGE="/Game/Maps/Template" FILE="../../../../../../../Users/Owner/Documents/Unreal Projects/WeGuys/Content/Maps/Template.umap" SILENT=true AUTOSAVING=false KEEPDIRTY=false
[2015.02.15-23.49.55:871][857]LogSavePackage: Save=32.792839ms
[2015.02.15-23.49.55:871][857]LogSavePackage: Moving '../../../../../../../Users/Owner/Documents/Unreal Projects/WeGuys/Saved/Template53221F5F424DC275BDECF38B2F6A8AF4.tmp' to '../../../../../../../Users/Owner/Documents/Unreal Projects/WeGuys/Content/Maps/Template.umap'
[2015.02.15-23.49.55:913][857]LogFileHelpers: Saving map 'Template' took 0.404
[2015.02.15-23.49.55:930][857]Cmd: OBJ SAVEPACKAGE PACKAGE="/Game/Blueprints/PlayerGate" FILE="../../../../../../../Users/Owner/Documents/Unreal Projects/WeGuys/Content/Blueprints/PlayerGate.uasset" SILENT=true
[2015.02.15-23.49.56:180][857]LogSavePackage: Save=160.977890ms
[2015.02.15-23.49.56:180][857]LogSavePackage: Moving '../../../../../../../Users/Owner/Documents/Unreal Projects/WeGuys/Saved/PlayerGateD97DB6EF45635DC4E98391BF184F54C1.tmp' to '../../../../../../../Users/Owner/Documents/Unreal Projects/WeGuys/Content/Blueprints/PlayerGate.uasset'
[2015.02.15-23.49.56:692][882]BlueprintLog: New page: Compile PlayerGate
[2015.02.15-23.49.56:776][882]BlueprintEditorCompileResults: Info [0382.18] Compile of PlayerGate successful! [in 79 ms]
[2015.02.15-23.50.15:028][856]BlueprintLog: New page: Compile PlayerGate
[2015.02.15-23.50.15:102][856]BlueprintEditorCompileResults: Info [0400.50] Compile of PlayerGate successful! [in 69 ms]
[2015.02.15-23.50.15:856][877]Cmd: OBJ SAVEPACKAGE PACKAGE="/Game/Maps/Template" FILE="../../../../../../../Users/Owner/Documents/Unreal Projects/WeGuys/Content/Maps/Template.umap" SILENT=true AUTOSAVING=false KEEPDIRTY=false
[2015.02.15-23.50.15:999][877]LogSavePackage: Save=32.799252ms
[2015.02.15-23.50.15:999][877]LogSavePackage: Moving '../../../../../../../Users/Owner/Documents/Unreal Projects/WeGuys/Saved/Template5E8DF2B3497B0B027C0A0DBBA1CC8F42.tmp' to '../../../../../../../Users/Owner/Documents/Unreal Projects/WeGuys/Content/Maps/Template.umap'
[2015.02.15-23.50.16:070][877]LogFileHelpers: Saving map 'Template' took 0.439
[2015.02.15-23.50.16:084][877]Cmd: OBJ SAVEPACKAGE PACKAGE="/Game/Blueprints/PlayerGate" FILE="../../../../../../../Users/Owner/Documents/Unreal Projects/WeGuys/Content/Blueprints/PlayerGate.uasset" SILENT=true
[2015.02.15-23.50.16:343][877]LogSavePackage: Save=171.992935ms
[2015.02.15-23.50.16:343][877]LogSavePackage: Moving '../../../../../../../Users/Owner/Documents/Unreal Projects/WeGuys/Saved/PlayerGateFBF9AC3440C764F7819469AA89145F8B.tmp' to '../../../../../../../Users/Owner/Documents/Unreal Projects/WeGuys/Content/Blueprints/PlayerGate.uasset'
[2015.02.15-23.50.17:442][938]BlueprintLog: New page: Pre-PIE auto-recompile
[2015.02.15-23.50.17:446][938]LogPlayLevel: [PIE] Compiling Template before PIE...
[2015.02.15-23.50.17:506][938]LogPlayLevel: PIE:  Blueprint regeneration took 63 ms (1 blueprints)
[2015.02.15-23.50.17:506][938]PIE: New page: PIE session: Template (Feb 15, 2015, 1:50:17 PM)
[2015.02.15-23.50.17:508][938]LogPlayLevel: PIE: StaticDuplicateObject took: (0.002007s)
[2015.02.15-23.50.17:509][938]LogPlayLevel: PIE: World Init took: (0.000480s)
[2015.02.15-23.50.17:509][938]LogPlayLevel: PIE: Created PIE world by copying editor world from /Game/Maps/Template.Template to /Game/Maps/UEDPIE_0_Template.Template (0.002628s)
[2015.02.15-23.50.17:542][938]LogWorld: Game class is '2DSideScrollerGameMode_C'
[2015.02.15-23.50.17:544][938]LogAIModule: Creating AISystem for world Template
[2015.02.15-23.50.17:545][938]LogWorld: Bringing World /Game/Maps/UEDPIE_0_Template.Template up for play (max tick rate 60) at 2015.02.15-18.50.17
[2015.02.15-23.50.17:546][938]LogWorld: Bringing up level for play took: 0.001698
[2015.02.15-23.50.17:547][938]PIE: Info Play in editor start time for /Game/Maps/UEDPIE_0_Template 0.896
[2015.02.15-23.50.23:593][296]LogPropertyNode:Warning: UI Min (0.001) >= UI Max () for Ranged Numeric
[2015.02.15-23.50.23:625][296]LogParticles: Destroying 0 GPU particle simulations for FXSystem 0x000000997ADC3240
[2015.02.15-23.50.24:724][361]LogEditorViewport: Clicking on Actor (LMB): PlayerGate_C (PlayerGate)
[2015.02.15-23.50.26:308][449]LogEditorViewport: Clicking on Actor (LMB): PaperSpriteActor (Background_Sprite)
[2015.02.15-23.50.26:316][449]LogPropertyNode:Warning: UI Min (0.001) >= UI Max () for Ranged Numeric
[2015.02.15-23.50.32:868][806]LogEditorViewport: Clicking on Actor (LMB): PaperSpriteActor (Background_Sprite)
[2015.02.15-23.50.32:876][806]LogPropertyNode:Warning: UI Min (0.001) >= UI Max () for Ranged Numeric
[2015.02.15-23.50.34:098][878]LogEditorViewport: Clicking on Actor (LMB): PaperSpriteActor (Background_Sprite)
[2015.02.15-23.50.34:106][878]LogPropertyNode:Warning: UI Min (0.001) >= UI Max () for Ranged Numeric
[2015.02.15-23.50.34:796][918]LogEditorViewport: Clicking on Actor (LMB): PaperSpriteActor (Background_Sprite)
[2015.02.15-23.50.34:803][918]LogPropertyNode:Warning: UI Min (0.001) >= UI Max () for Ranged Numeric
[2015.02.15-23.50.35:141][936]LogEditorViewport: Clicking on Actor (double click): PaperSpriteActor (Background_Sprite)
[2015.02.15-23.50.35:147][936]LogPropertyNode:Warning: UI Min (0.001) >= UI Max () for Ranged Numeric
[2015.02.15-23.50.35:421][951]LogEditorViewport: Clicking on Actor (LMB): PaperSpriteActor (Background_Sprite)
[2015.02.15-23.50.35:427][951]LogPropertyNode:Warning: UI Min (0.001) >= UI Max () for Ranged Numeric
[2015.02.15-23.50.35:853][975]LogEditorViewport: Clicking on Actor (LMB): PlayerGate_C (PlayerGate)
[2015.02.15-23.50.41:423][289]Cmd: OBJ SAVEPACKAGE PACKAGE="/Game/Maps/Template" FILE="../../../../../../../Users/Owner/Documents/Unreal Projects/WeGuys/Content/Maps/Template.umap" SILENT=true AUTOSAVING=false KEEPDIRTY=false
[2015.02.15-23.50.41:563][289]LogSavePackage: Save=32.458839ms
[2015.02.15-23.50.41:563][289]LogSavePackage: Moving '../../../../../../../Users/Owner/Documents/Unreal Projects/WeGuys/Saved/Template1E54D84C4A338C70B30CBE9407C6F8D4.tmp' to '../../../../../../../Users/Owner/Documents/Unreal Projects/WeGuys/Content/Maps/Template.umap'
[2015.02.15-23.50.41:606][289]LogFileHelpers: Saving map 'Template' took 0.406
[2015.02.15-23.50.42:640][342]BlueprintLog: New page: Pre-PIE auto-recompile
[2015.02.15-23.50.42:643][342]LogPlayLevel: [PIE] Compiling Template before PIE...
[2015.02.15-23.50.42:708][342]LogPlayLevel: PIE:  Blueprint regeneration took 67 ms (1 blueprints)
[2015.02.15-23.50.42:708][342]PIE: New page: PIE session: Template (Feb 15, 2015, 1:50:42 PM)
[2015.02.15-23.50.42:711][342]LogPlayLevel: PIE: StaticDuplicateObject took: (0.002719s)
[2015.02.15-23.50.42:712][342]LogPlayLevel: PIE: World Init took: (0.000638s)
[2015.02.15-23.50.42:712][342]LogPlayLevel: PIE: Created PIE world by copying editor world from /Game/Maps/Template.Template to /Game/Maps/UEDPIE_0_Template.Template (0.003605s)
[2015.02.15-23.50.42:743][342]LogWorld: Game class is '2DSideScrollerGameMode_C'
[2015.02.15-23.50.42:745][342]LogAIModule: Creating AISystem for world Template
[2015.02.15-23.50.42:746][342]LogWorld: Bringing World /Game/Maps/UEDPIE_0_Template.Template up for play (max tick rate 60) at 2015.02.15-18.50.42
[2015.02.15-23.50.42:747][342]LogWorld: Bringing up level for play took: 0.001832
[2015.02.15-23.50.42:748][342]PIE: Info Play in editor start time for /Game/Maps/UEDPIE_0_Template 0.097
[2015.02.15-23.50.50:607][803]LogParticles: Destroying 0 GPU particle simulations for FXSystem 0x00000099170EFA60
[2015.02.15-23.50.56:368][129]Cmd: OBJ SAVEPACKAGE PACKAGE="/Game/Maps/Template" FILE="../../../../../../../Users/Owner/Documents/Unreal Projects/WeGuys/Content/Maps/Template.umap" SILENT=true AUTOSAVING=false KEEPDIRTY=false
[2015.02.15-23.50.56:508][129]LogSavePackage: Save=31.867825ms
[2015.02.15-23.50.56:508][129]LogSavePackage: Moving '../../../../../../../Users/Owner/Documents/Unreal Projects/WeGuys/Saved/Template5C8B4A8649A40E8DB78951962D6D7CBB.tmp' to '../../../../../../../Users/Owner/Documents/Unreal Projects/WeGuys/Content/Maps/Template.umap'
[2015.02.15-23.50.56:552][129]LogFileHelpers: Saving map 'Template' took 0.407
[2015.02.15-23.50.59:374][294]LogEditorViewport: Clicking on Actor (LMB): PaperSpriteActor (Background_Sprite)
[2015.02.15-23.50.59:382][294]LogPropertyNode:Warning: UI Min (0.001) >= UI Max () for Ranged Numeric
[2015.02.15-23.51.00:953][385]BlueprintLog: New page: Pre-PIE auto-recompile
[2015.02.15-23.51.00:957][385]LogPlayLevel: [PIE] Compiling Template before PIE...
[2015.02.15-23.51.01:024][385]LogPlayLevel: PIE:  Blueprint regeneration took 71 ms (1 blueprints)
[2015.02.15-23.51.01:024][385]PIE: New page: PIE session: Template (Feb 15, 2015, 1:51:01 PM)
[2015.02.15-23.51.01:026][385]LogPlayLevel: PIE: StaticDuplicateObject took: (0.002064s)
[2015.02.15-23.51.01:027][385]LogPlayLevel: PIE: World Init took: (0.000493s)
[2015.02.15-23.51.01:027][385]LogPlayLevel: PIE: Created PIE world by copying editor world from /Game/Maps/Template.Template to /Game/Maps/UEDPIE_0_Template.Template (0.002687s)
[2015.02.15-23.51.01:062][385]LogWorld: Game class is '2DSideScrollerGameMode_C'
[2015.02.15-23.51.01:064][385]LogAIModule: Creating AISystem for world Template
[2015.02.15-23.51.01:065][385]LogWorld: Bringing World /Game/Maps/UEDPIE_0_Template.Template up for play (max tick rate 60) at 2015.02.15-18.51.01
[2015.02.15-23.51.01:066][385]LogWorld: Bringing up level for play took: 0.001522
[2015.02.15-23.51.01:067][385]PIE: Info Play in editor start time for /Game/Maps/UEDPIE_0_Template 0.416
[2015.02.15-23.51.05:300][633]LogPropertyNode:Warning: UI Min (0.001) >= UI Max () for Ranged Numeric
[2015.02.15-23.51.05:334][633]LogParticles: Destroying 0 GPU particle simulations for FXSystem 0x0000009909583C40
[2015.02.15-23.51.05:954][653]Cmd: OBJ SAVEPACKAGE PACKAGE="/Game/Maps/Template" FILE="../../../../../../../Users/Owner/Documents/Unreal Projects/WeGuys/Content/Maps/Template.umap" SILENT=true AUTOSAVING=false KEEPDIRTY=false
[2015.02.15-23.51.06:092][653]LogSavePackage: Save=31.689920ms
[2015.02.15-23.51.06:092][653]LogSavePackage: Moving '../../../../../../../Users/Owner/Documents/Unreal Projects/WeGuys/Saved/TemplateCC99E07C435E8C4B9CD2CD83C9706C57.tmp' to '../../../../../../../Users/Owner/Documents/Unreal Projects/WeGuys/Content/Maps/Template.umap'
[2015.02.15-23.51.06:136][653]LogFileHelpers: Saving map 'Template' took 0.405
[2015.02.15-23.51.08:086][732]Cmd: QUIT_EDITOR
[2015.02.15-23.51.08:385][732]LogExit: Preparing to exit.
[2015.02.15-23.51.08:988][732]LogExit: Editor shut down
[2015.02.15-23.51.08:988][732]LogExit: Transaction tracking system shut down
[2015.02.15-23.51.08:989][732]LogParticles: Destroying 0 GPU particle simulations for FXSystem 0x000000997B305B20
[2015.02.15-23.51.08:989][732]LogParticles: Destroying 0 GPU particle simulations for FXSystem 0x0000009909F14900
[2015.02.15-23.51.08:989][732]LogParticles: Destroying 0 GPU particle simulations for FXSystem 0x000000990B2258A0
[2015.02.15-23.51.08:990][732]LogParticles: Destroying 0 GPU particle simulations for FXSystem 0x000000990D5E5080
[2015.02.15-23.51.09:038][732]LogExit: Object subsystem successfully closed.
[2015.02.15-23.51.09:115][732]LogModuleManager: Shutting down and abandoning module AndroidDeviceDetection (172)
[2015.02.15-23.51.09:115][732]LogModuleManager: Shutting down and abandoning module CrashTracker (171)
[2015.02.15-23.51.09:115][732]LogModuleManager: Shutting down and abandoning module SuperSearch (170)
[2015.02.15-23.51.09:115][732]LogModuleManager: Shutting down and abandoning module SceneOutliner (169)
[2015.02.15-23.51.09:115][732]LogModuleManager: Shutting down and abandoning module EditorWidgets (168)
[2015.02.15-23.51.09:115][732]LogModuleManager: Shutting down and abandoning module CollectionManager (167)
[2015.02.15-23.51.09:115][732]LogModuleManager: Shutting down and abandoning module StatsViewer (166)
[2015.02.15-23.51.09:115][732]LogModuleManager: Shutting down and abandoning module FoliageEdit (165)
[2015.02.15-23.51.09:115][732]LogModuleManager: Shutting down and abandoning module LandscapeEditor (164)
[2015.02.15-23.51.09:115][732]LogModuleManager: Shutting down and abandoning module MeshPaint (163)
[2015.02.15-23.51.09:115][732]LogModuleManager: Shutting down and abandoning module ActorPickerMode (162)
[2015.02.15-23.51.09:115][732]LogModuleManager: Shutting down and abandoning module GeometryMode (161)
[2015.02.15-23.51.09:115][732]LogModuleManager: Shutting down and abandoning module TextureAlignMode (160)
[2015.02.15-23.51.09:115][732]LogModuleManager: Shutting down and abandoning module BspMode (159)
[2015.02.15-23.51.09:115][732]LogModuleManager: Shutting down and abandoning module PlacementMode (158)
[2015.02.15-23.51.09:115][732]LogModuleManager: Shutting down and abandoning module AutomationWorker (157)
[2015.02.15-23.51.09:115][732]LogModuleManager: Shutting down and abandoning module CharacterAI (156)
[2015.02.15-23.51.09:115][732]LogModuleManager: Shutting down and abandoning module GameProjectGeneration (155)
[2015.02.15-23.51.09:115][732]LogModuleManager: Shutting down and abandoning module IntroTutorials (154)
[2015.02.15-23.51.09:115][732]LogModuleManager: Shutting down and abandoning module EditorLiveStreaming (153)
[2015.02.15-23.51.09:115][732]LogModuleManager: Shutting down and abandoning module HardwareTargeting (152)
[2015.02.15-23.51.09:115][732]LogModuleManager: Shutting down and abandoning module DeviceProfileEditor (151)
[2015.02.15-23.51.09:115][732]LogModuleManager: Shutting down and abandoning module UndoHistory (150)
[2015.02.15-23.51.09:115][732]LogModuleManager: Shutting down and abandoning module GameplayTagsEditor (149)
[2015.02.15-23.51.09:115][732]LogModuleManager: Shutting down and abandoning module UserFeedback (148)
[2015.02.15-23.51.09:116][732]LogModuleManager: Shutting down and abandoning module XmlParser (147)
[2015.02.15-23.51.09:116][732]LogModuleManager: Shutting down and abandoning module Blutility (146)
[2015.02.15-23.51.09:116][732]LogModuleManager: Shutting down and abandoning module IOSPlatformEditor (145)
[2015.02.15-23.51.09:116][732]LogModuleManager: Shutting down and abandoning module IOSRuntimeSettings (144)
[2015.02.15-23.51.09:116][732]LogModuleManager: Shutting down and abandoning module AndroidPlatformEditor (143)
[2015.02.15-23.51.09:116][732]LogModuleManager: Shutting down and abandoning module AndroidRuntimeSettings (142)
[2015.02.15-23.51.09:116][732]LogModuleManager: Shutting down and abandoning module ProjectTargetPlatformEditor (141)
[2015.02.15-23.51.09:116][732]LogModuleManager: Shutting down and abandoning module ProjectSettingsViewer (140)
[2015.02.15-23.51.09:116][732]LogModuleManager: Shutting down and abandoning module InputBindingEditor (139)
[2015.02.15-23.51.09:116][732]LogModuleManager: Shutting down and abandoning module EditorSettingsViewer (138)
[2015.02.15-23.51.09:116][732]LogModuleManager: Shutting down and abandoning module SettingsEditor (137)
[2015.02.15-23.51.09:116][732]LogModuleManager: Shutting down and abandoning module ProjectLauncher (136)
[2015.02.15-23.51.09:116][732]LogModuleManager: Shutting down and abandoning module SessionFrontend (135)
[2015.02.15-23.51.09:116][732]LogModuleManager: Shutting down and abandoning module ProfilerClient (134)
[2015.02.15-23.51.09:116][732]LogModuleManager: Shutting down and abandoning module TargetDeviceServices (133)
[2015.02.15-23.51.09:116][732]LogModuleManager: Shutting down and abandoning module DeviceManager (132)
[2015.02.15-23.51.09:116][732]LogModuleManager: Shutting down and abandoning module AutomationController (131)
[2015.02.15-23.51.09:116][732]LogModuleManager: Shutting down and abandoning module AutomationWindow (130)
[2015.02.15-23.51.09:116][732]LogModuleManager: Shutting down and abandoning module Layers (129)
[2015.02.15-23.51.09:116][732]LogModuleManager: Shutting down and abandoning module ComponentVisualizers (128)
[2015.02.15-23.51.09:116][732]LogModuleManager: Shutting down and abandoning module DetailCustomizations (127)
[2015.02.15-23.51.09:116][732]LogModuleManager: Shutting down and abandoning module PackagesDialog (126)
[2015.02.15-23.51.09:116][732]LogModuleManager: Shutting down and abandoning module AssetRegistry (125)
[2015.02.15-23.51.09:199][732]LogModuleManager: Shutting down and abandoning module Persona (124)
[2015.02.15-23.51.09:199][732]LogModuleManager: Shutting down and abandoning module Kismet (123)
[2015.02.15-23.51.09:199][732]LogModuleManager: Shutting down and abandoning module GraphEditor (122)
[2015.02.15-23.51.09:200][732]LogModuleManager: Shutting down and abandoning module ClassViewer (121)
[2015.02.15-23.51.09:200][732]LogModuleManager: Shutting down and abandoning module Toolbox (120)
[2015.02.15-23.51.09:200][732]LogModuleManager: Shutting down and abandoning module ModuleUI (119)
[2015.02.15-23.51.09:200][732]LogModuleManager: Shutting down and abandoning module MovieSceneTools (118)
[2015.02.15-23.51.09:200][732]LogModuleManager: Shutting down and abandoning module OutputLog (117)
[2015.02.15-23.51.09:200][732]LogModuleManager: Shutting down and abandoning module GammaUI (116)
[2015.02.15-23.51.09:200][732]LogModuleManager: Shutting down and abandoning module Documentation (115)
[2015.02.15-23.51.09:200][732]LogModuleManager: Shutting down and abandoning module GameLiveStreaming (114)
[2015.02.15-23.51.09:200][732]LogModuleManager: Shutting down and abandoning module StreamingPauseRendering (113)
[2015.02.15-23.51.09:200][732]LogModuleManager: Shutting down and abandoning module HTTP (112)
[2015.02.15-23.51.09:200][732]LogModuleManager: Shutting down and abandoning module AnalyticsET (111)
[2015.02.15-23.51.09:200][732]LogModuleManager: Shutting down and abandoning module Analytics (110)
[2015.02.15-23.51.09:200][732]LogModuleManager: Shutting down and abandoning module AITestSuite (109)
[2015.02.15-23.51.09:200][732]LogModuleManager: Shutting down and abandoning module AIModule (108)
[2015.02.15-23.51.09:200][732]LogModuleManager: Shutting down and abandoning module ProfilerService (107)
[2015.02.15-23.51.09:214][732]LogModuleManager: Shutting down and abandoning module TaskGraph (106)
[2015.02.15-23.51.09:214][732]LogModuleManager: Shutting down and abandoning module GameplayDebugger (105)
[2015.02.15-23.51.09:214][732]LogModuleManager: Shutting down and abandoning module SlateRemote (104)
[2015.02.15-23.51.09:214][732]LogModuleManager: Shutting down and abandoning module ScriptEditorPlugin (103)
[2015.02.15-23.51.09:214][732]LogModuleManager: Shutting down and abandoning module CustomMeshComponent (102)
[2015.02.15-23.51.09:214][732]LogModuleManager: Shutting down and abandoning module CableComponent (101)
[2015.02.15-23.51.09:214][732]LogModuleManager: Shutting down and abandoning module MessagingDebugger (100)
[2015.02.15-23.51.09:214][732]LogModuleManager: Shutting down and abandoning module MediaPlayerEditor (99)
[2015.02.15-23.51.09:214][732]LogModuleManager: Shutting down and abandoning module SpeedTreeImporter (98)
[2015.02.15-23.51.09:214][732]LogModuleManager: Shutting down and abandoning module PluginsEditor (97)
[2015.02.15-23.51.09:214][732]LogModuleManager: Shutting down and abandoning module EpicSurvey (96)
[2015.02.15-23.51.09:214][732]LogModuleManager: Shutting down and abandoning module DesktopPlatform (95)
[2015.02.15-23.51.09:214][732]LogModuleManager: Shutting down and abandoning module VisualStudioSourceCodeAccess (94)
[2015.02.15-23.51.09:214][732]LogModuleManager: Shutting down and abandoning module UObjectPlugin (93)
[2015.02.15-23.51.09:214][732]LogModuleManager: Shutting down and abandoning module SubversionSourceControl (92)
[2015.02.15-23.51.09:214][732]LogModuleManager: Shutting down and abandoning module SourceControl (91)
[2015.02.15-23.51.09:214][732]LogModuleManager: Shutting down and abandoning module PerforceSourceControl (90)
[2015.02.15-23.51.09:214][732]LogModuleManager: Shutting down and abandoning module BlankPlugin (89)
[2015.02.15-23.51.09:214][732]LogModuleManager: Shutting down and abandoning module SlateReflector (88)
[2015.02.15-23.51.09:214][732]LogModuleManager: Shutting down and abandoning module DirectoryWatcher (87)
[2015.02.15-23.51.09:214][732]LogModuleManager: Shutting down and abandoning module HotReload (86)
[2015.02.15-23.51.09:214][732]LogModuleManager: Shutting down and abandoning module MainFrame (85)
[2015.02.15-23.51.09:214][732]LogModuleManager: Shutting down and abandoning module LevelEditor (84)
[2015.02.15-23.51.09:215][732]LogModuleManager: Shutting down and abandoning module ViewportSnapping (83)
[2015.02.15-23.51.09:215][732]LogModuleManager: Shutting down and abandoning module SmartSnapping (82)
[2015.02.15-23.51.09:215][732]LogModuleManager: Shutting down and abandoning module PaperTiledImporter (81)
[2015.02.15-23.51.09:215][732]LogModuleManager: Shutting down and abandoning module PaperJsonImporter (80)
[2015.02.15-23.51.09:215][732]LogModuleManager: Shutting down and abandoning module ContentBrowser (79)
[2015.02.15-23.51.09:215][732]LogModuleManager: Shutting down and abandoning module Paper2DEditor (78)
[2015.02.15-23.51.09:215][732]LogModuleManager: Shutting down and abandoning module ScriptPlugin (77)
[2015.02.15-23.51.09:215][732]LogModuleManager: Shutting down and abandoning module UdpMessaging (76)
[2015.02.15-23.51.09:317][732]LogModuleManager: Shutting down and abandoning module Paper2D (75)
[2015.02.15-23.51.09:317][732]LogModuleManager: Shutting down and abandoning module UE4Game (74)
[2015.02.15-23.51.09:317][732]LogModuleManager: Shutting down and abandoning module WindowsMoviePlayer (73)
[2015.02.15-23.51.09:318][732]LogModuleManager: Shutting down and abandoning module Media (72)
[2015.02.15-23.51.09:318][732]LogModuleManager: Shutting down and abandoning module WmfMedia (71)
[2015.02.15-23.51.09:318][732]LogModuleManager: Shutting down and abandoning module OnlineBlueprintSupport (70)
[2015.02.15-23.51.09:318][732]LogModuleManager: Shutting down and abandoning module PropertyEditor (69)
[2015.02.15-23.51.09:318][732]LogModuleManager: Shutting down and abandoning module BehaviorTreeEditor (68)
[2015.02.15-23.51.09:318][732]LogModuleManager: Shutting down and abandoning module FunctionalTesting (67)
[2015.02.15-23.51.09:318][732]LogModuleManager: Shutting down and abandoning module CollisionAnalyzer (66)
[2015.02.15-23.51.09:318][732]LogModuleManager: Shutting down and abandoning module WorkspaceMenuStructure (65)
[2015.02.15-23.51.09:318][732]LogModuleManager: Shutting down and abandoning module MessageLog (64)
[2015.02.15-23.51.09:318][732]LogModuleManager: Shutting down and abandoning module Sequencer (63)
[2015.02.15-23.51.09:318][732]LogModuleManager: Shutting down and abandoning module AssetTools (62)
[2015.02.15-23.51.09:318][732]LogModuleManager: Shutting down and abandoning module UMGEditor (61)
[2015.02.15-23.51.09:318][732]LogModuleManager: Shutting down and abandoning module UMG (60)
[2015.02.15-23.51.09:318][732]LogModuleManager: Shutting down and abandoning module Slate (59)
[2015.02.15-23.51.09:318][732]LogModuleManager: Shutting down and abandoning module EditorStyle (58)
[2015.02.15-23.51.09:326][732]LogModuleManager: Shutting down and abandoning module SessionServices (57)
[2015.02.15-23.51.09:326][732]LogModuleManager: Shutting down and abandoning module SourceCodeAccess (56)
[2015.02.15-23.51.09:326][732]LogModuleManager: Shutting down and abandoning module HeadMountedDisplay (55)
[2015.02.15-23.51.09:326][732]LogModuleManager: Shutting down and abandoning module XAudio2 (54)
[2015.02.15-23.51.09:326][732]LogModuleManager: Shutting down and abandoning module Networking (52)
[2015.02.15-23.51.09:326][732]LogModuleManager: Shutting down and abandoning module Core (51)
[2015.02.15-23.51.09:326][732]LogModuleManager: Shutting down and abandoning module KismetCompiler (50)
[2015.02.15-23.51.09:326][732]LogModuleManager: Shutting down and abandoning module PhysXFormats (49)
[2015.02.15-23.51.09:326][732]LogModuleManager: Shutting down and abandoning module MeshUtilities (48)
[2015.02.15-23.51.09:326][732]LogModuleManager: Shutting down and abandoning module DerivedDataCache (47)
[2015.02.15-23.51.09:366][732]LogDerivedDataCache: Shutdown
[2015.02.15-23.51.09:366][732]LogModuleManager: Shutting down and abandoning module ShaderFormatOpenGL (46)
[2015.02.15-23.51.09:366][732]LogModuleManager: Shutting down and abandoning module ShaderFormatD3D (45)
[2015.02.15-23.51.09:366][732]LogModuleManager: Shutting down and abandoning module MetalShaderFormat (44)
[2015.02.15-23.51.09:366][732]LogModuleManager: Shutting down and abandoning module TextureFormatUncompressed (43)
[2015.02.15-23.51.09:366][732]LogModuleManager: Shutting down and abandoning module TextureFormatPVR (42)
[2015.02.15-23.51.09:366][732]LogModuleManager: Shutting down and abandoning module TextureFormatDXT (41)
[2015.02.15-23.51.09:366][732]LogModuleManager: Shutting down and abandoning module TextureFormatAndroid (40)
[2015.02.15-23.51.09:366][732]LogModuleManager: Shutting down and abandoning module AudioFormatOpus (39)
[2015.02.15-23.51.09:366][732]LogModuleManager: Shutting down and abandoning module AudioFormatOgg (38)
[2015.02.15-23.51.09:366][732]LogModuleManager: Shutting down and abandoning module AudioFormatADPCM (37)
[2015.02.15-23.51.09:366][732]LogModuleManager: Shutting down and abandoning module LinuxTargetPlatform (36)
[2015.02.15-23.51.09:366][732]LogModuleManager: Shutting down and abandoning module LinuxServerTargetPlatform (35)
[2015.02.15-23.51.09:366][732]LogModuleManager: Shutting down and abandoning module LinuxNoEditorTargetPlatform (34)
[2015.02.15-23.51.09:366][732]LogModuleManager: Shutting down and abandoning module Messaging (33)
[2015.02.15-23.51.09:366][732]LogModuleManager: Shutting down and abandoning module IOSTargetPlatform (32)
[2015.02.15-23.51.09:366][732]LogModuleManager: Shutting down and abandoning module Android_PVRTCTargetPlatform (31)
[2015.02.15-23.51.09:366][732]LogModuleManager: Shutting down and abandoning module Android_ETC2TargetPlatform (30)
[2015.02.15-23.51.09:366][732]LogModuleManager: Shutting down and abandoning module Android_ETC1TargetPlatform (29)
[2015.02.15-23.51.09:366][732]LogModuleManager: Shutting down and abandoning module Android_DXTTargetPlatform (28)
[2015.02.15-23.51.09:366][732]LogModuleManager: Shutting down and abandoning module Android_ATCTargetPlatform (27)
[2015.02.15-23.51.09:366][732]LogModuleManager: Shutting down and abandoning module AndroidTargetPlatform (26)
[2015.02.15-23.51.09:366][732]LogModuleManager: Shutting down and abandoning module WindowsTargetPlatform (25)
[2015.02.15-23.51.09:366][732]LogModuleManager: Shutting down and abandoning module WindowsServerTargetPlatform (24)
[2015.02.15-23.51.09:366][732]LogModuleManager: Shutting down and abandoning module WindowsNoEditorTargetPlatform (23)
[2015.02.15-23.51.09:366][732]LogModuleManager: Shutting down and abandoning module WindowsClientTargetPlatform (22)
[2015.02.15-23.51.09:366][732]LogModuleManager: Shutting down and abandoning module TargetPlatform (21)
[2015.02.15-23.51.09:366][732]LogModuleManager: Shutting down and abandoning module InputCore (20)
[2015.02.15-23.51.09:366][732]LogModuleManager: Shutting down and abandoning module Settings (19)
[2015.02.15-23.51.09:366][732]LogModuleManager: Shutting down and abandoning module ImageWrapper (18)
[2015.02.15-23.51.09:366][732]LogModuleManager: Shutting down and abandoning module OculusRift (15)
[2015.02.15-23.51.09:366][732]LogModuleManager: Shutting down and abandoning module ExampleDeviceProfileSelector (14)
[2015.02.15-23.51.09:366][732]LogModuleManager: Shutting down and abandoning module TextureCompressor (13)
[2015.02.15-23.51.09:366][732]LogModuleManager: Shutting down and abandoning module ShaderCore (12)
[2015.02.15-23.51.09:366][732]LogModuleManager: Shutting down and abandoning module Landscape (11)
[2015.02.15-23.51.09:366][732]LogModuleManager: Shutting down and abandoning module SlateRHIRenderer (10)
[2015.02.15-23.51.09:367][732]LogModuleManager: Shutting down and abandoning module OpenGLDrv (9)
[2015.02.15-23.51.09:367][732]LogModuleManager: Shutting down and abandoning module D3D11RHI (8)
[2015.02.15-23.51.09:367][732]LogModuleManager: Shutting down and abandoning module Renderer (7)
[2015.02.15-23.51.09:367][732]LogModuleManager: Shutting down and abandoning module Engine (6)
[2015.02.15-23.51.09:367][732]LogModuleManager: Shutting down and abandoning module CoreUObject (5)
[2015.02.15-23.51.09:367][732]LogModuleManager: Shutting down and abandoning module NetworkFile (4)
[2015.02.15-23.51.09:367][732]LogModuleManager: Shutting down and abandoning module StreamingFile (3)
[2015.02.15-23.51.09:368][732]LogModuleManager: Shutting down and abandoning module SandboxFile (2)
[2015.02.15-23.51.09:368][732]LogModuleManager: Shutting down and abandoning module PakFile (1)
[2015.02.15-23.51.09:368][732]LogExit: Exiting.
[2015.02.15-23.51.09:389][732]Log file closed, 02/15/15 18:51:09
